Log file open, 05/23/22 15:13:27
LogWindows: Failed to load 'aqProf.dll' (GetLastError=126)
LogWindows: File 'aqProf.dll' does not exist
LogWindows: Failed to load 'VtuneApi.dll' (GetLastError=126)
LogWindows: File 'VtuneApi.dll' does not exist
LogWindows: Failed to load 'VtuneApi32e.dll' (GetLastError=126)
LogWindows: File 'VtuneApi32e.dll' does not exist
LogConsoleResponse: Display: Failed to find resolution value strings in scalability ini. Falling back to default.
LogConsoleResponse: Display: Failed to find resolution value strings in scalability ini. Falling back to default.
LogInit: Display: Running engine for game: brally
LogPlatformFile: Not using cached read wrapper
LogTaskGraph: Started task graph with 5 named threads and 11 total threads with 3 sets of task threads.
LogStats: Stats thread started at 5.643759
LogICUInternationalization: ICU TimeZone Detection - Raw Offset: -3:00, Platform Override: ''
LogInit: Display: Loading text-based GConfig....
LogPluginManager: Mounting plugin MeshPainting
LogPluginManager: Mounting plugin XGEController
LogPluginManager: Mounting plugin AISupport
LogPluginManager: Mounting plugin EnvironmentQueryEditor
LogPluginManager: Mounting plugin LiveLink
LogPluginManager: Mounting plugin Paper2D
LogPluginManager: Mounting plugin LightPropagationVolume
LogPluginManager: Mounting plugin CameraShakePreviewer
LogPluginManager: Mounting plugin GameplayCameras
LogPluginManager: Mounting plugin AssetManagerEditor
LogPluginManager: Mounting plugin OodleData
LogPluginManager: Mounting plugin OodleNetwork
LogPluginManager: Mounting plugin CryptoKeys
LogPluginManager: Mounting plugin DataValidation
LogPluginManager: Mounting plugin FacialAnimation
LogPluginManager: Mounting plugin GameplayTagsEditor
LogPluginManager: Mounting plugin GeometryMode
LogPluginManager: Mounting plugin MacGraphicsSwitching
LogPluginManager: Mounting plugin MaterialAnalyzer
LogPluginManager: Mounting plugin MobileLauncherProfileWizard
LogPluginManager: Mounting plugin CurveEditorTools
LogPluginManager: Mounting plugin SpeedTreeImporter
LogPluginManager: Mounting plugin DatasmithContent
LogPluginManager: Mounting plugin PluginBrowser
LogPluginManager: Mounting plugin AnimationSharing
LogPluginManager: Mounting plugin VariantManagerContent
LogPluginManager: Mounting plugin CodeLiteSourceCodeAccess
LogPluginManager: Mounting plugin CLionSourceCodeAccess
LogPluginManager: Mounting plugin KDevelopSourceCodeAccess
LogPluginManager: Mounting plugin GitSourceControl
LogPluginManager: Mounting plugin NullSourceCodeAccess
LogPluginManager: Mounting plugin PixWinPlugin
LogPluginManager: Mounting plugin PlasticSourceControl
LogPluginManager: Mounting plugin PerforceSourceControl
LogPluginManager: Mounting plugin PluginUtils
LogPluginManager: Mounting plugin PropertyAccessNode
LogPluginManager: Mounting plugin RiderSourceCodeAccess
LogPluginManager: Mounting plugin SubversionSourceControl
LogPluginManager: Mounting plugin TextureFormatOodle
LogPluginManager: Mounting plugin UObjectPlugin
LogPluginManager: Mounting plugin VisualStudioCodeSourceCodeAccess
LogPluginManager: Mounting plugin VisualStudioSourceCodeAccess
LogPluginManager: Mounting plugin XCodeSourceCodeAccess
LogPluginManager: Mounting plugin AlembicImporter
LogPluginManager: Mounting plugin Niagara
LogPluginManager: Mounting plugin BackChannel
LogPluginManager: Mounting plugin AutomationUtils
LogPluginManager: Mounting plugin ChaosCloth
LogPluginManager: Mounting plugin ChaosClothEditor
LogPluginManager: Mounting plugin ChaosEditor
LogPluginManager: Mounting plugin ChaosSolverPlugin
LogPluginManager: Mounting plugin CharacterAI
LogPluginManager: Mounting plugin ChaosNiagara
LogPluginManager: Mounting plugin GeometryCache
LogPluginManager: Mounting plugin LuminPlatformFeatures
LogPluginManager: Mounting plugin GeometryCollectionPlugin
LogPluginManager: Mounting plugin MagicLeap
LogPluginManager: Mounting plugin MagicLeapMedia
LogPluginManager: Mounting plugin MagicLeapLightEstimation
LogPluginManager: Mounting plugin MagicLeapPassableWorld
LogPluginManager: Mounting plugin MLSDK
LogPluginManager: Mounting plugin GeometryProcessing
LogPluginManager: Mounting plugin OpenImageDenoise
LogPluginManager: Mounting plugin MotoSynth
LogPluginManager: Mounting plugin PlanarCut
LogPluginManager: Mounting plugin PlatformCrypto
LogPluginManager: Mounting plugin ProxyLODPlugin
LogPluginManager: Mounting plugin PythonScriptPlugin
LogPluginManager: Mounting plugin SkeletalReduction
LogPluginManager: Mounting plugin AndroidMedia
LogPluginManager: Mounting plugin AvfMedia
LogPluginManager: Mounting plugin ImgMedia
LogPluginManager: Mounting plugin MediaCompositing
LogPluginManager: Mounting plugin MediaPlayerEditor
LogPluginManager: Mounting plugin WmfMedia
LogPluginManager: Mounting plugin WebMMedia
LogPluginManager: Mounting plugin UdpMessaging
LogPluginManager: Mounting plugin TcpMessaging
LogPluginManager: Mounting plugin ActorSequence
LogPluginManager: Mounting plugin LevelSequenceEditor
LogPluginManager: Mounting plugin MatineeToLevelSequence
LogPluginManager: Mounting plugin TemplateSequence
LogPluginManager: Mounting plugin ActorLayerUtilities
LogPluginManager: Mounting plugin AndroidDeviceProfileSelector
LogPluginManager: Mounting plugin AndroidPermission
LogPluginManager: Mounting plugin AndroidMoviePlayer
LogPluginManager: Mounting plugin AppleImageUtils
LogPluginManager: Mounting plugin AppleMoviePlayer
LogPluginManager: Mounting plugin ArchVisCharacter
LogPluginManager: Mounting plugin AssetTags
LogPluginManager: Mounting plugin AudioCapture
LogPluginManager: Mounting plugin AudioSynesthesia
LogPluginManager: Mounting plugin CableComponent
LogPluginManager: Mounting plugin ChunkDownloader
LogPluginManager: Mounting plugin CustomMeshComponent
LogPluginManager: Mounting plugin EditableMesh
LogPluginManager: Mounting plugin ExampleDeviceProfileSelector
LogPluginManager: Mounting plugin GoogleCloudMessaging
LogPluginManager: Mounting plugin GooglePAD
LogPluginManager: Mounting plugin IOSDeviceProfileSelector
LogPluginManager: Mounting plugin LinuxDeviceProfileSelector
LogPluginManager: Mounting plugin LocationServicesBPLibrary
LogPluginManager: Mounting plugin MobilePatchingUtils
LogPluginManager: Mounting plugin OpenXR
LogPluginManager: Mounting plugin OpenXREyeTracker
LogPluginManager: Mounting plugin OpenXRHandTracking
LogPluginManager: Mounting plugin PhysXVehicles
LogPluginManager: Mounting plugin PostSplashScreen
LogPluginManager: Mounting plugin ProceduralMeshComponent
LogPluginManager: Mounting plugin PropertyAccessEditor
LogPluginManager: Mounting plugin RuntimePhysXCooking
LogPluginManager: Mounting plugin SignificanceManager
LogPluginManager: Mounting plugin SoundFields
LogPluginManager: Mounting plugin Synthesis
LogPluginManager: Mounting plugin WebMMoviePlayer
LogPluginManager: Mounting plugin LauncherChunkInstaller
LogPluginManager: Mounting plugin WindowsMoviePlayer
LogPluginManager: Mounting plugin ScreenshotTools
LogPluginManager: Mounting plugin OnlineSubsystem
LogPluginManager: Mounting plugin OnlineSubsystemNull
LogPluginManager: Mounting plugin OnlineSubsystemUtils
LogPluginManager: Mounting plugin Takes
LogPluginManager: Mounting plugin ContentBrowserAssetDataSource
LogPluginManager: Mounting plugin ContentBrowserClassDataSource
LogPluginManager: Mounting plugin ContentBrowserFileDataSource
LogPluginManager: Mounting plugin OculusVR
LogPluginManager: Mounting plugin SteamVR
LogPluginManager: Mounting plugin OnlineSubsystemIOS
LogPluginManager: Mounting plugin OnlineSubsystemGooglePlay
PixWinPlugin: PIX capture plugin failed to initialize! Check that the process is launched from PIX.
LogInit: Using libcurl 7.55.1-DEV
LogInit:  - built for x86_64-pc-win32
LogInit:  - supports SSL with OpenSSL/1.1.1
LogInit:  - supports HTTP deflate (compression) using libz 1.2.8
LogInit:  - other features:
LogInit:      CURL_VERSION_SSL
LogInit:      CURL_VERSION_LIBZ
LogInit:      CURL_VERSION_IPV6
LogInit:      CURL_VERSION_ASYNCHDNS
LogInit:      CURL_VERSION_LARGEFILE
LogInit:      CURL_VERSION_IDN
LogInit:  CurlRequestOptions (configurable via config and command line):
LogInit:  - bVerifyPeer = true  - Libcurl will verify peer certificate
LogInit:  - bUseHttpProxy = false  - Libcurl will NOT use HTTP proxy
LogInit:  - bDontReuseConnections = false  - Libcurl will reuse connections
LogInit:  - MaxHostConnections = 16  - Libcurl will limit the number of connections to a host
LogInit:  - LocalHostAddr = Default
LogInit:  - BufferSize = 65536
LogOnline: OSS: Creating online subsystem instance for: NULL
LogInit: WinSock: version 1.1 (2.2), MaxSocks=32767, MaxUdp=65467
LogOnline: OSS: TryLoadSubsystemAndSetDefault: Loaded subsystem for module [NULL]
LogOculusPluginWrapper: OculusPlugin initialized successfully
LogHMD: Failed initializing OVRPlugin 1.59.0
LogInit: Build: ++UE4+Release-4.27-CL-18319896
LogInit: Engine Version: 4.27.2-18319896+++UE4+Release-4.27
LogInit: Compatible Engine Version: 4.27.0-17155196+++UE4+Release-4.27
LogInit: Net CL: 17155196
LogInit: OS: Windows 10 (Release 2009) (), CPU: Intel(R) Pentium(R) CPU G4600 @ 3.60GHz, GPU: NVIDIA GeForce GTX 750 Ti
LogInit: Compiled (64-bit): Nov 30 2021 07:12:08
LogInit: Compiled with Visual C++: 19.24.28315.00
LogInit: Build Configuration: Development
LogInit: Branch Name: ++UE4+Release-4.27
LogInit: Command Line: 
LogInit: Base Directory: D:/EPIC/UE_4.27/Engine/Binaries/Win64/
LogInit: Allocator: TBB
LogInit: Installed Engine Build: 1
LogDevObjectVersion: Number of dev versions registered: 29
LogDevObjectVersion:   Dev-Blueprints (B0D832E4-1F89-4F0D-ACCF-7EB736FD4AA2): 10
LogDevObjectVersion:   Dev-Build (E1C64328-A22C-4D53-A36C-8E866417BD8C): 0
LogDevObjectVersion:   Dev-Core (375EC13C-06E4-48FB-B500-84F0262A717E): 4
LogDevObjectVersion:   Dev-Editor (E4B068ED-F494-42E9-A231-DA0B2E46BB41): 40
LogDevObjectVersion:   Dev-Framework (CFFC743F-43B0-4480-9391-14DF171D2073): 37
LogDevObjectVersion:   Dev-Mobile (B02B49B5-BB20-44E9-A304-32B752E40360): 3
LogDevObjectVersion:   Dev-Networking (A4E4105C-59A1-49B5-A7C5-40C4547EDFEE): 0
LogDevObjectVersion:   Dev-Online (39C831C9-5AE6-47DC-9A44-9C173E1C8E7C): 0
LogDevObjectVersion:   Dev-Physics (78F01B33-EBEA-4F98-B9B4-84EACCB95AA2): 14
LogDevObjectVersion:   Dev-Platform (6631380F-2D4D-43E0-8009-CF276956A95A): 0
LogDevObjectVersion:   Dev-Rendering (12F88B9F-8875-4AFC-A67C-D90C383ABD29): 45
LogDevObjectVersion:   Dev-Sequencer (7B5AE74C-D270-4C10-A958-57980B212A5A): 13
LogDevObjectVersion:   Dev-VR (D7296918-1DD6-4BDD-9DE2-64A83CC13884): 3
LogDevObjectVersion:   Dev-LoadTimes (C2A15278-BFE7-4AFE-6C17-90FF531DF755): 1
LogDevObjectVersion:   Private-Geometry (6EACA3D4-40EC-4CC1-B786-8BED09428FC5): 3
LogDevObjectVersion:   Dev-AnimPhys (29E575DD-E0A3-4627-9D10-D276232CDCEA): 17
LogDevObjectVersion:   Dev-Anim (AF43A65D-7FD3-4947-9873-3E8ED9C1BB05): 15
LogDevObjectVersion:   Dev-ReflectionCapture (6B266CEC-1EC7-4B8F-A30B-E4D90942FC07): 1
LogDevObjectVersion:   Dev-Automation (0DF73D61-A23F-47EA-B727-89E90C41499A): 1
LogDevObjectVersion:   FortniteMain (601D1886-AC64-4F84-AA16-D3DE0DEAC7D6): 47
LogDevObjectVersion:   FortniteRelease (E7086368-6B23-4C58-8439-1B7016265E91): 1
LogDevObjectVersion:   Dev-Enterprise (9DFFBCD6-494F-0158-E221-12823C92A888): 10
LogDevObjectVersion:   Dev-Niagara (F2AED0AC-9AFE-416F-8664-AA7FFA26D6FC): 1
LogDevObjectVersion:   Dev-Destruction (174F1F0B-B4C6-45A5-B13F-2EE8D0FB917D): 10
LogDevObjectVersion:   Dev-Physics-Ext (35F94A83-E258-406C-A318-09F59610247C): 41
LogDevObjectVersion:   Dev-PhysicsMaterial-Chaos (B68FC16E-8B1B-42E2-B453-215C058844FE): 1
LogDevObjectVersion:   Dev-CineCamera (B2E18506-4273-CFC2-A54E-F4BB758BBA07): 1
LogDevObjectVersion:   Dev-VirtualProduction (64F58936-FD1B-42BA-BA96-7289D5D0FA4E): 1
LogDevObjectVersion:   Dev-MediaFramework (6F0ED827-A609-4895-9C91-998D90180EA4): 2
LogInit: Presizing for max 25165824 objects, including 0 objects not considered by GC, pre-allocating 0 bytes for permanent pool.
LogConfig: Applying CVar settings from Section [/Script/Engine.StreamingSettings] File [S:/projetos/rallyUE/brally/Saved/Config/Windows/Engine.ini]
LogConfig: Setting CVar [[s.MinBulkDataSizeForAsyncLoading:131072]]
LogConfig: Setting CVar [[s.AsyncLoadingThreadEnabled:0]]
LogConfig: Setting CVar [[s.EventDrivenLoaderEnabled:1]]
LogConfig: Setting CVar [[s.WarnIfTimeLimitExceeded:0]]
LogConfig: Setting CVar [[s.TimeLimitExceededMultiplier:1.5]]
LogConfig: Setting CVar [[s.TimeLimitExceededMinTime:0.005]]
LogConfig: Setting CVar [[s.UseBackgroundLevelStreaming:1]]
LogConfig: Setting CVar [[s.PriorityAsyncLoadingExtraTime:15.0]]
LogConfig: Setting CVar [[s.LevelStreamingActorsUpdateTimeLimit:5.0]]
LogConfig: Setting CVar [[s.PriorityLevelStreamingActorsUpdateExtraTime:5.0]]
LogConfig: Setting CVar [[s.LevelStreamingComponentsRegistrationGranularity:10]]
LogConfig: Setting CVar [[s.UnregisterComponentsTimeLimit:1.0]]
LogConfig: Setting CVar [[s.LevelStreamingComponentsUnregistrationGranularity:5]]
LogConfig: Setting CVar [[s.FlushStreamingOnExit:1]]
LogInit: Object subsystem initialized
LogConfig: Setting CVar [[con.DebugEarlyDefault:1]]
LogConfig: Setting CVar [[r.setres:1280x720]]
[2022.05.23-18.13.35:218][  0]LogConfig: Setting CVar [[r.VSync:0]]
[2022.05.23-18.13.35:218][  0]LogConfig: Setting CVar [[r.RHICmdBypass:0]]
[2022.05.23-18.13.35:218][  0]LogConfig: Applying CVar settings from Section [/Script/Engine.RendererSettings] File [S:/projetos/rallyUE/brally/Saved/Config/Windows/Engine.ini]
[2022.05.23-18.13.35:218][  0]LogConfig: Setting CVar [[r.GPUCrashDebugging:0]]
[2022.05.23-18.13.35:218][  0]LogConfig: Applying CVar settings from Section [/Script/Engine.RendererOverrideSettings] File [S:/projetos/rallyUE/brally/Saved/Config/Windows/Engine.ini]
[2022.05.23-18.13.35:218][  0]LogConfig: Applying CVar settings from Section [/Script/Engine.StreamingSettings] File [S:/projetos/rallyUE/brally/Saved/Config/Windows/Engine.ini]
[2022.05.23-18.13.35:218][  0]LogConfig: Setting CVar [[s.MinBulkDataSizeForAsyncLoading:131072]]
[2022.05.23-18.13.35:218][  0]LogConfig: Setting CVar [[s.AsyncLoadingThreadEnabled:0]]
[2022.05.23-18.13.35:219][  0]LogConfig: Setting CVar [[s.EventDrivenLoaderEnabled:1]]
[2022.05.23-18.13.35:219][  0]LogConfig: Setting CVar [[s.WarnIfTimeLimitExceeded:0]]
[2022.05.23-18.13.35:219][  0]LogConfig: Setting CVar [[s.TimeLimitExceededMultiplier:1.5]]
[2022.05.23-18.13.35:219][  0]LogConfig: Setting CVar [[s.TimeLimitExceededMinTime:0.005]]
[2022.05.23-18.13.35:219][  0]LogConfig: Setting CVar [[s.UseBackgroundLevelStreaming:1]]
[2022.05.23-18.13.35:219][  0]LogConfig: Setting CVar [[s.PriorityAsyncLoadingExtraTime:15.0]]
[2022.05.23-18.13.35:219][  0]LogConfig: Setting CVar [[s.LevelStreamingActorsUpdateTimeLimit:5.0]]
[2022.05.23-18.13.35:219][  0]LogConfig: Setting CVar [[s.PriorityLevelStreamingActorsUpdateExtraTime:5.0]]
[2022.05.23-18.13.35:219][  0]LogConfig: Setting CVar [[s.LevelStreamingComponentsRegistrationGranularity:10]]
[2022.05.23-18.13.35:219][  0]LogConfig: Setting CVar [[s.UnregisterComponentsTimeLimit:1.0]]
[2022.05.23-18.13.35:219][  0]LogConfig: Setting CVar [[s.LevelStreamingComponentsUnregistrationGranularity:5]]
[2022.05.23-18.13.35:219][  0]LogConfig: Setting CVar [[s.FlushStreamingOnExit:1]]
[2022.05.23-18.13.35:219][  0]LogConfig: Applying CVar settings from Section [/Script/Engine.GarbageCollectionSettings] File [S:/projetos/rallyUE/brally/Saved/Config/Windows/Engine.ini]
[2022.05.23-18.13.35:219][  0]LogConfig: Setting CVar [[gc.MaxObjectsNotConsideredByGC:1]]
[2022.05.23-18.13.35:219][  0]LogConfig: Setting CVar [[gc.SizeOfPermanentObjectPool:0]]
[2022.05.23-18.13.35:219][  0]LogConfig: Setting CVar [[gc.FlushStreamingOnGC:0]]
[2022.05.23-18.13.35:219][  0]LogConfig: Setting CVar [[gc.NumRetriesBeforeForcingGC:10]]
[2022.05.23-18.13.35:219][  0]LogConfig: Setting CVar [[gc.AllowParallelGC:1]]
[2022.05.23-18.13.35:219][  0]LogConfig: Setting CVar [[gc.TimeBetweenPurgingPendingKillObjects:61.1]]
[2022.05.23-18.13.35:219][  0]LogConfig: Setting CVar [[gc.MaxObjectsInEditor:25165824]]
[2022.05.23-18.13.35:219][  0]LogConfig: Setting CVar [[gc.IncrementalBeginDestroyEnabled:1]]
[2022.05.23-18.13.35:219][  0]LogConfig: Setting CVar [[gc.CreateGCClusters:1]]
[2022.05.23-18.13.35:219][  0]LogConfig: Setting CVar [[gc.MinGCClusterSize:5]]
[2022.05.23-18.13.35:219][  0]LogConfig: Setting CVar [[gc.ActorClusteringEnabled:0]]
[2022.05.23-18.13.35:219][  0]LogConfig: Setting CVar [[gc.BlueprintClusteringEnabled:0]]
[2022.05.23-18.13.35:219][  0]LogConfig: Setting CVar [[gc.UseDisregardForGCOnDedicatedServers:0]]
[2022.05.23-18.13.35:219][  0]LogConfig: Setting CVar [[gc.MultithreadedDestructionEnabled:1]]
[2022.05.23-18.13.35:219][  0]LogConfig: Applying CVar settings from Section [/Script/Engine.NetworkSettings] File [S:/projetos/rallyUE/brally/Saved/Config/Windows/Engine.ini]
[2022.05.23-18.13.35:219][  0]LogConfig: Applying CVar settings from Section [/Script/UnrealEd.CookerSettings] File [S:/projetos/rallyUE/brally/Saved/Config/Windows/Engine.ini]
[2022.05.23-18.13.35:332][  0]LogConfig: Applying CVar settings from Section [ViewDistanceQuality@3] File [S:/projetos/rallyUE/brally/Saved/Config/Windows/Scalability.ini]
[2022.05.23-18.13.35:332][  0]LogConfig: Setting CVar [[r.SkeletalMeshLODBias:0]]
[2022.05.23-18.13.35:332][  0]LogConfig: Setting CVar [[r.ViewDistanceScale:1.0]]
[2022.05.23-18.13.35:332][  0]LogConfig: Applying CVar settings from Section [AntiAliasingQuality@3] File [S:/projetos/rallyUE/brally/Saved/Config/Windows/Scalability.ini]
[2022.05.23-18.13.35:332][  0]LogConfig: Setting CVar [[r.PostProcessAAQuality:4]]
[2022.05.23-18.13.35:332][  0]LogConfig: Applying CVar settings from Section [ShadowQuality@3] File [S:/projetos/rallyUE/brally/Saved/Config/Windows/Scalability.ini]
[2022.05.23-18.13.35:332][  0]LogConfig: Setting CVar [[r.LightFunctionQuality:1]]
[2022.05.23-18.13.35:332][  0]LogConfig: Setting CVar [[r.ShadowQuality:5]]
[2022.05.23-18.13.35:332][  0]LogConfig: Setting CVar [[r.Shadow.CSM.MaxCascades:10]]
[2022.05.23-18.13.35:332][  0]LogConfig: Setting CVar [[r.Shadow.MaxResolution:2048]]
[2022.05.23-18.13.35:332][  0]LogConfig: Setting CVar [[r.Shadow.MaxCSMResolution:2048]]
[2022.05.23-18.13.35:332][  0]LogConfig: Setting CVar [[r.Shadow.RadiusThreshold:0.01]]
[2022.05.23-18.13.35:332][  0]LogConfig: Setting CVar [[r.Shadow.DistanceScale:1.0]]
[2022.05.23-18.13.35:332][  0]LogConfig: Setting CVar [[r.Shadow.CSM.TransitionScale:1.0]]
[2022.05.23-18.13.35:332][  0]LogConfig: Setting CVar [[r.Shadow.PreShadowResolutionFactor:1.0]]
[2022.05.23-18.13.35:332][  0]LogConfig: Setting CVar [[r.DistanceFieldShadowing:1]]
[2022.05.23-18.13.35:332][  0]LogConfig: Setting CVar [[r.DistanceFieldAO:1]]
[2022.05.23-18.13.35:332][  0]LogConfig: Setting CVar [[r.AOQuality:2]]
[2022.05.23-18.13.35:332][  0]LogConfig: Setting CVar [[r.VolumetricFog:1]]
[2022.05.23-18.13.35:332][  0]LogConfig: Setting CVar [[r.VolumetricFog.GridPixelSize:8]]
[2022.05.23-18.13.35:332][  0]LogConfig: Setting CVar [[r.VolumetricFog.GridSizeZ:128]]
[2022.05.23-18.13.35:332][  0]LogConfig: Setting CVar [[r.VolumetricFog.HistoryMissSupersampleCount:4]]
[2022.05.23-18.13.35:332][  0]LogConfig: Setting CVar [[r.LightMaxDrawDistanceScale:1]]
[2022.05.23-18.13.35:332][  0]LogConfig: Setting CVar [[r.CapsuleShadows:1]]
[2022.05.23-18.13.35:332][  0]LogConfig: Applying CVar settings from Section [PostProcessQuality@3] File [S:/projetos/rallyUE/brally/Saved/Config/Windows/Scalability.ini]
[2022.05.23-18.13.35:332][  0]LogConfig: Setting CVar [[r.MotionBlurQuality:4]]
[2022.05.23-18.13.35:332][  0]LogConfig: Setting CVar [[r.AmbientOcclusionMipLevelFactor:0.4]]
[2022.05.23-18.13.35:332][  0]LogConfig: Setting CVar [[r.AmbientOcclusionMaxQuality:100]]
[2022.05.23-18.13.35:332][  0]LogConfig: Setting CVar [[r.AmbientOcclusionLevels:-1]]
[2022.05.23-18.13.35:332][  0]LogConfig: Setting CVar [[r.AmbientOcclusionRadiusScale:1.0]]
[2022.05.23-18.13.35:332][  0]LogConfig: Setting CVar [[r.DepthOfFieldQuality:2]]
[2022.05.23-18.13.35:332][  0]LogConfig: Setting CVar [[r.RenderTargetPoolMin:400]]
[2022.05.23-18.13.35:332][  0]LogConfig: Setting CVar [[r.LensFlareQuality:2]]
[2022.05.23-18.13.35:332][  0]LogConfig: Setting CVar [[r.SceneColorFringeQuality:1]]
[2022.05.23-18.13.35:332][  0]LogConfig: Setting CVar [[r.EyeAdaptationQuality:2]]
[2022.05.23-18.13.35:332][  0]LogConfig: Setting CVar [[r.BloomQuality:5]]
[2022.05.23-18.13.35:332][  0]LogConfig: Setting CVar [[r.FastBlurThreshold:100]]
[2022.05.23-18.13.35:332][  0]LogConfig: Setting CVar [[r.Upscale.Quality:3]]
[2022.05.23-18.13.35:332][  0]LogConfig: Setting CVar [[r.Tonemapper.GrainQuantization:1]]
[2022.05.23-18.13.35:332][  0]LogConfig: Setting CVar [[r.LightShaftQuality:1]]
[2022.05.23-18.13.35:332][  0]LogConfig: Setting CVar [[r.Filter.SizeScale:1]]
[2022.05.23-18.13.35:332][  0]LogConfig: Setting CVar [[r.Tonemapper.Quality:5]]
[2022.05.23-18.13.35:332][  0]LogConfig: Setting CVar [[r.DOF.Gather.AccumulatorQuality:1        ; higher gathering accumulator quality]]
[2022.05.23-18.13.35:332][  0]LogConfig: Setting CVar [[r.DOF.Gather.PostfilterMethod:1          ; Median3x3 postfilering method]]
[2022.05.23-18.13.35:332][  0]LogConfig: Setting CVar [[r.DOF.Gather.EnableBokehSettings:0       ; no bokeh simulation when gathering]]
[2022.05.23-18.13.35:332][  0]LogConfig: Setting CVar [[r.DOF.Gather.RingCount:4                 ; medium number of samples when gathering]]
[2022.05.23-18.13.35:332][  0]LogConfig: Setting CVar [[r.DOF.Scatter.ForegroundCompositing:1    ; additive foreground scattering]]
[2022.05.23-18.13.35:332][  0]LogConfig: Setting CVar [[r.DOF.Scatter.BackgroundCompositing:2    ; additive background scattering]]
[2022.05.23-18.13.35:332][  0]LogConfig: Setting CVar [[r.DOF.Scatter.EnableBokehSettings:1      ; bokeh simulation when scattering]]
[2022.05.23-18.13.35:332][  0]LogConfig: Setting CVar [[r.DOF.Scatter.MaxSpriteRatio:0.1         ; only a maximum of 10% of scattered bokeh]]
[2022.05.23-18.13.35:332][  0]LogConfig: Setting CVar [[r.DOF.Recombine.Quality:1                ; cheap slight out of focus]]
[2022.05.23-18.13.35:333][  0]LogConfig: Setting CVar [[r.DOF.Recombine.EnableBokehSettings:0    ; no bokeh simulation on slight out of focus]]
[2022.05.23-18.13.35:333][  0]LogConfig: Setting CVar [[r.DOF.TemporalAAQuality:1                ; more stable temporal accumulation]]
[2022.05.23-18.13.35:333][  0]LogConfig: Setting CVar [[r.DOF.Kernel.MaxForegroundRadius:0.025]]
[2022.05.23-18.13.35:333][  0]LogConfig: Setting CVar [[r.DOF.Kernel.MaxBackgroundRadius:0.025]]
[2022.05.23-18.13.35:333][  0]LogConfig: Applying CVar settings from Section [TextureQuality@3] File [S:/projetos/rallyUE/brally/Saved/Config/Windows/Scalability.ini]
[2022.05.23-18.13.35:333][  0]LogConfig: Setting CVar [[r.Streaming.MipBias:0]]
[2022.05.23-18.13.35:333][  0]LogConfig: Setting CVar [[r.Streaming.AmortizeCPUToGPUCopy:0]]
[2022.05.23-18.13.35:333][  0]LogConfig: Setting CVar [[r.Streaming.MaxNumTexturesToStreamPerFrame:0]]
[2022.05.23-18.13.35:333][  0]LogConfig: Setting CVar [[r.Streaming.Boost:1]]
[2022.05.23-18.13.35:333][  0]LogConfig: Setting CVar [[r.MaxAnisotropy:8]]
[2022.05.23-18.13.35:333][  0]LogConfig: Setting CVar [[r.VT.MaxAnisotropy:8]]
[2022.05.23-18.13.35:333][  0]LogConfig: Setting CVar [[r.Streaming.LimitPoolSizeToVRAM:0]]
[2022.05.23-18.13.35:333][  0]LogConfig: Setting CVar [[r.Streaming.PoolSize:1000]]
[2022.05.23-18.13.35:333][  0]LogConfig: Setting CVar [[r.Streaming.MaxEffectiveScreenSize:0]]
[2022.05.23-18.13.35:333][  0]LogConfig: Applying CVar settings from Section [EffectsQuality@3] File [S:/projetos/rallyUE/brally/Saved/Config/Windows/Scalability.ini]
[2022.05.23-18.13.35:333][  0]LogConfig: Setting CVar [[r.TranslucencyLightingVolumeDim:64]]
[2022.05.23-18.13.35:333][  0]LogConfig: Setting CVar [[r.RefractionQuality:2]]
[2022.05.23-18.13.35:333][  0]LogConfig: Setting CVar [[r.SSR.Quality:3]]
[2022.05.23-18.13.35:333][  0]LogConfig: Setting CVar [[r.SSR.HalfResSceneColor:0]]
[2022.05.23-18.13.35:333][  0]LogConfig: Setting CVar [[r.SceneColorFormat:4]]
[2022.05.23-18.13.35:333][  0]LogConfig: Setting CVar [[r.DetailMode:2]]
[2022.05.23-18.13.35:333][  0]LogConfig: Setting CVar [[r.TranslucencyVolumeBlur:1]]
[2022.05.23-18.13.35:333][  0]LogConfig: Setting CVar [[r.MaterialQualityLevel:1 ; High quality]]
[2022.05.23-18.13.35:333][  0]LogConfig: Setting CVar [[r.AnisotropicMaterials:1]]
[2022.05.23-18.13.35:333][  0]LogConfig: Setting CVar [[r.SSS.Scale:1]]
[2022.05.23-18.13.35:333][  0]LogConfig: Setting CVar [[r.SSS.SampleSet:2]]
[2022.05.23-18.13.35:333][  0]LogConfig: Setting CVar [[r.SSS.Quality:1]]
[2022.05.23-18.13.35:333][  0]LogConfig: Setting CVar [[r.SSS.HalfRes:0]]
[2022.05.23-18.13.35:333][  0]LogConfig: Setting CVar [[r.SSGI.Quality:3]]
[2022.05.23-18.13.35:333][  0]LogConfig: Setting CVar [[r.EmitterSpawnRateScale:1.0]]
[2022.05.23-18.13.35:333][  0]LogConfig: Setting CVar [[r.ParticleLightQuality:2]]
[2022.05.23-18.13.35:333][  0]LogConfig: Setting CVar [[r.SkyAtmosphere.AerialPerspectiveLUT.FastApplyOnOpaque:1 ; Always have FastSkyLUT 1 in this case to avoid wrong sky]]
[2022.05.23-18.13.35:333][  0]LogConfig: Setting CVar [[r.SkyAtmosphere.AerialPerspectiveLUT.SampleCountMaxPerSlice:4]]
[2022.05.23-18.13.35:333][  0]LogConfig: Setting CVar [[r.SkyAtmosphere.AerialPerspectiveLUT.DepthResolution:16.0]]
[2022.05.23-18.13.35:333][  0]LogConfig: Setting CVar [[r.SkyAtmosphere.FastSkyLUT:1]]
[2022.05.23-18.13.35:333][  0]LogConfig: Setting CVar [[r.SkyAtmosphere.FastSkyLUT.SampleCountMin:4.0]]
[2022.05.23-18.13.35:333][  0]LogConfig: Setting CVar [[r.SkyAtmosphere.FastSkyLUT.SampleCountMax:128.0]]
[2022.05.23-18.13.35:333][  0]LogConfig: Setting CVar [[r.SkyAtmosphere.SampleCountMin:4.0]]
[2022.05.23-18.13.35:334][  0]LogConfig: Setting CVar [[r.SkyAtmosphere.SampleCountMax:128.0]]
[2022.05.23-18.13.35:334][  0]LogConfig: Setting CVar [[r.SkyAtmosphere.TransmittanceLUT.UseSmallFormat:0]]
[2022.05.23-18.13.35:334][  0]LogConfig: Setting CVar [[r.SkyAtmosphere.TransmittanceLUT.SampleCount:10.0]]
[2022.05.23-18.13.35:334][  0]LogConfig: Setting CVar [[r.SkyAtmosphere.MultiScatteringLUT.SampleCount:15.0]]
[2022.05.23-18.13.35:334][  0]LogConfig: Setting CVar [[r.SkyLight.RealTimeReflectionCapture:1]]
[2022.05.23-18.13.35:334][  0]LogConfig: Applying CVar settings from Section [FoliageQuality@3] File [S:/projetos/rallyUE/brally/Saved/Config/Windows/Scalability.ini]
[2022.05.23-18.13.35:334][  0]LogConfig: Setting CVar [[foliage.DensityScale:1.0]]
[2022.05.23-18.13.35:334][  0]LogConfig: Setting CVar [[grass.DensityScale:1.0]]
[2022.05.23-18.13.35:334][  0]LogConfig: Applying CVar settings from Section [ShadingQuality@3] File [S:/projetos/rallyUE/brally/Saved/Config/Windows/Scalability.ini]
[2022.05.23-18.13.35:334][  0]LogConfig: Setting CVar [[r.HairStrands.SkyLighting.IntegrationType:2]]
[2022.05.23-18.13.35:334][  0]LogConfig: Setting CVar [[r.HairStrands.SkyAO.SampleCount:4]]
[2022.05.23-18.13.35:334][  0]LogConfig: Setting CVar [[r.HairStrands.Visibility.MSAA.SamplePerPixel:4]]
[2022.05.23-18.13.35:339][  0]LogInit: Selected Device Profile: [Windows]
[2022.05.23-18.13.35:344][  0]LogInit: Applying CVar settings loaded from the selected device profile: [Windows]
[2022.05.23-18.13.35:350][  0]LogHAL: Display: Platform has ~ 8 GB [8513687552 / 8589934592 / 8], which maps to Default [LargestMinGB=32, LargerMinGB=12, DefaultMinGB=8, SmallerMinGB=6, SmallestMinGB=0)
[2022.05.23-18.13.35:351][  0]LogInit: Going up to parent DeviceProfile []
[2022.05.23-18.13.35:360][  0]LogConfig: Applying CVar settings from Section [ViewDistanceQuality@3] File [S:/projetos/rallyUE/brally/Saved/Config/Windows/Scalability.ini]
[2022.05.23-18.13.35:360][  0]LogConfig: Setting CVar [[r.SkeletalMeshLODBias:0]]
[2022.05.23-18.13.35:360][  0]LogConfig: Setting CVar [[r.ViewDistanceScale:1.0]]
[2022.05.23-18.13.35:360][  0]LogConfig: Applying CVar settings from Section [AntiAliasingQuality@3] File [S:/projetos/rallyUE/brally/Saved/Config/Windows/Scalability.ini]
[2022.05.23-18.13.35:360][  0]LogConfig: Setting CVar [[r.PostProcessAAQuality:4]]
[2022.05.23-18.13.35:360][  0]LogConfig: Applying CVar settings from Section [ShadowQuality@3] File [S:/projetos/rallyUE/brally/Saved/Config/Windows/Scalability.ini]
[2022.05.23-18.13.35:360][  0]LogConfig: Setting CVar [[r.LightFunctionQuality:1]]
[2022.05.23-18.13.35:360][  0]LogConfig: Setting CVar [[r.ShadowQuality:5]]
[2022.05.23-18.13.35:360][  0]LogConfig: Setting CVar [[r.Shadow.CSM.MaxCascades:10]]
[2022.05.23-18.13.35:360][  0]LogConfig: Setting CVar [[r.Shadow.MaxResolution:2048]]
[2022.05.23-18.13.35:360][  0]LogConfig: Setting CVar [[r.Shadow.MaxCSMResolution:2048]]
[2022.05.23-18.13.35:360][  0]LogConfig: Setting CVar [[r.Shadow.RadiusThreshold:0.01]]
[2022.05.23-18.13.35:360][  0]LogConfig: Setting CVar [[r.Shadow.DistanceScale:1.0]]
[2022.05.23-18.13.35:360][  0]LogConfig: Setting CVar [[r.Shadow.CSM.TransitionScale:1.0]]
[2022.05.23-18.13.35:360][  0]LogConfig: Setting CVar [[r.Shadow.PreShadowResolutionFactor:1.0]]
[2022.05.23-18.13.35:360][  0]LogConfig: Setting CVar [[r.DistanceFieldShadowing:1]]
[2022.05.23-18.13.35:360][  0]LogConfig: Setting CVar [[r.DistanceFieldAO:1]]
[2022.05.23-18.13.35:360][  0]LogConfig: Setting CVar [[r.AOQuality:2]]
[2022.05.23-18.13.35:360][  0]LogConfig: Setting CVar [[r.VolumetricFog:1]]
[2022.05.23-18.13.35:360][  0]LogConfig: Setting CVar [[r.VolumetricFog.GridPixelSize:8]]
[2022.05.23-18.13.35:360][  0]LogConfig: Setting CVar [[r.VolumetricFog.GridSizeZ:128]]
[2022.05.23-18.13.35:360][  0]LogConfig: Setting CVar [[r.VolumetricFog.HistoryMissSupersampleCount:4]]
[2022.05.23-18.13.35:360][  0]LogConfig: Setting CVar [[r.LightMaxDrawDistanceScale:1]]
[2022.05.23-18.13.35:360][  0]LogConfig: Setting CVar [[r.CapsuleShadows:1]]
[2022.05.23-18.13.35:360][  0]LogConfig: Applying CVar settings from Section [PostProcessQuality@3] File [S:/projetos/rallyUE/brally/Saved/Config/Windows/Scalability.ini]
[2022.05.23-18.13.35:360][  0]LogConfig: Setting CVar [[r.MotionBlurQuality:4]]
[2022.05.23-18.13.35:360][  0]LogConfig: Setting CVar [[r.AmbientOcclusionMipLevelFactor:0.4]]
[2022.05.23-18.13.35:360][  0]LogConfig: Setting CVar [[r.AmbientOcclusionMaxQuality:100]]
[2022.05.23-18.13.35:360][  0]LogConfig: Setting CVar [[r.AmbientOcclusionLevels:-1]]
[2022.05.23-18.13.35:360][  0]LogConfig: Setting CVar [[r.AmbientOcclusionRadiusScale:1.0]]
[2022.05.23-18.13.35:360][  0]LogConfig: Setting CVar [[r.DepthOfFieldQuality:2]]
[2022.05.23-18.13.35:360][  0]LogConfig: Setting CVar [[r.RenderTargetPoolMin:400]]
[2022.05.23-18.13.35:360][  0]LogConfig: Setting CVar [[r.LensFlareQuality:2]]
[2022.05.23-18.13.35:360][  0]LogConfig: Setting CVar [[r.SceneColorFringeQuality:1]]
[2022.05.23-18.13.35:360][  0]LogConfig: Setting CVar [[r.EyeAdaptationQuality:2]]
[2022.05.23-18.13.35:360][  0]LogConfig: Setting CVar [[r.BloomQuality:5]]
[2022.05.23-18.13.35:360][  0]LogConfig: Setting CVar [[r.FastBlurThreshold:100]]
[2022.05.23-18.13.35:360][  0]LogConfig: Setting CVar [[r.Upscale.Quality:3]]
[2022.05.23-18.13.35:360][  0]LogConfig: Setting CVar [[r.Tonemapper.GrainQuantization:1]]
[2022.05.23-18.13.35:360][  0]LogConfig: Setting CVar [[r.LightShaftQuality:1]]
[2022.05.23-18.13.35:360][  0]LogConfig: Setting CVar [[r.Filter.SizeScale:1]]
[2022.05.23-18.13.35:360][  0]LogConfig: Setting CVar [[r.Tonemapper.Quality:5]]
[2022.05.23-18.13.35:360][  0]LogConfig: Setting CVar [[r.DOF.Gather.AccumulatorQuality:1        ; higher gathering accumulator quality]]
[2022.05.23-18.13.35:360][  0]LogConfig: Setting CVar [[r.DOF.Gather.PostfilterMethod:1          ; Median3x3 postfilering method]]
[2022.05.23-18.13.35:360][  0]LogConfig: Setting CVar [[r.DOF.Gather.EnableBokehSettings:0       ; no bokeh simulation when gathering]]
[2022.05.23-18.13.35:360][  0]LogConfig: Setting CVar [[r.DOF.Gather.RingCount:4                 ; medium number of samples when gathering]]
[2022.05.23-18.13.35:360][  0]LogConfig: Setting CVar [[r.DOF.Scatter.ForegroundCompositing:1    ; additive foreground scattering]]
[2022.05.23-18.13.35:360][  0]LogConfig: Setting CVar [[r.DOF.Scatter.BackgroundCompositing:2    ; additive background scattering]]
[2022.05.23-18.13.35:360][  0]LogConfig: Setting CVar [[r.DOF.Scatter.EnableBokehSettings:1      ; bokeh simulation when scattering]]
[2022.05.23-18.13.35:360][  0]LogConfig: Setting CVar [[r.DOF.Scatter.MaxSpriteRatio:0.1         ; only a maximum of 10% of scattered bokeh]]
[2022.05.23-18.13.35:360][  0]LogConfig: Setting CVar [[r.DOF.Recombine.Quality:1                ; cheap slight out of focus]]
[2022.05.23-18.13.35:360][  0]LogConfig: Setting CVar [[r.DOF.Recombine.EnableBokehSettings:0    ; no bokeh simulation on slight out of focus]]
[2022.05.23-18.13.35:360][  0]LogConfig: Setting CVar [[r.DOF.TemporalAAQuality:1                ; more stable temporal accumulation]]
[2022.05.23-18.13.35:360][  0]LogConfig: Setting CVar [[r.DOF.Kernel.MaxForegroundRadius:0.025]]
[2022.05.23-18.13.35:360][  0]LogConfig: Setting CVar [[r.DOF.Kernel.MaxBackgroundRadius:0.025]]
[2022.05.23-18.13.35:360][  0]LogConfig: Applying CVar settings from Section [TextureQuality@3] File [S:/projetos/rallyUE/brally/Saved/Config/Windows/Scalability.ini]
[2022.05.23-18.13.35:360][  0]LogConfig: Setting CVar [[r.Streaming.MipBias:0]]
[2022.05.23-18.13.35:361][  0]LogConfig: Setting CVar [[r.Streaming.AmortizeCPUToGPUCopy:0]]
[2022.05.23-18.13.35:361][  0]LogConfig: Setting CVar [[r.Streaming.MaxNumTexturesToStreamPerFrame:0]]
[2022.05.23-18.13.35:361][  0]LogConfig: Setting CVar [[r.Streaming.Boost:1]]
[2022.05.23-18.13.35:361][  0]LogConfig: Setting CVar [[r.MaxAnisotropy:8]]
[2022.05.23-18.13.35:361][  0]LogConfig: Setting CVar [[r.VT.MaxAnisotropy:8]]
[2022.05.23-18.13.35:361][  0]LogConfig: Setting CVar [[r.Streaming.LimitPoolSizeToVRAM:0]]
[2022.05.23-18.13.35:361][  0]LogConfig: Setting CVar [[r.Streaming.PoolSize:1000]]
[2022.05.23-18.13.35:361][  0]LogConfig: Setting CVar [[r.Streaming.MaxEffectiveScreenSize:0]]
[2022.05.23-18.13.35:361][  0]LogConfig: Applying CVar settings from Section [EffectsQuality@3] File [S:/projetos/rallyUE/brally/Saved/Config/Windows/Scalability.ini]
[2022.05.23-18.13.35:361][  0]LogConfig: Setting CVar [[r.TranslucencyLightingVolumeDim:64]]
[2022.05.23-18.13.35:361][  0]LogConfig: Setting CVar [[r.RefractionQuality:2]]
[2022.05.23-18.13.35:361][  0]LogConfig: Setting CVar [[r.SSR.Quality:3]]
[2022.05.23-18.13.35:361][  0]LogConfig: Setting CVar [[r.SSR.HalfResSceneColor:0]]
[2022.05.23-18.13.35:361][  0]LogConfig: Setting CVar [[r.SceneColorFormat:4]]
[2022.05.23-18.13.35:361][  0]LogConfig: Setting CVar [[r.DetailMode:2]]
[2022.05.23-18.13.35:361][  0]LogConfig: Setting CVar [[r.TranslucencyVolumeBlur:1]]
[2022.05.23-18.13.35:361][  0]LogConfig: Setting CVar [[r.MaterialQualityLevel:1 ; High quality]]
[2022.05.23-18.13.35:361][  0]LogConfig: Setting CVar [[r.AnisotropicMaterials:1]]
[2022.05.23-18.13.35:361][  0]LogConfig: Setting CVar [[r.SSS.Scale:1]]
[2022.05.23-18.13.35:361][  0]LogConfig: Setting CVar [[r.SSS.SampleSet:2]]
[2022.05.23-18.13.35:361][  0]LogConfig: Setting CVar [[r.SSS.Quality:1]]
[2022.05.23-18.13.35:361][  0]LogConfig: Setting CVar [[r.SSS.HalfRes:0]]
[2022.05.23-18.13.35:361][  0]LogConfig: Setting CVar [[r.SSGI.Quality:3]]
[2022.05.23-18.13.35:361][  0]LogConfig: Setting CVar [[r.EmitterSpawnRateScale:1.0]]
[2022.05.23-18.13.35:361][  0]LogConfig: Setting CVar [[r.ParticleLightQuality:2]]
[2022.05.23-18.13.35:361][  0]LogConfig: Setting CVar [[r.SkyAtmosphere.AerialPerspectiveLUT.FastApplyOnOpaque:1 ; Always have FastSkyLUT 1 in this case to avoid wrong sky]]
[2022.05.23-18.13.35:361][  0]LogConfig: Setting CVar [[r.SkyAtmosphere.AerialPerspectiveLUT.SampleCountMaxPerSlice:4]]
[2022.05.23-18.13.35:361][  0]LogConfig: Setting CVar [[r.SkyAtmosphere.AerialPerspectiveLUT.DepthResolution:16.0]]
[2022.05.23-18.13.35:361][  0]LogConfig: Setting CVar [[r.SkyAtmosphere.FastSkyLUT:1]]
[2022.05.23-18.13.35:361][  0]LogConfig: Setting CVar [[r.SkyAtmosphere.FastSkyLUT.SampleCountMin:4.0]]
[2022.05.23-18.13.35:361][  0]LogConfig: Setting CVar [[r.SkyAtmosphere.FastSkyLUT.SampleCountMax:128.0]]
[2022.05.23-18.13.35:361][  0]LogConfig: Setting CVar [[r.SkyAtmosphere.SampleCountMin:4.0]]
[2022.05.23-18.13.35:361][  0]LogConfig: Setting CVar [[r.SkyAtmosphere.SampleCountMax:128.0]]
[2022.05.23-18.13.35:361][  0]LogConfig: Setting CVar [[r.SkyAtmosphere.TransmittanceLUT.UseSmallFormat:0]]
[2022.05.23-18.13.35:361][  0]LogConfig: Setting CVar [[r.SkyAtmosphere.TransmittanceLUT.SampleCount:10.0]]
[2022.05.23-18.13.35:361][  0]LogConfig: Setting CVar [[r.SkyAtmosphere.MultiScatteringLUT.SampleCount:15.0]]
[2022.05.23-18.13.35:361][  0]LogConfig: Setting CVar [[r.SkyLight.RealTimeReflectionCapture:1]]
[2022.05.23-18.13.35:361][  0]LogConfig: Applying CVar settings from Section [FoliageQuality@3] File [S:/projetos/rallyUE/brally/Saved/Config/Windows/Scalability.ini]
[2022.05.23-18.13.35:361][  0]LogConfig: Setting CVar [[foliage.DensityScale:1.0]]
[2022.05.23-18.13.35:361][  0]LogConfig: Setting CVar [[grass.DensityScale:1.0]]
[2022.05.23-18.13.35:361][  0]LogConfig: Applying CVar settings from Section [ShadingQuality@3] File [S:/projetos/rallyUE/brally/Saved/Config/Windows/Scalability.ini]
[2022.05.23-18.13.35:361][  0]LogConfig: Setting CVar [[r.HairStrands.SkyLighting.IntegrationType:2]]
[2022.05.23-18.13.35:361][  0]LogConfig: Setting CVar [[r.HairStrands.SkyAO.SampleCount:4]]
[2022.05.23-18.13.35:361][  0]LogConfig: Setting CVar [[r.HairStrands.Visibility.MSAA.SamplePerPixel:4]]
[2022.05.23-18.13.35:361][  0]LogConfig: Applying CVar settings from Section [Startup] File [../../../Engine/Config/ConsoleVariables.ini]
[2022.05.23-18.13.35:375][  0]LogConfig: Setting CVar [[net.UseAdaptiveNetUpdateFrequency:0]]
[2022.05.23-18.13.35:375][  0]LogConfig: Setting CVar [[p.chaos.AllowCreatePhysxBodies:1]]
[2022.05.23-18.13.35:375][  0]LogConfig: Setting CVar [[fx.SkipVectorVMBackendOptimizations:1]]
[2022.05.23-18.13.35:375][  0]LogConfig: Applying CVar settings from Section [ConsoleVariables] File [S:/projetos/rallyUE/brally/Saved/Config/Windows/Engine.ini]
[2022.05.23-18.13.35:375][  0]LogConfig: Applying CVar settings from Section [ConsoleVariables] File [S:/projetos/rallyUE/brally/Saved/Config/Windows/Editor.ini]
[2022.05.23-18.13.35:406][  0]LogInit: Computer: DESKTOP-F4V4HAJ
[2022.05.23-18.13.35:406][  0]LogInit: User: erick
[2022.05.23-18.13.35:406][  0]LogInit: CPU Page size=4096, Cores=2
[2022.05.23-18.13.35:406][  0]LogInit: High frequency timer resolution =10.000000 MHz
[2022.05.23-18.13.35:406][  0]LogMemory: Memory total: Physical=7.9GB (8GB approx)
[2022.05.23-18.13.35:416][  0]LogMemory: Platform Memory Stats for Windows
[2022.05.23-18.13.35:416][  0]LogMemory: Process Physical Memory: 141.87 MB used, 141.88 MB peak
[2022.05.23-18.13.35:416][  0]LogMemory: Process Virtual Memory: 127.00 MB used, 127.00 MB peak
[2022.05.23-18.13.35:416][  0]LogMemory: Physical Memory: 5786.68 MB used,  2332.61 MB free, 8119.29 MB total
[2022.05.23-18.13.35:416][  0]LogMemory: Virtual Memory: 134207376.00 MB used,  10349.79 MB free, 134217728.00 MB total
[2022.05.23-18.13.35:451][  0]LogWindows: WindowsPlatformFeatures enabled
[2022.05.23-18.13.36:342][  0]LogInit: Physics initialised using underlying interface: PhysX
[2022.05.23-18.13.36:428][  0]LogInit: Using OS detected language (pt-BR).
[2022.05.23-18.13.36:428][  0]LogInit: Using OS detected locale (pt-BR).
[2022.05.23-18.13.36:740][  0]LogTextLocalizationResource: LocRes '../../../Engine/Content/Localization/Editor/pt/Editor.locres' could not be opened for reading!
[2022.05.23-18.13.36:740][  0]LogTextLocalizationResource: LocRes '../../../Engine/Content/Localization/EditorTutorials/pt/EditorTutorials.locres' could not be opened for reading!
[2022.05.23-18.13.36:740][  0]LogTextLocalizationResource: LocRes '../../../Engine/Content/Localization/Keywords/pt/Keywords.locres' could not be opened for reading!
[2022.05.23-18.13.36:740][  0]LogTextLocalizationResource: LocRes '../../../Engine/Content/Localization/Category/pt/Category.locres' could not be opened for reading!
[2022.05.23-18.13.36:740][  0]LogTextLocalizationResource: LocRes '../../../Engine/Content/Localization/ToolTips/pt/ToolTips.locres' could not be opened for reading!
[2022.05.23-18.13.36:740][  0]LogTextLocalizationResource: LocRes '../../../Engine/Content/Localization/PropertyNames/pt/PropertyNames.locres' could not be opened for reading!
[2022.05.23-18.13.36:740][  0]LogTextLocalizationResource: LocRes '../../../Engine/Content/Localization/Engine/pt/Engine.locres' could not be opened for reading!
[2022.05.23-18.13.36:740][  0]LogTextLocalizationResource: LocRes '../../../Engine/Plugins/Online/OnlineSubsystem/Content/Localization/OnlineSubsystem/pt/OnlineSubsystem.locres' could not be opened for reading!
[2022.05.23-18.13.36:740][  0]LogTextLocalizationResource: LocRes '../../../Engine/Plugins/Online/OnlineSubsystemUtils/Content/Localization/OnlineSubsystemUtils/pt/OnlineSubsystemUtils.locres' could not be opened for reading!
[2022.05.23-18.13.36:740][  0]LogTextLocalizationResource: LocRes '../../../Engine/Plugins/Online/IOS/OnlineSubsystemIOS/Content/Localization/OnlineSubsystemIOS/pt/OnlineSubsystemIOS.locres' could not be opened for reading!
[2022.05.23-18.13.36:740][  0]LogTextLocalizationResource: LocRes '../../../Engine/Plugins/Online/Android/OnlineSubsystemGooglePlay/Content/Localization/OnlineSubsystemGooglePlay/pt/OnlineSubsystemGooglePlay.locres' could not be opened for reading!
[2022.05.23-18.13.36:776][  0]LogInit: Setting process to per monitor DPI aware
[2022.05.23-18.13.36:999][  0]LogWindowsTextInputMethodSystem: Display: IME system deactivated.
[2022.05.23-18.13.37:479][  0]LogSlate: New Slate User Created.  User Index 0, Is Virtual User: 0
[2022.05.23-18.13.37:479][  0]LogSlate: Slate User Registered.  User Index 0, Is Virtual User: 0
[2022.05.23-18.13.40:939][  0]LogD3D11RHI: Loaded GFSDK_Aftermath_Lib.x64.dll
[2022.05.23-18.13.40:953][  0]LogHMD: Failed to initialize OpenVR with code 110
[2022.05.23-18.13.40:953][  0]LogD3D11RHI: D3D11 min allowed feature level: 11_0
[2022.05.23-18.13.40:953][  0]LogD3D11RHI: D3D11 max allowed feature level: 11_0
[2022.05.23-18.13.40:953][  0]LogD3D11RHI: D3D11 adapters:
[2022.05.23-18.13.41:126][  0]LogD3D11RHI:    0. 'NVIDIA GeForce GTX 750 Ti' (Feature Level 11_0)
[2022.05.23-18.13.41:126][  0]LogD3D11RHI:       2007/0/4059 MB DedicatedVideo/DedicatedSystem/SharedSystem, Outputs:1, VendorId:0x10de
[2022.05.23-18.13.41:128][  0]LogD3D11RHI:    1. 'Microsoft Basic Render Driver' (Feature Level 11_0)
[2022.05.23-18.13.41:128][  0]LogD3D11RHI:       0/0/4059 MB DedicatedVideo/DedicatedSystem/SharedSystem, Outputs:0, VendorId:0x1414
[2022.05.23-18.13.41:128][  0]LogD3D11RHI: Chosen D3D11 Adapter:
[2022.05.23-18.13.41:128][  0]LogD3D11RHI:     Description : NVIDIA GeForce GTX 750 Ti
[2022.05.23-18.13.41:128][  0]LogD3D11RHI:     VendorId    : 10de
[2022.05.23-18.13.41:128][  0]LogD3D11RHI:     DeviceId    : 1380
[2022.05.23-18.13.41:128][  0]LogD3D11RHI:     SubSysId    : 37513842
[2022.05.23-18.13.41:128][  0]LogD3D11RHI:     Revision    : 00a2
[2022.05.23-18.13.41:128][  0]LogD3D11RHI:     DedicatedVideoMemory : 2105212928 bytes
[2022.05.23-18.13.41:128][  0]LogD3D11RHI:     DedicatedSystemMemory : 0 bytes
[2022.05.23-18.13.41:128][  0]LogD3D11RHI:     SharedSystemMemory : 4256843776 bytes
[2022.05.23-18.13.41:128][  0]LogD3D11RHI:     AdapterLuid : 0 46990
[2022.05.23-18.13.41:147][  0]LogD3D11RHI: Creating new Direct3DDevice
[2022.05.23-18.13.41:147][  0]LogD3D11RHI:     GPU DeviceId: 0x1380 (for the marketing name, search the web for "GPU Device Id")
[2022.05.23-18.13.41:147][  0]LogWindows: EnumDisplayDevices:
[2022.05.23-18.13.41:147][  0]LogWindows:    0. 'NVIDIA GeForce GTX 750 Ti' (P:1 D:1)
[2022.05.23-18.13.41:147][  0]LogWindows:    1. 'NVIDIA GeForce GTX 750 Ti' (P:0 D:0)
[2022.05.23-18.13.41:148][  0]LogWindows:    2. 'NVIDIA GeForce GTX 750 Ti' (P:0 D:0)
[2022.05.23-18.13.41:148][  0]LogWindows:    3. 'NVIDIA GeForce GTX 750 Ti' (P:0 D:0)
[2022.05.23-18.13.41:148][  0]LogWindows: DebugString: FoundDriverCount:4 
[2022.05.23-18.13.41:148][  0]LogD3D11RHI:     Adapter Name: NVIDIA GeForce GTX 750 Ti
[2022.05.23-18.13.41:148][  0]LogD3D11RHI:   Driver Version: 512.15 (internal:30.0.15.1215, unified:512.15)
[2022.05.23-18.13.41:149][  0]LogD3D11RHI:      Driver Date: 3-17-2022
[2022.05.23-18.13.41:160][  0]LogRHI: Texture pool is 1405 MB (70% of 2007 MB)
[2022.05.23-18.13.41:160][  0]LogD3D11RHI: Creating D3DDevice using adapter:
[2022.05.23-18.13.41:160][  0]LogD3D11RHI:     Description : NVIDIA GeForce GTX 750 Ti
[2022.05.23-18.13.41:160][  0]LogD3D11RHI:     VendorId    : 10de
[2022.05.23-18.13.41:160][  0]LogD3D11RHI:     DeviceId    : 1380
[2022.05.23-18.13.41:160][  0]LogD3D11RHI:     SubSysId    : 37513842
[2022.05.23-18.13.41:160][  0]LogD3D11RHI:     Revision    : 00a2
[2022.05.23-18.13.41:160][  0]LogD3D11RHI:     DedicatedVideoMemory : 2105212928 bytes
[2022.05.23-18.13.41:160][  0]LogD3D11RHI:     DedicatedSystemMemory : 0 bytes
[2022.05.23-18.13.41:160][  0]LogD3D11RHI:     SharedSystemMemory : 4256843776 bytes
[2022.05.23-18.13.41:160][  0]LogD3D11RHI:     AdapterLuid : 0 46990
[2022.05.23-18.13.41:252][  0]LogD3D11RHI: RHI has support for 64 bit atomics
[2022.05.23-18.13.41:254][  0]LogD3D11RHI: Async texture creation enabled
[2022.05.23-18.13.41:673][  0]LogD3D11RHI: GPU Timing Frequency: 1000.000000 (Debug: 2 1)
[2022.05.23-18.13.41:927][  0]LogRHI: GeForceNow SDK initialized: 1
[2022.05.23-18.13.43:627][  0]LogTargetPlatformManager: Display: Loaded TargetPlatform 'AllDesktop'
[2022.05.23-18.13.43:743][  0]LogTargetPlatformManager: Display: Loaded TargetPlatform 'Android'
[2022.05.23-18.13.43:743][  0]LogTargetPlatformManager: Display: Loaded TargetPlatform 'Android_ASTC'
[2022.05.23-18.13.43:743][  0]LogTargetPlatformManager: Display: Loaded TargetPlatform 'Android_DXT'
[2022.05.23-18.13.43:743][  0]LogTargetPlatformManager: Display: Loaded TargetPlatform 'Android_ETC2'
[2022.05.23-18.13.43:743][  0]LogTargetPlatformManager: Display: Loaded TargetPlatform 'AndroidClient'
[2022.05.23-18.13.43:743][  0]LogTargetPlatformManager: Display: Loaded TargetPlatform 'Android_ASTCClient'
[2022.05.23-18.13.43:743][  0]LogTargetPlatformManager: Display: Loaded TargetPlatform 'Android_DXTClient'
[2022.05.23-18.13.43:743][  0]LogTargetPlatformManager: Display: Loaded TargetPlatform 'Android_ETC2Client'
[2022.05.23-18.13.43:743][  0]LogTargetPlatformManager: Display: Loaded TargetPlatform 'Android_Multi'
[2022.05.23-18.13.43:743][  0]LogTargetPlatformManager: Display: Loaded TargetPlatform 'Android_MultiClient'
[2022.05.23-18.13.43:848][  0]LogTargetPlatformManager: Display: Loaded TargetPlatform 'IOSClient'
[2022.05.23-18.13.43:848][  0]LogTargetPlatformManager: Display: Loaded TargetPlatform 'IOS'
[2022.05.23-18.13.43:939][  0]LogTargetPlatformManager: Display: Loaded TargetPlatform 'Linux'
[2022.05.23-18.13.43:971][  0]LogTargetPlatformManager: Display: Loaded TargetPlatform 'LinuxNoEditor'
[2022.05.23-18.13.43:996][  0]LogTargetPlatformManager: Display: Loaded TargetPlatform 'LinuxClient'
[2022.05.23-18.13.44:096][  0]LogTargetPlatformManager: Display: Loaded TargetPlatform 'LinuxServer'
[2022.05.23-18.13.44:128][  0]LogTargetPlatformManager: Display: Loaded TargetPlatform 'LinuxAArch64NoEditor'
[2022.05.23-18.13.44:162][  0]LogTargetPlatformManager: Display: Loaded TargetPlatform 'LinuxAArch64Client'
[2022.05.23-18.13.44:191][  0]LogTargetPlatformManager: Display: Loaded TargetPlatform 'LinuxAArch64Server'
[2022.05.23-18.13.44:238][  0]LogTargetPlatformManager: Display: Loaded TargetPlatform 'Lumin'
[2022.05.23-18.13.44:238][  0]LogTargetPlatformManager: Display: Loaded TargetPlatform 'LuminClient'
[2022.05.23-18.13.44:277][  0]LogTargetPlatformManager: Display: Loaded TargetPlatform 'MacNoEditor'
[2022.05.23-18.13.44:308][  0]LogTargetPlatformManager: Display: Loaded TargetPlatform 'Mac'
[2022.05.23-18.13.44:327][  0]LogTargetPlatformManager: Display: Loaded TargetPlatform 'MacClient'
[2022.05.23-18.13.44:368][  0]LogTargetPlatformManager: Display: Loaded TargetPlatform 'MacServer'
[2022.05.23-18.13.44:414][  0]LogTargetPlatformManager: Display: Loaded TargetPlatform 'TVOSClient'
[2022.05.23-18.13.44:414][  0]LogTargetPlatformManager: Display: Loaded TargetPlatform 'TVOS'
[2022.05.23-18.13.44:472][  0]LogTargetPlatformManager: Display: Loaded TargetPlatform 'WindowsNoEditor'
[2022.05.23-18.13.44:504][  0]LogTargetPlatformManager: Display: Loaded TargetPlatform 'Windows'
[2022.05.23-18.13.44:536][  0]LogTargetPlatformManager: Display: Loaded TargetPlatform 'WindowsClient'
[2022.05.23-18.13.44:558][  0]LogTargetPlatformManager: Display: Loaded TargetPlatform 'WindowsServer'
[2022.05.23-18.13.44:558][  0]LogTargetPlatformManager: Display: Building Assets For Windows
[2022.05.23-18.13.44:846][  0]LogAudioDebug: Display: Lib vorbis DLL was dynamically loaded.
[2022.05.23-18.13.45:394][  0]LogTextureFormatOodle: Display: Oodle Texture 2.9.0 init RDO Off
[2022.05.23-18.13.46:187][  0]LogRendererCore: Ray tracing is disabled. Reason: r.RayTracing=0.
[2022.05.23-18.13.46:233][  0]LogShaderCompilers: Guid format shader working directory is 19 characters bigger than the processId version (S:/projetos/rallyUE/brally/Intermediate/Shaders/WorkingDirectory/12688/).
[2022.05.23-18.13.46:233][  0]LogShaderCompilers: Cleaned the shader compiler working directory 'C:/Users/erick/AppData/Local/Temp/UnrealShaderWorkingDir/05E600364550A381C4CBC1B033A45C0D/'.
[2022.05.23-18.13.46:243][  0]LogXGEController: Cannot use XGE Controller as Incredibuild is not installed on this machine.
[2022.05.23-18.13.46:243][  0]LogShaderCompilers: Cannot use XGE Shader Compiler as Incredibuild is not installed on this machine.
[2022.05.23-18.13.46:243][  0]LogShaderCompilers: Display: Using Local Shader Compiler.
[2022.05.23-18.13.51:429][  0]LogDerivedDataCache: Display: Max Cache Size: 512 MB
[2022.05.23-18.13.51:723][  0]LogDerivedDataCache: Loaded boot cache 0.29s 94MB C:/Users/erick/AppData/Local/UnrealEngine/4.27/DerivedDataCache/Boot.ddc.
[2022.05.23-18.13.51:723][  0]LogDerivedDataCache: Display: Loaded Boot cache: C:/Users/erick/AppData/Local/UnrealEngine/4.27/DerivedDataCache/Boot.ddc
[2022.05.23-18.13.51:724][  0]LogDerivedDataCache: FDerivedDataBackendGraph:  Pak pak cache file S:/projetos/rallyUE/brally/DerivedDataCache/DDC.ddp not found, will not use a pak cache.
[2022.05.23-18.13.51:724][  0]LogDerivedDataCache: Unable to find inner node Pak for hierarchical cache Hierarchy.
[2022.05.23-18.13.51:724][  0]LogDerivedDataCache: FDerivedDataBackendGraph:  CompressedPak pak cache file S:/projetos/rallyUE/brally/DerivedDataCache/Compressed.ddp not found, will not use a pak cache.
[2022.05.23-18.13.51:724][  0]LogDerivedDataCache: Unable to find inner node CompressedPak for hierarchical cache Hierarchy.
[2022.05.23-18.13.51:883][  0]LogDerivedDataCache: Display: Pak cache opened for reading ../../../Engine/DerivedDataCache/Compressed.ddp.
[2022.05.23-18.13.51:883][  0]LogDerivedDataCache: FDerivedDataBackendGraph:  EnterprisePak pak cache file ../../../Enterprise/DerivedDataCache/Compressed.ddp not found, will not use a pak cache.
[2022.05.23-18.13.51:883][  0]LogDerivedDataCache: Unable to find inner node EnterprisePak for hierarchical cache Hierarchy.
[2022.05.23-18.13.51:968][  0]LogDerivedDataCache: Speed tests for C:/Users/erick/AppData/Local/UnrealEngine/Common/DerivedDataCache took 0.08 seconds
[2022.05.23-18.13.51:968][  0]LogDerivedDataCache: Display: Performance to C:/Users/erick/AppData/Local/UnrealEngine/Common/DerivedDataCache: Latency=1.48ms. RandomReadSpeed=15.35MBs, RandomWriteSpeed=150.43MBs. Assigned SpeedClass 'Fast'
[2022.05.23-18.13.51:968][  0]LogDerivedDataCache: Using Local data cache path C:/Users/erick/AppData/Local/UnrealEngine/Common/DerivedDataCache: Writable
[2022.05.23-18.13.51:969][  0]LogDerivedDataCache: Shared data cache path not found in *engine.ini, will not use an Shared cache.
[2022.05.23-18.13.51:969][  0]LogDerivedDataCache: Unable to find inner node Shared for hierarchical cache Hierarchy.
[2022.05.23-18.13.52:226][  0]LogSlate: Using FreeType 2.10.0
[2022.05.23-18.13.52:363][  0]LogSlate: SlateFontServices - WITH_FREETYPE: 1, WITH_HARFBUZZ: 1
[2022.05.23-18.13.53:329][  0]LogAssetRegistry: FAssetRegistry took 0.0089 seconds to start up
[2022.05.23-18.14.00:279][  0]LogAssetRegistry: Error: Package S:/projetos/rallyUE/brally/Content/NewMap.umap has malformed tag
[2022.05.23-18.14.00:288][  0]LogInit: Selected Device Profile: [Windows]
[2022.05.23-18.14.00:288][  0]LogInit: Active device profile: [000002147A1CFC00][0000021479190840 49] Windows
[2022.05.23-18.14.00:288][  0]LogInit: Profiles: [000002147A1CFC00][0000021479190840 49] Windows, [000002147A188600][0000021479194980 49] WindowsNoEditor, [000002147A1CC500][0000021479198AC0 49] WindowsServer, [000002147A18BB00][00000214791A0C40 49] WindowsClient, [000002147A1CFA00][00000214791A4DC0 49] IOS, [000002147A188900][00000214791A8F40 49] iPadAir, [000002147A1CC800][00000214791AD0C0 49] iPadAir2, [000002147A13CC00][00000214791B5380 49] IPadPro, [000002147A13CD00][00000214791B13C0 49] iPadAir3, [000002147A1CF700][0000021471C35540 49] iPadAir4, [000002147A13C900][0000021471C396C0 49] iPadMini2, [000002147A1CC900][0000021471C3D840 49] iPadMini3, [000002147A13D600][0000021471C419C0 49] iPadMini4, [000002147A1CF400][0000021471C45B40 49] iPadMini5, [000002147A18AF00][0000021471C4C280 49] iPhone6, [000002147A18AE00][0000021471C482C0 49] iPodTouch6, [000002147A13F900][0000021471C54580 49] iPhone7, [000002147A13F500][0000021471C505C0 49] iPodTouch7, [000002147A18B900][0000021471C58740 49] iPhone5S, [000002147A13C400][000002145B73E8C0 49] iPhone6Plus, [000002147A189000][000002147919CA00 49] iPhone6S, [000002147A13EF00][000002145B742B40 49] iPhone6SPlus, [000002147A189C00][000002145B746C80 49] iPhone7Plus, [000002147A13D100][000002145B74ADC0 49] iPhoneSE, [000002147A18A300][000002145B752F40 49] iPhone8, [000002147A13EA00][000002145B7570C0 49] iPhone8Plus, [000002147A188B00][000002145B75B240 49] iPhoneX, [000002147A13E500][000002145B75F3C0 49] iPhoneXS, [000002147A18A000][000002145B763540 49] iPhoneXSMax, [000002147A13FD00][000002145B7676C0 49] iPhoneXR, [000002147A189500][000002145B76B840 49] iPhone11, [000002147A13DE00][0000021476D739C0 49] iPhone11Pro, [000002147A188200][0000021476D77B40 49] iPhone11ProMax, [000002147A13F400][0000021476D7A140 49] iPhoneSE2, [000002147A18B800][0000021476D7E2C0 49] iPhone12Mini, [000002147A13CE00][0000021476D82440 49] iPhone12, [000002147A188E00][0000021476D865C0 49] iPhone12Pro, [000002147A13EC00][0000021476D8A740 49] iPhone12ProMax, [000002147A189100][0000021476D8E8C0 49] iPadPro105, [000002147A13FC00][0000021476D92A40 49] iPadPro129, [000002147A188A00][000002145B74EB80 49] iPadPro97, [000002147A13D700][0000021476D96CC0 49] iPadPro2_129, [000002147A18B500][0000021476D9AE00 49] iPad5, [000002147A13DD00][0000021476D9EF40 49] iPad6, [000002147A189B00][0000021476DA70C0 49] iPad7, [000002147A13E800][0000021476DAB240 49] iPad8, [000002147A18B200][000002147925B3C0 49] iPadPro11, [000002147A13EB00][000002147925F540 49] iPadPro2_11, [000002147A188300][00000214792636C0 49] iPadPro3_129, [000002147A13C500][0000021479267840 49] iPadPro4_129, [000002147A18B300][000002147926B9C0 49] AppleTV, [000002147A13D400][000002147926FB40 49] AppleTV4K, [000002147A189900][0000021479272140 49] TVOS, [000002147A13FA00][00000214792762C0 49] Mac, [000002147A18BC00][000002147927A440 49] MacClient, [000002147A13F600][000002147927E5C0 49] MacNoEditor, [000002147A18BA00][0000021479282740 49] MacServer, [000002147A13F000][00000214792868C0 49] Linux, [000002147A18AC00][000002147928AA40 49] LinuxAArch64, [000002147A13D000][000002147928EBC0 49] LinuxNoEditor, [000002147A18B100][0000021479292D40 49] LinuxAArch64NoEditor, [000002147A13FF00][0000021476DA2E80 49] LinuxClient, [000002147A18B400][0000021479296FC0 49] LinuxAArch64Client, [000002147A13E300][000002147929B100 49] LinuxServer, [000002147A188C00][0000021476B09280 49] LinuxAArch64Server, [000002147A13C200][0000021476B0D400 49] Android, [000002147A18A200][0000021476B11580 49] Android_Low, [000002147A1CD100][0000021476B15700 49] Android_Mid, [000002147A21A500][0000021476B19880 49] Android_High, [000002147A1CE600][0000021476B1DA00 49] Android_Default, [000002147A219300][0000021476B21B80 49] Android_Adreno4xx, [000002147A1CC700][0000021476B24180 49] Android_Adreno5xx_Low, [000002147A219100][0000021476B28300 49] Android_Adreno5xx, [000002147A1CE700][0000021476B2C480 49] Android_Adreno6xx, [000002147A21A600][0000021476B30600 49] Android_Adreno6xx_Vulkan, [000002147A1CCA00][0000021476B34780 49] Android_Mali_T6xx, [000002147A218D00][0000021476B38900 49] Android_Mali_T7xx, [000002147A1CD000][0000021476B3CA80 49] Android_Mali_T8xx, [000002147A21A300][0000021476B40C00 49] Android_Mali_G71, [000002147A1CFF00][0000021476B44D80 49] Android_Mali_G72, [000002147A218B00][0000021476B48F00 49] Android_Mali_G72_Vulkan, [000002147A1CCB00][0000021476B05040 49] Android_Mali_G76, [000002147A218700][0000021476B4D180 49] Android_Mali_G76_Vulkan, [000002147A1CE500][0000021476B512C0 49] Android_Mali_G77, [000002147A219C00][0000021478DC5440 49] Android_Mali_G77_Vulkan, [000002147A1CEF00][0000021478DC95C0 49] Android_Mali_G78, [000002147A219700][0000021478DCD740 49] Android_Mali_G78_Vulkan, [000002147A18A800][0000021478DD18C0 49] Android_Mali_G710, [000002147A13C800][0000021478DD5A40 49] Android_Mali_G710_Vulkan, [000002147A188100][0000021478DD9BC0 49] Android_Vulkan_SM5, [000002147A218F00][0000021478DDC1C0 49] Android_PowerVR_G6xxx, [000002147A18A600][0000021478DE0340 49] Android_PowerVR_GT7xxx, [000002147A218100][0000021478DE44C0 49] Android_PowerVR_GE8xxx, [000002147A189F00][0000021478DE8640 49] Android_PowerVR_GM9xxx, [000002147A21A400][0000021478DEC7C0 49] Android_PowerVR_GM9xxx_Vulkan, [000002147A18A400][0000021478DF0940 49] Android_TegraK1, [000002147A219800][0000021478DF4AC0 49] Android_Unknown_Vulkan, [000002147A18BE00][0000021476C00C40 49] Lumin, [000002147A218C00][0000021476C04DC0 49] Lumin_Desktop, [000002147A188400][0000021476C08F40 49] HoloLens, 
[2022.05.23-18.14.01:848][  0]LogMeshReduction: Using QuadricMeshReduction for automatic static mesh reduction
[2022.05.23-18.14.01:848][  0]LogMeshReduction: Using SimplygonMeshReduction for automatic skeletal mesh reduction
[2022.05.23-18.14.01:848][  0]LogMeshReduction: Using ProxyLODMeshReduction for automatic mesh merging
[2022.05.23-18.14.01:848][  0]LogMeshReduction: No distributed automatic mesh merging module available
[2022.05.23-18.14.01:849][  0]LogMeshMerging: No distributed automatic mesh merging module available
[2022.05.23-18.14.02:537][  0]LogNetVersion: brally 1.0.0, NetCL: 17155196, EngineNetVer: 17, GameNetVer: 0 (Checksum: 3473964133)
[2022.05.23-18.14.13:729][  0]LogTexture: Default maximum texture size for cubemaps generated from long-lat sources has been changed from 512 to unlimited. In order to preserve old behaiour for '/Engine/MapTemplates/Sky/DaylightAmbientCubemap.DaylightAmbientCubemap', its maximum texture size has been explicitly set to 512.
[2022.05.23-18.14.14:710][  0]LogHMD: PokeAHoleMaterial loaded successfully
[2022.05.23-18.14.14:907][  0]LogUObjectArray: 17178 objects as part of root set at end of initial load.
[2022.05.23-18.14.14:907][  0]LogUObjectAllocator: 4302048 out of 0 bytes used by permanent object pool.
[2022.05.23-18.14.14:907][  0]LogUObjectArray: CloseDisregardForGC: 0/0 objects in disregard for GC pool
[2022.05.23-18.14.20:377][  0]LogNiagaraDebuggerClient: Niagara Debugger Client Initialized | Session: 28B2DF654C60E31B170EF2BCE13D5E8D | Instance: 2CEE9193451B8DA6D6BAA6B6B26C29A6 (DESKTOP-F4V4HAJ-12688).
[2022.05.23-18.14.22:694][  0]LogPython: Using Python 3.7.7
[2022.05.23-18.14.24:471][  0]LogUdpMessaging: Initializing bridge on interface 0.0.0.0:0 to multicast group 230.0.0.1:6666.
[2022.05.23-18.14.24:545][  0]LogTcpMessaging: Initializing TcpMessaging bridge
[2022.05.23-18.14.28:060][  0]SourceControl: Controle de origem desativado
[2022.05.23-18.14.28:061][  0]SourceControl: Controle de origem desativado
[2022.05.23-18.14.28:100][  0]SourceControl: Controle de origem desativado
[2022.05.23-18.14.28:281][  0]SourceControl: Controle de origem desativado
[2022.05.23-18.14.28:434][  0]SourceControl: Controle de origem desativado
[2022.05.23-18.14.28:499][  0]LogUProjectInfo: Found projects:
[2022.05.23-18.14.30:533][  0]LogOpenImageDenoise: OIDN starting up
[2022.05.23-18.14.31:014][  0]LogAndroidPermission: UAndroidPermissionCallbackProxy::GetInstance
[2022.05.23-18.14.31:193][  0]LogAudioCaptureCore: Display: No Audio Capture implementations found. Audio input will be silent.
[2022.05.23-18.14.31:193][  0]LogAudioCaptureCore: Display: No Audio Capture implementations found. Audio input will be silent.
[2022.05.23-18.14.32:527][  0]LogCollectionManager: Loaded 0 collections in 0.001330 seconds
[2022.05.23-18.14.32:634][  0]LogFileCache: Scanning file cache for directory 'S:/projetos/rallyUE/brally/Saved/Collections/' took 0.02s
[2022.05.23-18.14.32:634][  0]LogFileCache: Scanning file cache for directory 'S:/projetos/rallyUE/brally/Content/Developers/erick/Collections/' took 0.00s
[2022.05.23-18.14.32:634][  0]LogFileCache: Scanning file cache for directory 'S:/projetos/rallyUE/brally/Content/Collections/' took 0.00s
[2022.05.23-18.14.32:861][  0]LogOcInput: OculusInput pre-init called
[2022.05.23-18.14.35:893][  0]LogEngine: Initializing Engine...
[2022.05.23-18.14.36:110][  0]LogHMD: Failed to enumerate extensions. Please check that you have a valid OpenXR runtime installed.
[2022.05.23-18.14.36:123][  0]LogHMD: Failed to initialize OpenVR with code 110
[2022.05.23-18.14.36:138][  0]LogMagicLeap: Warning: VR disabled because ZI is not enabled.  To enable, in the editor, Edit -> Project Settings -> Plugins -> Magic Leap Plugin -> Enable Zero Iteration
[2022.05.23-18.14.36:212][  0]LogStats: UGameplayTagsManager::InitializeManager -  0.002 s
[2022.05.23-18.14.36:914][  0]LogInit: Initializing FReadOnlyCVARCache
[2022.05.23-18.14.37:587][  0]LogAIModule: Creating AISystem for world Untitled
[2022.05.23-18.14.37:710][  0]LogAudio: Display: Initializing Audio Device Manager...
[2022.05.23-18.14.37:755][  0]LogAudio: Display: Loading Default Audio Settings Objects...
[2022.05.23-18.14.37:780][  0]LogAudio: Display: No default SoundConcurrencyObject specified (or failed to load).
[2022.05.23-18.14.37:865][  0]LogAudio: Display: Audio Device Manager Initialized
[2022.05.23-18.14.37:865][  0]LogAudio: Display: Creating Audio Device:                 Id: 1, Scope: Shared, Realtime: True
[2022.05.23-18.14.37:898][  0]LogAudioMixer: Display: Audio Mixer Platform Settings:
[2022.05.23-18.14.37:898][  0]LogAudioMixer: Display: 	Sample Rate:						  48000
[2022.05.23-18.14.37:898][  0]LogAudioMixer: Display: 	Callback Buffer Frame Size Requested: 1024
[2022.05.23-18.14.37:898][  0]LogAudioMixer: Display: 	Callback Buffer Frame Size To Use:	  1024
[2022.05.23-18.14.37:898][  0]LogAudioMixer: Display: 	Number of buffers to queue:			  2
[2022.05.23-18.14.37:898][  0]LogAudioMixer: Display: 	Max Channels (voices):				  32
[2022.05.23-18.14.37:898][  0]LogAudioMixer: Display: 	Number of Async Source Workers:		  0
[2022.05.23-18.14.37:905][  0]LogAudio: Display: AudioDevice MaxSources: 32
[2022.05.23-18.14.37:926][  0]LogAudio: Display: Audio Spatialization Plugin: None (built-in).
[2022.05.23-18.14.37:926][  0]LogAudio: Display: Audio Reverb Plugin: None (built-in).
[2022.05.23-18.14.37:926][  0]LogAudio: Display: Audio Occlusion Plugin: None (built-in).
[2022.05.23-18.14.37:927][  0]LogAudioMixer: Display: Initializing audio mixer.
[2022.05.23-18.14.38:104][  0]LogAudioMixer: Display: 0: FrontLeft
[2022.05.23-18.14.38:104][  0]LogAudioMixer: Display: 1: FrontRight
[2022.05.23-18.14.38:136][  0]LogAudioMixer: Display: Using Audio Device SMART TV (NVIDIA High Definition Audio)
[2022.05.23-18.14.38:322][  0]LogAudioMixer: Display: Initializing Sound Submixes...
[2022.05.23-18.14.38:359][  0]LogAudioMixer: Display: Creating Master Submix 'MasterSubmixDefault'
[2022.05.23-18.14.38:359][  0]LogAudioMixer: Display: Creating Master Submix 'MasterReverbSubmixDefault'
[2022.05.23-18.14.38:375][  0]LogAudioMixer: Display: Creating Master Submix 'MasterEQSubmixDefault'
[2022.05.23-18.14.38:375][  0]LogAudioMixer: FMixerPlatformXAudio2::StartAudioStream() called
[2022.05.23-18.14.38:376][  0]LogAudioMixer: Display: Output buffers initialized: Frames=1024, Channels=2, Samples=2048
[2022.05.23-18.14.38:377][  0]LogAudioMixer: Display: Starting AudioMixerPlatformInterface::RunInternal()
[2022.05.23-18.14.38:377][  0]LogAudioMixer: Display: FMixerPlatformXAudio2::SubmitBuffer() called for the first time
[2022.05.23-18.14.38:377][  0]LogInit: FAudioDevice initialized.
[2022.05.23-18.14.38:385][  0]LogAudio: Display: Audio Device (ID: 1) registered with world 'Untitled'.
[2022.05.23-18.14.38:404][  0]LogNetVersion: Set ProjectVersion to 1.0.0.0. Version Checksum will be recalculated on next use.
[2022.05.23-18.14.38:502][  0]LogDerivedDataCache: Saved boot cache 0.10s 94MB C:/Users/erick/AppData/Local/UnrealEngine/4.27/DerivedDataCache/Boot.ddc.
[2022.05.23-18.14.38:503][  0]LogInit: Texture streaming: Enabled
[2022.05.23-18.14.38:759][  0]LogAnalytics: Display: [UEEditor.Rocket.Release] APIServer = https://datarouter.ol.epicgames.com/. AppVersion = 4.27.2-18319896+++UE4+Release-4.27
[2022.05.23-18.14.38:858][  0]LogEngineSessionManager: EngineSessionManager initialized
[2022.05.23-18.14.38:858][  0]LogEngineSessionManager: EngineSessionManager sent abnormal shutdown report. Type=AbnormalShutdown, SessionId={3832BC90-42F0-1295-9FE5-C2B36365E345}
[2022.05.23-18.14.38:867][  0]LogEditorSessionSummary: Verbose: Initializing EditorSessionSummaryWriter for editor session tracking
[2022.05.23-18.14.38:896][  0]LogEditorSessionSummary: EditorSessionSummaryWriter initialized
[2022.05.23-18.14.39:249][  0]LogInit: Transaction tracking system initialized
[2022.05.23-18.14.39:691][  0]BlueprintLog: New page: Carregar Editor
[2022.05.23-18.14.41:199][  0]LocalizationService: Localization service is disabled
[2022.05.23-18.14.41:806][  0]TimingProfiler: Initialize
[2022.05.23-18.14.41:808][  0]TimingProfiler: OnSessionChanged
[2022.05.23-18.14.41:809][  0]LoadingProfiler: Initialize
[2022.05.23-18.14.41:809][  0]LoadingProfiler: OnSessionChanged
[2022.05.23-18.14.41:810][  0]NetworkingProfiler: Initialize
[2022.05.23-18.14.41:811][  0]NetworkingProfiler: OnSessionChanged
[2022.05.23-18.14.41:811][  0]MemoryProfiler: Initialize
[2022.05.23-18.14.41:811][  0]MemoryProfiler: OnSessionChanged
[2022.05.23-18.14.45:558][  0]LogFileCache: Scanning file cache for directory 'S:/projetos/rallyUE/brally/Content/' took 0.06s
[2022.05.23-18.14.45:558][  0]LogCook: Display: CookSettings for Memory: MemoryMaxUsedVirtual 0MiB, MemoryMaxUsedPhysical 16384MiB, MemoryMinFreeVirtual 0MiB, MemoryMinFreePhysical 1024MiB
[2022.05.23-18.14.45:558][  0]LogCook: Display: Mobile HDR setting 1
[2022.05.23-18.14.49:046][  0]LogInit: Display: Engine is initialized. Leaving FEngineLoop::Init()
[2022.05.23-18.14.49:209][  0]SourceControl: Controle de origem desativado
[2022.05.23-18.14.50:694][  0]LogSlate: Took 0.213691 seconds to synchronously load lazily loaded font '../../../Engine/Content/Slate/Fonts/Roboto-Regular.ttf' (155K)
[2022.05.23-18.15.09:947][  0]LogSlate: Window 'Restaurar Pacotes' being destroyed
[2022.05.23-18.15.12:940][  0]LogSlate: Window 'Não foi possível Registrar a Saída do Controle de Origem!' being destroyed
[2022.05.23-18.15.12:945][  0]Message dialog closed, result: Ok, title: Não foi possível Registrar a Saída do Controle de Origem!, text: Não foi possível registrar com sucesso a saída dos seguintes ativos do controle de origem:
/Game/NewWorld
[2022.05.23-18.15.13:077][  0]LogUnrealEdMisc: Loading editor; pre map load, took 141.031
[2022.05.23-18.15.13:101][  0]Cmd: MAP LOAD FILE="S:/projetos/rallyUE/brally/Content/NewWorld.umap" TEMPLATE=0 SHOWPROGRESS=1 FEATURELEVEL=3
[2022.05.23-18.15.13:110][  0]LightingResults: New page: Compilação de Iluminação
[2022.05.23-18.15.13:354][  0]LogWorld: UWorld::CleanupWorld for Untitled, bSessionEnded=true, bCleanupResources=true
[2022.05.23-18.15.13:510][  0]LogSlate: InvalidateAllWidgets triggered.  All widgets were invalidated
[2022.05.23-18.15.13:616][  0]MapCheck: New page: Verificação de Mapa
[2022.05.23-18.15.13:616][  0]LightingResults: New page: Compilação de Iluminação
[2022.05.23-18.15.14:149][  0]LogAudio: Display: Audio Device unregistered from world 'None'.
[2022.05.23-18.15.14:627][  0]LogUObjectHash: Compacting FUObjectHashTables data took   1.45ms
[2022.05.23-18.15.17:068][  0]LogAudio: Display: Audio Device (ID: 1) registered with world 'NewWorld'.
[2022.05.23-18.15.17:084][  0]LogAIModule: Creating AISystem for world NewWorld
[2022.05.23-18.15.18:227][  0]LogEditorServer: Finished looking for orphan Actors (0.000 secs)
[2022.05.23-18.15.19:033][  0]LogUObjectHash: Compacting FUObjectHashTables data took   1.00ms
[2022.05.23-18.15.19:099][  0]Cmd: MAP CHECKDEP NOCLEARLOG
[2022.05.23-18.15.19:115][  0]MapCheck: Map check complete: 0 Error(s), 0 Warning(s), took 16,18ms to complete.
[2022.05.23-18.15.19:123][  0]LogFileHelpers: Loading map 'NewWorld' took 6.026
[2022.05.23-18.15.20:940][  0]LogUnrealEdMisc: Total Editor Startup Time, took 148.894
[2022.05.23-18.15.27:683][  0]LogSlate: Updating window title bar state: overlay mode, drag disabled, window buttons hidden, title bar hidden
[2022.05.23-18.15.27:698][  0]LogSlate: Updating window title bar state: overlay mode, drag disabled, window buttons hidden, title bar hidden
[2022.05.23-18.15.27:711][  0]LogSlate: Updating window title bar state: overlay mode, drag disabled, window buttons hidden, title bar hidden
[2022.05.23-18.15.27:725][  0]LogSlate: Updating window title bar state: overlay mode, drag disabled, window buttons hidden, title bar hidden
[2022.05.23-18.15.28:822][  0]LogNativeClassHierarchy: Verbose: Native class hierarchy populated in 0.0158 seconds. Added 3822 classes and 928 folders.
[2022.05.23-18.15.28:994][  0]LogNativeClassHierarchy: Verbose: Native class hierarchy updated for 'WidgetCarousel' in 0.0005 seconds. Added 0 classes and 0 folders.
[2022.05.23-18.15.29:313][  0]LogPakFile: PakFile PrimaryIndexSize=187
[2022.05.23-18.15.29:313][  0]LogPakFile: PakFile PathHashIndexSize=101
[2022.05.23-18.15.29:313][  0]LogPakFile: PakFile FullDirectoryIndexSize=148
[2022.05.23-18.15.29:520][  0]LogShaderLibrary: Display: ShaderCodeLibraryPakFileMountedCallback: PakFile 'D:/EPIC/UE_4.27/FeaturePacks/FP_FirstPerson.upack' (chunk index -1, root 'root:/') mounted
[2022.05.23-18.15.29:520][  0]LogShaderLibrary: Display: ShaderCodeLibraryPakFileMountedCallback: pending pak file info (ChunkID:-1 Root:root:/ File:D:/EPIC/UE_4.27/FeaturePacks/FP_FirstPerson.upack)
[2022.05.23-18.15.29:521][  0]LogPakFile: OnPakFileMounted2Time == 0.208334
[2022.05.23-18.15.29:584][  0]LogPakFile: PakFile PrimaryIndexSize=189
[2022.05.23-18.15.29:584][  0]LogPakFile: PakFile PathHashIndexSize=101
[2022.05.23-18.15.29:584][  0]LogPakFile: PakFile FullDirectoryIndexSize=152
[2022.05.23-18.15.29:584][  0]LogShaderLibrary: Display: ShaderCodeLibraryPakFileMountedCallback: PakFile 'D:/EPIC/UE_4.27/FeaturePacks/FP_FirstPersonBP.upack' (chunk index -1, root 'root:/') mounted
[2022.05.23-18.15.29:594][  0]LogShaderLibrary: Display: ShaderCodeLibraryPakFileMountedCallback: pending pak file info (ChunkID:-1 Root:root:/ File:D:/EPIC/UE_4.27/FeaturePacks/FP_FirstPersonBP.upack)
[2022.05.23-18.15.29:594][  0]LogPakFile: OnPakFileMounted2Time == 0.009036
[2022.05.23-18.15.29:630][  0]LogPakFile: PakFile PrimaryIndexSize=191
[2022.05.23-18.15.29:630][  0]LogPakFile: PakFile PathHashIndexSize=101
[2022.05.23-18.15.29:630][  0]LogPakFile: PakFile FullDirectoryIndexSize=160
[2022.05.23-18.15.29:630][  0]LogShaderLibrary: Display: ShaderCodeLibraryPakFileMountedCallback: PakFile 'D:/EPIC/UE_4.27/FeaturePacks/MobileStarterContent.upack' (chunk index -1, root 'root:/') mounted
[2022.05.23-18.15.29:630][  0]LogShaderLibrary: Display: ShaderCodeLibraryPakFileMountedCallback: pending pak file info (ChunkID:-1 Root:root:/ File:D:/EPIC/UE_4.27/FeaturePacks/MobileStarterContent.upack)
[2022.05.23-18.15.29:630][  0]LogPakFile: OnPakFileMounted2Time == 0.000070
[2022.05.23-18.15.29:662][  0]LogPakFile: PakFile PrimaryIndexSize=185
[2022.05.23-18.15.29:662][  0]LogPakFile: PakFile PathHashIndexSize=101
[2022.05.23-18.15.29:662][  0]LogPakFile: PakFile FullDirectoryIndexSize=148
[2022.05.23-18.15.29:662][  0]LogShaderLibrary: Display: ShaderCodeLibraryPakFileMountedCallback: PakFile 'D:/EPIC/UE_4.27/FeaturePacks/StarterContent.upack' (chunk index -1, root 'root:/') mounted
[2022.05.23-18.15.29:662][  0]LogShaderLibrary: Display: ShaderCodeLibraryPakFileMountedCallback: pending pak file info (ChunkID:-1 Root:root:/ File:D:/EPIC/UE_4.27/FeaturePacks/StarterContent.upack)
[2022.05.23-18.15.29:662][  0]LogPakFile: OnPakFileMounted2Time == 0.000072
[2022.05.23-18.15.29:681][  0]LogPakFile: PakFile PrimaryIndexSize=190
[2022.05.23-18.15.29:681][  0]LogPakFile: PakFile PathHashIndexSize=101
[2022.05.23-18.15.29:681][  0]LogPakFile: PakFile FullDirectoryIndexSize=154
[2022.05.23-18.15.29:681][  0]LogShaderLibrary: Display: ShaderCodeLibraryPakFileMountedCallback: PakFile 'D:/EPIC/UE_4.27/FeaturePacks/TP_2DSideScroller.upack' (chunk index -1, root 'root:/') mounted
[2022.05.23-18.15.29:681][  0]LogShaderLibrary: Display: ShaderCodeLibraryPakFileMountedCallback: pending pak file info (ChunkID:-1 Root:root:/ File:D:/EPIC/UE_4.27/FeaturePacks/TP_2DSideScroller.upack)
[2022.05.23-18.15.29:681][  0]LogPakFile: OnPakFileMounted2Time == 0.000090
[2022.05.23-18.15.29:697][  0]LogPakFile: PakFile PrimaryIndexSize=192
[2022.05.23-18.15.29:697][  0]LogPakFile: PakFile PathHashIndexSize=101
[2022.05.23-18.15.29:697][  0]LogPakFile: PakFile FullDirectoryIndexSize=158
[2022.05.23-18.15.29:697][  0]LogShaderLibrary: Display: ShaderCodeLibraryPakFileMountedCallback: PakFile 'D:/EPIC/UE_4.27/FeaturePacks/TP_2DSideScrollerBP.upack' (chunk index -1, root 'root:/') mounted
[2022.05.23-18.15.29:697][  0]LogShaderLibrary: Display: ShaderCodeLibraryPakFileMountedCallback: pending pak file info (ChunkID:-1 Root:root:/ File:D:/EPIC/UE_4.27/FeaturePacks/TP_2DSideScrollerBP.upack)
[2022.05.23-18.15.29:697][  0]LogPakFile: OnPakFileMounted2Time == 0.000067
[2022.05.23-18.15.29:709][  0]LogPakFile: PakFile PrimaryIndexSize=182
[2022.05.23-18.15.29:709][  0]LogPakFile: PakFile PathHashIndexSize=101
[2022.05.23-18.15.29:709][  0]LogPakFile: PakFile FullDirectoryIndexSize=138
[2022.05.23-18.15.29:709][  0]LogShaderLibrary: Display: ShaderCodeLibraryPakFileMountedCallback: PakFile 'D:/EPIC/UE_4.27/FeaturePacks/TP_Flying.upack' (chunk index -1, root 'root:/') mounted
[2022.05.23-18.15.29:709][  0]LogShaderLibrary: Display: ShaderCodeLibraryPakFileMountedCallback: pending pak file info (ChunkID:-1 Root:root:/ File:D:/EPIC/UE_4.27/FeaturePacks/TP_Flying.upack)
[2022.05.23-18.15.29:709][  0]LogPakFile: OnPakFileMounted2Time == 0.000075
[2022.05.23-18.15.29:733][  0]LogPakFile: PakFile PrimaryIndexSize=184
[2022.05.23-18.15.29:733][  0]LogPakFile: PakFile PathHashIndexSize=101
[2022.05.23-18.15.29:733][  0]LogPakFile: PakFile FullDirectoryIndexSize=142
[2022.05.23-18.15.29:733][  0]LogShaderLibrary: Display: ShaderCodeLibraryPakFileMountedCallback: PakFile 'D:/EPIC/UE_4.27/FeaturePacks/TP_FlyingBP.upack' (chunk index -1, root 'root:/') mounted
[2022.05.23-18.15.29:733][  0]LogShaderLibrary: Display: ShaderCodeLibraryPakFileMountedCallback: pending pak file info (ChunkID:-1 Root:root:/ File:D:/EPIC/UE_4.27/FeaturePacks/TP_FlyingBP.upack)
[2022.05.23-18.15.29:733][  0]LogPakFile: OnPakFileMounted2Time == 0.000067
[2022.05.23-18.15.29:846][  0]LogPakFile: PakFile PrimaryIndexSize=188
[2022.05.23-18.15.29:846][  0]LogPakFile: PakFile PathHashIndexSize=101
[2022.05.23-18.15.29:846][  0]LogPakFile: PakFile FullDirectoryIndexSize=150
[2022.05.23-18.15.29:846][  0]LogShaderLibrary: Display: ShaderCodeLibraryPakFileMountedCallback: PakFile 'D:/EPIC/UE_4.27/FeaturePacks/TP_HandheldARBP.upack' (chunk index -1, root 'root:/') mounted
[2022.05.23-18.15.29:846][  0]LogShaderLibrary: Display: ShaderCodeLibraryPakFileMountedCallback: pending pak file info (ChunkID:-1 Root:root:/ File:D:/EPIC/UE_4.27/FeaturePacks/TP_HandheldARBP.upack)
[2022.05.23-18.15.29:846][  0]LogPakFile: OnPakFileMounted2Time == 0.000085
[2022.05.23-18.15.29:918][  0]LogPakFile: PakFile PrimaryIndexSize=182
[2022.05.23-18.15.29:918][  0]LogPakFile: PakFile PathHashIndexSize=101
[2022.05.23-18.15.29:919][  0]LogPakFile: PakFile FullDirectoryIndexSize=138
[2022.05.23-18.15.29:919][  0]LogShaderLibrary: Display: ShaderCodeLibraryPakFileMountedCallback: PakFile 'D:/EPIC/UE_4.27/FeaturePacks/TP_Puzzle.upack' (chunk index -1, root 'root:/') mounted
[2022.05.23-18.15.29:919][  0]LogShaderLibrary: Display: ShaderCodeLibraryPakFileMountedCallback: pending pak file info (ChunkID:-1 Root:root:/ File:D:/EPIC/UE_4.27/FeaturePacks/TP_Puzzle.upack)
[2022.05.23-18.15.29:919][  0]LogPakFile: OnPakFileMounted2Time == 0.000083
[2022.05.23-18.15.30:043][  0]LogPakFile: PakFile PrimaryIndexSize=184
[2022.05.23-18.15.30:043][  0]LogPakFile: PakFile PathHashIndexSize=101
[2022.05.23-18.15.30:043][  0]LogPakFile: PakFile FullDirectoryIndexSize=142
[2022.05.23-18.15.30:044][  0]LogShaderLibrary: Display: ShaderCodeLibraryPakFileMountedCallback: PakFile 'D:/EPIC/UE_4.27/FeaturePacks/TP_PuzzleBP.upack' (chunk index -1, root 'root:/') mounted
[2022.05.23-18.15.30:044][  0]LogShaderLibrary: Display: ShaderCodeLibraryPakFileMountedCallback: pending pak file info (ChunkID:-1 Root:root:/ File:D:/EPIC/UE_4.27/FeaturePacks/TP_PuzzleBP.upack)
[2022.05.23-18.15.30:044][  0]LogPakFile: OnPakFileMounted2Time == 0.000095
[2022.05.23-18.15.30:169][  0]LogPakFile: PakFile PrimaryIndexSize=183
[2022.05.23-18.15.30:169][  0]LogPakFile: PakFile PathHashIndexSize=101
[2022.05.23-18.15.30:169][  0]LogPakFile: PakFile FullDirectoryIndexSize=140
[2022.05.23-18.15.30:171][  0]LogShaderLibrary: Display: ShaderCodeLibraryPakFileMountedCallback: PakFile 'D:/EPIC/UE_4.27/FeaturePacks/TP_Rolling.upack' (chunk index -1, root 'root:/') mounted
[2022.05.23-18.15.30:171][  0]LogShaderLibrary: Display: ShaderCodeLibraryPakFileMountedCallback: pending pak file info (ChunkID:-1 Root:root:/ File:D:/EPIC/UE_4.27/FeaturePacks/TP_Rolling.upack)
[2022.05.23-18.15.30:171][  0]LogPakFile: OnPakFileMounted2Time == 0.000714
[2022.05.23-18.15.30:183][  0]LogPakFile: PakFile PrimaryIndexSize=185
[2022.05.23-18.15.30:183][  0]LogPakFile: PakFile PathHashIndexSize=101
[2022.05.23-18.15.30:183][  0]LogPakFile: PakFile FullDirectoryIndexSize=144
[2022.05.23-18.15.30:183][  0]LogShaderLibrary: Display: ShaderCodeLibraryPakFileMountedCallback: PakFile 'D:/EPIC/UE_4.27/FeaturePacks/TP_RollingBP.upack' (chunk index -1, root 'root:/') mounted
[2022.05.23-18.15.30:183][  0]LogShaderLibrary: Display: ShaderCodeLibraryPakFileMountedCallback: pending pak file info (ChunkID:-1 Root:root:/ File:D:/EPIC/UE_4.27/FeaturePacks/TP_RollingBP.upack)
[2022.05.23-18.15.30:183][  0]LogPakFile: OnPakFileMounted2Time == 0.000080
[2022.05.23-18.15.30:194][  0]LogPakFile: PakFile PrimaryIndexSize=188
[2022.05.23-18.15.30:194][  0]LogPakFile: PakFile PathHashIndexSize=101
[2022.05.23-18.15.30:194][  0]LogPakFile: PakFile FullDirectoryIndexSize=150
[2022.05.23-18.15.30:194][  0]LogShaderLibrary: Display: ShaderCodeLibraryPakFileMountedCallback: PakFile 'D:/EPIC/UE_4.27/FeaturePacks/TP_SideScroller.upack' (chunk index -1, root 'root:/') mounted
[2022.05.23-18.15.30:194][  0]LogShaderLibrary: Display: ShaderCodeLibraryPakFileMountedCallback: pending pak file info (ChunkID:-1 Root:root:/ File:D:/EPIC/UE_4.27/FeaturePacks/TP_SideScroller.upack)
[2022.05.23-18.15.30:194][  0]LogPakFile: OnPakFileMounted2Time == 0.000075
[2022.05.23-18.15.30:204][  0]LogPakFile: PakFile PrimaryIndexSize=190
[2022.05.23-18.15.30:204][  0]LogPakFile: PakFile PathHashIndexSize=101
[2022.05.23-18.15.30:204][  0]LogPakFile: PakFile FullDirectoryIndexSize=154
[2022.05.23-18.15.30:204][  0]LogShaderLibrary: Display: ShaderCodeLibraryPakFileMountedCallback: PakFile 'D:/EPIC/UE_4.27/FeaturePacks/TP_SideScrollerBP.upack' (chunk index -1, root 'root:/') mounted
[2022.05.23-18.15.30:204][  0]LogShaderLibrary: Display: ShaderCodeLibraryPakFileMountedCallback: pending pak file info (ChunkID:-1 Root:root:/ File:D:/EPIC/UE_4.27/FeaturePacks/TP_SideScrollerBP.upack)
[2022.05.23-18.15.30:204][  0]LogPakFile: OnPakFileMounted2Time == 0.000066
[2022.05.23-18.15.30:231][  0]LogPakFile: PakFile PrimaryIndexSize=187
[2022.05.23-18.15.30:231][  0]LogPakFile: PakFile PathHashIndexSize=101
[2022.05.23-18.15.30:231][  0]LogPakFile: PakFile FullDirectoryIndexSize=148
[2022.05.23-18.15.30:231][  0]LogShaderLibrary: Display: ShaderCodeLibraryPakFileMountedCallback: PakFile 'D:/EPIC/UE_4.27/FeaturePacks/TP_ThirdPerson.upack' (chunk index -1, root 'root:/') mounted
[2022.05.23-18.15.30:231][  0]LogShaderLibrary: Display: ShaderCodeLibraryPakFileMountedCallback: pending pak file info (ChunkID:-1 Root:root:/ File:D:/EPIC/UE_4.27/FeaturePacks/TP_ThirdPerson.upack)
[2022.05.23-18.15.30:231][  0]LogPakFile: OnPakFileMounted2Time == 0.000133
[2022.05.23-18.15.30:244][  0]LogPakFile: PakFile PrimaryIndexSize=189
[2022.05.23-18.15.30:244][  0]LogPakFile: PakFile PathHashIndexSize=101
[2022.05.23-18.15.30:244][  0]LogPakFile: PakFile FullDirectoryIndexSize=152
[2022.05.23-18.15.30:244][  0]LogShaderLibrary: Display: ShaderCodeLibraryPakFileMountedCallback: PakFile 'D:/EPIC/UE_4.27/FeaturePacks/TP_ThirdPersonBP.upack' (chunk index -1, root 'root:/') mounted
[2022.05.23-18.15.30:244][  0]LogShaderLibrary: Display: ShaderCodeLibraryPakFileMountedCallback: pending pak file info (ChunkID:-1 Root:root:/ File:D:/EPIC/UE_4.27/FeaturePacks/TP_ThirdPersonBP.upack)
[2022.05.23-18.15.30:244][  0]LogPakFile: OnPakFileMounted2Time == 0.000068
[2022.05.23-18.15.30:260][  0]LogPakFile: PakFile PrimaryIndexSize=183
[2022.05.23-18.15.30:260][  0]LogPakFile: PakFile PathHashIndexSize=101
[2022.05.23-18.15.30:260][  0]LogPakFile: PakFile FullDirectoryIndexSize=140
[2022.05.23-18.15.30:260][  0]LogShaderLibrary: Display: ShaderCodeLibraryPakFileMountedCallback: PakFile 'D:/EPIC/UE_4.27/FeaturePacks/TP_TopDown.upack' (chunk index -1, root 'root:/') mounted
[2022.05.23-18.15.30:260][  0]LogShaderLibrary: Display: ShaderCodeLibraryPakFileMountedCallback: pending pak file info (ChunkID:-1 Root:root:/ File:D:/EPIC/UE_4.27/FeaturePacks/TP_TopDown.upack)
[2022.05.23-18.15.30:260][  0]LogPakFile: OnPakFileMounted2Time == 0.000104
[2022.05.23-18.15.30:269][  0]LogPakFile: PakFile PrimaryIndexSize=185
[2022.05.23-18.15.30:269][  0]LogPakFile: PakFile PathHashIndexSize=101
[2022.05.23-18.15.30:269][  0]LogPakFile: PakFile FullDirectoryIndexSize=144
[2022.05.23-18.15.30:269][  0]LogShaderLibrary: Display: ShaderCodeLibraryPakFileMountedCallback: PakFile 'D:/EPIC/UE_4.27/FeaturePacks/TP_TopDownBP.upack' (chunk index -1, root 'root:/') mounted
[2022.05.23-18.15.30:269][  0]LogShaderLibrary: Display: ShaderCodeLibraryPakFileMountedCallback: pending pak file info (ChunkID:-1 Root:root:/ File:D:/EPIC/UE_4.27/FeaturePacks/TP_TopDownBP.upack)
[2022.05.23-18.15.30:269][  0]LogPakFile: OnPakFileMounted2Time == 0.000074
[2022.05.23-18.15.30:328][  0]LogPakFile: PakFile PrimaryIndexSize=185
[2022.05.23-18.15.30:329][  0]LogPakFile: PakFile PathHashIndexSize=101
[2022.05.23-18.15.30:329][  0]LogPakFile: PakFile FullDirectoryIndexSize=144
[2022.05.23-18.15.30:329][  0]LogShaderLibrary: Display: ShaderCodeLibraryPakFileMountedCallback: PakFile 'D:/EPIC/UE_4.27/FeaturePacks/TP_TwinStick.upack' (chunk index -1, root 'root:/') mounted
[2022.05.23-18.15.30:329][  0]LogShaderLibrary: Display: ShaderCodeLibraryPakFileMountedCallback: pending pak file info (ChunkID:-1 Root:root:/ File:D:/EPIC/UE_4.27/FeaturePacks/TP_TwinStick.upack)
[2022.05.23-18.15.30:329][  0]LogPakFile: OnPakFileMounted2Time == 0.000075
[2022.05.23-18.15.30:356][  0]LogPakFile: PakFile PrimaryIndexSize=187
[2022.05.23-18.15.30:356][  0]LogPakFile: PakFile PathHashIndexSize=101
[2022.05.23-18.15.30:356][  0]LogPakFile: PakFile FullDirectoryIndexSize=148
[2022.05.23-18.15.30:356][  0]LogShaderLibrary: Display: ShaderCodeLibraryPakFileMountedCallback: PakFile 'D:/EPIC/UE_4.27/FeaturePacks/TP_TwinStickBP.upack' (chunk index -1, root 'root:/') mounted
[2022.05.23-18.15.30:356][  0]LogShaderLibrary: Display: ShaderCodeLibraryPakFileMountedCallback: pending pak file info (ChunkID:-1 Root:root:/ File:D:/EPIC/UE_4.27/FeaturePacks/TP_TwinStickBP.upack)
[2022.05.23-18.15.30:356][  0]LogPakFile: OnPakFileMounted2Time == 0.000085
[2022.05.23-18.15.30:433][  0]LogPakFile: PakFile PrimaryIndexSize=183
[2022.05.23-18.15.30:434][  0]LogPakFile: PakFile PathHashIndexSize=101
[2022.05.23-18.15.30:434][  0]LogPakFile: PakFile FullDirectoryIndexSize=140
[2022.05.23-18.15.30:434][  0]LogShaderLibrary: Display: ShaderCodeLibraryPakFileMountedCallback: PakFile 'D:/EPIC/UE_4.27/FeaturePacks/TP_Vehicle.upack' (chunk index -1, root 'root:/') mounted
[2022.05.23-18.15.30:434][  0]LogShaderLibrary: Display: ShaderCodeLibraryPakFileMountedCallback: pending pak file info (ChunkID:-1 Root:root:/ File:D:/EPIC/UE_4.27/FeaturePacks/TP_Vehicle.upack)
[2022.05.23-18.15.30:434][  0]LogPakFile: OnPakFileMounted2Time == 0.000106
[2022.05.23-18.15.30:507][  0]LogPakFile: PakFile PrimaryIndexSize=186
[2022.05.23-18.15.30:507][  0]LogPakFile: PakFile PathHashIndexSize=101
[2022.05.23-18.15.30:507][  0]LogPakFile: PakFile FullDirectoryIndexSize=146
[2022.05.23-18.15.30:507][  0]LogShaderLibrary: Display: ShaderCodeLibraryPakFileMountedCallback: PakFile 'D:/EPIC/UE_4.27/FeaturePacks/TP_VehicleAdv.upack' (chunk index -1, root 'root:/') mounted
[2022.05.23-18.15.30:507][  0]LogShaderLibrary: Display: ShaderCodeLibraryPakFileMountedCallback: pending pak file info (ChunkID:-1 Root:root:/ File:D:/EPIC/UE_4.27/FeaturePacks/TP_VehicleAdv.upack)
[2022.05.23-18.15.30:507][  0]LogPakFile: OnPakFileMounted2Time == 0.000072
[2022.05.23-18.15.30:643][  0]LogPakFile: PakFile PrimaryIndexSize=188
[2022.05.23-18.15.30:643][  0]LogPakFile: PakFile PathHashIndexSize=101
[2022.05.23-18.15.30:643][  0]LogPakFile: PakFile FullDirectoryIndexSize=150
[2022.05.23-18.15.30:643][  0]LogShaderLibrary: Display: ShaderCodeLibraryPakFileMountedCallback: PakFile 'D:/EPIC/UE_4.27/FeaturePacks/TP_VehicleAdvBP.upack' (chunk index -1, root 'root:/') mounted
[2022.05.23-18.15.30:643][  0]LogShaderLibrary: Display: ShaderCodeLibraryPakFileMountedCallback: pending pak file info (ChunkID:-1 Root:root:/ File:D:/EPIC/UE_4.27/FeaturePacks/TP_VehicleAdvBP.upack)
[2022.05.23-18.15.30:643][  0]LogPakFile: OnPakFileMounted2Time == 0.000069
[2022.05.23-18.15.30:666][  0]LogPakFile: PakFile PrimaryIndexSize=185
[2022.05.23-18.15.30:666][  0]LogPakFile: PakFile PathHashIndexSize=101
[2022.05.23-18.15.30:666][  0]LogPakFile: PakFile FullDirectoryIndexSize=144
[2022.05.23-18.15.30:666][  0]LogShaderLibrary: Display: ShaderCodeLibraryPakFileMountedCallback: PakFile 'D:/EPIC/UE_4.27/FeaturePacks/TP_VehicleBP.upack' (chunk index -1, root 'root:/') mounted
[2022.05.23-18.15.30:666][  0]LogShaderLibrary: Display: ShaderCodeLibraryPakFileMountedCallback: pending pak file info (ChunkID:-1 Root:root:/ File:D:/EPIC/UE_4.27/FeaturePacks/TP_VehicleBP.upack)
[2022.05.23-18.15.30:666][  0]LogPakFile: OnPakFileMounted2Time == 0.000090
[2022.05.23-18.15.30:712][  0]LogPakFile: PakFile PrimaryIndexSize=192
[2022.05.23-18.15.30:712][  0]LogPakFile: PakFile PathHashIndexSize=101
[2022.05.23-18.15.30:712][  0]LogPakFile: PakFile FullDirectoryIndexSize=158
[2022.05.23-18.15.30:712][  0]LogShaderLibrary: Display: ShaderCodeLibraryPakFileMountedCallback: PakFile 'D:/EPIC/UE_4.27/FeaturePacks/TP_VirtualRealityBP.upack' (chunk index -1, root 'root:/') mounted
[2022.05.23-18.15.30:712][  0]LogShaderLibrary: Display: ShaderCodeLibraryPakFileMountedCallback: pending pak file info (ChunkID:-1 Root:root:/ File:D:/EPIC/UE_4.27/FeaturePacks/TP_VirtualRealityBP.upack)
[2022.05.23-18.15.30:712][  0]LogPakFile: OnPakFileMounted2Time == 0.000068
[2022.05.23-18.15.34:571][  0]LogNativeClassHierarchy: Verbose: Native class hierarchy updated for 'AddContentDialog' in 0.0004 seconds. Added 0 classes and 0 folders.
[2022.05.23-18.15.35:116][  0]LogNativeClassHierarchy: Verbose: Native class hierarchy updated for 'SceneOutliner' in 0.0003 seconds. Added 2 classes and 0 folders.
[2022.05.23-18.15.39:849][  0]LogSlate: Took 0.020605 seconds to synchronously load lazily loaded font '../../../Engine/Content/Editor/Slate/Fonts/FontAwesome.ttf' (139K)
[2022.05.23-18.15.39:993][  0]LogSlate: Took 0.076727 seconds to synchronously load lazily loaded font '../../../Engine/Content/Slate/Fonts/Roboto-Bold.ttf' (160K)
[2022.05.23-18.15.41:992][  0]LogRenderer: Reallocating scene render targets to support 1208x688 Format 10 NumSamples 1 (Frame:1).
[2022.05.23-18.15.44:471][  0]LogSlate: Took 0.046889 seconds to synchronously load lazily loaded font '../../../Engine/Content/Slate/Fonts/Roboto-Light.ttf' (167K)
[2022.05.23-18.15.45:244][  0]LogNativeClassHierarchy: Verbose: Native class hierarchy updated for 'HierarchicalLODOutliner' in 0.0004 seconds. Added 0 classes and 0 folders.
[2022.05.23-18.15.45:244][  0]LogLoad: (Engine Initialization) Total time: 173.20 seconds
[2022.05.23-18.15.45:244][  0]LogLoad: (Engine Initialization) Total Blueprint compile time: 0.00 seconds
[2022.05.23-18.15.47:000][  0]LogContentStreaming: Texture pool size now 1000 MB
[2022.05.23-18.15.49:538][  2]LogAssetRegistry: Asset discovery search completed in 116.2118 seconds
[2022.05.23-18.15.49:995][  2]LogCollectionManager: Fixed up redirectors for 0 collections in 0.000310 seconds (updated 0 objects)
[2022.05.23-18.15.50:032][  2]LogSlate: Took 0.000159 seconds to synchronously load lazily loaded font '../../../Engine/Content/Slate/Fonts/Roboto-Light.ttf' (167K)
[2022.05.23-18.15.55:311][ 49]LogEditorViewport: Clicking on Actor (context menu): StaticMeshActor (Floor)
[2022.05.23-18.15.59:910][ 49]LogEditorViewport: Clicking on Actor (context menu): carro_C (carro)
[2022.05.23-18.16.00:218][ 49]LogEditorViewport: Clicking on Actor (context menu): carro_C (carro)
[2022.05.23-18.16.03:029][ 50]LogEditorViewport: Clicking on Actor (LMB): BP_Sky_Sphere_C (Sky Sphere)
[2022.05.23-18.16.03:103][ 50]LogEditorViewport: Clicking on Actor (context menu): BP_Sky_Sphere_C (Sky Sphere)
[2022.05.23-18.16.04:594][ 51]LogEditorViewport: Clicking on Actor (context menu): StaticMeshActor (Floor)
[2022.05.23-18.16.08:554][254]LogAssetEditorSubsystem: Opening Asset editor for Blueprint /Game/scrits/carro.carro
[2022.05.23-18.16.16:116][254]LogBlueprintEditor: Perf: 6.9 total seconds to load all 5 blueprint libraries in project. Avoid references to content in blueprint libraries to shorten this time.
[2022.05.23-18.16.16:116][254]LogBlueprintEditor: Perf: 6.1 seconds loading: /Engine/ArtTools/RenderToTexture/Macros/RenderToTextureFunctionLibrary
[2022.05.23-18.16.16:116][254]LogBlueprintEditor: Perf: 0.7 seconds loading: /Engine/ArtTools/RenderToTexture/Macros/RenderToTextureMacros
[2022.05.23-18.16.18:358][254]LogNativeClassHierarchy: Verbose: Native class hierarchy updated for 'BlueprintGraph' in 0.0006 seconds. Added 126 classes and 0 folders.
