Log file open, 06/03/22 14:05:58
LogInit: Display: Running engine for game: Brally
LogPlatformFile: Not using cached read wrapper
LogTaskGraph: Started task graph with 5 named threads and 11 total threads with 3 sets of task threads.
LogStats: Stats thread started at 1.013055
LogD3D11RHI: Loaded GFSDK_Aftermath_Lib.x64.dll
LogICUInternationalization: ICU TimeZone Detection - Raw Offset: -3:00, Platform Override: ''
LogPluginManager: Mounting plugin Paper2D
LogPluginManager: Mounting plugin AISupport
LogPluginManager: Mounting plugin LightPropagationVolume
LogPluginManager: Mounting plugin CameraShakePreviewer
LogPluginManager: Mounting plugin ActorLayerUtilities
LogPluginManager: Mounting plugin AnimationSharing
LogPluginManager: Mounting plugin CLionSourceCodeAccess
LogPluginManager: Mounting plugin CodeLiteSourceCodeAccess
LogPluginManager: Mounting plugin GitSourceControl
LogPluginManager: Mounting plugin KDevelopSourceCodeAccess
LogPluginManager: Mounting plugin NullSourceCodeAccess
LogPluginManager: Mounting plugin PerforceSourceControl
LogPluginManager: Mounting plugin PlasticSourceControl
LogPluginManager: Mounting plugin RiderSourceCodeAccess
LogPluginManager: Mounting plugin SubversionSourceControl
LogPluginManager: Mounting plugin UObjectPlugin
LogPluginManager: Mounting plugin VisualStudioCodeSourceCodeAccess
LogPluginManager: Mounting plugin VisualStudioSourceCodeAccess
LogPluginManager: Mounting plugin XCodeSourceCodeAccess
LogPluginManager: Mounting plugin AssetManagerEditor
LogPluginManager: Mounting plugin CryptoKeys
LogPluginManager: Mounting plugin CurveEditorTools
LogPluginManager: Mounting plugin DataValidation
LogPluginManager: Mounting plugin EditorScriptingUtilities
LogPluginManager: Mounting plugin FacialAnimation
LogPluginManager: Mounting plugin GameplayTagsEditor
LogPluginManager: Mounting plugin GeometryMode
LogPluginManager: Mounting plugin MacGraphicsSwitching
LogPluginManager: Mounting plugin MaterialAnalyzer
LogPluginManager: Mounting plugin MobileLauncherProfileWizard
LogPluginManager: Mounting plugin PluginBrowser
LogPluginManager: Mounting plugin SpeedTreeImporter
LogPluginManager: Mounting plugin DatasmithContent
LogPluginManager: Mounting plugin VariantManagerContent
LogPluginManager: Mounting plugin AlembicImporter
LogPluginManager: Mounting plugin AutomationUtils
LogPluginManager: Mounting plugin BackChannel
LogPluginManager: Mounting plugin ChaosCloth
LogPluginManager: Mounting plugin ChaosClothEditor
LogPluginManager: Mounting plugin ChaosEditor
LogPluginManager: Mounting plugin ChaosNiagara
LogPluginManager: Mounting plugin ChaosSolverPlugin
LogPluginManager: Mounting plugin CharacterAI
LogPluginManager: Mounting plugin GeometryCache
LogPluginManager: Mounting plugin GeometryCollectionPlugin
LogPluginManager: Mounting plugin GeometryProcessing
LogPluginManager: Mounting plugin PlanarCut
LogPluginManager: Mounting plugin PlatformCrypto
LogPluginManager: Mounting plugin ProxyLODPlugin
LogPluginManager: Mounting plugin SkeletalReduction
LogPluginManager: Mounting plugin Niagara
LogPluginManager: Mounting plugin MagicLeap
LogPluginManager: Mounting plugin MagicLeapLightEstimation
LogPluginManager: Mounting plugin MagicLeapMedia
LogPluginManager: Mounting plugin MagicLeapPassableWorld
LogPluginManager: Mounting plugin MLSDK
LogPluginManager: Mounting plugin AndroidMedia
LogPluginManager: Mounting plugin AvfMedia
LogPluginManager: Mounting plugin ImgMedia
LogPluginManager: Mounting plugin MediaCompositing
LogPluginManager: Mounting plugin MediaPlayerEditor
LogPluginManager: Mounting plugin WebMMedia
LogPluginManager: Mounting plugin WmfMedia
LogPluginManager: Mounting plugin MeshPainting
LogPluginManager: Mounting plugin TcpMessaging
LogPluginManager: Mounting plugin UdpMessaging
LogPluginManager: Mounting plugin ActorSequence
LogPluginManager: Mounting plugin LevelSequenceEditor
LogPluginManager: Mounting plugin MatineeToLevelSequence
LogPluginManager: Mounting plugin MovieRenderPipeline
LogPluginManager: Mounting plugin TemplateSequence
LogPluginManager: Mounting plugin NetcodeUnitTest
LogPluginManager: Mounting plugin NUTUnrealEngine4
LogPluginManager: Mounting plugin OnlineSubsystemGooglePlay
LogPluginManager: Mounting plugin OnlineSubsystemIOS
LogPluginManager: Mounting plugin OnlineSubsystem
LogPluginManager: Mounting plugin OnlineSubsystemNull
LogPluginManager: Mounting plugin OnlineSubsystemUtils
LogPluginManager: Mounting plugin LauncherChunkInstaller
LogPluginManager: Mounting plugin AndroidDeviceProfileSelector
LogPluginManager: Mounting plugin AndroidMoviePlayer
LogPluginManager: Mounting plugin AndroidPermission
LogPluginManager: Mounting plugin AppleImageUtils
LogPluginManager: Mounting plugin AppleMoviePlayer
LogPluginManager: Mounting plugin ArchVisCharacter
LogPluginManager: Mounting plugin AssetTags
LogPluginManager: Mounting plugin AudioCapture
LogPluginManager: Mounting plugin CableComponent
LogPluginManager: Mounting plugin CustomMeshComponent
LogPluginManager: Mounting plugin EditableMesh
LogPluginManager: Mounting plugin ExampleDeviceProfileSelector
LogPluginManager: Mounting plugin GoogleCloudMessaging
LogPluginManager: Mounting plugin GooglePAD
LogPluginManager: Mounting plugin IOSDeviceProfileSelector
LogPluginManager: Mounting plugin LinuxDeviceProfileSelector
LogPluginManager: Mounting plugin LocationServicesBPLibrary
LogPluginManager: Mounting plugin MobilePatchingUtils
LogPluginManager: Mounting plugin OculusVR
LogPluginManager: Mounting plugin PhysXVehicles
LogPluginManager: Mounting plugin PostSplashScreen
LogPluginManager: Mounting plugin ProceduralMeshComponent
LogPluginManager: Mounting plugin RuntimePhysXCooking
LogPluginManager: Mounting plugin SignificanceManager
LogPluginManager: Mounting plugin SoundFields
LogPluginManager: Mounting plugin SteamVR
LogPluginManager: Mounting plugin Synthesis
LogPluginManager: Mounting plugin WebMMoviePlayer
LogPluginManager: Mounting plugin WindowsMoviePlayer
LogPluginManager: Mounting plugin ScreenshotTools
LogInit: Using libcurl 7.55.1-DEV
LogInit:  - built for x86_64-pc-win32
LogInit:  - supports SSL with OpenSSL/1.1.1
LogInit:  - supports HTTP deflate (compression) using libz 1.2.8
LogInit:  - other features:
LogInit:      CURL_VERSION_SSL
LogInit:      CURL_VERSION_LIBZ
LogInit:      CURL_VERSION_IPV6
LogInit:      CURL_VERSION_ASYNCHDNS
LogInit:      CURL_VERSION_LARGEFILE
LogInit:      CURL_VERSION_IDN
LogInit:  CurlRequestOptions (configurable via config and command line):
LogInit:  - bVerifyPeer = true  - Libcurl will verify peer certificate
LogInit:  - bUseHttpProxy = false  - Libcurl will NOT use HTTP proxy
LogInit:  - bDontReuseConnections = false  - Libcurl will reuse connections
LogInit:  - MaxHostConnections = 16  - Libcurl will limit the number of connections to a host
LogInit:  - LocalHostAddr = Default
LogInit:  - BufferSize = 65536
LogOnline: OSS: Creating online subsystem instance for: NULL
LogInit: WinSock: version 1.1 (2.2), MaxSocks=32767, MaxUdp=65467
LogOnline: OSS: TryLoadSubsystemAndSetDefault: Loaded subsystem for module [NULL]
LogInit: Build: ++UE4+Release-4.25-CL-14469661
LogInit: Engine Version: 4.25.4-14469661+++UE4+Release-4.25
LogInit: Compatible Engine Version: 4.25.0-13144385+++UE4+Release-4.25
LogInit: Net CL: 13144385
LogInit: OS: Windows 10 (Release 2009) (), CPU: Intel(R) Pentium(R) CPU G4600 @ 3.60GHz, GPU: NVIDIA GeForce GTX 750 Ti
LogInit: Compiled (64-bit): Oct 11 2020 08:10:49
LogInit: Compiled with Visual C++: 19.24.28315.00
LogInit: Build Configuration: Development
LogInit: Branch Name: ++UE4+Release-4.25
LogInit: Command Line: 
LogInit: Base Directory: S:/UE_4.25/Engine/Binaries/Win64/
LogInit: Allocator: TBB
LogInit: Installed Engine Build: 1
LogDevObjectVersion: Number of dev versions registered: 26
LogDevObjectVersion:   Dev-Blueprints (B0D832E4-1F89-4F0D-ACCF-7EB736FD4AA2): 10
LogDevObjectVersion:   Dev-Build (E1C64328-A22C-4D53-A36C-8E866417BD8C): 0
LogDevObjectVersion:   Dev-Core (375EC13C-06E4-48FB-B500-84F0262A717E): 4
LogDevObjectVersion:   Dev-Editor (E4B068ED-F494-42E9-A231-DA0B2E46BB41): 38
LogDevObjectVersion:   Dev-Framework (CFFC743F-43B0-4480-9391-14DF171D2073): 37
LogDevObjectVersion:   Dev-Mobile (B02B49B5-BB20-44E9-A304-32B752E40360): 2
LogDevObjectVersion:   Dev-Networking (A4E4105C-59A1-49B5-A7C5-40C4547EDFEE): 0
LogDevObjectVersion:   Dev-Online (39C831C9-5AE6-47DC-9A44-9C173E1C8E7C): 0
LogDevObjectVersion:   Dev-Physics (78F01B33-EBEA-4F98-B9B4-84EACCB95AA2): 4
LogDevObjectVersion:   Dev-Platform (6631380F-2D4D-43E0-8009-CF276956A95A): 0
LogDevObjectVersion:   Dev-Rendering (12F88B9F-8875-4AFC-A67C-D90C383ABD29): 43
LogDevObjectVersion:   Dev-Sequencer (7B5AE74C-D270-4C10-A958-57980B212A5A): 12
LogDevObjectVersion:   Dev-VR (D7296918-1DD6-4BDD-9DE2-64A83CC13884): 3
LogDevObjectVersion:   Dev-LoadTimes (C2A15278-BFE7-4AFE-6C17-90FF531DF755): 1
LogDevObjectVersion:   Private-Geometry (6EACA3D4-40EC-4CC1-B786-8BED09428FC5): 3
LogDevObjectVersion:   Dev-AnimPhys (29E575DD-E0A3-4627-9D10-D276232CDCEA): 17
LogDevObjectVersion:   Dev-Anim (AF43A65D-7FD3-4947-9873-3E8ED9C1BB05): 7
LogDevObjectVersion:   Dev-ReflectionCapture (6B266CEC-1EC7-4B8F-A30B-E4D90942FC07): 1
LogDevObjectVersion:   Dev-Automation (0DF73D61-A23F-47EA-B727-89E90C41499A): 1
LogDevObjectVersion:   FortniteMain (601D1886-AC64-4F84-AA16-D3DE0DEAC7D6): 31
LogDevObjectVersion:   Dev-Enterprise (9DFFBCD6-494F-0158-E221-12823C92A888): 10
LogDevObjectVersion:   Dev-Niagara (F2AED0AC-9AFE-416F-8664-AA7FFA26D6FC): 1
LogDevObjectVersion:   Dev-Destruction (174F1F0B-B4C6-45A5-B13F-2EE8D0FB917D): 10
LogDevObjectVersion:   Dev-Physics-Ext (35F94A83-E258-406C-A318-09F59610247C): 37
LogDevObjectVersion:   Dev-PhysicsMaterial-Chaos (B68FC16E-8B1B-42E2-B453-215C058844FE): 1
LogDevObjectVersion:   Dev-CineCamera (B2E18506-4273-CFC2-A54E-F4BB758BBA07): 1
LogInit: Presizing for max 25165824 objects, including 0 objects not considered by GC, pre-allocating 0 bytes for permanent pool.
LogConfig: Applying CVar settings from Section [/Script/Engine.StreamingSettings] File [S:/projetos/rallyUE/Brally/Saved/Config/Windows/Engine.ini]
LogConfig: Setting CVar [[s.MinBulkDataSizeForAsyncLoading:131072]]
LogConfig: Setting CVar [[s.AsyncLoadingThreadEnabled:0]]
LogConfig: Setting CVar [[s.EventDrivenLoaderEnabled:1]]
LogConfig: Setting CVar [[s.WarnIfTimeLimitExceeded:0]]
LogConfig: Setting CVar [[s.TimeLimitExceededMultiplier:1.5]]
LogConfig: Setting CVar [[s.TimeLimitExceededMinTime:0.005]]
LogConfig: Setting CVar [[s.UseBackgroundLevelStreaming:1]]
LogConfig: Setting CVar [[s.PriorityAsyncLoadingExtraTime:15.0]]
LogConfig: Setting CVar [[s.LevelStreamingActorsUpdateTimeLimit:5.0]]
LogConfig: Setting CVar [[s.PriorityLevelStreamingActorsUpdateExtraTime:5.0]]
LogConfig: Setting CVar [[s.LevelStreamingComponentsRegistrationGranularity:10]]
LogConfig: Setting CVar [[s.UnregisterComponentsTimeLimit:1.0]]
LogConfig: Setting CVar [[s.LevelStreamingComponentsUnregistrationGranularity:5]]
LogConfig: Setting CVar [[s.FlushStreamingOnExit:1]]
LogInit: Object subsystem initialized
LogConfig: Setting CVar [[con.DebugEarlyDefault:1]]
LogConfig: Setting CVar [[r.setres:1280x720]]
[2022.06.03-17.06.02:234][  0]LogConfig: Setting CVar [[r.VSync:0]]
[2022.06.03-17.06.02:234][  0]LogConfig: Setting CVar [[r.RHICmdBypass:0]]
[2022.06.03-17.06.02:235][  0]LogConfig: Applying CVar settings from Section [/Script/Engine.RendererSettings] File [S:/projetos/rallyUE/Brally/Saved/Config/Windows/Engine.ini]
[2022.06.03-17.06.02:235][  0]LogConfig: Setting CVar [[r.GPUCrashDebugging:0]]
[2022.06.03-17.06.02:235][  0]LogConfig: Applying CVar settings from Section [/Script/Engine.RendererOverrideSettings] File [S:/projetos/rallyUE/Brally/Saved/Config/Windows/Engine.ini]
[2022.06.03-17.06.02:235][  0]LogConfig: Applying CVar settings from Section [/Script/Engine.StreamingSettings] File [S:/projetos/rallyUE/Brally/Saved/Config/Windows/Engine.ini]
[2022.06.03-17.06.02:235][  0]LogConfig: Setting CVar [[s.MinBulkDataSizeForAsyncLoading:131072]]
[2022.06.03-17.06.02:235][  0]LogConfig: Setting CVar [[s.AsyncLoadingThreadEnabled:0]]
[2022.06.03-17.06.02:235][  0]LogConfig: Setting CVar [[s.EventDrivenLoaderEnabled:1]]
[2022.06.03-17.06.02:235][  0]LogConfig: Setting CVar [[s.WarnIfTimeLimitExceeded:0]]
[2022.06.03-17.06.02:235][  0]LogConfig: Setting CVar [[s.TimeLimitExceededMultiplier:1.5]]
[2022.06.03-17.06.02:235][  0]LogConfig: Setting CVar [[s.TimeLimitExceededMinTime:0.005]]
[2022.06.03-17.06.02:235][  0]LogConfig: Setting CVar [[s.UseBackgroundLevelStreaming:1]]
[2022.06.03-17.06.02:235][  0]LogConfig: Setting CVar [[s.PriorityAsyncLoadingExtraTime:15.0]]
[2022.06.03-17.06.02:235][  0]LogConfig: Setting CVar [[s.LevelStreamingActorsUpdateTimeLimit:5.0]]
[2022.06.03-17.06.02:235][  0]LogConfig: Setting CVar [[s.PriorityLevelStreamingActorsUpdateExtraTime:5.0]]
[2022.06.03-17.06.02:235][  0]LogConfig: Setting CVar [[s.LevelStreamingComponentsRegistrationGranularity:10]]
[2022.06.03-17.06.02:235][  0]LogConfig: Setting CVar [[s.UnregisterComponentsTimeLimit:1.0]]
[2022.06.03-17.06.02:235][  0]LogConfig: Setting CVar [[s.LevelStreamingComponentsUnregistrationGranularity:5]]
[2022.06.03-17.06.02:235][  0]LogConfig: Setting CVar [[s.FlushStreamingOnExit:1]]
[2022.06.03-17.06.02:235][  0]LogConfig: Applying CVar settings from Section [/Script/Engine.GarbageCollectionSettings] File [S:/projetos/rallyUE/Brally/Saved/Config/Windows/Engine.ini]
[2022.06.03-17.06.02:235][  0]LogConfig: Setting CVar [[gc.MaxObjectsNotConsideredByGC:1]]
[2022.06.03-17.06.02:235][  0]LogConfig: Setting CVar [[gc.SizeOfPermanentObjectPool:0]]
[2022.06.03-17.06.02:235][  0]LogConfig: Setting CVar [[gc.FlushStreamingOnGC:0]]
[2022.06.03-17.06.02:235][  0]LogConfig: Setting CVar [[gc.NumRetriesBeforeForcingGC:10]]
[2022.06.03-17.06.02:235][  0]LogConfig: Setting CVar [[gc.AllowParallelGC:1]]
[2022.06.03-17.06.02:235][  0]LogConfig: Setting CVar [[gc.TimeBetweenPurgingPendingKillObjects:61.1]]
[2022.06.03-17.06.02:235][  0]LogConfig: Setting CVar [[gc.MaxObjectsInEditor:25165824]]
[2022.06.03-17.06.02:235][  0]LogConfig: Setting CVar [[gc.IncrementalBeginDestroyEnabled:1]]
[2022.06.03-17.06.02:236][  0]LogConfig: Setting CVar [[gc.CreateGCClusters:1]]
[2022.06.03-17.06.02:236][  0]LogConfig: Setting CVar [[gc.MinGCClusterSize:5]]
[2022.06.03-17.06.02:236][  0]LogConfig: Setting CVar [[gc.ActorClusteringEnabled:0]]
[2022.06.03-17.06.02:236][  0]LogConfig: Setting CVar [[gc.BlueprintClusteringEnabled:0]]
[2022.06.03-17.06.02:236][  0]LogConfig: Setting CVar [[gc.UseDisregardForGCOnDedicatedServers:0]]
[2022.06.03-17.06.02:236][  0]LogConfig: Applying CVar settings from Section [/Script/Engine.NetworkSettings] File [S:/projetos/rallyUE/Brally/Saved/Config/Windows/Engine.ini]
[2022.06.03-17.06.02:236][  0]LogConfig: Applying CVar settings from Section [/Script/UnrealEd.CookerSettings] File [S:/projetos/rallyUE/Brally/Saved/Config/Windows/Engine.ini]
[2022.06.03-17.06.02:285][  0]LogConfig: Applying CVar settings from Section [ViewDistanceQuality@3] File [S:/projetos/rallyUE/Brally/Saved/Config/Windows/Scalability.ini]
[2022.06.03-17.06.02:285][  0]LogConfig: Setting CVar [[r.SkeletalMeshLODBias:0]]
[2022.06.03-17.06.02:285][  0]LogConfig: Setting CVar [[r.ViewDistanceScale:1.0]]
[2022.06.03-17.06.02:285][  0]LogConfig: Applying CVar settings from Section [AntiAliasingQuality@3] File [S:/projetos/rallyUE/Brally/Saved/Config/Windows/Scalability.ini]
[2022.06.03-17.06.02:285][  0]LogConfig: Setting CVar [[r.PostProcessAAQuality:4]]
[2022.06.03-17.06.02:285][  0]LogConfig: Applying CVar settings from Section [ShadowQuality@3] File [S:/projetos/rallyUE/Brally/Saved/Config/Windows/Scalability.ini]
[2022.06.03-17.06.02:285][  0]LogConfig: Setting CVar [[r.LightFunctionQuality:1]]
[2022.06.03-17.06.02:285][  0]LogConfig: Setting CVar [[r.ShadowQuality:5]]
[2022.06.03-17.06.02:285][  0]LogConfig: Setting CVar [[r.Shadow.CSM.MaxCascades:10]]
[2022.06.03-17.06.02:286][  0]LogConfig: Setting CVar [[r.Shadow.MaxResolution:2048]]
[2022.06.03-17.06.02:286][  0]LogConfig: Setting CVar [[r.Shadow.MaxCSMResolution:2048]]
[2022.06.03-17.06.02:286][  0]LogConfig: Setting CVar [[r.Shadow.RadiusThreshold:0.01]]
[2022.06.03-17.06.02:286][  0]LogConfig: Setting CVar [[r.Shadow.DistanceScale:1.0]]
[2022.06.03-17.06.02:286][  0]LogConfig: Setting CVar [[r.Shadow.CSM.TransitionScale:1.0]]
[2022.06.03-17.06.02:286][  0]LogConfig: Setting CVar [[r.Shadow.PreShadowResolutionFactor:1.0]]
[2022.06.03-17.06.02:286][  0]LogConfig: Setting CVar [[r.DistanceFieldShadowing:1]]
[2022.06.03-17.06.02:286][  0]LogConfig: Setting CVar [[r.DistanceFieldAO:1]]
[2022.06.03-17.06.02:286][  0]LogConfig: Setting CVar [[r.AOQuality:2]]
[2022.06.03-17.06.02:286][  0]LogConfig: Setting CVar [[r.VolumetricFog:1]]
[2022.06.03-17.06.02:286][  0]LogConfig: Setting CVar [[r.VolumetricFog.GridPixelSize:8]]
[2022.06.03-17.06.02:286][  0]LogConfig: Setting CVar [[r.VolumetricFog.GridSizeZ:128]]
[2022.06.03-17.06.02:286][  0]LogConfig: Setting CVar [[r.VolumetricFog.HistoryMissSupersampleCount:4]]
[2022.06.03-17.06.02:286][  0]LogConfig: Setting CVar [[r.LightMaxDrawDistanceScale:1]]
[2022.06.03-17.06.02:286][  0]LogConfig: Setting CVar [[r.CapsuleShadows:1]]
[2022.06.03-17.06.02:286][  0]LogConfig: Applying CVar settings from Section [PostProcessQuality@3] File [S:/projetos/rallyUE/Brally/Saved/Config/Windows/Scalability.ini]
[2022.06.03-17.06.02:286][  0]LogConfig: Setting CVar [[r.MotionBlurQuality:4]]
[2022.06.03-17.06.02:286][  0]LogConfig: Setting CVar [[r.AmbientOcclusionMipLevelFactor:0.4]]
[2022.06.03-17.06.02:286][  0]LogConfig: Setting CVar [[r.AmbientOcclusionMaxQuality:100]]
[2022.06.03-17.06.02:286][  0]LogConfig: Setting CVar [[r.AmbientOcclusionLevels:-1]]
[2022.06.03-17.06.02:286][  0]LogConfig: Setting CVar [[r.AmbientOcclusionRadiusScale:1.0]]
[2022.06.03-17.06.02:286][  0]LogConfig: Setting CVar [[r.DepthOfFieldQuality:2]]
[2022.06.03-17.06.02:286][  0]LogConfig: Setting CVar [[r.RenderTargetPoolMin:400]]
[2022.06.03-17.06.02:286][  0]LogConfig: Setting CVar [[r.LensFlareQuality:2]]
[2022.06.03-17.06.02:286][  0]LogConfig: Setting CVar [[r.SceneColorFringeQuality:1]]
[2022.06.03-17.06.02:286][  0]LogConfig: Setting CVar [[r.EyeAdaptationQuality:2]]
[2022.06.03-17.06.02:286][  0]LogConfig: Setting CVar [[r.BloomQuality:5]]
[2022.06.03-17.06.02:286][  0]LogConfig: Setting CVar [[r.FastBlurThreshold:100]]
[2022.06.03-17.06.02:286][  0]LogConfig: Setting CVar [[r.Upscale.Quality:3]]
[2022.06.03-17.06.02:286][  0]LogConfig: Setting CVar [[r.Tonemapper.GrainQuantization:1]]
[2022.06.03-17.06.02:286][  0]LogConfig: Setting CVar [[r.LightShaftQuality:1]]
[2022.06.03-17.06.02:286][  0]LogConfig: Setting CVar [[r.Filter.SizeScale:1]]
[2022.06.03-17.06.02:286][  0]LogConfig: Setting CVar [[r.Tonemapper.Quality:5]]
[2022.06.03-17.06.02:286][  0]LogConfig: Setting CVar [[r.DOF.Gather.AccumulatorQuality:1        ; higher gathering accumulator quality]]
[2022.06.03-17.06.02:286][  0]LogConfig: Setting CVar [[r.DOF.Gather.PostfilterMethod:1          ; Median3x3 postfilering method]]
[2022.06.03-17.06.02:286][  0]LogConfig: Setting CVar [[r.DOF.Gather.EnableBokehSettings:0       ; no bokeh simulation when gathering]]
[2022.06.03-17.06.02:286][  0]LogConfig: Setting CVar [[r.DOF.Gather.RingCount:4                 ; medium number of samples when gathering]]
[2022.06.03-17.06.02:286][  0]LogConfig: Setting CVar [[r.DOF.Scatter.ForegroundCompositing:1    ; additive foreground scattering]]
[2022.06.03-17.06.02:286][  0]LogConfig: Setting CVar [[r.DOF.Scatter.BackgroundCompositing:2    ; additive background scattering]]
[2022.06.03-17.06.02:286][  0]LogConfig: Setting CVar [[r.DOF.Scatter.EnableBokehSettings:1      ; bokeh simulation when scattering]]
[2022.06.03-17.06.02:286][  0]LogConfig: Setting CVar [[r.DOF.Scatter.MaxSpriteRatio:0.1         ; only a maximum of 10% of scattered bokeh]]
[2022.06.03-17.06.02:287][  0]LogConfig: Setting CVar [[r.DOF.Recombine.Quality:1                ; cheap slight out of focus]]
[2022.06.03-17.06.02:287][  0]LogConfig: Setting CVar [[r.DOF.Recombine.EnableBokehSettings:0    ; no bokeh simulation on slight out of focus]]
[2022.06.03-17.06.02:287][  0]LogConfig: Setting CVar [[r.DOF.TemporalAAQuality:1                ; more stable temporal accumulation]]
[2022.06.03-17.06.02:287][  0]LogConfig: Setting CVar [[r.DOF.Kernel.MaxForegroundRadius:0.025]]
[2022.06.03-17.06.02:287][  0]LogConfig: Setting CVar [[r.DOF.Kernel.MaxBackgroundRadius:0.025]]
[2022.06.03-17.06.02:287][  0]LogConfig: Applying CVar settings from Section [TextureQuality@3] File [S:/projetos/rallyUE/Brally/Saved/Config/Windows/Scalability.ini]
[2022.06.03-17.06.02:287][  0]LogConfig: Setting CVar [[r.Streaming.MipBias:0]]
[2022.06.03-17.06.02:287][  0]LogConfig: Setting CVar [[r.Streaming.AmortizeCPUToGPUCopy:0]]
[2022.06.03-17.06.02:287][  0]LogConfig: Setting CVar [[r.Streaming.MaxNumTexturesToStreamPerFrame:0]]
[2022.06.03-17.06.02:287][  0]LogConfig: Setting CVar [[r.Streaming.Boost:1]]
[2022.06.03-17.06.02:287][  0]LogConfig: Setting CVar [[r.MaxAnisotropy:8]]
[2022.06.03-17.06.02:287][  0]LogConfig: Setting CVar [[r.VT.MaxAnisotropy:8]]
[2022.06.03-17.06.02:287][  0]LogConfig: Setting CVar [[r.Streaming.LimitPoolSizeToVRAM:0]]
[2022.06.03-17.06.02:287][  0]LogConfig: Setting CVar [[r.Streaming.PoolSize:1000]]
[2022.06.03-17.06.02:287][  0]LogConfig: Setting CVar [[r.Streaming.MaxEffectiveScreenSize:0]]
[2022.06.03-17.06.02:287][  0]LogConfig: Applying CVar settings from Section [EffectsQuality@3] File [S:/projetos/rallyUE/Brally/Saved/Config/Windows/Scalability.ini]
[2022.06.03-17.06.02:287][  0]LogConfig: Setting CVar [[r.TranslucencyLightingVolumeDim:64]]
[2022.06.03-17.06.02:287][  0]LogConfig: Setting CVar [[r.RefractionQuality:2]]
[2022.06.03-17.06.02:287][  0]LogConfig: Setting CVar [[r.SSR.Quality:3]]
[2022.06.03-17.06.02:287][  0]LogConfig: Setting CVar [[r.SSR.HalfResSceneColor:0]]
[2022.06.03-17.06.02:287][  0]LogConfig: Setting CVar [[r.SceneColorFormat:4]]
[2022.06.03-17.06.02:287][  0]LogConfig: Setting CVar [[r.DetailMode:2]]
[2022.06.03-17.06.02:287][  0]LogConfig: Setting CVar [[r.TranslucencyVolumeBlur:1]]
[2022.06.03-17.06.02:287][  0]LogConfig: Setting CVar [[r.MaterialQualityLevel:1 ; High quality]]
[2022.06.03-17.06.02:287][  0]LogConfig: Setting CVar [[r.SSS.Scale:1]]
[2022.06.03-17.06.02:287][  0]LogConfig: Setting CVar [[r.SSS.SampleSet:2]]
[2022.06.03-17.06.02:287][  0]LogConfig: Setting CVar [[r.SSS.Quality:1]]
[2022.06.03-17.06.02:287][  0]LogConfig: Setting CVar [[r.SSS.HalfRes:0]]
[2022.06.03-17.06.02:287][  0]LogConfig: Setting CVar [[r.SSGI.Quality:3]]
[2022.06.03-17.06.02:287][  0]LogConfig: Setting CVar [[r.EmitterSpawnRateScale:1.0]]
[2022.06.03-17.06.02:287][  0]LogConfig: Setting CVar [[r.ParticleLightQuality:2]]
[2022.06.03-17.06.02:287][  0]LogConfig: Setting CVar [[r.SkyAtmosphere.AerialPerspectiveLUT.FastApplyOnOpaque:1 ; Always have FastSkyLUT 1 in this case to avoid wrong sky]]
[2022.06.03-17.06.02:287][  0]LogConfig: Setting CVar [[r.SkyAtmosphere.AerialPerspectiveLUT.SampleCountPerSlice:1]]
[2022.06.03-17.06.02:287][  0]LogConfig: Setting CVar [[r.SkyAtmosphere.AerialPerspectiveLUT.DepthResolution:16.0]]
[2022.06.03-17.06.02:287][  0]LogConfig: Setting CVar [[r.SkyAtmosphere.FastSkyLUT:1]]
[2022.06.03-17.06.02:287][  0]LogConfig: Setting CVar [[r.SkyAtmosphere.FastSkyLUT.SampleCountMin:4.0]]
[2022.06.03-17.06.02:287][  0]LogConfig: Setting CVar [[r.SkyAtmosphere.FastSkyLUT.SampleCountMax:32.0]]
[2022.06.03-17.06.02:287][  0]LogConfig: Setting CVar [[r.SkyAtmosphere.SampleCountMin:4.0]]
[2022.06.03-17.06.02:287][  0]LogConfig: Setting CVar [[r.SkyAtmosphere.SampleCountMax:32.0]]
[2022.06.03-17.06.02:287][  0]LogConfig: Setting CVar [[r.SkyAtmosphere.TransmittanceLUT.UseSmallFormat:0]]
[2022.06.03-17.06.02:287][  0]LogConfig: Setting CVar [[r.SkyAtmosphere.TransmittanceLUT.SampleCount:10.0]]
[2022.06.03-17.06.02:287][  0]LogConfig: Setting CVar [[r.SkyAtmosphere.MultiScatteringLUT.SampleCount:15.0]]
[2022.06.03-17.06.02:288][  0]LogConfig: Applying CVar settings from Section [FoliageQuality@3] File [S:/projetos/rallyUE/Brally/Saved/Config/Windows/Scalability.ini]
[2022.06.03-17.06.02:288][  0]LogConfig: Setting CVar [[foliage.DensityScale:1.0]]
[2022.06.03-17.06.02:288][  0]LogConfig: Setting CVar [[grass.DensityScale:1.0]]
[2022.06.03-17.06.02:288][  0]LogConfig: Applying CVar settings from Section [ShadingQuality@3] File [S:/projetos/rallyUE/Brally/Saved/Config/Windows/Scalability.ini]
[2022.06.03-17.06.02:288][  0]LogConfig: Setting CVar [[r.HairStrands.SkyLighting.SampleCount:16]]
[2022.06.03-17.06.02:288][  0]LogConfig: Setting CVar [[r.HairStrands.SkyLighting.JitterIntegration:0]]
[2022.06.03-17.06.02:288][  0]LogConfig: Setting CVar [[r.HairStrands.SkyAO.SampleCount:16]]
[2022.06.03-17.06.02:288][  0]LogConfig: Setting CVar [[r.HairStrands.DeepShadow.SuperSampling:0]]
[2022.06.03-17.06.02:288][  0]LogConfig: Setting CVar [[r.HairStrands.VisibilityPPLL:0]]
[2022.06.03-17.06.02:288][  0]LogConfig: Setting CVar [[r.HairStrands.RasterizationScale:0.5]]
[2022.06.03-17.06.02:288][  0]LogConfig: Setting CVar [[r.HairStrands.VelocityRasterizationScale:1]]
[2022.06.03-17.06.02:296][  0]LogInit: Selected Device Profile: [Windows]
[2022.06.03-17.06.02:297][  0]LogInit: Applying CVar settings loaded from the selected device profile: [Windows]
[2022.06.03-17.06.02:314][  0]LogHAL: Display: Platform has ~ 8 GB [8513687552 / 8589934592 / 8], which maps to Default [LargestMinGB=32, LargerMinGB=12, DefaultMinGB=8, SmallerMinGB=6, SmallestMinGB=0)
[2022.06.03-17.06.02:314][  0]LogInit: Going up to parent DeviceProfile []
[2022.06.03-17.06.02:315][  0]LogConfig: Applying CVar settings from Section [ViewDistanceQuality@3] File [S:/projetos/rallyUE/Brally/Saved/Config/Windows/Scalability.ini]
[2022.06.03-17.06.02:315][  0]LogConfig: Setting CVar [[r.SkeletalMeshLODBias:0]]
[2022.06.03-17.06.02:315][  0]LogConfig: Setting CVar [[r.ViewDistanceScale:1.0]]
[2022.06.03-17.06.02:315][  0]LogConfig: Applying CVar settings from Section [AntiAliasingQuality@3] File [S:/projetos/rallyUE/Brally/Saved/Config/Windows/Scalability.ini]
[2022.06.03-17.06.02:315][  0]LogConfig: Setting CVar [[r.PostProcessAAQuality:4]]
[2022.06.03-17.06.02:315][  0]LogConfig: Applying CVar settings from Section [ShadowQuality@3] File [S:/projetos/rallyUE/Brally/Saved/Config/Windows/Scalability.ini]
[2022.06.03-17.06.02:315][  0]LogConfig: Setting CVar [[r.LightFunctionQuality:1]]
[2022.06.03-17.06.02:315][  0]LogConfig: Setting CVar [[r.ShadowQuality:5]]
[2022.06.03-17.06.02:315][  0]LogConfig: Setting CVar [[r.Shadow.CSM.MaxCascades:10]]
[2022.06.03-17.06.02:315][  0]LogConfig: Setting CVar [[r.Shadow.MaxResolution:2048]]
[2022.06.03-17.06.02:315][  0]LogConfig: Setting CVar [[r.Shadow.MaxCSMResolution:2048]]
[2022.06.03-17.06.02:315][  0]LogConfig: Setting CVar [[r.Shadow.RadiusThreshold:0.01]]
[2022.06.03-17.06.02:315][  0]LogConfig: Setting CVar [[r.Shadow.DistanceScale:1.0]]
[2022.06.03-17.06.02:315][  0]LogConfig: Setting CVar [[r.Shadow.CSM.TransitionScale:1.0]]
[2022.06.03-17.06.02:315][  0]LogConfig: Setting CVar [[r.Shadow.PreShadowResolutionFactor:1.0]]
[2022.06.03-17.06.02:315][  0]LogConfig: Setting CVar [[r.DistanceFieldShadowing:1]]
[2022.06.03-17.06.02:315][  0]LogConfig: Setting CVar [[r.DistanceFieldAO:1]]
[2022.06.03-17.06.02:315][  0]LogConfig: Setting CVar [[r.AOQuality:2]]
[2022.06.03-17.06.02:315][  0]LogConfig: Setting CVar [[r.VolumetricFog:1]]
[2022.06.03-17.06.02:315][  0]LogConfig: Setting CVar [[r.VolumetricFog.GridPixelSize:8]]
[2022.06.03-17.06.02:315][  0]LogConfig: Setting CVar [[r.VolumetricFog.GridSizeZ:128]]
[2022.06.03-17.06.02:315][  0]LogConfig: Setting CVar [[r.VolumetricFog.HistoryMissSupersampleCount:4]]
[2022.06.03-17.06.02:315][  0]LogConfig: Setting CVar [[r.LightMaxDrawDistanceScale:1]]
[2022.06.03-17.06.02:315][  0]LogConfig: Setting CVar [[r.CapsuleShadows:1]]
[2022.06.03-17.06.02:315][  0]LogConfig: Applying CVar settings from Section [PostProcessQuality@3] File [S:/projetos/rallyUE/Brally/Saved/Config/Windows/Scalability.ini]
[2022.06.03-17.06.02:315][  0]LogConfig: Setting CVar [[r.MotionBlurQuality:4]]
[2022.06.03-17.06.02:315][  0]LogConfig: Setting CVar [[r.AmbientOcclusionMipLevelFactor:0.4]]
[2022.06.03-17.06.02:315][  0]LogConfig: Setting CVar [[r.AmbientOcclusionMaxQuality:100]]
[2022.06.03-17.06.02:315][  0]LogConfig: Setting CVar [[r.AmbientOcclusionLevels:-1]]
[2022.06.03-17.06.02:315][  0]LogConfig: Setting CVar [[r.AmbientOcclusionRadiusScale:1.0]]
[2022.06.03-17.06.02:315][  0]LogConfig: Setting CVar [[r.DepthOfFieldQuality:2]]
[2022.06.03-17.06.02:315][  0]LogConfig: Setting CVar [[r.RenderTargetPoolMin:400]]
[2022.06.03-17.06.02:315][  0]LogConfig: Setting CVar [[r.LensFlareQuality:2]]
[2022.06.03-17.06.02:315][  0]LogConfig: Setting CVar [[r.SceneColorFringeQuality:1]]
[2022.06.03-17.06.02:315][  0]LogConfig: Setting CVar [[r.EyeAdaptationQuality:2]]
[2022.06.03-17.06.02:315][  0]LogConfig: Setting CVar [[r.BloomQuality:5]]
[2022.06.03-17.06.02:315][  0]LogConfig: Setting CVar [[r.FastBlurThreshold:100]]
[2022.06.03-17.06.02:315][  0]LogConfig: Setting CVar [[r.Upscale.Quality:3]]
[2022.06.03-17.06.02:315][  0]LogConfig: Setting CVar [[r.Tonemapper.GrainQuantization:1]]
[2022.06.03-17.06.02:315][  0]LogConfig: Setting CVar [[r.LightShaftQuality:1]]
[2022.06.03-17.06.02:315][  0]LogConfig: Setting CVar [[r.Filter.SizeScale:1]]
[2022.06.03-17.06.02:315][  0]LogConfig: Setting CVar [[r.Tonemapper.Quality:5]]
[2022.06.03-17.06.02:315][  0]LogConfig: Setting CVar [[r.DOF.Gather.AccumulatorQuality:1        ; higher gathering accumulator quality]]
[2022.06.03-17.06.02:315][  0]LogConfig: Setting CVar [[r.DOF.Gather.PostfilterMethod:1          ; Median3x3 postfilering method]]
[2022.06.03-17.06.02:315][  0]LogConfig: Setting CVar [[r.DOF.Gather.EnableBokehSettings:0       ; no bokeh simulation when gathering]]
[2022.06.03-17.06.02:315][  0]LogConfig: Setting CVar [[r.DOF.Gather.RingCount:4                 ; medium number of samples when gathering]]
[2022.06.03-17.06.02:315][  0]LogConfig: Setting CVar [[r.DOF.Scatter.ForegroundCompositing:1    ; additive foreground scattering]]
[2022.06.03-17.06.02:315][  0]LogConfig: Setting CVar [[r.DOF.Scatter.BackgroundCompositing:2    ; additive background scattering]]
[2022.06.03-17.06.02:315][  0]LogConfig: Setting CVar [[r.DOF.Scatter.EnableBokehSettings:1      ; bokeh simulation when scattering]]
[2022.06.03-17.06.02:315][  0]LogConfig: Setting CVar [[r.DOF.Scatter.MaxSpriteRatio:0.1         ; only a maximum of 10% of scattered bokeh]]
[2022.06.03-17.06.02:315][  0]LogConfig: Setting CVar [[r.DOF.Recombine.Quality:1                ; cheap slight out of focus]]
[2022.06.03-17.06.02:315][  0]LogConfig: Setting CVar [[r.DOF.Recombine.EnableBokehSettings:0    ; no bokeh simulation on slight out of focus]]
[2022.06.03-17.06.02:315][  0]LogConfig: Setting CVar [[r.DOF.TemporalAAQuality:1                ; more stable temporal accumulation]]
[2022.06.03-17.06.02:315][  0]LogConfig: Setting CVar [[r.DOF.Kernel.MaxForegroundRadius:0.025]]
[2022.06.03-17.06.02:315][  0]LogConfig: Setting CVar [[r.DOF.Kernel.MaxBackgroundRadius:0.025]]
[2022.06.03-17.06.02:315][  0]LogConfig: Applying CVar settings from Section [TextureQuality@3] File [S:/projetos/rallyUE/Brally/Saved/Config/Windows/Scalability.ini]
[2022.06.03-17.06.02:315][  0]LogConfig: Setting CVar [[r.Streaming.MipBias:0]]
[2022.06.03-17.06.02:315][  0]LogConfig: Setting CVar [[r.Streaming.AmortizeCPUToGPUCopy:0]]
[2022.06.03-17.06.02:315][  0]LogConfig: Setting CVar [[r.Streaming.MaxNumTexturesToStreamPerFrame:0]]
[2022.06.03-17.06.02:315][  0]LogConfig: Setting CVar [[r.Streaming.Boost:1]]
[2022.06.03-17.06.02:315][  0]LogConfig: Setting CVar [[r.MaxAnisotropy:8]]
[2022.06.03-17.06.02:315][  0]LogConfig: Setting CVar [[r.VT.MaxAnisotropy:8]]
[2022.06.03-17.06.02:315][  0]LogConfig: Setting CVar [[r.Streaming.LimitPoolSizeToVRAM:0]]
[2022.06.03-17.06.02:315][  0]LogConfig: Setting CVar [[r.Streaming.PoolSize:1000]]
[2022.06.03-17.06.02:315][  0]LogConfig: Setting CVar [[r.Streaming.MaxEffectiveScreenSize:0]]
[2022.06.03-17.06.02:315][  0]LogConfig: Applying CVar settings from Section [EffectsQuality@3] File [S:/projetos/rallyUE/Brally/Saved/Config/Windows/Scalability.ini]
[2022.06.03-17.06.02:315][  0]LogConfig: Setting CVar [[r.TranslucencyLightingVolumeDim:64]]
[2022.06.03-17.06.02:315][  0]LogConfig: Setting CVar [[r.RefractionQuality:2]]
[2022.06.03-17.06.02:315][  0]LogConfig: Setting CVar [[r.SSR.Quality:3]]
[2022.06.03-17.06.02:315][  0]LogConfig: Setting CVar [[r.SSR.HalfResSceneColor:0]]
[2022.06.03-17.06.02:315][  0]LogConfig: Setting CVar [[r.SceneColorFormat:4]]
[2022.06.03-17.06.02:316][  0]LogConfig: Setting CVar [[r.DetailMode:2]]
[2022.06.03-17.06.02:316][  0]LogConfig: Setting CVar [[r.TranslucencyVolumeBlur:1]]
[2022.06.03-17.06.02:316][  0]LogConfig: Setting CVar [[r.MaterialQualityLevel:1 ; High quality]]
[2022.06.03-17.06.02:316][  0]LogConfig: Setting CVar [[r.SSS.Scale:1]]
[2022.06.03-17.06.02:316][  0]LogConfig: Setting CVar [[r.SSS.SampleSet:2]]
[2022.06.03-17.06.02:316][  0]LogConfig: Setting CVar [[r.SSS.Quality:1]]
[2022.06.03-17.06.02:316][  0]LogConfig: Setting CVar [[r.SSS.HalfRes:0]]
[2022.06.03-17.06.02:316][  0]LogConfig: Setting CVar [[r.SSGI.Quality:3]]
[2022.06.03-17.06.02:316][  0]LogConfig: Setting CVar [[r.EmitterSpawnRateScale:1.0]]
[2022.06.03-17.06.02:316][  0]LogConfig: Setting CVar [[r.ParticleLightQuality:2]]
[2022.06.03-17.06.02:316][  0]LogConfig: Setting CVar [[r.SkyAtmosphere.AerialPerspectiveLUT.FastApplyOnOpaque:1 ; Always have FastSkyLUT 1 in this case to avoid wrong sky]]
[2022.06.03-17.06.02:316][  0]LogConfig: Setting CVar [[r.SkyAtmosphere.AerialPerspectiveLUT.SampleCountPerSlice:1]]
[2022.06.03-17.06.02:316][  0]LogConfig: Setting CVar [[r.SkyAtmosphere.AerialPerspectiveLUT.DepthResolution:16.0]]
[2022.06.03-17.06.02:316][  0]LogConfig: Setting CVar [[r.SkyAtmosphere.FastSkyLUT:1]]
[2022.06.03-17.06.02:316][  0]LogConfig: Setting CVar [[r.SkyAtmosphere.FastSkyLUT.SampleCountMin:4.0]]
[2022.06.03-17.06.02:316][  0]LogConfig: Setting CVar [[r.SkyAtmosphere.FastSkyLUT.SampleCountMax:32.0]]
[2022.06.03-17.06.02:316][  0]LogConfig: Setting CVar [[r.SkyAtmosphere.SampleCountMin:4.0]]
[2022.06.03-17.06.02:316][  0]LogConfig: Setting CVar [[r.SkyAtmosphere.SampleCountMax:32.0]]
[2022.06.03-17.06.02:316][  0]LogConfig: Setting CVar [[r.SkyAtmosphere.TransmittanceLUT.UseSmallFormat:0]]
[2022.06.03-17.06.02:316][  0]LogConfig: Setting CVar [[r.SkyAtmosphere.TransmittanceLUT.SampleCount:10.0]]
[2022.06.03-17.06.02:316][  0]LogConfig: Setting CVar [[r.SkyAtmosphere.MultiScatteringLUT.SampleCount:15.0]]
[2022.06.03-17.06.02:316][  0]LogConfig: Applying CVar settings from Section [FoliageQuality@3] File [S:/projetos/rallyUE/Brally/Saved/Config/Windows/Scalability.ini]
[2022.06.03-17.06.02:316][  0]LogConfig: Setting CVar [[foliage.DensityScale:1.0]]
[2022.06.03-17.06.02:316][  0]LogConfig: Setting CVar [[grass.DensityScale:1.0]]
[2022.06.03-17.06.02:316][  0]LogConfig: Applying CVar settings from Section [ShadingQuality@3] File [S:/projetos/rallyUE/Brally/Saved/Config/Windows/Scalability.ini]
[2022.06.03-17.06.02:316][  0]LogConfig: Setting CVar [[r.HairStrands.SkyLighting.SampleCount:16]]
[2022.06.03-17.06.02:316][  0]LogConfig: Setting CVar [[r.HairStrands.SkyLighting.JitterIntegration:0]]
[2022.06.03-17.06.02:316][  0]LogConfig: Setting CVar [[r.HairStrands.SkyAO.SampleCount:16]]
[2022.06.03-17.06.02:316][  0]LogConfig: Setting CVar [[r.HairStrands.DeepShadow.SuperSampling:0]]
[2022.06.03-17.06.02:316][  0]LogConfig: Setting CVar [[r.HairStrands.VisibilityPPLL:0]]
[2022.06.03-17.06.02:316][  0]LogConfig: Setting CVar [[r.HairStrands.RasterizationScale:0.5]]
[2022.06.03-17.06.02:316][  0]LogConfig: Setting CVar [[r.HairStrands.VelocityRasterizationScale:1]]
[2022.06.03-17.06.02:316][  0]LogConfig: Applying CVar settings from Section [Startup] File [../../../Engine/Config/ConsoleVariables.ini]
[2022.06.03-17.06.02:338][  0]LogConfig: Setting CVar [[net.UseAdaptiveNetUpdateFrequency:0]]
[2022.06.03-17.06.02:338][  0]LogConfig: Setting CVar [[p.chaos.AllowCreatePhysxBodies:1]]
[2022.06.03-17.06.02:338][  0]LogConfig: Setting CVar [[fx.SkipVectorVMBackendOptimizations:1]]
[2022.06.03-17.06.02:338][  0]LogConfig: Applying CVar settings from Section [ConsoleVariables] File [S:/projetos/rallyUE/Brally/Saved/Config/Windows/Engine.ini]
[2022.06.03-17.06.02:352][  0]LogInit: Computer: DESKTOP-F4V4HAJ
[2022.06.03-17.06.02:352][  0]LogInit: User: erick
[2022.06.03-17.06.02:355][  0]LogInit: CPU Page size=4096, Cores=2
[2022.06.03-17.06.02:355][  0]LogInit: High frequency timer resolution =10.000000 MHz
[2022.06.03-17.06.02:355][  0]LogMemory: Memory total: Physical=7.9GB (8GB approx)
[2022.06.03-17.06.02:360][  0]LogMemory: Platform Memory Stats for Windows
[2022.06.03-17.06.02:360][  0]LogMemory: Process Physical Memory: 114.17 MB used, 114.17 MB peak
[2022.06.03-17.06.02:360][  0]LogMemory: Process Virtual Memory: 94.64 MB used, 94.64 MB peak
[2022.06.03-17.06.02:360][  0]LogMemory: Physical Memory: 5701.66 MB used,  2417.63 MB free, 8119.29 MB total
[2022.06.03-17.06.02:360][  0]LogMemory: Virtual Memory: 5125.13 MB used,  134212600.00 MB free, 134217728.00 MB total
[2022.06.03-17.06.02:394][  0]LogWindows: WindowsPlatformFeatures enabled
[2022.06.03-17.06.03:367][  0]LogInit: Physics initialised using underlying interface: PhysX
[2022.06.03-17.06.03:407][  0]LogInit: Using OS detected language (pt-BR).
[2022.06.03-17.06.03:407][  0]LogInit: Using OS detected locale (pt-BR).
[2022.06.03-17.06.03:748][  0]LogTextLocalizationResource: LocRes '../../../Engine/Content/Localization/Editor/pt/Editor.locres' could not be opened for reading!
[2022.06.03-17.06.03:748][  0]LogTextLocalizationResource: LocRes '../../../Engine/Content/Localization/EditorTutorials/pt/EditorTutorials.locres' could not be opened for reading!
[2022.06.03-17.06.03:748][  0]LogTextLocalizationResource: LocRes '../../../Engine/Content/Localization/Keywords/pt/Keywords.locres' could not be opened for reading!
[2022.06.03-17.06.03:748][  0]LogTextLocalizationResource: LocRes '../../../Engine/Content/Localization/Category/pt/Category.locres' could not be opened for reading!
[2022.06.03-17.06.03:748][  0]LogTextLocalizationResource: LocRes '../../../Engine/Content/Localization/ToolTips/pt/ToolTips.locres' could not be opened for reading!
[2022.06.03-17.06.03:748][  0]LogTextLocalizationResource: LocRes '../../../Engine/Content/Localization/PropertyNames/pt/PropertyNames.locres' could not be opened for reading!
[2022.06.03-17.06.03:748][  0]LogTextLocalizationResource: LocRes '../../../Engine/Content/Localization/Engine/pt/Engine.locres' could not be opened for reading!
[2022.06.03-17.06.03:748][  0]LogTextLocalizationResource: LocRes '../../../Engine/Plugins/Online/Android/OnlineSubsystemGooglePlay/Content/Localization/OnlineSubsystemGooglePlay/pt/OnlineSubsystemGooglePlay.locres' could not be opened for reading!
[2022.06.03-17.06.03:748][  0]LogTextLocalizationResource: LocRes '../../../Engine/Plugins/Online/IOS/OnlineSubsystemIOS/Content/Localization/OnlineSubsystemIOS/pt/OnlineSubsystemIOS.locres' could not be opened for reading!
[2022.06.03-17.06.03:748][  0]LogTextLocalizationResource: LocRes '../../../Engine/Plugins/Online/OnlineSubsystem/Content/Localization/OnlineSubsystem/pt/OnlineSubsystem.locres' could not be opened for reading!
[2022.06.03-17.06.03:748][  0]LogTextLocalizationResource: LocRes '../../../Engine/Plugins/Online/OnlineSubsystemUtils/Content/Localization/OnlineSubsystemUtils/pt/OnlineSubsystemUtils.locres' could not be opened for reading!
[2022.06.03-17.06.03:785][  0]LogInit: Setting process to per monitor DPI aware
[2022.06.03-17.06.04:267][  0]LogSlate: New Slate User Created.  User Index 0, Is Virtual User: 0
[2022.06.03-17.06.04:267][  0]LogSlate: Slate User Registered.  User Index 0, Is Virtual User: 0
[2022.06.03-17.06.07:728][  0]LogHMD: Failed to initialize OpenVR with code 110
[2022.06.03-17.06.07:728][  0]LogD3D11RHI: D3D11 min allowed feature level: 11_0
[2022.06.03-17.06.07:728][  0]LogD3D11RHI: D3D11 max allowed feature level: 11_0
[2022.06.03-17.06.07:728][  0]LogD3D11RHI: D3D11 adapters:
[2022.06.03-17.06.07:889][  0]LogD3D11RHI:    0. 'NVIDIA GeForce GTX 750 Ti' (Feature Level 11_0)
[2022.06.03-17.06.07:889][  0]LogD3D11RHI:       2007/0/4059 MB DedicatedVideo/DedicatedSystem/SharedSystem, Outputs:1, VendorId:0x10de
[2022.06.03-17.06.07:891][  0]LogD3D11RHI:    1. 'Microsoft Basic Render Driver' (Feature Level 11_0)
[2022.06.03-17.06.07:891][  0]LogD3D11RHI:       0/0/4059 MB DedicatedVideo/DedicatedSystem/SharedSystem, Outputs:0, VendorId:0x1414
[2022.06.03-17.06.07:891][  0]LogD3D11RHI: Chosen D3D11 Adapter: 0
[2022.06.03-17.06.07:910][  0]LogD3D11RHI: Creating new Direct3DDevice
[2022.06.03-17.06.07:910][  0]LogD3D11RHI:     GPU DeviceId: 0x1380 (for the marketing name, search the web for "GPU Device Id")
[2022.06.03-17.06.07:910][  0]LogWindows: EnumDisplayDevices:
[2022.06.03-17.06.07:910][  0]LogWindows:    0. 'NVIDIA GeForce GTX 750 Ti' (P:1 D:1)
[2022.06.03-17.06.07:911][  0]LogWindows:    1. 'NVIDIA GeForce GTX 750 Ti' (P:0 D:0)
[2022.06.03-17.06.07:911][  0]LogWindows:    2. 'NVIDIA GeForce GTX 750 Ti' (P:0 D:0)
[2022.06.03-17.06.07:911][  0]LogWindows:    3. 'NVIDIA GeForce GTX 750 Ti' (P:0 D:0)
[2022.06.03-17.06.07:911][  0]LogWindows: DebugString: FoundDriverCount:4 
[2022.06.03-17.06.07:911][  0]LogD3D11RHI:     Adapter Name: NVIDIA GeForce GTX 750 Ti
[2022.06.03-17.06.07:911][  0]LogD3D11RHI:   Driver Version: 512.15 (internal:30.0.15.1215, unified:512.15)
[2022.06.03-17.06.07:911][  0]LogD3D11RHI:      Driver Date: 3-17-2022
[2022.06.03-17.06.07:928][  0]LogRHI: Texture pool is 1405 MB (70% of 2007 MB)
[2022.06.03-17.06.08:022][  0]LogD3D11RHI: RHI has support for 64 bit atomics
[2022.06.03-17.06.08:024][  0]LogD3D11RHI: Async texture creation enabled
[2022.06.03-17.06.08:441][  0]LogD3D11RHI: GPU Timing Frequency: 1000.000000 (Debug: 2 1)
[2022.06.03-17.06.09:965][  0]LogTargetPlatformManager: Display: Loaded TargetPlatform 'AllDesktop'
[2022.06.03-17.06.10:030][  0]LogTargetPlatformManager: Display: Loaded TargetPlatform 'Android'
[2022.06.03-17.06.10:030][  0]LogTargetPlatformManager: Display: Loaded TargetPlatform 'Android_ASTC'
[2022.06.03-17.06.10:030][  0]LogTargetPlatformManager: Display: Loaded TargetPlatform 'Android_DXT'
[2022.06.03-17.06.10:030][  0]LogTargetPlatformManager: Display: Loaded TargetPlatform 'Android_ETC2'
[2022.06.03-17.06.10:030][  0]LogTargetPlatformManager: Display: Loaded TargetPlatform 'AndroidClient'
[2022.06.03-17.06.10:030][  0]LogTargetPlatformManager: Display: Loaded TargetPlatform 'Android_ASTCClient'
[2022.06.03-17.06.10:030][  0]LogTargetPlatformManager: Display: Loaded TargetPlatform 'Android_DXTClient'
[2022.06.03-17.06.10:030][  0]LogTargetPlatformManager: Display: Loaded TargetPlatform 'Android_ETC2Client'
[2022.06.03-17.06.10:030][  0]LogTargetPlatformManager: Display: Loaded TargetPlatform 'Android_Multi'
[2022.06.03-17.06.10:030][  0]LogTargetPlatformManager: Display: Loaded TargetPlatform 'Android_MultiClient'
[2022.06.03-17.06.10:176][  0]LogTargetPlatformManager: Display: Loaded TargetPlatform 'IOSClient'
[2022.06.03-17.06.10:176][  0]LogTargetPlatformManager: Display: Loaded TargetPlatform 'IOS'
[2022.06.03-17.06.10:233][  0]LogTargetPlatformManager: Display: Loaded TargetPlatform 'Linux'
[2022.06.03-17.06.10:264][  0]LogTargetPlatformManager: Display: Loaded TargetPlatform 'LinuxNoEditor'
[2022.06.03-17.06.10:292][  0]LogTargetPlatformManager: Display: Loaded TargetPlatform 'LinuxClient'
[2022.06.03-17.06.10:336][  0]LogTargetPlatformManager: Display: Loaded TargetPlatform 'LinuxServer'
[2022.06.03-17.06.10:361][  0]LogTargetPlatformManager: Display: Loaded TargetPlatform 'LinuxAArch64NoEditor'
[2022.06.03-17.06.10:388][  0]LogTargetPlatformManager: Display: Loaded TargetPlatform 'LinuxAArch64Client'
[2022.06.03-17.06.10:426][  0]LogTargetPlatformManager: Display: Loaded TargetPlatform 'LinuxAArch64Server'
[2022.06.03-17.06.10:487][  0]LogTargetPlatformManager: Display: Loaded TargetPlatform 'Lumin'
[2022.06.03-17.06.10:487][  0]LogTargetPlatformManager: Display: Loaded TargetPlatform 'LuminClient'
[2022.06.03-17.06.10:533][  0]LogTargetPlatformManager: Display: Loaded TargetPlatform 'TVOSClient'
[2022.06.03-17.06.10:533][  0]LogTargetPlatformManager: Display: Loaded TargetPlatform 'TVOS'
[2022.06.03-17.06.10:593][  0]LogTargetPlatformManager: Display: Loaded TargetPlatform 'WindowsNoEditor'
[2022.06.03-17.06.10:623][  0]LogTargetPlatformManager: Display: Loaded TargetPlatform 'Windows'
[2022.06.03-17.06.10:650][  0]LogTargetPlatformManager: Display: Loaded TargetPlatform 'WindowsClient'
[2022.06.03-17.06.10:678][  0]LogTargetPlatformManager: Display: Loaded TargetPlatform 'WindowsServer'
[2022.06.03-17.06.10:678][  0]LogTargetPlatformManager: Display: Building Assets For Windows
[2022.06.03-17.06.10:957][  0]LogAudioDebug: Display: Lib vorbis DLL was dynamically loaded.
[2022.06.03-17.06.12:130][  0]LogShaderCompilers: Guid format shader working directory is 11 characters bigger than the processId version (../../../../projetos/rallyUE/Brally/Intermediate/Shaders/WorkingDirectory/1748/).
[2022.06.03-17.06.12:130][  0]LogShaderCompilers: Cleaned the shader compiler working directory 'C:/Users/erick/AppData/Local/Temp/UnrealShaderWorkingDir/B5922BE44445A1F09276D3A8FA2CAFCF/'.
[2022.06.03-17.06.12:153][  0]LogXGEController: Cleaning working directory: C:/Users/erick/AppData/Local/Temp/UnrealXGEWorkingDir/
[2022.06.03-17.06.12:154][  0]LogXGEController: Cannot use XGE Controller as Incredibuild is not installed on this machine.
[2022.06.03-17.06.12:154][  0]LogShaderCompilers: Cannot use XGE Shader Compiler as Incredibuild is not installed on this machine.
[2022.06.03-17.06.12:154][  0]LogShaderCompilers: Display: Using Local Shader Compiler.
[2022.06.03-17.06.17:110][  0]LogDerivedDataCache: Display: Max Cache Size: 512 MB
[2022.06.03-17.06.17:390][  0]LogDerivedDataCache: Loaded boot cache 0.28s 75MB C:/Users/erick/AppData/Local/UnrealEngine/4.25/DerivedDataCache/Boot.ddc.
[2022.06.03-17.06.17:390][  0]LogDerivedDataCache: Display: Loaded Boot cache: C:/Users/erick/AppData/Local/UnrealEngine/4.25/DerivedDataCache/Boot.ddc
[2022.06.03-17.06.17:390][  0]LogDerivedDataCache: FDerivedDataBackendGraph:  Pak pak cache file ../../../../projetos/rallyUE/Brally/DerivedDataCache/DDC.ddp not found, will not use a pak cache.
[2022.06.03-17.06.17:391][  0]LogDerivedDataCache: Unable to find inner node Pak for hierarchical cache Hierarchy.
[2022.06.03-17.06.17:391][  0]LogDerivedDataCache: FDerivedDataBackendGraph:  CompressedPak pak cache file ../../../../projetos/rallyUE/Brally/DerivedDataCache/Compressed.ddp not found, will not use a pak cache.
[2022.06.03-17.06.17:391][  0]LogDerivedDataCache: Unable to find inner node CompressedPak for hierarchical cache Hierarchy.
[2022.06.03-17.06.17:450][  0]LogDerivedDataCache: Display: Pak cache opened for reading ../../../Engine/DerivedDataCache/Compressed.ddp.
[2022.06.03-17.06.17:450][  0]LogDerivedDataCache: FDerivedDataBackendGraph:  EnterprisePak pak cache file ../../../Enterprise/DerivedDataCache/Compressed.ddp not found, will not use a pak cache.
[2022.06.03-17.06.17:450][  0]LogDerivedDataCache: Unable to find inner node EnterprisePak for hierarchical cache Hierarchy.
[2022.06.03-17.06.17:462][  0]LogDerivedDataCache: Using Local data cache path C:/Users/erick/AppData/Local/UnrealEngine/Common/DerivedDataCache: Writable
[2022.06.03-17.06.17:462][  0]LogDerivedDataCache: Shared data cache path not found in *engine.ini, will not use an Shared cache.
[2022.06.03-17.06.17:462][  0]LogDerivedDataCache: Unable to find inner node Shared for hierarchical cache Hierarchy.
[2022.06.03-17.06.17:655][  0]LogSlate: Using FreeType 2.10.0
[2022.06.03-17.06.17:754][  0]LogSlate: SlateFontServices - WITH_FREETYPE: 1, WITH_HARFBUZZ: 1
[2022.06.03-17.06.18:755][  0]LogAssetRegistry: FAssetRegistry took 0.0190 seconds to start up
[2022.06.03-17.06.25:284][  0]LogInit: Selected Device Profile: [Windows]
[2022.06.03-17.06.26:758][  0]LogMeshReduction: Using QuadricMeshReduction for automatic static mesh reduction
[2022.06.03-17.06.26:758][  0]LogMeshReduction: Using SimplygonMeshReduction for automatic skeletal mesh reduction
[2022.06.03-17.06.26:758][  0]LogMeshReduction: Using ProxyLODMeshReduction for automatic mesh merging
[2022.06.03-17.06.26:758][  0]LogMeshReduction: No distributed automatic mesh merging module available
[2022.06.03-17.06.26:758][  0]LogMeshMerging: No distributed automatic mesh merging module available
[2022.06.03-17.06.27:294][  0]LogNetVersion: Brally 1.0.0, NetCL: 13144385, EngineNetVer: 14, GameNetVer: 0 (Checksum: 1024277151)
[2022.06.03-17.06.38:012][  0]LogAISub: UAISubsystem::UAISubsystem AISubsystem (000001A4F1FB56C0), frame # 0
[2022.06.03-17.06.38:012][  0]LogAISub: UAISubsystem::UAISubsystem AIPerceptionSystem (000001A4F1EB11C0), frame # 0
[2022.06.03-17.06.38:024][  0]LogAISub: UAISubsystem::UAISubsystem EnvQueryManager (000001A4F1EF5C00), frame # 0
[2022.06.03-17.06.38:761][  0]LogPackageLocalizationCache: Processed 19 localized package path(s) for 2 prioritized culture(s) in 0.182551 seconds
[2022.06.03-17.06.38:782][  0]LogUObjectArray: 15917 objects as part of root set at end of initial load.
[2022.06.03-17.06.38:787][  0]LogUObjectAllocator: 3965568 out of 0 bytes used by permanent object pool.
[2022.06.03-17.06.38:787][  0]LogUObjectArray: CloseDisregardForGC: 0/0 objects in disregard for GC pool
[2022.06.03-17.06.44:618][  0]LogTcpMessaging: Initializing TcpMessaging bridge
[2022.06.03-17.06.44:674][  0]LogUdpMessaging: Initializing bridge on interface 0.0.0.0:0 to multicast group 230.0.0.1:6666.
[2022.06.03-17.06.45:750][  0]SourceControl: Controle de origem desativado
[2022.06.03-17.06.45:752][  0]SourceControl: Controle de origem desativado
[2022.06.03-17.06.45:887][  0]SourceControl: Controle de origem desativado
[2022.06.03-17.06.45:921][  0]SourceControl: Controle de origem desativado
[2022.06.03-17.06.45:999][  0]SourceControl: Controle de origem desativado
[2022.06.03-17.06.49:221][  0]LogAndroidPermission: UAndroidPermissionCallbackProxy::GetInstance
[2022.06.03-17.06.49:404][  0]LogAudioCaptureCore: Display: No Audio Capture implementations found. Audio input will be silent.
[2022.06.03-17.06.49:404][  0]LogAudioCaptureCore: Display: No Audio Capture implementations found. Audio input will be silent.
[2022.06.03-17.06.49:878][  0]LogOcInput: OculusInput pre-init called
[2022.06.03-17.06.50:026][  0]LogWindows: Failed to load 'OVRPlugin.dll' (GetLastError=126)
[2022.06.03-17.06.50:026][  0]LogWindows: File 'OVRPlugin.dll' does not exist
[2022.06.03-17.06.51:834][  0]LogEngine: Initializing Engine...
[2022.06.03-17.06.51:952][  0]LogHMD: Failed to initialize OpenVR with code 110
[2022.06.03-17.06.51:961][  0]LogMagicLeap: Warning: VR disabled because ZI is not enabled.  To enable, in the editor, Edit -> Project Settings -> Plugins -> Magic Leap Plugin -> Enable Zero Iteration
[2022.06.03-17.06.52:017][  0]LogStats: UGameplayTagsManager::InitializeManager -  0.019 s
[2022.06.03-17.06.52:694][  0]LogInit: Initializing FReadOnlyCVARCache
[2022.06.03-17.06.53:243][  0]LogAIModule: Creating AISystem for world Untitled
[2022.06.03-17.06.53:243][  0]LogAISub: UAISubsystem::UAISubsystem EnvQueryManager (000001A4FBE23C00), frame # 0
[2022.06.03-17.06.53:244][  0]LogAISub: UAISubsystem::UAISubsystem AIPerceptionSystem (000001A4FBE85440), frame # 0
[2022.06.03-17.06.53:447][  0]LogAudioMixer: Display: Audio Mixer Platform Settings:
[2022.06.03-17.06.53:447][  0]LogAudioMixer: Display: 	Sample Rate:						  48000
[2022.06.03-17.06.53:447][  0]LogAudioMixer: Display: 	Callback Buffer Frame Size Requested: 1024
[2022.06.03-17.06.53:447][  0]LogAudioMixer: Display: 	Callback Buffer Frame Size To Use:	  1024
[2022.06.03-17.06.53:447][  0]LogAudioMixer: Display: 	Number of buffers to queue:			  2
[2022.06.03-17.06.53:447][  0]LogAudioMixer: Display: 	Max Channels (voices):				  32
[2022.06.03-17.06.53:447][  0]LogAudioMixer: Display: 	Number of Async Source Workers:		  0
[2022.06.03-17.06.53:447][  0]LogAudio: Display: AudioDevice MaxSources: 32
[2022.06.03-17.06.53:450][  0]LogAudio: Display: Using built-in audio occlusion.
[2022.06.03-17.06.53:450][  0]LogAudioMixer: Display: Initializing audio mixer.
[2022.06.03-17.06.53:627][  0]LogAudioMixer: Display: 0: FrontLeft
[2022.06.03-17.06.53:627][  0]LogAudioMixer: Display: 1: FrontRight
[2022.06.03-17.06.53:669][  0]LogAudioMixer: Display: Using Audio Device SMART TV (NVIDIA High Definition Audio)
[2022.06.03-17.06.53:683][  0]LogAudioMixer: Display: Initializing Sound Submixes...
[2022.06.03-17.06.53:726][  0]LogAudioMixer: Display: Creating Master Submix 'MasterSubmixDefault'
[2022.06.03-17.06.53:735][  0]LogAudioMixer: Display: Creating Master Submix 'MasterReverbSubmixDefault'
[2022.06.03-17.06.53:762][  0]LogAudioMixer: Display: Creating Master Submix 'MasterEQSubmixDefault'
[2022.06.03-17.06.53:763][  0]LogInit: FAudioDevice initialized.
[2022.06.03-17.06.53:792][  0]LogNetVersion: Set ProjectVersion to 1.0.0.0. Version Checksum will be recalculated on next use.
[2022.06.03-17.06.53:911][  0]LogDerivedDataCache: Saved boot cache 0.12s 75MB C:/Users/erick/AppData/Local/UnrealEngine/4.25/DerivedDataCache/Boot.ddc.
[2022.06.03-17.06.53:913][  0]LogInit: Texture streaming: Enabled
[2022.06.03-17.06.54:228][  0]LogEngineSessionManager: EngineSessionManager initialized
[2022.06.03-17.06.54:229][  0]LogEngineSessionManager: EngineSessionManager sent abnormal shutdown report. Type=AbnormalShutdown, SessionId={960E760E-4BF3-8C7F-2E16-ECB3831AC2F1}
[2022.06.03-17.06.54:229][  0]LogEditorSessionSummary: Verbose: Initializing EditorSessionSummaryWriter for editor session tracking
[2022.06.03-17.06.54:263][  0]LogEditorSessionSummary: EditorSessionSummaryWriter initialized
[2022.06.03-17.06.54:571][  0]LogInit: Transaction tracking system initialized
[2022.06.03-17.06.54:959][  0]BlueprintLog: New page: Carregar Editor
[2022.06.03-17.06.56:625][  0]LocalizationService: Localization service is disabled
[2022.06.03-17.06.59:690][  0]LogFileCache: Scanning file cache for directory 'S:/projetos/rallyUE/Brally/Content/' took 0.03s
[2022.06.03-17.06.59:690][  0]LogCook: Display: Max memory allowance for cook 16384mb min free memory 0mb
[2022.06.03-17.06.59:690][  0]LogCook: Display: Mobile HDR setting 1
[2022.06.03-17.07.02:929][  0]SourceControl: Controle de origem desativado
[2022.06.03-17.07.02:936][  0]LogUnrealEdMisc: Loading editor; pre map load, took 74.691
[2022.06.03-17.07.02:958][  0]Cmd: MAP LOAD FILE="../../../../projetos/rallyUE/Brally/Content/StarterContent/Maps/Minimal_Default.umap" TEMPLATE=0 SHOWPROGRESS=1 FEATURELEVEL=3
[2022.06.03-17.07.02:960][  0]LogEditorServer: Warning: Can't find file '../../../../projetos/rallyUE/Brally/Content/StarterContent/Maps/Minimal_Default.umap'
[2022.06.03-17.07.02:968][  0]Cmd: MAP CHECKDEP NOCLEARLOG
[2022.06.03-17.07.02:994][  0]MapCheck: Map check complete: 0 Error(s), 0 Warning(s), took 24,947ms to complete.
[2022.06.03-17.07.03:000][  0]LogFileHelpers: Loading map 'Minimal_Default' took 0.047
[2022.06.03-17.07.04:210][  0]LogUnrealEdMisc: Total Editor Startup Time, took 75.965
[2022.06.03-17.07.04:853][  0]LogSlate: Updating window title bar state: overlay mode, drag disabled, window buttons hidden, title bar hidden
[2022.06.03-17.07.04:868][  0]LogSlate: Updating window title bar state: overlay mode, drag disabled, window buttons hidden, title bar hidden
[2022.06.03-17.07.04:878][  0]LogSlate: Updating window title bar state: overlay mode, drag disabled, window buttons hidden, title bar hidden
[2022.06.03-17.07.04:885][  0]LogSlate: Updating window title bar state: overlay mode, drag disabled, window buttons hidden, title bar hidden
[2022.06.03-17.07.04:946][  0]LogCollectionManager: Loaded 0 collections in 0.000736 seconds
[2022.06.03-17.07.05:085][  0]LogFileCache: Scanning file cache for directory 'S:/projetos/rallyUE/Brally/Saved/Collections/' took 0.00s
[2022.06.03-17.07.05:085][  0]LogFileCache: Scanning file cache for directory 'S:/projetos/rallyUE/Brally/Content/Developers/erick/Collections/' took 0.00s
[2022.06.03-17.07.05:085][  0]LogFileCache: Scanning file cache for directory 'S:/projetos/rallyUE/Brally/Content/Collections/' took 0.00s
[2022.06.03-17.07.05:085][  0]LogContentBrowser: Native class hierarchy populated in 0.0094 seconds. Added 3427 classes and 821 folders.
[2022.06.03-17.07.05:202][  0]LogContentBrowser: Native class hierarchy updated for 'WidgetCarousel' in 0.0004 seconds. Added 0 classes and 0 folders.
[2022.06.03-17.07.06:540][  0]LogContentBrowser: Native class hierarchy updated for 'AddContentDialog' in 0.0004 seconds. Added 0 classes and 0 folders.
[2022.06.03-17.07.06:601][  0]LogContentBrowser: Native class hierarchy updated for 'SceneOutliner' in 0.0003 seconds. Added 2 classes and 0 folders.
[2022.06.03-17.07.07:238][  0]LogSlate: Took 0.022479 seconds to synchronously load lazily loaded font '../../../Engine/Content/Slate/Fonts/Roboto-Regular.ttf' (155K)
[2022.06.03-17.07.07:289][  0]LogSlate: Took 0.025473 seconds to synchronously load lazily loaded font '../../../Engine/Content/Slate/Fonts/Roboto-Bold.ttf' (160K)
[2022.06.03-17.07.07:348][  0]LogSlate: Took 0.017125 seconds to synchronously load lazily loaded font '../../../Engine/Content/Editor/Slate/Fonts/FontAwesome.ttf' (139K)
[2022.06.03-17.07.07:962][  0]LogRenderer: Reallocating scene render targets to support 1208x572 Format 10 NumSamples 1 (Frame:1).
[2022.06.03-17.07.08:638][  0]LogContentBrowser: Native class hierarchy updated for 'HierarchicalLODOutliner' in 0.0004 seconds. Added 0 classes and 0 folders.
[2022.06.03-17.07.08:638][  0]LogLoad: (Engine Initialization) Total time: 80.39 seconds
[2022.06.03-17.07.08:638][  0]LogLoad: (Engine Initialization) Total Blueprint compile time: 0.00 seconds
[2022.06.03-17.07.09:181][  0]LogContentStreaming: Texture pool size now 1000 MB
[2022.06.03-17.07.09:618][  1]LogAssetRegistry: Asset discovery search completed in 50.8680 seconds
[2022.06.03-17.07.09:633][  1]LogCollectionManager: Fixed up redirectors for 0 collections in 0.001044 seconds (updated 0 objects)
[2022.06.03-17.07.09:925][  1]LogSlate: Took 0.031283 seconds to synchronously load lazily loaded font '../../../Engine/Content/Slate/Fonts/Roboto-Light.ttf' (167K)
[2022.06.03-17.07.10:150][  3]LogSlate: Took 0.000134 seconds to synchronously load lazily loaded font '../../../Engine/Content/Slate/Fonts/Roboto-Light.ttf' (167K)
[2022.06.03-17.07.37:982][593]LogAssetEditorSubsystem: Opening Asset editor for Blueprint /Game/Scripts/Carro.Carro
[2022.06.03-17.07.38:918][593]LogContentBrowser: Native class hierarchy updated for 'BlueprintGraph' in 0.0006 seconds. Added 125 classes and 0 folders.
[2022.06.03-17.07.40:627][593]LogAssetEditorSubsystem: Opening Asset editor for Blueprint /Game/Scripts/Roda.Roda
[2022.06.03-17.07.41:160][593]LogAssetEditorSubsystem: Opening Asset editor for WidgetBlueprint /Game/Menu/Menu.Menu
[2022.06.03-17.07.41:914][593]LogLinker: Warning: Falha ao carregar “{FileName}”: Não foi possível resolver o nome do ativo
[2022.06.03-17.07.42:748][593]LogSlate: Took 0.018877 seconds to synchronously load lazily loaded font '../../../Engine/Content/Slate/Fonts/Roboto-BoldCondensed.ttf' (158K)
[2022.06.03-17.09.18:744][962]LogSlate: Window 'Configurações do Projeto' being destroyed
[2022.06.03-17.09.19:991][ 62]LogSlate: Took 0.014868 seconds to synchronously load lazily loaded font '../../../Engine/Content/Slate/Fonts/Roboto-Italic.ttf' (157K)
[2022.06.03-17.09.37:303][555]LogFactory: FactoryCreateFile: Texture with ReimportTextureFactory (0 0 C:\Users\erick\Desktop\icon.png)
[2022.06.03-17.09.37:377][555]LogTexture: Display: Building textures: icon (AutoDXT, 256X256)
[2022.06.03-17.09.58:991][195]LogSlate: Window 'Configurações do Projeto' being destroyed
[2022.06.03-17.09.58:995][195]LogSlate: Window 'Configurações do Projeto' being destroyed
[2022.06.03-17.10.14:105][211]LogUObjectHash: Compacting FUObjectHashTables data took   4.01ms
[2022.06.03-17.10.15:679][211]LogSlate: Window 'Delete Assets' being destroyed
[2022.06.03-17.10.15:834][211]LogUObjectHash: Compacting FUObjectHashTables data took   3.99ms
[2022.06.03-17.10.43:302][485]LogSlate: Window 'Configurações do Projeto' being destroyed
[2022.06.03-17.10.43:305][485]LogSlate: Window 'Configurações do Projeto' being destroyed
[2022.06.03-17.12.48:379][464]LogAssetEditorSubsystem: Opening Asset editor for World /Game/mapa.mapa
[2022.06.03-17.12.48:494][464]LogUObjectHash: Compacting FUObjectHashTables data took   3.18ms
[2022.06.03-17.12.48:514][464]Cmd: MAP LOAD FILE="../../../../projetos/rallyUE/Brally/Content/mapa.umap" TEMPLATE=0 SHOWPROGRESS=1 FEATURELEVEL=3
[2022.06.03-17.12.48:516][464]LightingResults: New page: Compilação de Iluminação
[2022.06.03-17.12.48:530][464]LogContentBrowser: Native class hierarchy updated for 'StatsViewer' in 0.0003 seconds. Added 6 classes and 0 folders.
[2022.06.03-17.12.48:531][464]LoadErrors: New page: Carregando mapa: mapa.umap
[2022.06.03-17.12.48:552][464]LogWorld: UWorld::CleanupWorld for Untitled, bSessionEnded=true, bCleanupResources=true
[2022.06.03-17.12.48:602][464]LogSlate: InvalidateAllWidgets triggered.  All widgets were invalidated
[2022.06.03-17.12.48:626][464]MapCheck: New page: Verificação de Mapa
[2022.06.03-17.12.48:626][464]LightingResults: New page: Compilação de Iluminação
[2022.06.03-17.12.48:782][464]LogAISub: UAISubsystem::~UAISubsystem EnvQueryManager (000001A4FBE23C00), frame # 8464
[2022.06.03-17.12.48:783][464]LogAISub: UAISubsystem::~UAISubsystem AIPerceptionSystem (000001A4FBE85440), frame # 8464
[2022.06.03-17.12.48:796][464]LogUObjectHash: Compacting FUObjectHashTables data took   2.18ms
[2022.06.03-17.12.48:900][464]LogEditorServer: Finished looking for orphan Actors (0.000 secs)
[2022.06.03-17.12.48:900][464]LogAIModule: Creating AISystem for world mapa
[2022.06.03-17.12.48:900][464]LogAISub: UAISubsystem::UAISubsystem EnvQueryManager (000001A488955A00), frame # 8464
[2022.06.03-17.12.48:906][464]LogAISub: UAISubsystem::UAISubsystem AIPerceptionSystem (000001A4A40D07C0), frame # 8464
[2022.06.03-17.12.48:958][464]LogUObjectHash: Compacting FUObjectHashTables data took   3.04ms
[2022.06.03-17.12.48:995][464]Cmd: MAP CHECKDEP NOCLEARLOG
[2022.06.03-17.12.48:995][464]MapCheck: Map check complete: 0 Error(s), 0 Warning(s), took 0,096ms to complete.
[2022.06.03-17.12.48:995][464]LogFileHelpers: Loading map 'mapa' took 0.496
[2022.06.03-17.12.52:845][831]LogAssetEditorSubsystem: Opening Asset editor for World /Game/Menu/menuu.menuu
[2022.06.03-17.12.52:917][831]LogUObjectHash: Compacting FUObjectHashTables data took   3.63ms
[2022.06.03-17.12.52:918][831]Cmd: MAP LOAD FILE="../../../../projetos/rallyUE/Brally/Content/Menu/menuu.umap" TEMPLATE=0 SHOWPROGRESS=1 FEATURELEVEL=3
[2022.06.03-17.12.52:918][831]LightingResults: New page: Compilação de Iluminação
[2022.06.03-17.12.52:918][831]LoadErrors: New page: Carregando mapa: menuu.umap
[2022.06.03-17.12.52:926][831]LogWorld: UWorld::CleanupWorld for mapa, bSessionEnded=true, bCleanupResources=true
[2022.06.03-17.12.52:926][831]LogSlate: InvalidateAllWidgets triggered.  All widgets were invalidated
[2022.06.03-17.12.52:926][831]MapCheck: New page: Verificação de Mapa
[2022.06.03-17.12.52:926][831]LightingResults: New page: Compilação de Iluminação
[2022.06.03-17.12.53:012][831]LogAISub: UAISubsystem::~UAISubsystem AIPerceptionSystem (000001A4A40D07C0), frame # 8831
[2022.06.03-17.12.53:012][831]LogAISub: UAISubsystem::~UAISubsystem EnvQueryManager (000001A488955A00), frame # 8831
[2022.06.03-17.12.53:077][831]LogUObjectHash: Compacting FUObjectHashTables data took   2.57ms
[2022.06.03-17.12.53:089][831]LogEditorServer: Finished looking for orphan Actors (0.000 secs)
[2022.06.03-17.12.53:089][831]LogAIModule: Creating AISystem for world menuu
[2022.06.03-17.12.53:089][831]LogAISub: UAISubsystem::UAISubsystem EnvQueryManager (000001A488957000), frame # 8831
[2022.06.03-17.12.53:089][831]LogAISub: UAISubsystem::UAISubsystem AIPerceptionSystem (000001A49D758680), frame # 8831
[2022.06.03-17.12.53:117][831]LogUObjectHash: Compacting FUObjectHashTables data took   2.09ms
[2022.06.03-17.12.53:134][831]Cmd: MAP CHECKDEP NOCLEARLOG
[2022.06.03-17.12.53:134][831]MapCheck: Map check complete: 0 Error(s), 0 Warning(s), took 0,089ms to complete.
[2022.06.03-17.12.53:134][831]LogFileHelpers: Loading map 'menuu' took 0.215
[2022.06.03-17.12.54:253][952]LogTemp: Repeating last play command: Selected Viewport
[2022.06.03-17.12.54:360][952]LogPlayLevel: PlayLevel: No blueprints needed recompiling
[2022.06.03-17.12.54:372][952]PIE: New page: Sessão de PIE : menuu (3 de jun de 2022 11:12:54)
[2022.06.03-17.12.54:428][952]LogOnline: OSS: Creating online subsystem instance for: NULL
[2022.06.03-17.12.54:430][952]LogOnline: OSS: TryLoadSubsystemAndSetDefault: Loaded subsystem for module [NULL]
[2022.06.03-17.12.54:443][952]LogPlayLevel: Creating play world package: /Game/Menu/UEDPIE_0_menuu
[2022.06.03-17.12.54:467][952]LogPlayLevel: PIE: StaticDuplicateObject took: (0.024426s)
[2022.06.03-17.12.54:479][952]LogAIModule: Creating AISystem for world menuu
[2022.06.03-17.12.54:479][952]LogAISub: UAISubsystem::UAISubsystem EnvQueryManager (000001A488957600), frame # 8952
[2022.06.03-17.12.54:479][952]LogAISub: UAISubsystem::UAISubsystem AIPerceptionSystem (000001A541929F80), frame # 8952
[2022.06.03-17.12.54:479][952]LogPlayLevel: PIE: World Init took: (0.011508s)
[2022.06.03-17.12.54:480][952]LogPlayLevel: PIE: Created PIE world by copying editor world from /Game/Menu/menuu.menuu to /Game/Menu/UEDPIE_0_menuu.menuu (0.036828s)
[2022.06.03-17.12.54:508][952]LogUObjectHash: Compacting FUObjectHashTables data took   2.73ms
[2022.06.03-17.12.54:510][952]LogAudioMixer: Display: Audio Mixer Platform Settings:
[2022.06.03-17.12.54:510][952]LogAudioMixer: Display: 	Sample Rate:						  48000
[2022.06.03-17.12.54:510][952]LogAudioMixer: Display: 	Callback Buffer Frame Size Requested: 1024
[2022.06.03-17.12.54:510][952]LogAudioMixer: Display: 	Callback Buffer Frame Size To Use:	  1024
[2022.06.03-17.12.54:510][952]LogAudioMixer: Display: 	Number of buffers to queue:			  2
[2022.06.03-17.12.54:510][952]LogAudioMixer: Display: 	Max Channels (voices):				  32
[2022.06.03-17.12.54:510][952]LogAudioMixer: Display: 	Number of Async Source Workers:		  0
[2022.06.03-17.12.54:510][952]LogAudio: Display: AudioDevice MaxSources: 32
[2022.06.03-17.12.54:511][952]LogAudio: Display: Using built-in audio occlusion.
[2022.06.03-17.12.54:511][952]LogAudioMixer: Display: Initializing audio mixer.
[2022.06.03-17.12.54:527][952]LogAudioMixer: Display: 0: FrontLeft
[2022.06.03-17.12.54:527][952]LogAudioMixer: Display: 1: FrontRight
[2022.06.03-17.12.54:553][952]LogAudioMixer: Display: Using Audio Device SMART TV (NVIDIA High Definition Audio)
[2022.06.03-17.12.54:553][952]LogAudioMixer: Display: Initializing Sound Submixes...
[2022.06.03-17.12.54:553][952]LogAudioMixer: Display: Creating Master Submix 'MasterSubmixDefault'
[2022.06.03-17.12.54:553][952]LogAudioMixer: Display: Creating Master Submix 'MasterReverbSubmixDefault'
[2022.06.03-17.12.54:554][952]LogAudioMixer: Display: Creating Master Submix 'MasterEQSubmixDefault'
[2022.06.03-17.12.54:576][952]LogInit: FAudioDevice initialized.
[2022.06.03-17.12.54:608][952]LogLoad: Game class is 'GameModeBase'
[2022.06.03-17.12.54:609][952]LogWorld: Bringing World /Game/Menu/UEDPIE_0_menuu.menuu up for play (max tick rate 0) at 2022.06.03-14.12.54
[2022.06.03-17.12.54:611][952]LogWorld: Bringing up level for play took: 0.001519
[2022.06.03-17.12.54:612][952]LogOnline: OSS: Creating online subsystem instance for: :Context_7
[2022.06.03-17.12.54:699][952]LogContentBrowser: Native class hierarchy updated for 'MovieSceneCapture' in 0.0003 seconds. Added 20 classes and 0 folders.
[2022.06.03-17.12.54:832][952]PIE: Servidor conectado
[2022.06.03-17.12.54:834][952]PIE: Play in editor total start time 0,562 seconds.
[2022.06.03-17.12.59:872][482]LogSlate: Updating window title bar state: overlay mode, drag disabled, window buttons hidden, title bar hidden
[2022.06.03-17.12.59:872][482]LogWorld: BeginTearingDown for /Game/Menu/UEDPIE_0_menuu
[2022.06.03-17.12.59:909][482]LogWorld: UWorld::CleanupWorld for menuu, bSessionEnded=true, bCleanupResources=true
[2022.06.03-17.12.59:909][482]LogSlate: InvalidateAllWidgets triggered.  All widgets were invalidated
[2022.06.03-17.12.59:936][482]LogPlayLevel: Display: Shutting down PIE online subsystems
[2022.06.03-17.12.59:948][482]LogSlate: InvalidateAllWidgets triggered.  All widgets were invalidated
[2022.06.03-17.12.59:990][482]LogSlate: Updating window title bar state: overlay mode, drag disabled, window buttons hidden, title bar hidden
[2022.06.03-17.13.00:103][482]LogAISub: UAISubsystem::~UAISubsystem AIPerceptionSystem (000001A541929F80), frame # 9482
[2022.06.03-17.13.00:103][482]LogAISub: UAISubsystem::~UAISubsystem EnvQueryManager (000001A488957600), frame # 9482
[2022.06.03-17.13.00:146][482]LogUObjectHash: Compacting FUObjectHashTables data took   3.32ms
[2022.06.03-17.13.00:172][483]LogPlayLevel: Display: Destroying online subsystem :Context_7
[2022.06.03-17.33.23:551][518]LogAudioMixer: Warning: Changing default audio render device to new device: {0.0.0.00000000}.{caee3c3d-3311-4d61-b0c7-e36e793bca3b}.
[2022.06.03-17.33.25:015][518]LogTemp: Resetting audio stream to device id 
[2022.06.03-17.33.25:065][518]LogAudioMixer: Display: 0: FrontLeft
[2022.06.03-17.33.25:065][518]LogAudioMixer: Display: 1: FrontRight
[2022.06.03-17.33.25:684][521]LogAudioMixer: Display: Audio Buffer Underrun detected.
