Log file open, 05/21/22 21:27:44
LogWindows: Failed to load 'aqProf.dll' (GetLastError=126)
LogWindows: File 'aqProf.dll' does not exist
LogWindows: Failed to load 'VtuneApi.dll' (GetLastError=126)
LogWindows: File 'VtuneApi.dll' does not exist
LogWindows: Failed to load 'VtuneApi32e.dll' (GetLastError=126)
LogWindows: File 'VtuneApi32e.dll' does not exist
LogConsoleResponse: Display: Failed to find resolution value strings in scalability ini. Falling back to default.
LogConsoleResponse: Display: Failed to find resolution value strings in scalability ini. Falling back to default.
LogInit: Display: Running engine for game: brally
LogPlatformFile: Not using cached read wrapper
LogTaskGraph: Started task graph with 5 named threads and 11 total threads with 3 sets of task threads.
LogStats: Stats thread started at 11.615625
LogICUInternationalization: ICU TimeZone Detection - Raw Offset: -3:00, Platform Override: ''
LogInit: Display: Loading text-based GConfig....
LogPluginManager: Mounting plugin MeshPainting
LogPluginManager: Mounting plugin XGEController
LogPluginManager: Mounting plugin AISupport
LogPluginManager: Mounting plugin EnvironmentQueryEditor
LogPluginManager: Mounting plugin LiveLink
LogPluginManager: Mounting plugin Paper2D
LogPluginManager: Mounting plugin LightPropagationVolume
LogPluginManager: Mounting plugin CameraShakePreviewer
LogPluginManager: Mounting plugin GameplayCameras
LogPluginManager: Mounting plugin OodleData
LogPluginManager: Mounting plugin OodleNetwork
LogPluginManager: Mounting plugin AssetManagerEditor
LogPluginManager: Mounting plugin CryptoKeys
LogPluginManager: Mounting plugin CurveEditorTools
LogPluginManager: Mounting plugin DataValidation
LogPluginManager: Mounting plugin FacialAnimation
LogPluginManager: Mounting plugin GameplayTagsEditor
LogPluginManager: Mounting plugin MaterialAnalyzer
LogPluginManager: Mounting plugin MacGraphicsSwitching
LogPluginManager: Mounting plugin MobileLauncherProfileWizard
LogPluginManager: Mounting plugin SpeedTreeImporter
LogPluginManager: Mounting plugin GeometryMode
LogPluginManager: Mounting plugin PluginBrowser
LogPluginManager: Mounting plugin DatasmithContent
LogPluginManager: Mounting plugin VariantManagerContent
LogPluginManager: Mounting plugin AnimationSharing
LogPluginManager: Mounting plugin CodeLiteSourceCodeAccess
LogPluginManager: Mounting plugin CLionSourceCodeAccess
LogPluginManager: Mounting plugin GitSourceControl
LogPluginManager: Mounting plugin KDevelopSourceCodeAccess
LogPluginManager: Mounting plugin PerforceSourceControl
LogPluginManager: Mounting plugin NullSourceCodeAccess
LogPluginManager: Mounting plugin PlasticSourceControl
LogPluginManager: Mounting plugin PropertyAccessNode
LogPluginManager: Mounting plugin PluginUtils
LogPluginManager: Mounting plugin PixWinPlugin
LogPluginManager: Mounting plugin TextureFormatOodle
LogPluginManager: Mounting plugin RiderSourceCodeAccess
LogPluginManager: Mounting plugin SubversionSourceControl
LogPluginManager: Mounting plugin VisualStudioSourceCodeAccess
LogPluginManager: Mounting plugin UObjectPlugin
LogPluginManager: Mounting plugin VisualStudioCodeSourceCodeAccess
LogPluginManager: Mounting plugin AlembicImporter
LogPluginManager: Mounting plugin XCodeSourceCodeAccess
LogPluginManager: Mounting plugin BackChannel
LogPluginManager: Mounting plugin AutomationUtils
LogPluginManager: Mounting plugin Niagara
LogPluginManager: Mounting plugin ChaosCloth
LogPluginManager: Mounting plugin ChaosEditor
LogPluginManager: Mounting plugin ChaosClothEditor
LogPluginManager: Mounting plugin ChaosSolverPlugin
LogPluginManager: Mounting plugin CharacterAI
LogPluginManager: Mounting plugin ChaosNiagara
LogPluginManager: Mounting plugin GeometryCache
LogPluginManager: Mounting plugin LuminPlatformFeatures
LogPluginManager: Mounting plugin GeometryCollectionPlugin
LogPluginManager: Mounting plugin MagicLeap
LogPluginManager: Mounting plugin MagicLeapMedia
LogPluginManager: Mounting plugin MagicLeapLightEstimation
LogPluginManager: Mounting plugin MagicLeapPassableWorld
LogPluginManager: Mounting plugin MLSDK
LogPluginManager: Mounting plugin AndroidMedia
LogPluginManager: Mounting plugin AvfMedia
LogPluginManager: Mounting plugin MediaCompositing
LogPluginManager: Mounting plugin ImgMedia
LogPluginManager: Mounting plugin MediaPlayerEditor
LogPluginManager: Mounting plugin WebMMedia
LogPluginManager: Mounting plugin WmfMedia
LogPluginManager: Mounting plugin TcpMessaging
LogPluginManager: Mounting plugin UdpMessaging
LogPluginManager: Mounting plugin GeometryProcessing
LogPluginManager: Mounting plugin OpenImageDenoise
LogPluginManager: Mounting plugin MotoSynth
LogPluginManager: Mounting plugin PlatformCrypto
LogPluginManager: Mounting plugin ProxyLODPlugin
LogPluginManager: Mounting plugin PlanarCut
LogPluginManager: Mounting plugin PythonScriptPlugin
LogPluginManager: Mounting plugin SkeletalReduction
LogPluginManager: Mounting plugin ActorSequence
LogPluginManager: Mounting plugin LevelSequenceEditor
LogPluginManager: Mounting plugin MatineeToLevelSequence
LogPluginManager: Mounting plugin TemplateSequence
LogPluginManager: Mounting plugin OnlineSubsystem
LogPluginManager: Mounting plugin OnlineSubsystemNull
LogPluginManager: Mounting plugin OnlineSubsystemUtils
LogPluginManager: Mounting plugin LauncherChunkInstaller
LogPluginManager: Mounting plugin ActorLayerUtilities
LogPluginManager: Mounting plugin AndroidMoviePlayer
LogPluginManager: Mounting plugin AndroidPermission
LogPluginManager: Mounting plugin AppleImageUtils
LogPluginManager: Mounting plugin AppleMoviePlayer
LogPluginManager: Mounting plugin AndroidDeviceProfileSelector
LogPluginManager: Mounting plugin ArchVisCharacter
LogPluginManager: Mounting plugin AssetTags
LogPluginManager: Mounting plugin AudioCapture
LogPluginManager: Mounting plugin AudioSynesthesia
LogPluginManager: Mounting plugin CableComponent
LogPluginManager: Mounting plugin ChunkDownloader
LogPluginManager: Mounting plugin CustomMeshComponent
LogPluginManager: Mounting plugin EditableMesh
LogPluginManager: Mounting plugin ExampleDeviceProfileSelector
LogPluginManager: Mounting plugin GoogleCloudMessaging
LogPluginManager: Mounting plugin GooglePAD
LogPluginManager: Mounting plugin ScreenshotTools
LogPluginManager: Mounting plugin IOSDeviceProfileSelector
LogPluginManager: Mounting plugin LinuxDeviceProfileSelector
LogPluginManager: Mounting plugin LocationServicesBPLibrary
LogPluginManager: Mounting plugin MobilePatchingUtils
LogPluginManager: Mounting plugin OpenXR
LogPluginManager: Mounting plugin OpenXREyeTracker
LogPluginManager: Mounting plugin OpenXRHandTracking
LogPluginManager: Mounting plugin PostSplashScreen
LogPluginManager: Mounting plugin PhysXVehicles
LogPluginManager: Mounting plugin ProceduralMeshComponent
LogPluginManager: Mounting plugin RuntimePhysXCooking
LogPluginManager: Mounting plugin SignificanceManager
LogPluginManager: Mounting plugin PropertyAccessEditor
LogPluginManager: Mounting plugin SoundFields
LogPluginManager: Mounting plugin Synthesis
LogPluginManager: Mounting plugin WebMMoviePlayer
LogPluginManager: Mounting plugin WindowsMoviePlayer
LogPluginManager: Mounting plugin Takes
LogPluginManager: Mounting plugin ContentBrowserAssetDataSource
LogPluginManager: Mounting plugin ContentBrowserClassDataSource
LogPluginManager: Mounting plugin ContentBrowserFileDataSource
LogPluginManager: Mounting plugin OnlineSubsystemGooglePlay
LogPluginManager: Mounting plugin OnlineSubsystemIOS
LogPluginManager: Mounting plugin OculusVR
LogPluginManager: Mounting plugin SteamVR
PixWinPlugin: PIX capture plugin failed to initialize! Check that the process is launched from PIX.
LogInit: Using libcurl 7.55.1-DEV
LogInit:  - built for x86_64-pc-win32
LogInit:  - supports SSL with OpenSSL/1.1.1
LogInit:  - supports HTTP deflate (compression) using libz 1.2.8
LogInit:  - other features:
LogInit:      CURL_VERSION_SSL
LogInit:      CURL_VERSION_LIBZ
LogInit:      CURL_VERSION_IPV6
LogInit:      CURL_VERSION_ASYNCHDNS
LogInit:      CURL_VERSION_LARGEFILE
LogInit:      CURL_VERSION_IDN
LogInit:  CurlRequestOptions (configurable via config and command line):
LogInit:  - bVerifyPeer = true  - Libcurl will verify peer certificate
LogInit:  - bUseHttpProxy = false  - Libcurl will NOT use HTTP proxy
LogInit:  - bDontReuseConnections = false  - Libcurl will reuse connections
LogInit:  - MaxHostConnections = 16  - Libcurl will limit the number of connections to a host
LogInit:  - LocalHostAddr = Default
LogInit:  - BufferSize = 65536
LogOnline: OSS: Creating online subsystem instance for: NULL
LogInit: WinSock: version 1.1 (2.2), MaxSocks=32767, MaxUdp=65467
LogOnline: OSS: TryLoadSubsystemAndSetDefault: Loaded subsystem for module [NULL]
LogOculusPluginWrapper: OculusPlugin initialized successfully
LogHMD: Failed initializing OVRPlugin 1.59.0
LogInit: Build: ++UE4+Release-4.27-CL-18319896
LogInit: Engine Version: 4.27.2-18319896+++UE4+Release-4.27
LogInit: Compatible Engine Version: 4.27.0-17155196+++UE4+Release-4.27
LogInit: Net CL: 17155196
LogInit: OS: Windows 10 (Release 2009) (), CPU: Intel(R) Pentium(R) CPU G4600 @ 3.60GHz, GPU: NVIDIA GeForce GTX 750 Ti
LogInit: Compiled (64-bit): Nov 30 2021 07:12:08
LogInit: Compiled with Visual C++: 19.24.28315.00
LogInit: Build Configuration: Development
LogInit: Branch Name: ++UE4+Release-4.27
LogInit: Command Line: 
LogInit: Base Directory: D:/EPIC/UE_4.27/Engine/Binaries/Win64/
LogInit: Allocator: TBB
LogInit: Installed Engine Build: 1
LogDevObjectVersion: Number of dev versions registered: 29
LogDevObjectVersion:   Dev-Blueprints (B0D832E4-1F89-4F0D-ACCF-7EB736FD4AA2): 10
LogDevObjectVersion:   Dev-Build (E1C64328-A22C-4D53-A36C-8E866417BD8C): 0
LogDevObjectVersion:   Dev-Core (375EC13C-06E4-48FB-B500-84F0262A717E): 4
LogDevObjectVersion:   Dev-Editor (E4B068ED-F494-42E9-A231-DA0B2E46BB41): 40
LogDevObjectVersion:   Dev-Framework (CFFC743F-43B0-4480-9391-14DF171D2073): 37
LogDevObjectVersion:   Dev-Mobile (B02B49B5-BB20-44E9-A304-32B752E40360): 3
LogDevObjectVersion:   Dev-Networking (A4E4105C-59A1-49B5-A7C5-40C4547EDFEE): 0
LogDevObjectVersion:   Dev-Online (39C831C9-5AE6-47DC-9A44-9C173E1C8E7C): 0
LogDevObjectVersion:   Dev-Physics (78F01B33-EBEA-4F98-B9B4-84EACCB95AA2): 14
LogDevObjectVersion:   Dev-Platform (6631380F-2D4D-43E0-8009-CF276956A95A): 0
LogDevObjectVersion:   Dev-Rendering (12F88B9F-8875-4AFC-A67C-D90C383ABD29): 45
LogDevObjectVersion:   Dev-Sequencer (7B5AE74C-D270-4C10-A958-57980B212A5A): 13
LogDevObjectVersion:   Dev-VR (D7296918-1DD6-4BDD-9DE2-64A83CC13884): 3
LogDevObjectVersion:   Dev-LoadTimes (C2A15278-BFE7-4AFE-6C17-90FF531DF755): 1
LogDevObjectVersion:   Private-Geometry (6EACA3D4-40EC-4CC1-B786-8BED09428FC5): 3
LogDevObjectVersion:   Dev-AnimPhys (29E575DD-E0A3-4627-9D10-D276232CDCEA): 17
LogDevObjectVersion:   Dev-Anim (AF43A65D-7FD3-4947-9873-3E8ED9C1BB05): 15
LogDevObjectVersion:   Dev-ReflectionCapture (6B266CEC-1EC7-4B8F-A30B-E4D90942FC07): 1
LogDevObjectVersion:   Dev-Automation (0DF73D61-A23F-47EA-B727-89E90C41499A): 1
LogDevObjectVersion:   FortniteMain (601D1886-AC64-4F84-AA16-D3DE0DEAC7D6): 47
LogDevObjectVersion:   FortniteRelease (E7086368-6B23-4C58-8439-1B7016265E91): 1
LogDevObjectVersion:   Dev-Enterprise (9DFFBCD6-494F-0158-E221-12823C92A888): 10
LogDevObjectVersion:   Dev-Niagara (F2AED0AC-9AFE-416F-8664-AA7FFA26D6FC): 1
LogDevObjectVersion:   Dev-Destruction (174F1F0B-B4C6-45A5-B13F-2EE8D0FB917D): 10
LogDevObjectVersion:   Dev-Physics-Ext (35F94A83-E258-406C-A318-09F59610247C): 41
LogDevObjectVersion:   Dev-PhysicsMaterial-Chaos (B68FC16E-8B1B-42E2-B453-215C058844FE): 1
LogDevObjectVersion:   Dev-CineCamera (B2E18506-4273-CFC2-A54E-F4BB758BBA07): 1
LogDevObjectVersion:   Dev-VirtualProduction (64F58936-FD1B-42BA-BA96-7289D5D0FA4E): 1
LogDevObjectVersion:   Dev-MediaFramework (6F0ED827-A609-4895-9C91-998D90180EA4): 2
LogInit: Presizing for max 25165824 objects, including 0 objects not considered by GC, pre-allocating 0 bytes for permanent pool.
LogConfig: Applying CVar settings from Section [/Script/Engine.StreamingSettings] File [S:/projetos/rallyUE/brally/Saved/Config/Windows/Engine.ini]
LogConfig: Setting CVar [[s.MinBulkDataSizeForAsyncLoading:131072]]
LogConfig: Setting CVar [[s.AsyncLoadingThreadEnabled:0]]
LogConfig: Setting CVar [[s.EventDrivenLoaderEnabled:1]]
LogConfig: Setting CVar [[s.WarnIfTimeLimitExceeded:0]]
LogConfig: Setting CVar [[s.TimeLimitExceededMultiplier:1.5]]
LogConfig: Setting CVar [[s.TimeLimitExceededMinTime:0.005]]
LogConfig: Setting CVar [[s.UseBackgroundLevelStreaming:1]]
LogConfig: Setting CVar [[s.PriorityAsyncLoadingExtraTime:15.0]]
LogConfig: Setting CVar [[s.LevelStreamingActorsUpdateTimeLimit:5.0]]
LogConfig: Setting CVar [[s.PriorityLevelStreamingActorsUpdateExtraTime:5.0]]
LogConfig: Setting CVar [[s.LevelStreamingComponentsRegistrationGranularity:10]]
LogConfig: Setting CVar [[s.UnregisterComponentsTimeLimit:1.0]]
LogConfig: Setting CVar [[s.LevelStreamingComponentsUnregistrationGranularity:5]]
LogConfig: Setting CVar [[s.FlushStreamingOnExit:1]]
LogInit: Object subsystem initialized
LogConfig: Setting CVar [[con.DebugEarlyDefault:1]]
LogConfig: Setting CVar [[r.setres:1280x720]]
[2022.05.22-00.27.51:264][  0]LogConfig: Setting CVar [[r.VSync:0]]
[2022.05.22-00.27.51:264][  0]LogConfig: Setting CVar [[r.RHICmdBypass:0]]
[2022.05.22-00.27.51:265][  0]LogConfig: Applying CVar settings from Section [/Script/Engine.RendererSettings] File [S:/projetos/rallyUE/brally/Saved/Config/Windows/Engine.ini]
[2022.05.22-00.27.51:265][  0]LogConfig: Setting CVar [[r.GPUCrashDebugging:0]]
[2022.05.22-00.27.51:265][  0]LogConfig: Applying CVar settings from Section [/Script/Engine.RendererOverrideSettings] File [S:/projetos/rallyUE/brally/Saved/Config/Windows/Engine.ini]
[2022.05.22-00.27.51:265][  0]LogConfig: Applying CVar settings from Section [/Script/Engine.StreamingSettings] File [S:/projetos/rallyUE/brally/Saved/Config/Windows/Engine.ini]
[2022.05.22-00.27.51:265][  0]LogConfig: Setting CVar [[s.MinBulkDataSizeForAsyncLoading:131072]]
[2022.05.22-00.27.51:265][  0]LogConfig: Setting CVar [[s.AsyncLoadingThreadEnabled:0]]
[2022.05.22-00.27.51:265][  0]LogConfig: Setting CVar [[s.EventDrivenLoaderEnabled:1]]
[2022.05.22-00.27.51:265][  0]LogConfig: Setting CVar [[s.WarnIfTimeLimitExceeded:0]]
[2022.05.22-00.27.51:265][  0]LogConfig: Setting CVar [[s.TimeLimitExceededMultiplier:1.5]]
[2022.05.22-00.27.51:265][  0]LogConfig: Setting CVar [[s.TimeLimitExceededMinTime:0.005]]
[2022.05.22-00.27.51:265][  0]LogConfig: Setting CVar [[s.UseBackgroundLevelStreaming:1]]
[2022.05.22-00.27.51:265][  0]LogConfig: Setting CVar [[s.PriorityAsyncLoadingExtraTime:15.0]]
[2022.05.22-00.27.51:265][  0]LogConfig: Setting CVar [[s.LevelStreamingActorsUpdateTimeLimit:5.0]]
[2022.05.22-00.27.51:265][  0]LogConfig: Setting CVar [[s.PriorityLevelStreamingActorsUpdateExtraTime:5.0]]
[2022.05.22-00.27.51:265][  0]LogConfig: Setting CVar [[s.LevelStreamingComponentsRegistrationGranularity:10]]
[2022.05.22-00.27.51:265][  0]LogConfig: Setting CVar [[s.UnregisterComponentsTimeLimit:1.0]]
[2022.05.22-00.27.51:265][  0]LogConfig: Setting CVar [[s.LevelStreamingComponentsUnregistrationGranularity:5]]
[2022.05.22-00.27.51:265][  0]LogConfig: Setting CVar [[s.FlushStreamingOnExit:1]]
[2022.05.22-00.27.51:265][  0]LogConfig: Applying CVar settings from Section [/Script/Engine.GarbageCollectionSettings] File [S:/projetos/rallyUE/brally/Saved/Config/Windows/Engine.ini]
[2022.05.22-00.27.51:265][  0]LogConfig: Setting CVar [[gc.MaxObjectsNotConsideredByGC:1]]
[2022.05.22-00.27.51:265][  0]LogConfig: Setting CVar [[gc.SizeOfPermanentObjectPool:0]]
[2022.05.22-00.27.51:265][  0]LogConfig: Setting CVar [[gc.FlushStreamingOnGC:0]]
[2022.05.22-00.27.51:265][  0]LogConfig: Setting CVar [[gc.NumRetriesBeforeForcingGC:10]]
[2022.05.22-00.27.51:265][  0]LogConfig: Setting CVar [[gc.AllowParallelGC:1]]
[2022.05.22-00.27.51:265][  0]LogConfig: Setting CVar [[gc.TimeBetweenPurgingPendingKillObjects:61.1]]
[2022.05.22-00.27.51:265][  0]LogConfig: Setting CVar [[gc.MaxObjectsInEditor:25165824]]
[2022.05.22-00.27.51:265][  0]LogConfig: Setting CVar [[gc.IncrementalBeginDestroyEnabled:1]]
[2022.05.22-00.27.51:265][  0]LogConfig: Setting CVar [[gc.CreateGCClusters:1]]
[2022.05.22-00.27.51:265][  0]LogConfig: Setting CVar [[gc.MinGCClusterSize:5]]
[2022.05.22-00.27.51:265][  0]LogConfig: Setting CVar [[gc.ActorClusteringEnabled:0]]
[2022.05.22-00.27.51:265][  0]LogConfig: Setting CVar [[gc.BlueprintClusteringEnabled:0]]
[2022.05.22-00.27.51:265][  0]LogConfig: Setting CVar [[gc.UseDisregardForGCOnDedicatedServers:0]]
[2022.05.22-00.27.51:265][  0]LogConfig: Setting CVar [[gc.MultithreadedDestructionEnabled:1]]
[2022.05.22-00.27.51:265][  0]LogConfig: Applying CVar settings from Section [/Script/Engine.NetworkSettings] File [S:/projetos/rallyUE/brally/Saved/Config/Windows/Engine.ini]
[2022.05.22-00.27.51:265][  0]LogConfig: Applying CVar settings from Section [/Script/UnrealEd.CookerSettings] File [S:/projetos/rallyUE/brally/Saved/Config/Windows/Engine.ini]
[2022.05.22-00.27.51:327][  0]LogConfig: Applying CVar settings from Section [ViewDistanceQuality@3] File [S:/projetos/rallyUE/brally/Saved/Config/Windows/Scalability.ini]
[2022.05.22-00.27.51:327][  0]LogConfig: Setting CVar [[r.SkeletalMeshLODBias:0]]
[2022.05.22-00.27.51:327][  0]LogConfig: Setting CVar [[r.ViewDistanceScale:1.0]]
[2022.05.22-00.27.51:327][  0]LogConfig: Applying CVar settings from Section [AntiAliasingQuality@3] File [S:/projetos/rallyUE/brally/Saved/Config/Windows/Scalability.ini]
[2022.05.22-00.27.51:327][  0]LogConfig: Setting CVar [[r.PostProcessAAQuality:4]]
[2022.05.22-00.27.51:327][  0]LogConfig: Applying CVar settings from Section [ShadowQuality@3] File [S:/projetos/rallyUE/brally/Saved/Config/Windows/Scalability.ini]
[2022.05.22-00.27.51:327][  0]LogConfig: Setting CVar [[r.LightFunctionQuality:1]]
[2022.05.22-00.27.51:327][  0]LogConfig: Setting CVar [[r.ShadowQuality:5]]
[2022.05.22-00.27.51:327][  0]LogConfig: Setting CVar [[r.Shadow.CSM.MaxCascades:10]]
[2022.05.22-00.27.51:327][  0]LogConfig: Setting CVar [[r.Shadow.MaxResolution:2048]]
[2022.05.22-00.27.51:327][  0]LogConfig: Setting CVar [[r.Shadow.MaxCSMResolution:2048]]
[2022.05.22-00.27.51:327][  0]LogConfig: Setting CVar [[r.Shadow.RadiusThreshold:0.01]]
[2022.05.22-00.27.51:327][  0]LogConfig: Setting CVar [[r.Shadow.DistanceScale:1.0]]
[2022.05.22-00.27.51:327][  0]LogConfig: Setting CVar [[r.Shadow.CSM.TransitionScale:1.0]]
[2022.05.22-00.27.51:327][  0]LogConfig: Setting CVar [[r.Shadow.PreShadowResolutionFactor:1.0]]
[2022.05.22-00.27.51:327][  0]LogConfig: Setting CVar [[r.DistanceFieldShadowing:1]]
[2022.05.22-00.27.51:327][  0]LogConfig: Setting CVar [[r.DistanceFieldAO:1]]
[2022.05.22-00.27.51:327][  0]LogConfig: Setting CVar [[r.AOQuality:2]]
[2022.05.22-00.27.51:327][  0]LogConfig: Setting CVar [[r.VolumetricFog:1]]
[2022.05.22-00.27.51:327][  0]LogConfig: Setting CVar [[r.VolumetricFog.GridPixelSize:8]]
[2022.05.22-00.27.51:327][  0]LogConfig: Setting CVar [[r.VolumetricFog.GridSizeZ:128]]
[2022.05.22-00.27.51:327][  0]LogConfig: Setting CVar [[r.VolumetricFog.HistoryMissSupersampleCount:4]]
[2022.05.22-00.27.51:327][  0]LogConfig: Setting CVar [[r.LightMaxDrawDistanceScale:1]]
[2022.05.22-00.27.51:327][  0]LogConfig: Setting CVar [[r.CapsuleShadows:1]]
[2022.05.22-00.27.51:327][  0]LogConfig: Applying CVar settings from Section [PostProcessQuality@3] File [S:/projetos/rallyUE/brally/Saved/Config/Windows/Scalability.ini]
[2022.05.22-00.27.51:327][  0]LogConfig: Setting CVar [[r.MotionBlurQuality:4]]
[2022.05.22-00.27.51:327][  0]LogConfig: Setting CVar [[r.AmbientOcclusionMipLevelFactor:0.4]]
[2022.05.22-00.27.51:327][  0]LogConfig: Setting CVar [[r.AmbientOcclusionMaxQuality:100]]
[2022.05.22-00.27.51:327][  0]LogConfig: Setting CVar [[r.AmbientOcclusionLevels:-1]]
[2022.05.22-00.27.51:327][  0]LogConfig: Setting CVar [[r.AmbientOcclusionRadiusScale:1.0]]
[2022.05.22-00.27.51:327][  0]LogConfig: Setting CVar [[r.DepthOfFieldQuality:2]]
[2022.05.22-00.27.51:327][  0]LogConfig: Setting CVar [[r.RenderTargetPoolMin:400]]
[2022.05.22-00.27.51:327][  0]LogConfig: Setting CVar [[r.LensFlareQuality:2]]
[2022.05.22-00.27.51:327][  0]LogConfig: Setting CVar [[r.SceneColorFringeQuality:1]]
[2022.05.22-00.27.51:327][  0]LogConfig: Setting CVar [[r.EyeAdaptationQuality:2]]
[2022.05.22-00.27.51:327][  0]LogConfig: Setting CVar [[r.BloomQuality:5]]
[2022.05.22-00.27.51:327][  0]LogConfig: Setting CVar [[r.FastBlurThreshold:100]]
[2022.05.22-00.27.51:327][  0]LogConfig: Setting CVar [[r.Upscale.Quality:3]]
[2022.05.22-00.27.51:327][  0]LogConfig: Setting CVar [[r.Tonemapper.GrainQuantization:1]]
[2022.05.22-00.27.51:327][  0]LogConfig: Setting CVar [[r.LightShaftQuality:1]]
[2022.05.22-00.27.51:327][  0]LogConfig: Setting CVar [[r.Filter.SizeScale:1]]
[2022.05.22-00.27.51:327][  0]LogConfig: Setting CVar [[r.Tonemapper.Quality:5]]
[2022.05.22-00.27.51:327][  0]LogConfig: Setting CVar [[r.DOF.Gather.AccumulatorQuality:1        ; higher gathering accumulator quality]]
[2022.05.22-00.27.51:327][  0]LogConfig: Setting CVar [[r.DOF.Gather.PostfilterMethod:1          ; Median3x3 postfilering method]]
[2022.05.22-00.27.51:327][  0]LogConfig: Setting CVar [[r.DOF.Gather.EnableBokehSettings:0       ; no bokeh simulation when gathering]]
[2022.05.22-00.27.51:327][  0]LogConfig: Setting CVar [[r.DOF.Gather.RingCount:4                 ; medium number of samples when gathering]]
[2022.05.22-00.27.51:327][  0]LogConfig: Setting CVar [[r.DOF.Scatter.ForegroundCompositing:1    ; additive foreground scattering]]
[2022.05.22-00.27.51:327][  0]LogConfig: Setting CVar [[r.DOF.Scatter.BackgroundCompositing:2    ; additive background scattering]]
[2022.05.22-00.27.51:327][  0]LogConfig: Setting CVar [[r.DOF.Scatter.EnableBokehSettings:1      ; bokeh simulation when scattering]]
[2022.05.22-00.27.51:327][  0]LogConfig: Setting CVar [[r.DOF.Scatter.MaxSpriteRatio:0.1         ; only a maximum of 10% of scattered bokeh]]
[2022.05.22-00.27.51:327][  0]LogConfig: Setting CVar [[r.DOF.Recombine.Quality:1                ; cheap slight out of focus]]
[2022.05.22-00.27.51:327][  0]LogConfig: Setting CVar [[r.DOF.Recombine.EnableBokehSettings:0    ; no bokeh simulation on slight out of focus]]
[2022.05.22-00.27.51:327][  0]LogConfig: Setting CVar [[r.DOF.TemporalAAQuality:1                ; more stable temporal accumulation]]
[2022.05.22-00.27.51:327][  0]LogConfig: Setting CVar [[r.DOF.Kernel.MaxForegroundRadius:0.025]]
[2022.05.22-00.27.51:327][  0]LogConfig: Setting CVar [[r.DOF.Kernel.MaxBackgroundRadius:0.025]]
[2022.05.22-00.27.51:327][  0]LogConfig: Applying CVar settings from Section [TextureQuality@3] File [S:/projetos/rallyUE/brally/Saved/Config/Windows/Scalability.ini]
[2022.05.22-00.27.51:327][  0]LogConfig: Setting CVar [[r.Streaming.MipBias:0]]
[2022.05.22-00.27.51:327][  0]LogConfig: Setting CVar [[r.Streaming.AmortizeCPUToGPUCopy:0]]
[2022.05.22-00.27.51:327][  0]LogConfig: Setting CVar [[r.Streaming.MaxNumTexturesToStreamPerFrame:0]]
[2022.05.22-00.27.51:327][  0]LogConfig: Setting CVar [[r.Streaming.Boost:1]]
[2022.05.22-00.27.51:327][  0]LogConfig: Setting CVar [[r.MaxAnisotropy:8]]
[2022.05.22-00.27.51:327][  0]LogConfig: Setting CVar [[r.VT.MaxAnisotropy:8]]
[2022.05.22-00.27.51:327][  0]LogConfig: Setting CVar [[r.Streaming.LimitPoolSizeToVRAM:0]]
[2022.05.22-00.27.51:327][  0]LogConfig: Setting CVar [[r.Streaming.PoolSize:1000]]
[2022.05.22-00.27.51:327][  0]LogConfig: Setting CVar [[r.Streaming.MaxEffectiveScreenSize:0]]
[2022.05.22-00.27.51:327][  0]LogConfig: Applying CVar settings from Section [EffectsQuality@3] File [S:/projetos/rallyUE/brally/Saved/Config/Windows/Scalability.ini]
[2022.05.22-00.27.51:327][  0]LogConfig: Setting CVar [[r.TranslucencyLightingVolumeDim:64]]
[2022.05.22-00.27.51:327][  0]LogConfig: Setting CVar [[r.RefractionQuality:2]]
[2022.05.22-00.27.51:327][  0]LogConfig: Setting CVar [[r.SSR.Quality:3]]
[2022.05.22-00.27.51:327][  0]LogConfig: Setting CVar [[r.SSR.HalfResSceneColor:0]]
[2022.05.22-00.27.51:328][  0]LogConfig: Setting CVar [[r.SceneColorFormat:4]]
[2022.05.22-00.27.51:328][  0]LogConfig: Setting CVar [[r.DetailMode:2]]
[2022.05.22-00.27.51:328][  0]LogConfig: Setting CVar [[r.TranslucencyVolumeBlur:1]]
[2022.05.22-00.27.51:328][  0]LogConfig: Setting CVar [[r.MaterialQualityLevel:1 ; High quality]]
[2022.05.22-00.27.51:328][  0]LogConfig: Setting CVar [[r.AnisotropicMaterials:1]]
[2022.05.22-00.27.51:328][  0]LogConfig: Setting CVar [[r.SSS.Scale:1]]
[2022.05.22-00.27.51:328][  0]LogConfig: Setting CVar [[r.SSS.SampleSet:2]]
[2022.05.22-00.27.51:328][  0]LogConfig: Setting CVar [[r.SSS.Quality:1]]
[2022.05.22-00.27.51:328][  0]LogConfig: Setting CVar [[r.SSS.HalfRes:0]]
[2022.05.22-00.27.51:328][  0]LogConfig: Setting CVar [[r.SSGI.Quality:3]]
[2022.05.22-00.27.51:328][  0]LogConfig: Setting CVar [[r.EmitterSpawnRateScale:1.0]]
[2022.05.22-00.27.51:328][  0]LogConfig: Setting CVar [[r.ParticleLightQuality:2]]
[2022.05.22-00.27.51:328][  0]LogConfig: Setting CVar [[r.SkyAtmosphere.AerialPerspectiveLUT.FastApplyOnOpaque:1 ; Always have FastSkyLUT 1 in this case to avoid wrong sky]]
[2022.05.22-00.27.51:328][  0]LogConfig: Setting CVar [[r.SkyAtmosphere.AerialPerspectiveLUT.SampleCountMaxPerSlice:4]]
[2022.05.22-00.27.51:328][  0]LogConfig: Setting CVar [[r.SkyAtmosphere.AerialPerspectiveLUT.DepthResolution:16.0]]
[2022.05.22-00.27.51:328][  0]LogConfig: Setting CVar [[r.SkyAtmosphere.FastSkyLUT:1]]
[2022.05.22-00.27.51:328][  0]LogConfig: Setting CVar [[r.SkyAtmosphere.FastSkyLUT.SampleCountMin:4.0]]
[2022.05.22-00.27.51:328][  0]LogConfig: Setting CVar [[r.SkyAtmosphere.FastSkyLUT.SampleCountMax:128.0]]
[2022.05.22-00.27.51:328][  0]LogConfig: Setting CVar [[r.SkyAtmosphere.SampleCountMin:4.0]]
[2022.05.22-00.27.51:328][  0]LogConfig: Setting CVar [[r.SkyAtmosphere.SampleCountMax:128.0]]
[2022.05.22-00.27.51:328][  0]LogConfig: Setting CVar [[r.SkyAtmosphere.TransmittanceLUT.UseSmallFormat:0]]
[2022.05.22-00.27.51:328][  0]LogConfig: Setting CVar [[r.SkyAtmosphere.TransmittanceLUT.SampleCount:10.0]]
[2022.05.22-00.27.51:328][  0]LogConfig: Setting CVar [[r.SkyAtmosphere.MultiScatteringLUT.SampleCount:15.0]]
[2022.05.22-00.27.51:328][  0]LogConfig: Setting CVar [[r.SkyLight.RealTimeReflectionCapture:1]]
[2022.05.22-00.27.51:328][  0]LogConfig: Applying CVar settings from Section [FoliageQuality@3] File [S:/projetos/rallyUE/brally/Saved/Config/Windows/Scalability.ini]
[2022.05.22-00.27.51:328][  0]LogConfig: Setting CVar [[foliage.DensityScale:1.0]]
[2022.05.22-00.27.51:328][  0]LogConfig: Setting CVar [[grass.DensityScale:1.0]]
[2022.05.22-00.27.51:328][  0]LogConfig: Applying CVar settings from Section [ShadingQuality@3] File [S:/projetos/rallyUE/brally/Saved/Config/Windows/Scalability.ini]
[2022.05.22-00.27.51:328][  0]LogConfig: Setting CVar [[r.HairStrands.SkyLighting.IntegrationType:2]]
[2022.05.22-00.27.51:328][  0]LogConfig: Setting CVar [[r.HairStrands.SkyAO.SampleCount:4]]
[2022.05.22-00.27.51:328][  0]LogConfig: Setting CVar [[r.HairStrands.Visibility.MSAA.SamplePerPixel:4]]
[2022.05.22-00.27.51:342][  0]LogInit: Selected Device Profile: [Windows]
[2022.05.22-00.27.51:343][  0]LogInit: Applying CVar settings loaded from the selected device profile: [Windows]
[2022.05.22-00.27.51:350][  0]LogHAL: Display: Platform has ~ 8 GB [8513687552 / 8589934592 / 8], which maps to Default [LargestMinGB=32, LargerMinGB=12, DefaultMinGB=8, SmallerMinGB=6, SmallestMinGB=0)
[2022.05.22-00.27.51:351][  0]LogInit: Going up to parent DeviceProfile []
[2022.05.22-00.27.51:355][  0]LogConfig: Applying CVar settings from Section [ViewDistanceQuality@3] File [S:/projetos/rallyUE/brally/Saved/Config/Windows/Scalability.ini]
[2022.05.22-00.27.51:355][  0]LogConfig: Setting CVar [[r.SkeletalMeshLODBias:0]]
[2022.05.22-00.27.51:355][  0]LogConfig: Setting CVar [[r.ViewDistanceScale:1.0]]
[2022.05.22-00.27.51:355][  0]LogConfig: Applying CVar settings from Section [AntiAliasingQuality@3] File [S:/projetos/rallyUE/brally/Saved/Config/Windows/Scalability.ini]
[2022.05.22-00.27.51:355][  0]LogConfig: Setting CVar [[r.PostProcessAAQuality:4]]
[2022.05.22-00.27.51:355][  0]LogConfig: Applying CVar settings from Section [ShadowQuality@3] File [S:/projetos/rallyUE/brally/Saved/Config/Windows/Scalability.ini]
[2022.05.22-00.27.51:355][  0]LogConfig: Setting CVar [[r.LightFunctionQuality:1]]
[2022.05.22-00.27.51:355][  0]LogConfig: Setting CVar [[r.ShadowQuality:5]]
[2022.05.22-00.27.51:355][  0]LogConfig: Setting CVar [[r.Shadow.CSM.MaxCascades:10]]
[2022.05.22-00.27.51:355][  0]LogConfig: Setting CVar [[r.Shadow.MaxResolution:2048]]
[2022.05.22-00.27.51:355][  0]LogConfig: Setting CVar [[r.Shadow.MaxCSMResolution:2048]]
[2022.05.22-00.27.51:355][  0]LogConfig: Setting CVar [[r.Shadow.RadiusThreshold:0.01]]
[2022.05.22-00.27.51:355][  0]LogConfig: Setting CVar [[r.Shadow.DistanceScale:1.0]]
[2022.05.22-00.27.51:355][  0]LogConfig: Setting CVar [[r.Shadow.CSM.TransitionScale:1.0]]
[2022.05.22-00.27.51:355][  0]LogConfig: Setting CVar [[r.Shadow.PreShadowResolutionFactor:1.0]]
[2022.05.22-00.27.51:355][  0]LogConfig: Setting CVar [[r.DistanceFieldShadowing:1]]
[2022.05.22-00.27.51:355][  0]LogConfig: Setting CVar [[r.DistanceFieldAO:1]]
[2022.05.22-00.27.51:355][  0]LogConfig: Setting CVar [[r.AOQuality:2]]
[2022.05.22-00.27.51:355][  0]LogConfig: Setting CVar [[r.VolumetricFog:1]]
[2022.05.22-00.27.51:355][  0]LogConfig: Setting CVar [[r.VolumetricFog.GridPixelSize:8]]
[2022.05.22-00.27.51:355][  0]LogConfig: Setting CVar [[r.VolumetricFog.GridSizeZ:128]]
[2022.05.22-00.27.51:355][  0]LogConfig: Setting CVar [[r.VolumetricFog.HistoryMissSupersampleCount:4]]
[2022.05.22-00.27.51:355][  0]LogConfig: Setting CVar [[r.LightMaxDrawDistanceScale:1]]
[2022.05.22-00.27.51:355][  0]LogConfig: Setting CVar [[r.CapsuleShadows:1]]
[2022.05.22-00.27.51:355][  0]LogConfig: Applying CVar settings from Section [PostProcessQuality@3] File [S:/projetos/rallyUE/brally/Saved/Config/Windows/Scalability.ini]
[2022.05.22-00.27.51:355][  0]LogConfig: Setting CVar [[r.MotionBlurQuality:4]]
[2022.05.22-00.27.51:355][  0]LogConfig: Setting CVar [[r.AmbientOcclusionMipLevelFactor:0.4]]
[2022.05.22-00.27.51:355][  0]LogConfig: Setting CVar [[r.AmbientOcclusionMaxQuality:100]]
[2022.05.22-00.27.51:355][  0]LogConfig: Setting CVar [[r.AmbientOcclusionLevels:-1]]
[2022.05.22-00.27.51:355][  0]LogConfig: Setting CVar [[r.AmbientOcclusionRadiusScale:1.0]]
[2022.05.22-00.27.51:355][  0]LogConfig: Setting CVar [[r.DepthOfFieldQuality:2]]
[2022.05.22-00.27.51:355][  0]LogConfig: Setting CVar [[r.RenderTargetPoolMin:400]]
[2022.05.22-00.27.51:355][  0]LogConfig: Setting CVar [[r.LensFlareQuality:2]]
[2022.05.22-00.27.51:355][  0]LogConfig: Setting CVar [[r.SceneColorFringeQuality:1]]
[2022.05.22-00.27.51:355][  0]LogConfig: Setting CVar [[r.EyeAdaptationQuality:2]]
[2022.05.22-00.27.51:355][  0]LogConfig: Setting CVar [[r.BloomQuality:5]]
[2022.05.22-00.27.51:355][  0]LogConfig: Setting CVar [[r.FastBlurThreshold:100]]
[2022.05.22-00.27.51:355][  0]LogConfig: Setting CVar [[r.Upscale.Quality:3]]
[2022.05.22-00.27.51:355][  0]LogConfig: Setting CVar [[r.Tonemapper.GrainQuantization:1]]
[2022.05.22-00.27.51:355][  0]LogConfig: Setting CVar [[r.LightShaftQuality:1]]
[2022.05.22-00.27.51:355][  0]LogConfig: Setting CVar [[r.Filter.SizeScale:1]]
[2022.05.22-00.27.51:355][  0]LogConfig: Setting CVar [[r.Tonemapper.Quality:5]]
[2022.05.22-00.27.51:355][  0]LogConfig: Setting CVar [[r.DOF.Gather.AccumulatorQuality:1        ; higher gathering accumulator quality]]
[2022.05.22-00.27.51:355][  0]LogConfig: Setting CVar [[r.DOF.Gather.PostfilterMethod:1          ; Median3x3 postfilering method]]
[2022.05.22-00.27.51:355][  0]LogConfig: Setting CVar [[r.DOF.Gather.EnableBokehSettings:0       ; no bokeh simulation when gathering]]
[2022.05.22-00.27.51:355][  0]LogConfig: Setting CVar [[r.DOF.Gather.RingCount:4                 ; medium number of samples when gathering]]
[2022.05.22-00.27.51:355][  0]LogConfig: Setting CVar [[r.DOF.Scatter.ForegroundCompositing:1    ; additive foreground scattering]]
[2022.05.22-00.27.51:355][  0]LogConfig: Setting CVar [[r.DOF.Scatter.BackgroundCompositing:2    ; additive background scattering]]
[2022.05.22-00.27.51:355][  0]LogConfig: Setting CVar [[r.DOF.Scatter.EnableBokehSettings:1      ; bokeh simulation when scattering]]
[2022.05.22-00.27.51:355][  0]LogConfig: Setting CVar [[r.DOF.Scatter.MaxSpriteRatio:0.1         ; only a maximum of 10% of scattered bokeh]]
[2022.05.22-00.27.51:355][  0]LogConfig: Setting CVar [[r.DOF.Recombine.Quality:1                ; cheap slight out of focus]]
[2022.05.22-00.27.51:355][  0]LogConfig: Setting CVar [[r.DOF.Recombine.EnableBokehSettings:0    ; no bokeh simulation on slight out of focus]]
[2022.05.22-00.27.51:355][  0]LogConfig: Setting CVar [[r.DOF.TemporalAAQuality:1                ; more stable temporal accumulation]]
[2022.05.22-00.27.51:355][  0]LogConfig: Setting CVar [[r.DOF.Kernel.MaxForegroundRadius:0.025]]
[2022.05.22-00.27.51:355][  0]LogConfig: Setting CVar [[r.DOF.Kernel.MaxBackgroundRadius:0.025]]
[2022.05.22-00.27.51:355][  0]LogConfig: Applying CVar settings from Section [TextureQuality@3] File [S:/projetos/rallyUE/brally/Saved/Config/Windows/Scalability.ini]
[2022.05.22-00.27.51:355][  0]LogConfig: Setting CVar [[r.Streaming.MipBias:0]]
[2022.05.22-00.27.51:355][  0]LogConfig: Setting CVar [[r.Streaming.AmortizeCPUToGPUCopy:0]]
[2022.05.22-00.27.51:355][  0]LogConfig: Setting CVar [[r.Streaming.MaxNumTexturesToStreamPerFrame:0]]
[2022.05.22-00.27.51:355][  0]LogConfig: Setting CVar [[r.Streaming.Boost:1]]
[2022.05.22-00.27.51:355][  0]LogConfig: Setting CVar [[r.MaxAnisotropy:8]]
[2022.05.22-00.27.51:355][  0]LogConfig: Setting CVar [[r.VT.MaxAnisotropy:8]]
[2022.05.22-00.27.51:355][  0]LogConfig: Setting CVar [[r.Streaming.LimitPoolSizeToVRAM:0]]
[2022.05.22-00.27.51:355][  0]LogConfig: Setting CVar [[r.Streaming.PoolSize:1000]]
[2022.05.22-00.27.51:355][  0]LogConfig: Setting CVar [[r.Streaming.MaxEffectiveScreenSize:0]]
[2022.05.22-00.27.51:355][  0]LogConfig: Applying CVar settings from Section [EffectsQuality@3] File [S:/projetos/rallyUE/brally/Saved/Config/Windows/Scalability.ini]
[2022.05.22-00.27.51:355][  0]LogConfig: Setting CVar [[r.TranslucencyLightingVolumeDim:64]]
[2022.05.22-00.27.51:355][  0]LogConfig: Setting CVar [[r.RefractionQuality:2]]
[2022.05.22-00.27.51:355][  0]LogConfig: Setting CVar [[r.SSR.Quality:3]]
[2022.05.22-00.27.51:355][  0]LogConfig: Setting CVar [[r.SSR.HalfResSceneColor:0]]
[2022.05.22-00.27.51:355][  0]LogConfig: Setting CVar [[r.SceneColorFormat:4]]
[2022.05.22-00.27.51:355][  0]LogConfig: Setting CVar [[r.DetailMode:2]]
[2022.05.22-00.27.51:356][  0]LogConfig: Setting CVar [[r.TranslucencyVolumeBlur:1]]
[2022.05.22-00.27.51:356][  0]LogConfig: Setting CVar [[r.MaterialQualityLevel:1 ; High quality]]
[2022.05.22-00.27.51:356][  0]LogConfig: Setting CVar [[r.AnisotropicMaterials:1]]
[2022.05.22-00.27.51:356][  0]LogConfig: Setting CVar [[r.SSS.Scale:1]]
[2022.05.22-00.27.51:356][  0]LogConfig: Setting CVar [[r.SSS.SampleSet:2]]
[2022.05.22-00.27.51:356][  0]LogConfig: Setting CVar [[r.SSS.Quality:1]]
[2022.05.22-00.27.51:356][  0]LogConfig: Setting CVar [[r.SSS.HalfRes:0]]
[2022.05.22-00.27.51:356][  0]LogConfig: Setting CVar [[r.SSGI.Quality:3]]
[2022.05.22-00.27.51:356][  0]LogConfig: Setting CVar [[r.EmitterSpawnRateScale:1.0]]
[2022.05.22-00.27.51:356][  0]LogConfig: Setting CVar [[r.ParticleLightQuality:2]]
[2022.05.22-00.27.51:356][  0]LogConfig: Setting CVar [[r.SkyAtmosphere.AerialPerspectiveLUT.FastApplyOnOpaque:1 ; Always have FastSkyLUT 1 in this case to avoid wrong sky]]
[2022.05.22-00.27.51:356][  0]LogConfig: Setting CVar [[r.SkyAtmosphere.AerialPerspectiveLUT.SampleCountMaxPerSlice:4]]
[2022.05.22-00.27.51:356][  0]LogConfig: Setting CVar [[r.SkyAtmosphere.AerialPerspectiveLUT.DepthResolution:16.0]]
[2022.05.22-00.27.51:356][  0]LogConfig: Setting CVar [[r.SkyAtmosphere.FastSkyLUT:1]]
[2022.05.22-00.27.51:356][  0]LogConfig: Setting CVar [[r.SkyAtmosphere.FastSkyLUT.SampleCountMin:4.0]]
[2022.05.22-00.27.51:356][  0]LogConfig: Setting CVar [[r.SkyAtmosphere.FastSkyLUT.SampleCountMax:128.0]]
[2022.05.22-00.27.51:356][  0]LogConfig: Setting CVar [[r.SkyAtmosphere.SampleCountMin:4.0]]
[2022.05.22-00.27.51:356][  0]LogConfig: Setting CVar [[r.SkyAtmosphere.SampleCountMax:128.0]]
[2022.05.22-00.27.51:356][  0]LogConfig: Setting CVar [[r.SkyAtmosphere.TransmittanceLUT.UseSmallFormat:0]]
[2022.05.22-00.27.51:356][  0]LogConfig: Setting CVar [[r.SkyAtmosphere.TransmittanceLUT.SampleCount:10.0]]
[2022.05.22-00.27.51:356][  0]LogConfig: Setting CVar [[r.SkyAtmosphere.MultiScatteringLUT.SampleCount:15.0]]
[2022.05.22-00.27.51:356][  0]LogConfig: Setting CVar [[r.SkyLight.RealTimeReflectionCapture:1]]
[2022.05.22-00.27.51:356][  0]LogConfig: Applying CVar settings from Section [FoliageQuality@3] File [S:/projetos/rallyUE/brally/Saved/Config/Windows/Scalability.ini]
[2022.05.22-00.27.51:356][  0]LogConfig: Setting CVar [[foliage.DensityScale:1.0]]
[2022.05.22-00.27.51:356][  0]LogConfig: Setting CVar [[grass.DensityScale:1.0]]
[2022.05.22-00.27.51:356][  0]LogConfig: Applying CVar settings from Section [ShadingQuality@3] File [S:/projetos/rallyUE/brally/Saved/Config/Windows/Scalability.ini]
[2022.05.22-00.27.51:356][  0]LogConfig: Setting CVar [[r.HairStrands.SkyLighting.IntegrationType:2]]
[2022.05.22-00.27.51:356][  0]LogConfig: Setting CVar [[r.HairStrands.SkyAO.SampleCount:4]]
[2022.05.22-00.27.51:356][  0]LogConfig: Setting CVar [[r.HairStrands.Visibility.MSAA.SamplePerPixel:4]]
[2022.05.22-00.27.51:356][  0]LogConfig: Applying CVar settings from Section [Startup] File [../../../Engine/Config/ConsoleVariables.ini]
[2022.05.22-00.27.51:370][  0]LogConfig: Setting CVar [[net.UseAdaptiveNetUpdateFrequency:0]]
[2022.05.22-00.27.51:370][  0]LogConfig: Setting CVar [[p.chaos.AllowCreatePhysxBodies:1]]
[2022.05.22-00.27.51:370][  0]LogConfig: Setting CVar [[fx.SkipVectorVMBackendOptimizations:1]]
[2022.05.22-00.27.51:370][  0]LogConfig: Applying CVar settings from Section [ConsoleVariables] File [S:/projetos/rallyUE/brally/Saved/Config/Windows/Engine.ini]
[2022.05.22-00.27.51:370][  0]LogConfig: Applying CVar settings from Section [ConsoleVariables] File [S:/projetos/rallyUE/brally/Saved/Config/Windows/Editor.ini]
[2022.05.22-00.27.51:400][  0]LogInit: Computer: DESKTOP-F4V4HAJ
[2022.05.22-00.27.51:400][  0]LogInit: User: erick
[2022.05.22-00.27.51:400][  0]LogInit: CPU Page size=4096, Cores=2
[2022.05.22-00.27.51:400][  0]LogInit: High frequency timer resolution =10.000000 MHz
[2022.05.22-00.27.51:401][  0]LogMemory: Memory total: Physical=7.9GB (8GB approx)
[2022.05.22-00.27.51:410][  0]LogMemory: Platform Memory Stats for Windows
[2022.05.22-00.27.51:410][  0]LogMemory: Process Physical Memory: 145.23 MB used, 145.23 MB peak
[2022.05.22-00.27.51:410][  0]LogMemory: Process Virtual Memory: 121.03 MB used, 121.03 MB peak
[2022.05.22-00.27.51:410][  0]LogMemory: Physical Memory: 6383.46 MB used,  1735.82 MB free, 8119.29 MB total
[2022.05.22-00.27.51:410][  0]LogMemory: Virtual Memory: 134208640.00 MB used,  9085.11 MB free, 134217728.00 MB total
[2022.05.22-00.27.51:418][  0]LogWindows: WindowsPlatformFeatures enabled
[2022.05.22-00.27.52:353][  0]LogInit: Physics initialised using underlying interface: PhysX
[2022.05.22-00.27.52:425][  0]LogInit: Using OS detected language (pt-BR).
[2022.05.22-00.27.52:426][  0]LogInit: Using OS detected locale (pt-BR).
[2022.05.22-00.27.52:787][  0]LogTextLocalizationResource: LocRes '../../../Engine/Content/Localization/Editor/pt/Editor.locres' could not be opened for reading!
[2022.05.22-00.27.52:787][  0]LogTextLocalizationResource: LocRes '../../../Engine/Content/Localization/EditorTutorials/pt/EditorTutorials.locres' could not be opened for reading!
[2022.05.22-00.27.52:788][  0]LogTextLocalizationResource: LocRes '../../../Engine/Content/Localization/Keywords/pt/Keywords.locres' could not be opened for reading!
[2022.05.22-00.27.52:788][  0]LogTextLocalizationResource: LocRes '../../../Engine/Content/Localization/Category/pt/Category.locres' could not be opened for reading!
[2022.05.22-00.27.52:788][  0]LogTextLocalizationResource: LocRes '../../../Engine/Content/Localization/ToolTips/pt/ToolTips.locres' could not be opened for reading!
[2022.05.22-00.27.52:788][  0]LogTextLocalizationResource: LocRes '../../../Engine/Content/Localization/PropertyNames/pt/PropertyNames.locres' could not be opened for reading!
[2022.05.22-00.27.52:788][  0]LogTextLocalizationResource: LocRes '../../../Engine/Content/Localization/Engine/pt/Engine.locres' could not be opened for reading!
[2022.05.22-00.27.52:788][  0]LogTextLocalizationResource: LocRes '../../../Engine/Plugins/Online/OnlineSubsystem/Content/Localization/OnlineSubsystem/pt/OnlineSubsystem.locres' could not be opened for reading!
[2022.05.22-00.27.52:788][  0]LogTextLocalizationResource: LocRes '../../../Engine/Plugins/Online/OnlineSubsystemUtils/Content/Localization/OnlineSubsystemUtils/pt/OnlineSubsystemUtils.locres' could not be opened for reading!
[2022.05.22-00.27.52:788][  0]LogTextLocalizationResource: LocRes '../../../Engine/Plugins/Online/Android/OnlineSubsystemGooglePlay/Content/Localization/OnlineSubsystemGooglePlay/pt/OnlineSubsystemGooglePlay.locres' could not be opened for reading!
[2022.05.22-00.27.52:788][  0]LogTextLocalizationResource: LocRes '../../../Engine/Plugins/Online/IOS/OnlineSubsystemIOS/Content/Localization/OnlineSubsystemIOS/pt/OnlineSubsystemIOS.locres' could not be opened for reading!
[2022.05.22-00.27.52:821][  0]LogInit: Setting process to per monitor DPI aware
[2022.05.22-00.27.53:059][  0]LogWindowsTextInputMethodSystem: Display: IME system deactivated.
[2022.05.22-00.27.53:590][  0]LogSlate: New Slate User Created.  User Index 0, Is Virtual User: 0
[2022.05.22-00.27.53:590][  0]LogSlate: Slate User Registered.  User Index 0, Is Virtual User: 0
[2022.05.22-00.27.56:721][  0]LogD3D11RHI: Loaded GFSDK_Aftermath_Lib.x64.dll
[2022.05.22-00.27.56:757][  0]LogHMD: Failed to initialize OpenVR with code 110
[2022.05.22-00.27.56:757][  0]LogD3D11RHI: D3D11 min allowed feature level: 11_0
[2022.05.22-00.27.56:757][  0]LogD3D11RHI: D3D11 max allowed feature level: 11_0
[2022.05.22-00.27.56:757][  0]LogD3D11RHI: D3D11 adapters:
[2022.05.22-00.27.56:875][  0]LogD3D11RHI:    0. 'NVIDIA GeForce GTX 750 Ti' (Feature Level 11_0)
[2022.05.22-00.27.56:875][  0]LogD3D11RHI:       2007/0/4059 MB DedicatedVideo/DedicatedSystem/SharedSystem, Outputs:1, VendorId:0x10de
[2022.05.22-00.27.56:878][  0]LogD3D11RHI:    1. 'Microsoft Basic Render Driver' (Feature Level 11_0)
[2022.05.22-00.27.56:878][  0]LogD3D11RHI:       0/0/4059 MB DedicatedVideo/DedicatedSystem/SharedSystem, Outputs:0, VendorId:0x1414
[2022.05.22-00.27.56:878][  0]LogD3D11RHI: Chosen D3D11 Adapter:
[2022.05.22-00.27.56:878][  0]LogD3D11RHI:     Description : NVIDIA GeForce GTX 750 Ti
[2022.05.22-00.27.56:878][  0]LogD3D11RHI:     VendorId    : 10de
[2022.05.22-00.27.56:878][  0]LogD3D11RHI:     DeviceId    : 1380
[2022.05.22-00.27.56:878][  0]LogD3D11RHI:     SubSysId    : 37513842
[2022.05.22-00.27.56:878][  0]LogD3D11RHI:     Revision    : 00a2
[2022.05.22-00.27.56:878][  0]LogD3D11RHI:     DedicatedVideoMemory : 2105212928 bytes
[2022.05.22-00.27.56:878][  0]LogD3D11RHI:     DedicatedSystemMemory : 0 bytes
[2022.05.22-00.27.56:878][  0]LogD3D11RHI:     SharedSystemMemory : 4256843776 bytes
[2022.05.22-00.27.56:878][  0]LogD3D11RHI:     AdapterLuid : 0 46776
[2022.05.22-00.27.56:925][  0]LogD3D11RHI: Creating new Direct3DDevice
[2022.05.22-00.27.56:925][  0]LogD3D11RHI:     GPU DeviceId: 0x1380 (for the marketing name, search the web for "GPU Device Id")
[2022.05.22-00.27.56:925][  0]LogWindows: EnumDisplayDevices:
[2022.05.22-00.27.56:925][  0]LogWindows:    0. 'NVIDIA GeForce GTX 750 Ti' (P:1 D:1)
[2022.05.22-00.27.56:926][  0]LogWindows:    1. 'NVIDIA GeForce GTX 750 Ti' (P:0 D:0)
[2022.05.22-00.27.56:926][  0]LogWindows:    2. 'NVIDIA GeForce GTX 750 Ti' (P:0 D:0)
[2022.05.22-00.27.56:926][  0]LogWindows:    3. 'NVIDIA GeForce GTX 750 Ti' (P:0 D:0)
[2022.05.22-00.27.56:926][  0]LogWindows: DebugString: FoundDriverCount:4 
[2022.05.22-00.27.56:926][  0]LogD3D11RHI:     Adapter Name: NVIDIA GeForce GTX 750 Ti
[2022.05.22-00.27.56:927][  0]LogD3D11RHI:   Driver Version: 512.15 (internal:30.0.15.1215, unified:512.15)
[2022.05.22-00.27.56:927][  0]LogD3D11RHI:      Driver Date: 3-17-2022
[2022.05.22-00.27.56:930][  0]LogRHI: Texture pool is 1405 MB (70% of 2007 MB)
[2022.05.22-00.27.56:930][  0]LogD3D11RHI: Creating D3DDevice using adapter:
[2022.05.22-00.27.56:930][  0]LogD3D11RHI:     Description : NVIDIA GeForce GTX 750 Ti
[2022.05.22-00.27.56:930][  0]LogD3D11RHI:     VendorId    : 10de
[2022.05.22-00.27.56:930][  0]LogD3D11RHI:     DeviceId    : 1380
[2022.05.22-00.27.56:930][  0]LogD3D11RHI:     SubSysId    : 37513842
[2022.05.22-00.27.56:930][  0]LogD3D11RHI:     Revision    : 00a2
[2022.05.22-00.27.56:930][  0]LogD3D11RHI:     DedicatedVideoMemory : 2105212928 bytes
[2022.05.22-00.27.56:930][  0]LogD3D11RHI:     DedicatedSystemMemory : 0 bytes
[2022.05.22-00.27.56:930][  0]LogD3D11RHI:     SharedSystemMemory : 4256843776 bytes
[2022.05.22-00.27.56:930][  0]LogD3D11RHI:     AdapterLuid : 0 46776
[2022.05.22-00.27.57:022][  0]LogD3D11RHI: RHI has support for 64 bit atomics
[2022.05.22-00.27.57:024][  0]LogD3D11RHI: Async texture creation enabled
[2022.05.22-00.27.57:529][  0]LogD3D11RHI: GPU Timing Frequency: 1000.000000 (Debug: 2 1)
[2022.05.22-00.27.57:793][  0]LogRHI: GeForceNow SDK initialized: 1
[2022.05.22-00.28.00:238][  0]LogTargetPlatformManager: Display: Loaded TargetPlatform 'AllDesktop'
[2022.05.22-00.28.00:308][  0]LogTargetPlatformManager: Display: Loaded TargetPlatform 'Android'
[2022.05.22-00.28.00:308][  0]LogTargetPlatformManager: Display: Loaded TargetPlatform 'Android_ASTC'
[2022.05.22-00.28.00:308][  0]LogTargetPlatformManager: Display: Loaded TargetPlatform 'Android_DXT'
[2022.05.22-00.28.00:308][  0]LogTargetPlatformManager: Display: Loaded TargetPlatform 'Android_ETC2'
[2022.05.22-00.28.00:308][  0]LogTargetPlatformManager: Display: Loaded TargetPlatform 'AndroidClient'
[2022.05.22-00.28.00:308][  0]LogTargetPlatformManager: Display: Loaded TargetPlatform 'Android_ASTCClient'
[2022.05.22-00.28.00:308][  0]LogTargetPlatformManager: Display: Loaded TargetPlatform 'Android_DXTClient'
[2022.05.22-00.28.00:308][  0]LogTargetPlatformManager: Display: Loaded TargetPlatform 'Android_ETC2Client'
[2022.05.22-00.28.00:308][  0]LogTargetPlatformManager: Display: Loaded TargetPlatform 'Android_Multi'
[2022.05.22-00.28.00:308][  0]LogTargetPlatformManager: Display: Loaded TargetPlatform 'Android_MultiClient'
[2022.05.22-00.28.00:432][  0]LogTargetPlatformManager: Display: Loaded TargetPlatform 'IOSClient'
[2022.05.22-00.28.00:432][  0]LogTargetPlatformManager: Display: Loaded TargetPlatform 'IOS'
[2022.05.22-00.28.00:514][  0]LogTargetPlatformManager: Display: Loaded TargetPlatform 'Linux'
[2022.05.22-00.28.00:540][  0]LogTargetPlatformManager: Display: Loaded TargetPlatform 'LinuxNoEditor'
[2022.05.22-00.28.00:565][  0]LogTargetPlatformManager: Display: Loaded TargetPlatform 'LinuxClient'
[2022.05.22-00.28.00:619][  0]LogTargetPlatformManager: Display: Loaded TargetPlatform 'LinuxServer'
[2022.05.22-00.28.00:649][  0]LogTargetPlatformManager: Display: Loaded TargetPlatform 'LinuxAArch64NoEditor'
[2022.05.22-00.28.00:681][  0]LogTargetPlatformManager: Display: Loaded TargetPlatform 'LinuxAArch64Client'
[2022.05.22-00.28.00:709][  0]LogTargetPlatformManager: Display: Loaded TargetPlatform 'LinuxAArch64Server'
[2022.05.22-00.28.00:750][  0]LogTargetPlatformManager: Display: Loaded TargetPlatform 'Lumin'
[2022.05.22-00.28.00:750][  0]LogTargetPlatformManager: Display: Loaded TargetPlatform 'LuminClient'
[2022.05.22-00.28.00:793][  0]LogTargetPlatformManager: Display: Loaded TargetPlatform 'MacNoEditor'
[2022.05.22-00.28.00:817][  0]LogTargetPlatformManager: Display: Loaded TargetPlatform 'Mac'
[2022.05.22-00.28.00:843][  0]LogTargetPlatformManager: Display: Loaded TargetPlatform 'MacClient'
[2022.05.22-00.28.00:893][  0]LogTargetPlatformManager: Display: Loaded TargetPlatform 'MacServer'
[2022.05.22-00.28.00:931][  0]LogTargetPlatformManager: Display: Loaded TargetPlatform 'TVOSClient'
[2022.05.22-00.28.00:931][  0]LogTargetPlatformManager: Display: Loaded TargetPlatform 'TVOS'
[2022.05.22-00.28.01:026][  0]LogTargetPlatformManager: Display: Loaded TargetPlatform 'WindowsNoEditor'
[2022.05.22-00.28.01:054][  0]LogTargetPlatformManager: Display: Loaded TargetPlatform 'Windows'
[2022.05.22-00.28.01:136][  0]LogTargetPlatformManager: Display: Loaded TargetPlatform 'WindowsClient'
[2022.05.22-00.28.01:162][  0]LogTargetPlatformManager: Display: Loaded TargetPlatform 'WindowsServer'
[2022.05.22-00.28.01:162][  0]LogTargetPlatformManager: Display: Building Assets For Windows
[2022.05.22-00.28.01:441][  0]LogAudioDebug: Display: Lib vorbis DLL was dynamically loaded.
[2022.05.22-00.28.01:991][  0]LogTextureFormatOodle: Display: Oodle Texture 2.9.0 init RDO Off
[2022.05.22-00.28.02:865][  0]LogRendererCore: Ray tracing is disabled. Reason: r.RayTracing=0.
[2022.05.22-00.28.02:936][  0]LogShaderCompilers: Guid format shader working directory is 20 characters bigger than the processId version (S:/projetos/rallyUE/brally/Intermediate/Shaders/WorkingDirectory/6284/).
[2022.05.22-00.28.02:936][  0]LogShaderCompilers: Cleaned the shader compiler working directory 'C:/Users/erick/AppData/Local/Temp/UnrealShaderWorkingDir/2D05943248CC05BD68B514AC4737906A/'.
[2022.05.22-00.28.02:957][  0]LogXGEController: Cannot use XGE Controller as Incredibuild is not installed on this machine.
[2022.05.22-00.28.02:959][  0]LogShaderCompilers: Cannot use XGE Shader Compiler as Incredibuild is not installed on this machine.
[2022.05.22-00.28.02:959][  0]LogShaderCompilers: Display: Using Local Shader Compiler.
[2022.05.22-00.28.07:668][  0]LogDerivedDataCache: Display: Max Cache Size: 512 MB
[2022.05.22-00.28.08:010][  0]LogDerivedDataCache: Loaded boot cache 0.34s 94MB C:/Users/erick/AppData/Local/UnrealEngine/4.27/DerivedDataCache/Boot.ddc.
[2022.05.22-00.28.08:011][  0]LogDerivedDataCache: Display: Loaded Boot cache: C:/Users/erick/AppData/Local/UnrealEngine/4.27/DerivedDataCache/Boot.ddc
[2022.05.22-00.28.08:011][  0]LogDerivedDataCache: FDerivedDataBackendGraph:  Pak pak cache file S:/projetos/rallyUE/brally/DerivedDataCache/DDC.ddp not found, will not use a pak cache.
[2022.05.22-00.28.08:011][  0]LogDerivedDataCache: Unable to find inner node Pak for hierarchical cache Hierarchy.
[2022.05.22-00.28.08:011][  0]LogDerivedDataCache: FDerivedDataBackendGraph:  CompressedPak pak cache file S:/projetos/rallyUE/brally/DerivedDataCache/Compressed.ddp not found, will not use a pak cache.
[2022.05.22-00.28.08:011][  0]LogDerivedDataCache: Unable to find inner node CompressedPak for hierarchical cache Hierarchy.
[2022.05.22-00.28.08:136][  0]LogDerivedDataCache: Display: Pak cache opened for reading ../../../Engine/DerivedDataCache/Compressed.ddp.
[2022.05.22-00.28.08:136][  0]LogDerivedDataCache: FDerivedDataBackendGraph:  EnterprisePak pak cache file ../../../Enterprise/DerivedDataCache/Compressed.ddp not found, will not use a pak cache.
[2022.05.22-00.28.08:136][  0]LogDerivedDataCache: Unable to find inner node EnterprisePak for hierarchical cache Hierarchy.
[2022.05.22-00.28.08:222][  0]LogDerivedDataCache: Speed tests for C:/Users/erick/AppData/Local/UnrealEngine/Common/DerivedDataCache took 0.09 seconds
[2022.05.22-00.28.08:222][  0]LogDerivedDataCache: Display: Performance to C:/Users/erick/AppData/Local/UnrealEngine/Common/DerivedDataCache: Latency=2.06ms. RandomReadSpeed=19.20MBs, RandomWriteSpeed=76.05MBs. Assigned SpeedClass 'Fast'
[2022.05.22-00.28.08:227][  0]LogDerivedDataCache: Using Local data cache path C:/Users/erick/AppData/Local/UnrealEngine/Common/DerivedDataCache: Writable
[2022.05.22-00.28.08:227][  0]LogDerivedDataCache: Shared data cache path not found in *engine.ini, will not use an Shared cache.
[2022.05.22-00.28.08:227][  0]LogDerivedDataCache: Unable to find inner node Shared for hierarchical cache Hierarchy.
[2022.05.22-00.28.08:462][  0]LogSlate: Using FreeType 2.10.0
[2022.05.22-00.28.08:600][  0]LogSlate: SlateFontServices - WITH_FREETYPE: 1, WITH_HARFBUZZ: 1
[2022.05.22-00.28.09:648][  0]LogAssetRegistry: FAssetRegistry took 0.0085 seconds to start up
[2022.05.22-00.28.16:140][  0]LogAssetRegistry: Error: Package S:/projetos/rallyUE/brally/Content/NewMap.umap has malformed tag
[2022.05.22-00.28.16:149][  0]LogInit: Selected Device Profile: [Windows]
[2022.05.22-00.28.16:149][  0]LogInit: Active device profile: [0000023C707F7C00][0000023C6B344EC0 49] Windows
[2022.05.22-00.28.16:149][  0]LogInit: Profiles: [0000023C707F7C00][0000023C6B344EC0 49] Windows, [0000023C707AC600][0000023C6AF1B040 49] WindowsNoEditor, [0000023C707F4500][0000023C65A4D1C0 49] WindowsServer, [0000023C707AFB00][0000023C65A51340 49] WindowsClient, [0000023C707F7A00][0000023C659FB4C0 49] IOS, [0000023C707AC900][0000023C659FF640 49] iPadAir, [0000023C707F4800][0000023C65A037C0 49] iPadAir2, [0000023C70764C00][0000023C53267A80 49] IPadPro, [0000023C70764D00][0000023C65A07AC0 49] iPadAir3, [0000023C707F7700][0000023C5326A0C0 49] iPadAir4, [0000023C70764900][0000023C5326E240 49] iPadMini2, [0000023C707F4900][0000023C532723C0 49] iPadMini3, [0000023C70765600][0000023C53276540 49] iPadMini4, [0000023C707F7400][0000023C5327A6C0 49] iPadMini5, [0000023C707AEF00][0000023C6AF16940 49] iPhone6, [0000023C707AEE00][0000023C5327E980 49] iPodTouch6, [0000023C70767900][0000023C53286BC0 49] iPhone7, [0000023C70767500][0000023C53282C00 49] iPodTouch7, [0000023C707AF900][0000023C5328AD40 49] iPhone5S, [0000023C70764400][0000023C53292EC0 49] iPhone6Plus, [0000023C707AD000][0000023C65ABB040 49] iPhone6S, [0000023C70766F00][0000023C65ABF1C0 49] iPhone6SPlus, [0000023C707ADC00][0000023C65AC3340 49] iPhone7Plus, [0000023C70765100][0000023C65AC74C0 49] iPhoneSE, [0000023C707AE300][0000023C65ACB640 49] iPhone8, [0000023C70766A00][0000023C65ACF7C0 49] iPhone8Plus, [0000023C707ACB00][0000023C65AD3940 49] iPhoneX, [0000023C70766500][0000023C65AD7AC0 49] iPhoneXS, [0000023C707AE000][0000023C65ADA0C0 49] iPhoneXSMax, [0000023C70767D00][0000023C65ADE240 49] iPhoneXR, [0000023C707AD500][0000023C65AE23C0 49] iPhone11, [0000023C70765E00][0000023C65AE6540 49] iPhone11Pro, [0000023C707AC200][0000023C65AEA6C0 49] iPhone11ProMax, [0000023C70767400][0000023C65AEE840 49] iPhoneSE2, [0000023C707AF800][0000023C65AF29C0 49] iPhone12Mini, [0000023C70764E00][0000023C65AF6B40 49] iPhone12, [0000023C707ACE00][0000023C5328EC80 49] iPhone12Pro, [0000023C70766C00][0000023C700FADC0 49] iPhone12ProMax, [0000023C707AD100][0000023C700FEF00 49] iPadPro105, [0000023C70767C00][0000023C70107080 49] iPadPro129, [0000023C707ACA00][0000023C7010B200 49] iPadPro97, [0000023C70765700][0000023C7010F380 49] iPadPro2_129, [0000023C707AF500][0000023C70113500 49] iPad5, [0000023C70765D00][0000023C70117680 49] iPad6, [0000023C707ADB00][0000023C7011B800 49] iPad7, [0000023C70766800][0000023C7011F980 49] iPad8, [0000023C707AF200][0000023C70123B00 49] iPadPro11, [0000023C70766B00][0000023C70126100 49] iPadPro2_11, [0000023C707AC300][0000023C7012A280 49] iPadPro3_129, [0000023C70764500][0000023C7012E400 49] iPadPro4_129, [0000023C707AF300][0000023C70132580 49] AppleTV, [0000023C70765400][0000023C70136700 49] AppleTV4K, [0000023C707AD900][0000023C7013A880 49] TVOS, [0000023C70767A00][0000023C6B28CA00 49] Mac, [0000023C707AFC00][0000023C6B290B80 49] MacClient, [0000023C70767600][0000023C6B294D00 49] MacNoEditor, [0000023C707AFA00][0000023C70102E40 49] MacServer, [0000023C70767000][0000023C6B298F80 49] Linux, [0000023C707AEC00][0000023C6B29D0C0 49] LinuxAArch64, [0000023C70765000][0000023C6B2A5240 49] LinuxNoEditor, [0000023C707AF100][0000023C6B2A93C0 49] LinuxAArch64NoEditor, [0000023C70767F00][0000023C6B2AD540 49] LinuxClient, [0000023C707AF400][0000023C6B2B16C0 49] LinuxAArch64Client, [0000023C70766300][0000023C6B2B5840 49] LinuxServer, [0000023C707ACC00][0000023C6B2B99C0 49] LinuxAArch64Server, [0000023C70764200][0000023C6B2BDB40 49] Android, [0000023C707AE200][0000023C6B2C0140 49] Android_Low, [0000023C707F5100][0000023C6B2C42C0 49] Android_Mid, [0000023C70836500][0000023C6B2C8440 49] Android_High, [0000023C707F6600][0000023C6B2CC5C0 49] Android_Default, [0000023C70835300][0000023C6B2D0740 49] Android_Adreno4xx, [0000023C707F4700][0000023C6FE808C0 49] Android_Adreno5xx_Low, [0000023C70835100][0000023C6FE84A40 49] Android_Adreno5xx, [0000023C707F6700][0000023C6FE88BC0 49] Android_Adreno6xx, [0000023C70836600][0000023C6FE8CD40 49] Android_Adreno6xx_Vulkan, [0000023C707F4A00][0000023C6FE90EC0 49] Android_Mali_T6xx, [0000023C70834D00][0000023C6B2A1000 49] Android_Mali_T7xx, [0000023C707F5000][0000023C6FE95140 49] Android_Mali_T8xx, [0000023C70836300][0000023C6FE99280 49] Android_Mali_G71, [0000023C707F7F00][0000023C6FE9D3C0 49] Android_Mali_G72, [0000023C70834B00][0000023C6FEA5540 49] Android_Mali_G72_Vulkan, [0000023C707F4B00][0000023C6FEA96C0 49] Android_Mali_G76, [0000023C70834700][0000023C6FEAD840 49] Android_Mali_G76_Vulkan, [0000023C707F6500][0000023C6FEB19C0 49] Android_Mali_G77, [0000023C70835C00][0000023C6FEB5B40 49] Android_Mali_G77_Vulkan, [0000023C707F6F00][0000023C6FEB8140 49] Android_Mali_G78, [0000023C70835700][0000023C6FEBC2C0 49] Android_Mali_G78_Vulkan, [0000023C707AE800][0000023C6FEC0440 49] Android_Mali_G710, [0000023C70764800][0000023C6FEC45C0 49] Android_Mali_G710_Vulkan, [0000023C707AC100][0000023C6FEC8740 49] Android_Vulkan_SM5, [0000023C70834F00][0000023C6FECC8C0 49] Android_PowerVR_G6xxx, [0000023C707AE600][0000023C6FED0A40 49] Android_PowerVR_GT7xxx, [0000023C70834100][0000023C6FED4BC0 49] Android_PowerVR_GE8xxx, [0000023C707ADF00][0000023C6FED8D40 49] Android_PowerVR_GM9xxx, [0000023C70836400][0000023C6FEDCEC0 49] Android_PowerVR_GM9xxx_Vulkan, [0000023C707AE400][0000023C6FEE1040 49] Android_TegraK1, [0000023C70835800][0000023C6FEA1180 49] Android_Unknown_Vulkan, [0000023C707AFE00][0000023C6FEE52C0 49] Lumin, [0000023C70834C00][0000023C6FEE9400 49] Lumin_Desktop, [0000023C707AC400][0000023C6FEED540 49] HoloLens, 
[2022.05.22-00.28.18:210][  0]LogMeshReduction: Using QuadricMeshReduction for automatic static mesh reduction
[2022.05.22-00.28.18:210][  0]LogMeshReduction: Using SimplygonMeshReduction for automatic skeletal mesh reduction
[2022.05.22-00.28.18:210][  0]LogMeshReduction: Using ProxyLODMeshReduction for automatic mesh merging
[2022.05.22-00.28.18:210][  0]LogMeshReduction: No distributed automatic mesh merging module available
[2022.05.22-00.28.18:210][  0]LogMeshMerging: No distributed automatic mesh merging module available
[2022.05.22-00.28.18:973][  0]LogNetVersion: brally 1.0.0, NetCL: 17155196, EngineNetVer: 17, GameNetVer: 0 (Checksum: 3473964133)
[2022.05.22-00.28.30:832][  0]LogTexture: Default maximum texture size for cubemaps generated from long-lat sources has been changed from 512 to unlimited. In order to preserve old behaiour for '/Engine/MapTemplates/Sky/DaylightAmbientCubemap.DaylightAmbientCubemap', its maximum texture size has been explicitly set to 512.
[2022.05.22-00.28.31:656][  0]LogHMD: PokeAHoleMaterial loaded successfully
[2022.05.22-00.28.31:826][  0]LogUObjectArray: 17178 objects as part of root set at end of initial load.
[2022.05.22-00.28.31:826][  0]LogUObjectAllocator: 4302048 out of 0 bytes used by permanent object pool.
[2022.05.22-00.28.31:827][  0]LogUObjectArray: CloseDisregardForGC: 0/0 objects in disregard for GC pool
[2022.05.22-00.28.37:194][  0]LogNiagaraDebuggerClient: Niagara Debugger Client Initialized | Session: 0CA9E3DD43EF3460967D94BF5846CAF6 | Instance: 581AE195471706825D5CB79AF8CC3B30 (DESKTOP-F4V4HAJ-6284).
[2022.05.22-00.28.39:682][  0]LogTcpMessaging: Initializing TcpMessaging bridge
[2022.05.22-00.28.39:743][  0]LogUdpMessaging: Initializing bridge on interface 0.0.0.0:0 to multicast group 230.0.0.1:6666.
[2022.05.22-00.28.39:953][  0]LogPython: Using Python 3.7.7
[2022.05.22-00.28.44:639][  0]SourceControl: Controle de origem desativado
[2022.05.22-00.28.44:640][  0]SourceControl: Controle de origem desativado
[2022.05.22-00.28.44:820][  0]SourceControl: Controle de origem desativado
[2022.05.22-00.28.44:861][  0]SourceControl: Controle de origem desativado
[2022.05.22-00.28.44:961][  0]SourceControl: Controle de origem desativado
[2022.05.22-00.28.45:000][  0]LogUProjectInfo: Found projects:
[2022.05.22-00.28.47:636][  0]LogOpenImageDenoise: OIDN starting up
[2022.05.22-00.28.47:974][  0]LogAndroidPermission: UAndroidPermissionCallbackProxy::GetInstance
[2022.05.22-00.28.48:163][  0]LogAudioCaptureCore: Display: No Audio Capture implementations found. Audio input will be silent.
[2022.05.22-00.28.48:163][  0]LogAudioCaptureCore: Display: No Audio Capture implementations found. Audio input will be silent.
[2022.05.22-00.28.49:649][  0]LogCollectionManager: Loaded 0 collections in 0.001810 seconds
[2022.05.22-00.28.49:957][  0]LogFileCache: Scanning file cache for directory 'S:/projetos/rallyUE/brally/Saved/Collections/' took 0.02s
[2022.05.22-00.28.49:957][  0]LogFileCache: Scanning file cache for directory 'S:/projetos/rallyUE/brally/Content/Developers/erick/Collections/' took 0.00s
[2022.05.22-00.28.49:957][  0]LogFileCache: Scanning file cache for directory 'S:/projetos/rallyUE/brally/Content/Collections/' took 0.00s
[2022.05.22-00.28.50:041][  0]LogOcInput: OculusInput pre-init called
[2022.05.22-00.28.54:405][  0]LogAutomationTest: Warning: Smoke tests took >2s to run (2.81s). 'FAutomationTestAttemptToFindUninitializedScriptStructMembers' took 2568ms. SmokeFilter tier tests should take less than 1ms. Please optimize or move 'FAutomationTestAttemptToFindUninitializedScriptStructMembers' to a slower tier than SmokeFilter.
[2022.05.22-00.28.54:546][  0]LogEngine: Initializing Engine...
[2022.05.22-00.28.55:206][  0]LogHMD: Failed to enumerate extensions. Please check that you have a valid OpenXR runtime installed.
[2022.05.22-00.28.55:219][  0]LogHMD: Failed to initialize OpenVR with code 110
[2022.05.22-00.28.55:234][  0]LogMagicLeap: Warning: VR disabled because ZI is not enabled.  To enable, in the editor, Edit -> Project Settings -> Plugins -> Magic Leap Plugin -> Enable Zero Iteration
[2022.05.22-00.28.55:375][  0]LogStats: UGameplayTagsManager::InitializeManager -  0.001 s
[2022.05.22-00.28.57:293][  0]LogInit: Initializing FReadOnlyCVARCache
[2022.05.22-00.28.58:315][  0]LogAIModule: Creating AISystem for world Untitled
[2022.05.22-00.28.58:443][  0]LogAudio: Display: Initializing Audio Device Manager...
[2022.05.22-00.28.58:552][  0]LogAudio: Display: Loading Default Audio Settings Objects...
[2022.05.22-00.28.58:577][  0]LogAudio: Display: No default SoundConcurrencyObject specified (or failed to load).
[2022.05.22-00.28.58:670][  0]LogAudio: Display: Audio Device Manager Initialized
[2022.05.22-00.28.58:670][  0]LogAudio: Display: Creating Audio Device:                 Id: 1, Scope: Shared, Realtime: True
[2022.05.22-00.28.58:726][  0]LogAudioMixer: Display: Audio Mixer Platform Settings:
[2022.05.22-00.28.58:726][  0]LogAudioMixer: Display: 	Sample Rate:						  48000
[2022.05.22-00.28.58:726][  0]LogAudioMixer: Display: 	Callback Buffer Frame Size Requested: 1024
[2022.05.22-00.28.58:726][  0]LogAudioMixer: Display: 	Callback Buffer Frame Size To Use:	  1024
[2022.05.22-00.28.58:726][  0]LogAudioMixer: Display: 	Number of buffers to queue:			  2
[2022.05.22-00.28.58:726][  0]LogAudioMixer: Display: 	Max Channels (voices):				  32
[2022.05.22-00.28.58:726][  0]LogAudioMixer: Display: 	Number of Async Source Workers:		  0
[2022.05.22-00.28.58:743][  0]LogAudio: Display: AudioDevice MaxSources: 32
[2022.05.22-00.28.58:764][  0]LogAudio: Display: Audio Spatialization Plugin: None (built-in).
[2022.05.22-00.28.58:764][  0]LogAudio: Display: Audio Reverb Plugin: None (built-in).
[2022.05.22-00.28.58:764][  0]LogAudio: Display: Audio Occlusion Plugin: None (built-in).
[2022.05.22-00.28.58:764][  0]LogAudioMixer: Display: Initializing audio mixer.
[2022.05.22-00.28.58:909][  0]LogAudioMixer: Display: 0: FrontLeft
[2022.05.22-00.28.58:909][  0]LogAudioMixer: Display: 1: FrontRight
[2022.05.22-00.28.58:948][  0]LogAudioMixer: Display: Using Audio Device SMART TV (NVIDIA High Definition Audio)
[2022.05.22-00.28.58:987][  0]LogAudioMixer: Display: Initializing Sound Submixes...
[2022.05.22-00.28.59:024][  0]LogAudioMixer: Display: Creating Master Submix 'MasterSubmixDefault'
[2022.05.22-00.28.59:024][  0]LogAudioMixer: Display: Creating Master Submix 'MasterReverbSubmixDefault'
[2022.05.22-00.28.59:026][  0]LogAudioMixer: Display: Creating Master Submix 'MasterEQSubmixDefault'
[2022.05.22-00.28.59:027][  0]LogAudioMixer: FMixerPlatformXAudio2::StartAudioStream() called
[2022.05.22-00.28.59:027][  0]LogAudioMixer: Display: Output buffers initialized: Frames=1024, Channels=2, Samples=2048
[2022.05.22-00.28.59:028][  0]LogAudioMixer: Display: Starting AudioMixerPlatformInterface::RunInternal()
[2022.05.22-00.28.59:028][  0]LogAudioMixer: Display: FMixerPlatformXAudio2::SubmitBuffer() called for the first time
[2022.05.22-00.28.59:028][  0]LogInit: FAudioDevice initialized.
[2022.05.22-00.28.59:040][  0]LogAudio: Display: Audio Device (ID: 1) registered with world 'Untitled'.
[2022.05.22-00.28.59:059][  0]LogNetVersion: Set ProjectVersion to 1.0.0.0. Version Checksum will be recalculated on next use.
[2022.05.22-00.28.59:156][  0]LogDerivedDataCache: Saved boot cache 0.10s 94MB C:/Users/erick/AppData/Local/UnrealEngine/4.27/DerivedDataCache/Boot.ddc.
[2022.05.22-00.28.59:157][  0]LogInit: Texture streaming: Enabled
[2022.05.22-00.28.59:407][  0]LogAnalytics: Display: [UEEditor.Rocket.Release] APIServer = https://datarouter.ol.epicgames.com/. AppVersion = 4.27.2-18319896+++UE4+Release-4.27
[2022.05.22-00.28.59:469][  0]LogEngineSessionManager: EngineSessionManager initialized
[2022.05.22-00.28.59:480][  0]LogEditorSessionSummary: Verbose: Initializing EditorSessionSummaryWriter for editor session tracking
[2022.05.22-00.28.59:512][  0]LogEditorSessionSummary: EditorSessionSummaryWriter initialized
[2022.05.22-00.28.59:895][  0]LogInit: Transaction tracking system initialized
[2022.05.22-00.29.00:379][  0]BlueprintLog: New page: Carregar Editor
[2022.05.22-00.29.01:912][  0]LocalizationService: Localization service is disabled
[2022.05.22-00.29.02:532][  0]TimingProfiler: Initialize
[2022.05.22-00.29.02:534][  0]TimingProfiler: OnSessionChanged
[2022.05.22-00.29.02:534][  0]LoadingProfiler: Initialize
[2022.05.22-00.29.02:534][  0]LoadingProfiler: OnSessionChanged
[2022.05.22-00.29.02:534][  0]NetworkingProfiler: Initialize
[2022.05.22-00.29.02:535][  0]NetworkingProfiler: OnSessionChanged
[2022.05.22-00.29.02:535][  0]MemoryProfiler: Initialize
[2022.05.22-00.29.02:535][  0]MemoryProfiler: OnSessionChanged
[2022.05.22-00.29.06:246][  0]LogFileCache: Scanning file cache for directory 'S:/projetos/rallyUE/brally/Content/' took 0.12s
[2022.05.22-00.29.06:246][  0]LogCook: Display: CookSettings for Memory: MemoryMaxUsedVirtual 0MiB, MemoryMaxUsedPhysical 16384MiB, MemoryMinFreeVirtual 0MiB, MemoryMinFreePhysical 1024MiB
[2022.05.22-00.29.06:246][  0]LogCook: Display: Mobile HDR setting 1
[2022.05.22-00.29.11:419][  0]LogInit: Display: Engine is initialized. Leaving FEngineLoop::Init()
[2022.05.22-00.29.11:597][  0]SourceControl: Controle de origem desativado
[2022.05.22-00.29.11:615][  0]LogUnrealEdMisc: Loading editor; pre map load, took 127.510
[2022.05.22-00.29.11:642][  0]Cmd: MAP LOAD FILE="S:/projetos/rallyUE/brally/Content/NewWorld.umap" TEMPLATE=0 SHOWPROGRESS=1 FEATURELEVEL=3
[2022.05.22-00.29.11:705][  0]LightingResults: New page: Compilação de Iluminação
[2022.05.22-00.29.11:887][  0]LogWorld: UWorld::CleanupWorld for Untitled, bSessionEnded=true, bCleanupResources=true
[2022.05.22-00.29.12:026][  0]LogSlate: InvalidateAllWidgets triggered.  All widgets were invalidated
[2022.05.22-00.29.12:129][  0]MapCheck: New page: Verificação de Mapa
[2022.05.22-00.29.12:129][  0]LightingResults: New page: Compilação de Iluminação
[2022.05.22-00.29.12:619][  0]LogAudio: Display: Audio Device unregistered from world 'None'.
[2022.05.22-00.29.12:974][  0]LogUObjectHash: Compacting FUObjectHashTables data took   1.29ms
[2022.05.22-00.29.14:995][  0]LogAudio: Display: Audio Device (ID: 1) registered with world 'NewWorld'.
[2022.05.22-00.29.15:005][  0]LogAIModule: Creating AISystem for world NewWorld
[2022.05.22-00.29.15:856][  0]LogEditorServer: Finished looking for orphan Actors (0.000 secs)
[2022.05.22-00.29.16:228][  0]LogUObjectHash: Compacting FUObjectHashTables data took   0.85ms
[2022.05.22-00.29.16:265][  0]Cmd: MAP CHECKDEP NOCLEARLOG
[2022.05.22-00.29.16:274][  0]MapCheck: Map check complete: 0 Error(s), 0 Warning(s), took 9,439ms to complete.
[2022.05.22-00.29.16:275][  0]LogFileHelpers: Loading map 'NewWorld' took 4.635
[2022.05.22-00.29.18:042][  0]LogUnrealEdMisc: Total Editor Startup Time, took 133.942
[2022.05.22-00.29.19:372][  0]LogSlate: Updating window title bar state: overlay mode, drag disabled, window buttons hidden, title bar hidden
[2022.05.22-00.29.19:390][  0]LogSlate: Updating window title bar state: overlay mode, drag disabled, window buttons hidden, title bar hidden
[2022.05.22-00.29.19:397][  0]LogSlate: Updating window title bar state: overlay mode, drag disabled, window buttons hidden, title bar hidden
[2022.05.22-00.29.19:403][  0]LogSlate: Updating window title bar state: overlay mode, drag disabled, window buttons hidden, title bar hidden
[2022.05.22-00.29.19:794][  0]LogNativeClassHierarchy: Verbose: Native class hierarchy populated in 0.0095 seconds. Added 3822 classes and 928 folders.
[2022.05.22-00.29.19:999][  0]LogNativeClassHierarchy: Verbose: Native class hierarchy updated for 'WidgetCarousel' in 0.0003 seconds. Added 0 classes and 0 folders.
[2022.05.22-00.29.20:150][  0]LogPakFile: PakFile PrimaryIndexSize=187
[2022.05.22-00.29.20:150][  0]LogPakFile: PakFile PathHashIndexSize=101
[2022.05.22-00.29.20:150][  0]LogPakFile: PakFile FullDirectoryIndexSize=148
[2022.05.22-00.29.20:224][  0]LogShaderLibrary: Display: ShaderCodeLibraryPakFileMountedCallback: PakFile 'D:/EPIC/UE_4.27/FeaturePacks/FP_FirstPerson.upack' (chunk index -1, root 'root:/') mounted
[2022.05.22-00.29.20:225][  0]LogShaderLibrary: Display: ShaderCodeLibraryPakFileMountedCallback: pending pak file info (ChunkID:-1 Root:root:/ File:D:/EPIC/UE_4.27/FeaturePacks/FP_FirstPerson.upack)
[2022.05.22-00.29.20:225][  0]LogPakFile: OnPakFileMounted2Time == 0.075572
[2022.05.22-00.29.20:260][  0]LogPakFile: PakFile PrimaryIndexSize=189
[2022.05.22-00.29.20:260][  0]LogPakFile: PakFile PathHashIndexSize=101
[2022.05.22-00.29.20:260][  0]LogPakFile: PakFile FullDirectoryIndexSize=152
[2022.05.22-00.29.20:260][  0]LogShaderLibrary: Display: ShaderCodeLibraryPakFileMountedCallback: PakFile 'D:/EPIC/UE_4.27/FeaturePacks/FP_FirstPersonBP.upack' (chunk index -1, root 'root:/') mounted
[2022.05.22-00.29.20:260][  0]LogShaderLibrary: Display: ShaderCodeLibraryPakFileMountedCallback: pending pak file info (ChunkID:-1 Root:root:/ File:D:/EPIC/UE_4.27/FeaturePacks/FP_FirstPersonBP.upack)
[2022.05.22-00.29.20:260][  0]LogPakFile: OnPakFileMounted2Time == 0.000073
[2022.05.22-00.29.20:290][  0]LogPakFile: PakFile PrimaryIndexSize=191
[2022.05.22-00.29.20:290][  0]LogPakFile: PakFile PathHashIndexSize=101
[2022.05.22-00.29.20:290][  0]LogPakFile: PakFile FullDirectoryIndexSize=160
[2022.05.22-00.29.20:290][  0]LogShaderLibrary: Display: ShaderCodeLibraryPakFileMountedCallback: PakFile 'D:/EPIC/UE_4.27/FeaturePacks/MobileStarterContent.upack' (chunk index -1, root 'root:/') mounted
[2022.05.22-00.29.20:291][  0]LogShaderLibrary: Display: ShaderCodeLibraryPakFileMountedCallback: pending pak file info (ChunkID:-1 Root:root:/ File:D:/EPIC/UE_4.27/FeaturePacks/MobileStarterContent.upack)
[2022.05.22-00.29.20:291][  0]LogPakFile: OnPakFileMounted2Time == 0.000075
[2022.05.22-00.29.20:298][  0]LogPakFile: PakFile PrimaryIndexSize=185
[2022.05.22-00.29.20:298][  0]LogPakFile: PakFile PathHashIndexSize=101
[2022.05.22-00.29.20:298][  0]LogPakFile: PakFile FullDirectoryIndexSize=148
[2022.05.22-00.29.20:298][  0]LogShaderLibrary: Display: ShaderCodeLibraryPakFileMountedCallback: PakFile 'D:/EPIC/UE_4.27/FeaturePacks/StarterContent.upack' (chunk index -1, root 'root:/') mounted
[2022.05.22-00.29.20:298][  0]LogShaderLibrary: Display: ShaderCodeLibraryPakFileMountedCallback: pending pak file info (ChunkID:-1 Root:root:/ File:D:/EPIC/UE_4.27/FeaturePacks/StarterContent.upack)
[2022.05.22-00.29.20:298][  0]LogPakFile: OnPakFileMounted2Time == 0.000073
[2022.05.22-00.29.20:307][  0]LogPakFile: PakFile PrimaryIndexSize=190
[2022.05.22-00.29.20:307][  0]LogPakFile: PakFile PathHashIndexSize=101
[2022.05.22-00.29.20:307][  0]LogPakFile: PakFile FullDirectoryIndexSize=154
[2022.05.22-00.29.20:308][  0]LogShaderLibrary: Display: ShaderCodeLibraryPakFileMountedCallback: PakFile 'D:/EPIC/UE_4.27/FeaturePacks/TP_2DSideScroller.upack' (chunk index -1, root 'root:/') mounted
[2022.05.22-00.29.20:308][  0]LogShaderLibrary: Display: ShaderCodeLibraryPakFileMountedCallback: pending pak file info (ChunkID:-1 Root:root:/ File:D:/EPIC/UE_4.27/FeaturePacks/TP_2DSideScroller.upack)
[2022.05.22-00.29.20:308][  0]LogPakFile: OnPakFileMounted2Time == 0.000063
[2022.05.22-00.29.20:318][  0]LogPakFile: PakFile PrimaryIndexSize=192
[2022.05.22-00.29.20:318][  0]LogPakFile: PakFile PathHashIndexSize=101
[2022.05.22-00.29.20:318][  0]LogPakFile: PakFile FullDirectoryIndexSize=158
[2022.05.22-00.29.20:318][  0]LogShaderLibrary: Display: ShaderCodeLibraryPakFileMountedCallback: PakFile 'D:/EPIC/UE_4.27/FeaturePacks/TP_2DSideScrollerBP.upack' (chunk index -1, root 'root:/') mounted
[2022.05.22-00.29.20:318][  0]LogShaderLibrary: Display: ShaderCodeLibraryPakFileMountedCallback: pending pak file info (ChunkID:-1 Root:root:/ File:D:/EPIC/UE_4.27/FeaturePacks/TP_2DSideScrollerBP.upack)
[2022.05.22-00.29.20:318][  0]LogPakFile: OnPakFileMounted2Time == 0.000073
[2022.05.22-00.29.20:327][  0]LogPakFile: PakFile PrimaryIndexSize=182
[2022.05.22-00.29.20:327][  0]LogPakFile: PakFile PathHashIndexSize=101
[2022.05.22-00.29.20:327][  0]LogPakFile: PakFile FullDirectoryIndexSize=138
[2022.05.22-00.29.20:327][  0]LogShaderLibrary: Display: ShaderCodeLibraryPakFileMountedCallback: PakFile 'D:/EPIC/UE_4.27/FeaturePacks/TP_Flying.upack' (chunk index -1, root 'root:/') mounted
[2022.05.22-00.29.20:327][  0]LogShaderLibrary: Display: ShaderCodeLibraryPakFileMountedCallback: pending pak file info (ChunkID:-1 Root:root:/ File:D:/EPIC/UE_4.27/FeaturePacks/TP_Flying.upack)
[2022.05.22-00.29.20:327][  0]LogPakFile: OnPakFileMounted2Time == 0.000046
[2022.05.22-00.29.20:344][  0]LogPakFile: PakFile PrimaryIndexSize=184
[2022.05.22-00.29.20:344][  0]LogPakFile: PakFile PathHashIndexSize=101
[2022.05.22-00.29.20:344][  0]LogPakFile: PakFile FullDirectoryIndexSize=142
[2022.05.22-00.29.20:344][  0]LogShaderLibrary: Display: ShaderCodeLibraryPakFileMountedCallback: PakFile 'D:/EPIC/UE_4.27/FeaturePacks/TP_FlyingBP.upack' (chunk index -1, root 'root:/') mounted
[2022.05.22-00.29.20:344][  0]LogShaderLibrary: Display: ShaderCodeLibraryPakFileMountedCallback: pending pak file info (ChunkID:-1 Root:root:/ File:D:/EPIC/UE_4.27/FeaturePacks/TP_FlyingBP.upack)
[2022.05.22-00.29.20:345][  0]LogPakFile: OnPakFileMounted2Time == 0.000044
[2022.05.22-00.29.20:377][  0]LogPakFile: PakFile PrimaryIndexSize=188
[2022.05.22-00.29.20:377][  0]LogPakFile: PakFile PathHashIndexSize=101
[2022.05.22-00.29.20:377][  0]LogPakFile: PakFile FullDirectoryIndexSize=150
[2022.05.22-00.29.20:377][  0]LogShaderLibrary: Display: ShaderCodeLibraryPakFileMountedCallback: PakFile 'D:/EPIC/UE_4.27/FeaturePacks/TP_HandheldARBP.upack' (chunk index -1, root 'root:/') mounted
[2022.05.22-00.29.20:377][  0]LogShaderLibrary: Display: ShaderCodeLibraryPakFileMountedCallback: pending pak file info (ChunkID:-1 Root:root:/ File:D:/EPIC/UE_4.27/FeaturePacks/TP_HandheldARBP.upack)
[2022.05.22-00.29.20:377][  0]LogPakFile: OnPakFileMounted2Time == 0.000044
[2022.05.22-00.29.20:437][  0]LogPakFile: PakFile PrimaryIndexSize=182
[2022.05.22-00.29.20:437][  0]LogPakFile: PakFile PathHashIndexSize=101
[2022.05.22-00.29.20:437][  0]LogPakFile: PakFile FullDirectoryIndexSize=138
[2022.05.22-00.29.20:437][  0]LogShaderLibrary: Display: ShaderCodeLibraryPakFileMountedCallback: PakFile 'D:/EPIC/UE_4.27/FeaturePacks/TP_Puzzle.upack' (chunk index -1, root 'root:/') mounted
[2022.05.22-00.29.20:437][  0]LogShaderLibrary: Display: ShaderCodeLibraryPakFileMountedCallback: pending pak file info (ChunkID:-1 Root:root:/ File:D:/EPIC/UE_4.27/FeaturePacks/TP_Puzzle.upack)
[2022.05.22-00.29.20:437][  0]LogPakFile: OnPakFileMounted2Time == 0.000045
[2022.05.22-00.29.20:459][  0]LogPakFile: PakFile PrimaryIndexSize=184
[2022.05.22-00.29.20:459][  0]LogPakFile: PakFile PathHashIndexSize=101
[2022.05.22-00.29.20:459][  0]LogPakFile: PakFile FullDirectoryIndexSize=142
[2022.05.22-00.29.20:459][  0]LogShaderLibrary: Display: ShaderCodeLibraryPakFileMountedCallback: PakFile 'D:/EPIC/UE_4.27/FeaturePacks/TP_PuzzleBP.upack' (chunk index -1, root 'root:/') mounted
[2022.05.22-00.29.20:459][  0]LogShaderLibrary: Display: ShaderCodeLibraryPakFileMountedCallback: pending pak file info (ChunkID:-1 Root:root:/ File:D:/EPIC/UE_4.27/FeaturePacks/TP_PuzzleBP.upack)
[2022.05.22-00.29.20:459][  0]LogPakFile: OnPakFileMounted2Time == 0.000044
[2022.05.22-00.29.20:474][  0]LogPakFile: PakFile PrimaryIndexSize=183
[2022.05.22-00.29.20:474][  0]LogPakFile: PakFile PathHashIndexSize=101
[2022.05.22-00.29.20:474][  0]LogPakFile: PakFile FullDirectoryIndexSize=140
[2022.05.22-00.29.20:475][  0]LogShaderLibrary: Display: ShaderCodeLibraryPakFileMountedCallback: PakFile 'D:/EPIC/UE_4.27/FeaturePacks/TP_Rolling.upack' (chunk index -1, root 'root:/') mounted
[2022.05.22-00.29.20:475][  0]LogShaderLibrary: Display: ShaderCodeLibraryPakFileMountedCallback: pending pak file info (ChunkID:-1 Root:root:/ File:D:/EPIC/UE_4.27/FeaturePacks/TP_Rolling.upack)
[2022.05.22-00.29.20:475][  0]LogPakFile: OnPakFileMounted2Time == 0.000080
[2022.05.22-00.29.20:480][  0]LogPakFile: PakFile PrimaryIndexSize=185
[2022.05.22-00.29.20:480][  0]LogPakFile: PakFile PathHashIndexSize=101
[2022.05.22-00.29.20:480][  0]LogPakFile: PakFile FullDirectoryIndexSize=144
[2022.05.22-00.29.20:480][  0]LogShaderLibrary: Display: ShaderCodeLibraryPakFileMountedCallback: PakFile 'D:/EPIC/UE_4.27/FeaturePacks/TP_RollingBP.upack' (chunk index -1, root 'root:/') mounted
[2022.05.22-00.29.20:480][  0]LogShaderLibrary: Display: ShaderCodeLibraryPakFileMountedCallback: pending pak file info (ChunkID:-1 Root:root:/ File:D:/EPIC/UE_4.27/FeaturePacks/TP_RollingBP.upack)
[2022.05.22-00.29.20:480][  0]LogPakFile: OnPakFileMounted2Time == 0.000060
[2022.05.22-00.29.20:486][  0]LogPakFile: PakFile PrimaryIndexSize=188
[2022.05.22-00.29.20:486][  0]LogPakFile: PakFile PathHashIndexSize=101
[2022.05.22-00.29.20:486][  0]LogPakFile: PakFile FullDirectoryIndexSize=150
[2022.05.22-00.29.20:486][  0]LogShaderLibrary: Display: ShaderCodeLibraryPakFileMountedCallback: PakFile 'D:/EPIC/UE_4.27/FeaturePacks/TP_SideScroller.upack' (chunk index -1, root 'root:/') mounted
[2022.05.22-00.29.20:486][  0]LogShaderLibrary: Display: ShaderCodeLibraryPakFileMountedCallback: pending pak file info (ChunkID:-1 Root:root:/ File:D:/EPIC/UE_4.27/FeaturePacks/TP_SideScroller.upack)
[2022.05.22-00.29.20:486][  0]LogPakFile: OnPakFileMounted2Time == 0.000059
[2022.05.22-00.29.20:493][  0]LogPakFile: PakFile PrimaryIndexSize=190
[2022.05.22-00.29.20:493][  0]LogPakFile: PakFile PathHashIndexSize=101
[2022.05.22-00.29.20:493][  0]LogPakFile: PakFile FullDirectoryIndexSize=154
[2022.05.22-00.29.20:493][  0]LogShaderLibrary: Display: ShaderCodeLibraryPakFileMountedCallback: PakFile 'D:/EPIC/UE_4.27/FeaturePacks/TP_SideScrollerBP.upack' (chunk index -1, root 'root:/') mounted
[2022.05.22-00.29.20:493][  0]LogShaderLibrary: Display: ShaderCodeLibraryPakFileMountedCallback: pending pak file info (ChunkID:-1 Root:root:/ File:D:/EPIC/UE_4.27/FeaturePacks/TP_SideScrollerBP.upack)
[2022.05.22-00.29.20:494][  0]LogPakFile: OnPakFileMounted2Time == 0.000072
[2022.05.22-00.29.20:500][  0]LogPakFile: PakFile PrimaryIndexSize=187
[2022.05.22-00.29.20:500][  0]LogPakFile: PakFile PathHashIndexSize=101
[2022.05.22-00.29.20:500][  0]LogPakFile: PakFile FullDirectoryIndexSize=148
[2022.05.22-00.29.20:500][  0]LogShaderLibrary: Display: ShaderCodeLibraryPakFileMountedCallback: PakFile 'D:/EPIC/UE_4.27/FeaturePacks/TP_ThirdPerson.upack' (chunk index -1, root 'root:/') mounted
[2022.05.22-00.29.20:500][  0]LogShaderLibrary: Display: ShaderCodeLibraryPakFileMountedCallback: pending pak file info (ChunkID:-1 Root:root:/ File:D:/EPIC/UE_4.27/FeaturePacks/TP_ThirdPerson.upack)
[2022.05.22-00.29.20:500][  0]LogPakFile: OnPakFileMounted2Time == 0.000051
[2022.05.22-00.29.20:505][  0]LogPakFile: PakFile PrimaryIndexSize=189
[2022.05.22-00.29.20:505][  0]LogPakFile: PakFile PathHashIndexSize=101
[2022.05.22-00.29.20:505][  0]LogPakFile: PakFile FullDirectoryIndexSize=152
[2022.05.22-00.29.20:505][  0]LogShaderLibrary: Display: ShaderCodeLibraryPakFileMountedCallback: PakFile 'D:/EPIC/UE_4.27/FeaturePacks/TP_ThirdPersonBP.upack' (chunk index -1, root 'root:/') mounted
[2022.05.22-00.29.20:505][  0]LogShaderLibrary: Display: ShaderCodeLibraryPakFileMountedCallback: pending pak file info (ChunkID:-1 Root:root:/ File:D:/EPIC/UE_4.27/FeaturePacks/TP_ThirdPersonBP.upack)
[2022.05.22-00.29.20:505][  0]LogPakFile: OnPakFileMounted2Time == 0.000046
[2022.05.22-00.29.20:512][  0]LogPakFile: PakFile PrimaryIndexSize=183
[2022.05.22-00.29.20:512][  0]LogPakFile: PakFile PathHashIndexSize=101
[2022.05.22-00.29.20:512][  0]LogPakFile: PakFile FullDirectoryIndexSize=140
[2022.05.22-00.29.20:512][  0]LogShaderLibrary: Display: ShaderCodeLibraryPakFileMountedCallback: PakFile 'D:/EPIC/UE_4.27/FeaturePacks/TP_TopDown.upack' (chunk index -1, root 'root:/') mounted
[2022.05.22-00.29.20:512][  0]LogShaderLibrary: Display: ShaderCodeLibraryPakFileMountedCallback: pending pak file info (ChunkID:-1 Root:root:/ File:D:/EPIC/UE_4.27/FeaturePacks/TP_TopDown.upack)
[2022.05.22-00.29.20:512][  0]LogPakFile: OnPakFileMounted2Time == 0.000053
[2022.05.22-00.29.20:517][  0]LogPakFile: PakFile PrimaryIndexSize=185
[2022.05.22-00.29.20:517][  0]LogPakFile: PakFile PathHashIndexSize=101
[2022.05.22-00.29.20:517][  0]LogPakFile: PakFile FullDirectoryIndexSize=144
[2022.05.22-00.29.20:517][  0]LogShaderLibrary: Display: ShaderCodeLibraryPakFileMountedCallback: PakFile 'D:/EPIC/UE_4.27/FeaturePacks/TP_TopDownBP.upack' (chunk index -1, root 'root:/') mounted
[2022.05.22-00.29.20:517][  0]LogShaderLibrary: Display: ShaderCodeLibraryPakFileMountedCallback: pending pak file info (ChunkID:-1 Root:root:/ File:D:/EPIC/UE_4.27/FeaturePacks/TP_TopDownBP.upack)
[2022.05.22-00.29.20:517][  0]LogPakFile: OnPakFileMounted2Time == 0.000046
[2022.05.22-00.29.20:527][  0]LogPakFile: PakFile PrimaryIndexSize=185
[2022.05.22-00.29.20:527][  0]LogPakFile: PakFile PathHashIndexSize=101
[2022.05.22-00.29.20:527][  0]LogPakFile: PakFile FullDirectoryIndexSize=144
[2022.05.22-00.29.20:527][  0]LogShaderLibrary: Display: ShaderCodeLibraryPakFileMountedCallback: PakFile 'D:/EPIC/UE_4.27/FeaturePacks/TP_TwinStick.upack' (chunk index -1, root 'root:/') mounted
[2022.05.22-00.29.20:527][  0]LogShaderLibrary: Display: ShaderCodeLibraryPakFileMountedCallback: pending pak file info (ChunkID:-1 Root:root:/ File:D:/EPIC/UE_4.27/FeaturePacks/TP_TwinStick.upack)
[2022.05.22-00.29.20:527][  0]LogPakFile: OnPakFileMounted2Time == 0.000045
[2022.05.22-00.29.20:547][  0]LogPakFile: PakFile PrimaryIndexSize=187
[2022.05.22-00.29.20:547][  0]LogPakFile: PakFile PathHashIndexSize=101
[2022.05.22-00.29.20:547][  0]LogPakFile: PakFile FullDirectoryIndexSize=148
[2022.05.22-00.29.20:547][  0]LogShaderLibrary: Display: ShaderCodeLibraryPakFileMountedCallback: PakFile 'D:/EPIC/UE_4.27/FeaturePacks/TP_TwinStickBP.upack' (chunk index -1, root 'root:/') mounted
[2022.05.22-00.29.20:547][  0]LogShaderLibrary: Display: ShaderCodeLibraryPakFileMountedCallback: pending pak file info (ChunkID:-1 Root:root:/ File:D:/EPIC/UE_4.27/FeaturePacks/TP_TwinStickBP.upack)
[2022.05.22-00.29.20:547][  0]LogPakFile: OnPakFileMounted2Time == 0.000047
[2022.05.22-00.29.20:553][  0]LogPakFile: PakFile PrimaryIndexSize=183
[2022.05.22-00.29.20:553][  0]LogPakFile: PakFile PathHashIndexSize=101
[2022.05.22-00.29.20:553][  0]LogPakFile: PakFile FullDirectoryIndexSize=140
[2022.05.22-00.29.20:553][  0]LogShaderLibrary: Display: ShaderCodeLibraryPakFileMountedCallback: PakFile 'D:/EPIC/UE_4.27/FeaturePacks/TP_Vehicle.upack' (chunk index -1, root 'root:/') mounted
[2022.05.22-00.29.20:553][  0]LogShaderLibrary: Display: ShaderCodeLibraryPakFileMountedCallback: pending pak file info (ChunkID:-1 Root:root:/ File:D:/EPIC/UE_4.27/FeaturePacks/TP_Vehicle.upack)
[2022.05.22-00.29.20:553][  0]LogPakFile: OnPakFileMounted2Time == 0.000046
[2022.05.22-00.29.20:575][  0]LogPakFile: PakFile PrimaryIndexSize=186
[2022.05.22-00.29.20:575][  0]LogPakFile: PakFile PathHashIndexSize=101
[2022.05.22-00.29.20:575][  0]LogPakFile: PakFile FullDirectoryIndexSize=146
[2022.05.22-00.29.20:575][  0]LogShaderLibrary: Display: ShaderCodeLibraryPakFileMountedCallback: PakFile 'D:/EPIC/UE_4.27/FeaturePacks/TP_VehicleAdv.upack' (chunk index -1, root 'root:/') mounted
[2022.05.22-00.29.20:575][  0]LogShaderLibrary: Display: ShaderCodeLibraryPakFileMountedCallback: pending pak file info (ChunkID:-1 Root:root:/ File:D:/EPIC/UE_4.27/FeaturePacks/TP_VehicleAdv.upack)
[2022.05.22-00.29.20:575][  0]LogPakFile: OnPakFileMounted2Time == 0.000048
[2022.05.22-00.29.20:581][  0]LogPakFile: PakFile PrimaryIndexSize=188
[2022.05.22-00.29.20:581][  0]LogPakFile: PakFile PathHashIndexSize=101
[2022.05.22-00.29.20:581][  0]LogPakFile: PakFile FullDirectoryIndexSize=150
[2022.05.22-00.29.20:581][  0]LogShaderLibrary: Display: ShaderCodeLibraryPakFileMountedCallback: PakFile 'D:/EPIC/UE_4.27/FeaturePacks/TP_VehicleAdvBP.upack' (chunk index -1, root 'root:/') mounted
[2022.05.22-00.29.20:581][  0]LogShaderLibrary: Display: ShaderCodeLibraryPakFileMountedCallback: pending pak file info (ChunkID:-1 Root:root:/ File:D:/EPIC/UE_4.27/FeaturePacks/TP_VehicleAdvBP.upack)
[2022.05.22-00.29.20:581][  0]LogPakFile: OnPakFileMounted2Time == 0.000053
[2022.05.22-00.29.20:594][  0]LogPakFile: PakFile PrimaryIndexSize=185
[2022.05.22-00.29.20:594][  0]LogPakFile: PakFile PathHashIndexSize=101
[2022.05.22-00.29.20:594][  0]LogPakFile: PakFile FullDirectoryIndexSize=144
[2022.05.22-00.29.20:594][  0]LogShaderLibrary: Display: ShaderCodeLibraryPakFileMountedCallback: PakFile 'D:/EPIC/UE_4.27/FeaturePacks/TP_VehicleBP.upack' (chunk index -1, root 'root:/') mounted
[2022.05.22-00.29.20:594][  0]LogShaderLibrary: Display: ShaderCodeLibraryPakFileMountedCallback: pending pak file info (ChunkID:-1 Root:root:/ File:D:/EPIC/UE_4.27/FeaturePacks/TP_VehicleBP.upack)
[2022.05.22-00.29.20:594][  0]LogPakFile: OnPakFileMounted2Time == 0.000046
[2022.05.22-00.29.20:600][  0]LogPakFile: PakFile PrimaryIndexSize=192
[2022.05.22-00.29.20:600][  0]LogPakFile: PakFile PathHashIndexSize=101
[2022.05.22-00.29.20:600][  0]LogPakFile: PakFile FullDirectoryIndexSize=158
[2022.05.22-00.29.20:600][  0]LogShaderLibrary: Display: ShaderCodeLibraryPakFileMountedCallback: PakFile 'D:/EPIC/UE_4.27/FeaturePacks/TP_VirtualRealityBP.upack' (chunk index -1, root 'root:/') mounted
[2022.05.22-00.29.20:600][  0]LogShaderLibrary: Display: ShaderCodeLibraryPakFileMountedCallback: pending pak file info (ChunkID:-1 Root:root:/ File:D:/EPIC/UE_4.27/FeaturePacks/TP_VirtualRealityBP.upack)
[2022.05.22-00.29.20:600][  0]LogPakFile: OnPakFileMounted2Time == 0.000044
[2022.05.22-00.29.21:679][  0]LogNativeClassHierarchy: Verbose: Native class hierarchy updated for 'AddContentDialog' in 0.0003 seconds. Added 0 classes and 0 folders.
[2022.05.22-00.29.21:771][  0]LogNativeClassHierarchy: Verbose: Native class hierarchy updated for 'SceneOutliner' in 0.0003 seconds. Added 2 classes and 0 folders.
[2022.05.22-00.29.22:935][  0]LogSlate: Took 0.019445 seconds to synchronously load lazily loaded font '../../../Engine/Content/Slate/Fonts/Roboto-Regular.ttf' (155K)
[2022.05.22-00.29.22:973][  0]LogSlate: Took 0.024514 seconds to synchronously load lazily loaded font '../../../Engine/Content/Editor/Slate/Fonts/FontAwesome.ttf' (139K)
[2022.05.22-00.29.23:144][  0]LogSlate: Took 0.146705 seconds to synchronously load lazily loaded font '../../../Engine/Content/Slate/Fonts/Roboto-Bold.ttf' (160K)
[2022.05.22-00.29.23:916][  0]LogRenderer: Reallocating scene render targets to support 1208x688 Format 10 NumSamples 1 (Frame:1).
[2022.05.22-00.29.25:205][  0]LogSlate: Took 0.029757 seconds to synchronously load lazily loaded font '../../../Engine/Content/Slate/Fonts/Roboto-Light.ttf' (167K)
[2022.05.22-00.29.25:570][  0]LogNativeClassHierarchy: Verbose: Native class hierarchy updated for 'HierarchicalLODOutliner' in 0.0003 seconds. Added 0 classes and 0 folders.
[2022.05.22-00.29.25:570][  0]LogLoad: (Engine Initialization) Total time: 141.47 seconds
[2022.05.22-00.29.25:570][  0]LogLoad: (Engine Initialization) Total Blueprint compile time: 0.00 seconds
[2022.05.22-00.29.26:335][  0]LogContentStreaming: Texture pool size now 1000 MB
[2022.05.22-00.29.27:146][  2]LogAssetRegistry: Asset discovery search completed in 77.4996 seconds
[2022.05.22-00.29.27:414][  2]LogCollectionManager: Fixed up redirectors for 0 collections in 0.012400 seconds (updated 0 objects)
[2022.05.22-00.29.27:423][  2]LogSlate: Took 0.000174 seconds to synchronously load lazily loaded font '../../../Engine/Content/Slate/Fonts/Roboto-Light.ttf' (167K)
[2022.05.22-00.30.09:469][273]LogAssetEditorSubsystem: Opening Asset editor for Blueprint /Game/scrits/carro.carro
[2022.05.22-00.30.11:013][273]LogNativeClassHierarchy: Verbose: Native class hierarchy updated for 'BlueprintGraph' in 0.0006 seconds. Added 126 classes and 0 folders.
[2022.05.22-00.30.14:080][273]LogAssetEditorSubsystem: Opening Asset editor for Blueprint /Game/scrits/rodas.rodas
[2022.05.22-00.30.15:097][273]LogSlate: Took 0.020627 seconds to synchronously load lazily loaded font '../../../Engine/Content/Slate/Fonts/Roboto-BoldCondensed.ttf' (158K)
[2022.05.22-00.30.16:108][274]LogSlate: Took 0.017327 seconds to synchronously load lazily loaded font '../../../Engine/Content/Slate/Fonts/Roboto-Italic.ttf' (157K)
[2022.05.22-00.30.29:761][350]LogSlate: Window 'rodas' being destroyed
[2022.05.22-01.22.35:695][363]BlueprintLog: New page: Recolher para Função
[2022.05.22-01.23.54:623][571]Cmd: OBJ SAVEPACKAGE PACKAGE="/Game/scrits/rodas" FILE="S:/projetos/rallyUE/brally/Content/scrits/rodas.uasset" SILENT=true
[2022.05.22-01.23.54:918][571]LogSavePackage: Moving 'S:/projetos/rallyUE/brally/Saved/rodasDFFEDE80413DB58D92337EAC2C28BA62.tmp' to 'S:/projetos/rallyUE/brally/Content/scrits/rodas.uasset'
[2022.05.22-01.23.54:966][571]AssetCheck: New page: Asset Save: rodas
[2022.05.22-01.23.54:976][571]LogContentValidation: Display: Validating Blueprint /Game/scrits/rodas.rodas
[2022.05.22-01.23.55:085][580]BlueprintLog: New page: Compilar rodas
[2022.05.22-01.23.55:261][580]LogUObjectHash: Compacting FUObjectHashTables data took   2.65ms
[2022.05.22-01.23.55:401][580]LogSlate: Took 0.030506 seconds to synchronously load lazily loaded font '../../../Engine/Content/Slate/Fonts/DroidSansMono.ttf' (77K)
[2022.05.22-01.23.58:032][847]LogUObjectHash: Compacting FUObjectHashTables data took   2.47ms
[2022.05.22-01.23.58:048][847]Cmd: OBJ SAVEPACKAGE PACKAGE="/Game/NewWorld" FILE="S:/projetos/rallyUE/brally/Saved/Autosaves/Game/NewWorld_Auto1.umap" SILENT=true AUTOSAVING=true KEEPDIRTY=false
[2022.05.22-01.23.58:079][847]LogSavePackage: Moving 'S:/projetos/rallyUE/brally/Saved/NewWorld_Auto1DC6E82044ACEC53749D88BB62D657D2D.tmp' to 'S:/projetos/rallyUE/brally/Saved/Autosaves/Game/NewWorld_Auto1.umap'
[2022.05.22-01.23.58:092][847]LogFileHelpers: Editor autosave (incl. external actors) for '/Game/NewWorld' took 0.091
[2022.05.22-01.23.58:092][847]LogFileHelpers: Editor autosave (incl. sublevels & external actors) for all levels took 0.091
[2022.05.22-01.25.32:498][472]LogSlate: Only BGRA pngs, bmps or icos are supported in by External Image Picker
[2022.05.22-01.25.50:583][460]LogSlate: Window 'Configurações do Projeto' being destroyed
[2022.05.22-01.25.50:588][460]LogSlate: Window 'Configurações do Projeto' being destroyed
[2022.05.22-01.26.03:318][870]BlueprintLog: New page: Compilar carro
[2022.05.22-01.26.03:474][870]LogUObjectHash: Compacting FUObjectHashTables data took   3.89ms
[2022.05.22-01.26.04:073][928]Cmd: OBJ SAVEPACKAGE PACKAGE="/Game/scrits/carro" FILE="S:/projetos/rallyUE/brally/Content/scrits/carro.uasset" SILENT=true
[2022.05.22-01.26.04:157][928]LogSavePackage: Moving 'S:/projetos/rallyUE/brally/Saved/carroDB4C6566407AE5CB6D8538BA60172640.tmp' to 'S:/projetos/rallyUE/brally/Content/scrits/carro.uasset'
[2022.05.22-01.26.04:189][928]AssetCheck: New page: Asset Save: carro
[2022.05.22-01.26.04:189][928]LogContentValidation: Display: Validating Blueprint /Game/scrits/carro.carro
[2022.05.22-01.26.49:921][137]LogAudioMixer: Warning: Changing default audio render device to new device: {0.0.0.00000000}.{caee3c3d-3311-4d61-b0c7-e36e793bca3b}.
[2022.05.22-01.26.49:931][137]LogAudioMixer: Resetting audio stream to device id 
[2022.05.22-01.26.49:946][137]LogAudioMixer: Display: 0: FrontLeft
[2022.05.22-01.26.49:946][137]LogAudioMixer: Display: 1: FrontRight
[2022.05.22-19.01.01:284][148]LogAudioMixer: Resetting audio stream to device id 
[2022.05.22-19.01.01:531][148]LogAudioMixer: Display: 0: FrontLeft
[2022.05.22-19.01.01:531][148]LogAudioMixer: Display: 1: FrontRight
[2022.05.22-19.01.01:893][149]LogHttp: Warning: 0000023C96A99D00: invalid HTTP response code received. URL: https://datarouter.ol.epicgames.com/datarouter/api/v1/public/data?SessionID=%7B3832BC90-42F0-1295-9FE5-C2B36365E345%7D&AppID=UEEditor.Rocket.Release&AppVersion=4.27.2-18319896%2B%2B%2BUE4%2BRelease-4.27&UserID=fe9dd5894585306dea13f2871a335c4a%7Cbfef50d039b44310adb408a2d4e210f4%7Ca3fc3420-bcdd-4bf2-b635-b7522e0eb009&AppEnvironment=datacollector-binary&UploadType=eteventstream, HTTP code: 0, content length: 0, actual payload size: 0
[2022.05.22-19.01.01:934][149]LogHttp: Warning: 0000023C96A99D00: request failed, libcurl error: 56 (Failure when receiving data from the peer)
[2022.05.22-19.01.01:934][149]LogHttp: Warning: 0000023C96A99D00: libcurl info message cache 0 (Found bundle for host datarouter.ol.epicgames.com: 0x23c53703eb0 [can pipeline])
[2022.05.22-19.01.01:934][149]LogHttp: Warning: 0000023C96A99D00: libcurl info message cache 1 (Re-using existing connection! (#0) with host datarouter.ol.epicgames.com)
[2022.05.22-19.01.01:934][149]LogHttp: Warning: 0000023C96A99D00: libcurl info message cache 2 (Connected to datarouter.ol.epicgames.com (3.220.227.204) port 443 (#0))
[2022.05.22-19.01.01:934][149]LogHttp: Warning: 0000023C96A99D00: libcurl info message cache 3 (We are completely uploaded and fine)
[2022.05.22-19.01.01:934][149]LogHttp: Warning: 0000023C96A99D00: libcurl info message cache 4 (OpenSSL SSL_read: SSL_ERROR_SYSCALL, errno 10054)
[2022.05.22-19.01.01:934][149]LogHttp: Warning: 0000023C96A99D00: libcurl info message cache 5 (Connection died, retrying a fresh connect)
[2022.05.22-19.01.01:934][149]LogHttp: Warning: 0000023C96A99D00: libcurl info message cache 6 (necessary data rewind wasn't possible)
[2022.05.22-19.01.01:934][149]LogHttp: Warning: 0000023C96A99D00: libcurl info message cache 7 (Closing connection 0)
[2022.05.22-19.01.02:253][150]LogHttp: Warning: Retry exhausted on https://datarouter.ol.epicgames.com/datarouter/api/v1/public/data?SessionID=%7B3832BC90-42F0-1295-9FE5-C2B36365E345%7D&AppID=UEEditor.Rocket.Release&AppVersion=4.27.2-18319896%2B%2B%2BUE4%2BRelease-4.27&UserID=fe9dd5894585306dea13f2871a335c4a%7Cbfef50d039b44310adb408a2d4e210f4%7Ca3fc3420-bcdd-4bf2-b635-b7522e0eb009&AppEnvironment=datacollector-binary&UploadType=eteventstream
[2022.05.22-19.01.10:834][175]LogUObjectHash: Compacting FUObjectHashTables data took   3.78ms
[2022.05.22-19.01.10:836][175]Cmd: OBJ SAVEPACKAGE PACKAGE="/Game/NewWorld" FILE="S:/projetos/rallyUE/brally/Saved/Autosaves/Game/NewWorld_Auto2.umap" SILENT=true AUTOSAVING=true KEEPDIRTY=false
[2022.05.22-19.01.10:848][175]LogSavePackage: Moving 'S:/projetos/rallyUE/brally/Saved/NewWorld_Auto215AEB347401B4423FC383B9FA0783503.tmp' to 'S:/projetos/rallyUE/brally/Saved/Autosaves/Game/NewWorld_Auto2.umap'
[2022.05.22-19.01.10:849][175]LogFileHelpers: Editor autosave (incl. external actors) for '/Game/NewWorld' took 0.136
[2022.05.22-19.01.10:849][175]LogFileHelpers: Editor autosave (incl. sublevels & external actors) for all levels took 0.136
[2022.05.22-19.01.32:797][584]LogUObjectHash: Compacting FUObjectHashTables data took   0.59ms
[2022.05.22-19.01.35:888][584]LogSlate: Window 'Salvar Conteúdo' being destroyed
[2022.05.22-19.01.37:434][698]LogUObjectHash: Compacting FUObjectHashTables data took   0.63ms
