Log file open, 05/26/22 20:11:02
LogWindows: Failed to load 'aqProf.dll' (GetLastError=126)
LogWindows: File 'aqProf.dll' does not exist
LogWindows: Failed to load 'VtuneApi.dll' (GetLastError=126)
LogWindows: File 'VtuneApi.dll' does not exist
LogWindows: Failed to load 'VtuneApi32e.dll' (GetLastError=126)
LogWindows: File 'VtuneApi32e.dll' does not exist
LogConsoleResponse: Display: Failed to find resolution value strings in scalability ini. Falling back to default.
LogConsoleResponse: Display: Failed to find resolution value strings in scalability ini. Falling back to default.
LogInit: Display: Running engine for game: brally
LogPlatformFile: Not using cached read wrapper
LogTaskGraph: Started task graph with 5 named threads and 11 total threads with 3 sets of task threads.
LogStats: Stats thread started at 3.963819
LogICUInternationalization: ICU TimeZone Detection - Raw Offset: -3:00, Platform Override: ''
LogInit: Display: Loading text-based GConfig....
LogPluginManager: Mounting plugin MeshPainting
LogPluginManager: Mounting plugin XGEController
LogPluginManager: Mounting plugin AISupport
LogPluginManager: Mounting plugin EnvironmentQueryEditor
LogPluginManager: Mounting plugin Paper2D
LogPluginManager: Mounting plugin LiveLink
LogPluginManager: Mounting plugin LightPropagationVolume
LogPluginManager: Mounting plugin CameraShakePreviewer
LogPluginManager: Mounting plugin GameplayCameras
LogPluginManager: Mounting plugin OodleData
LogPluginManager: Mounting plugin OodleNetwork
LogPluginManager: Mounting plugin AnimationSharing
LogPluginManager: Mounting plugin CLionSourceCodeAccess
LogPluginManager: Mounting plugin CodeLiteSourceCodeAccess
LogPluginManager: Mounting plugin GitSourceControl
LogPluginManager: Mounting plugin KDevelopSourceCodeAccess
LogPluginManager: Mounting plugin NullSourceCodeAccess
LogPluginManager: Mounting plugin PixWinPlugin
LogPluginManager: Mounting plugin PlasticSourceControl
LogPluginManager: Mounting plugin PluginUtils
LogPluginManager: Mounting plugin PropertyAccessNode
LogPluginManager: Mounting plugin PerforceSourceControl
LogPluginManager: Mounting plugin RiderSourceCodeAccess
LogPluginManager: Mounting plugin SubversionSourceControl
LogPluginManager: Mounting plugin TextureFormatOodle
LogPluginManager: Mounting plugin UObjectPlugin
LogPluginManager: Mounting plugin VisualStudioCodeSourceCodeAccess
LogPluginManager: Mounting plugin VisualStudioSourceCodeAccess
LogPluginManager: Mounting plugin AssetManagerEditor
LogPluginManager: Mounting plugin XCodeSourceCodeAccess
LogPluginManager: Mounting plugin CryptoKeys
LogPluginManager: Mounting plugin CurveEditorTools
LogPluginManager: Mounting plugin DataValidation
LogPluginManager: Mounting plugin FacialAnimation
LogPluginManager: Mounting plugin GameplayTagsEditor
LogPluginManager: Mounting plugin GeometryMode
LogPluginManager: Mounting plugin MacGraphicsSwitching
LogPluginManager: Mounting plugin MaterialAnalyzer
LogPluginManager: Mounting plugin MobileLauncherProfileWizard
LogPluginManager: Mounting plugin SpeedTreeImporter
LogPluginManager: Mounting plugin PluginBrowser
LogPluginManager: Mounting plugin DatasmithContent
LogPluginManager: Mounting plugin LuminPlatformFeatures
LogPluginManager: Mounting plugin MagicLeap
LogPluginManager: Mounting plugin Niagara
LogPluginManager: Mounting plugin VariantManagerContent
LogPluginManager: Mounting plugin MagicLeapMedia
LogPluginManager: Mounting plugin MagicLeapLightEstimation
LogPluginManager: Mounting plugin MagicLeapPassableWorld
LogPluginManager: Mounting plugin MLSDK
LogPluginManager: Mounting plugin AndroidMedia
LogPluginManager: Mounting plugin AvfMedia
LogPluginManager: Mounting plugin ImgMedia
LogPluginManager: Mounting plugin MediaCompositing
LogPluginManager: Mounting plugin MediaPlayerEditor
LogPluginManager: Mounting plugin WebMMedia
LogPluginManager: Mounting plugin WmfMedia
LogPluginManager: Mounting plugin TcpMessaging
LogPluginManager: Mounting plugin UdpMessaging
LogPluginManager: Mounting plugin ActorSequence
LogPluginManager: Mounting plugin LevelSequenceEditor
LogPluginManager: Mounting plugin MatineeToLevelSequence
LogPluginManager: Mounting plugin TemplateSequence
LogPluginManager: Mounting plugin OnlineSubsystem
LogPluginManager: Mounting plugin OnlineSubsystemNull
LogPluginManager: Mounting plugin OnlineSubsystemUtils
LogPluginManager: Mounting plugin AlembicImporter
LogPluginManager: Mounting plugin AutomationUtils
LogPluginManager: Mounting plugin BackChannel
LogPluginManager: Mounting plugin ChaosCloth
LogPluginManager: Mounting plugin ChaosClothEditor
LogPluginManager: Mounting plugin ChaosEditor
LogPluginManager: Mounting plugin ChaosSolverPlugin
LogPluginManager: Mounting plugin CharacterAI
LogPluginManager: Mounting plugin ChaosNiagara
LogPluginManager: Mounting plugin GeometryCache
LogPluginManager: Mounting plugin GeometryCollectionPlugin
LogPluginManager: Mounting plugin GeometryProcessing
LogPluginManager: Mounting plugin OpenImageDenoise
LogPluginManager: Mounting plugin MotoSynth
LogPluginManager: Mounting plugin PlanarCut
LogPluginManager: Mounting plugin PlatformCrypto
LogPluginManager: Mounting plugin ProxyLODPlugin
LogPluginManager: Mounting plugin PythonScriptPlugin
LogPluginManager: Mounting plugin SkeletalReduction
LogPluginManager: Mounting plugin LauncherChunkInstaller
LogPluginManager: Mounting plugin ActorLayerUtilities
LogPluginManager: Mounting plugin AndroidDeviceProfileSelector
LogPluginManager: Mounting plugin AndroidMoviePlayer
LogPluginManager: Mounting plugin AndroidPermission
LogPluginManager: Mounting plugin AppleImageUtils
LogPluginManager: Mounting plugin AppleMoviePlayer
LogPluginManager: Mounting plugin ArchVisCharacter
LogPluginManager: Mounting plugin AudioCapture
LogPluginManager: Mounting plugin AudioSynesthesia
LogPluginManager: Mounting plugin CableComponent
LogPluginManager: Mounting plugin AssetTags
LogPluginManager: Mounting plugin ChunkDownloader
LogPluginManager: Mounting plugin CustomMeshComponent
LogPluginManager: Mounting plugin EditableMesh
LogPluginManager: Mounting plugin ExampleDeviceProfileSelector
LogPluginManager: Mounting plugin GoogleCloudMessaging
LogPluginManager: Mounting plugin GooglePAD
LogPluginManager: Mounting plugin ScreenshotTools
LogPluginManager: Mounting plugin IOSDeviceProfileSelector
LogPluginManager: Mounting plugin LinuxDeviceProfileSelector
LogPluginManager: Mounting plugin LocationServicesBPLibrary
LogPluginManager: Mounting plugin MobilePatchingUtils
LogPluginManager: Mounting plugin OpenXR
LogPluginManager: Mounting plugin OpenXREyeTracker
LogPluginManager: Mounting plugin OpenXRHandTracking
LogPluginManager: Mounting plugin PhysXVehicles
LogPluginManager: Mounting plugin PostSplashScreen
LogPluginManager: Mounting plugin ProceduralMeshComponent
LogPluginManager: Mounting plugin PropertyAccessEditor
LogPluginManager: Mounting plugin RuntimePhysXCooking
LogPluginManager: Mounting plugin SignificanceManager
LogPluginManager: Mounting plugin SoundFields
LogPluginManager: Mounting plugin Synthesis
LogPluginManager: Mounting plugin WebMMoviePlayer
LogPluginManager: Mounting plugin WindowsMoviePlayer
LogPluginManager: Mounting plugin Takes
LogPluginManager: Mounting plugin ContentBrowserAssetDataSource
LogPluginManager: Mounting plugin ContentBrowserClassDataSource
LogPluginManager: Mounting plugin ContentBrowserFileDataSource
LogPluginManager: Mounting plugin OnlineSubsystemIOS
LogPluginManager: Mounting plugin OnlineSubsystemGooglePlay
LogPluginManager: Mounting plugin OculusVR
LogPluginManager: Mounting plugin SteamVR
PixWinPlugin: PIX capture plugin failed to initialize! Check that the process is launched from PIX.
LogInit: Using libcurl 7.55.1-DEV
LogInit:  - built for x86_64-pc-win32
LogInit:  - supports SSL with OpenSSL/1.1.1
LogInit:  - supports HTTP deflate (compression) using libz 1.2.8
LogInit:  - other features:
LogInit:      CURL_VERSION_SSL
LogInit:      CURL_VERSION_LIBZ
LogInit:      CURL_VERSION_IPV6
LogInit:      CURL_VERSION_ASYNCHDNS
LogInit:      CURL_VERSION_LARGEFILE
LogInit:      CURL_VERSION_IDN
LogInit:  CurlRequestOptions (configurable via config and command line):
LogInit:  - bVerifyPeer = true  - Libcurl will verify peer certificate
LogInit:  - bUseHttpProxy = false  - Libcurl will NOT use HTTP proxy
LogInit:  - bDontReuseConnections = false  - Libcurl will reuse connections
LogInit:  - MaxHostConnections = 16  - Libcurl will limit the number of connections to a host
LogInit:  - LocalHostAddr = Default
LogInit:  - BufferSize = 65536
LogOnline: OSS: Creating online subsystem instance for: NULL
LogInit: WinSock: version 1.1 (2.2), MaxSocks=32767, MaxUdp=65467
LogOnline: OSS: TryLoadSubsystemAndSetDefault: Loaded subsystem for module [NULL]
LogOculusPluginWrapper: OculusPlugin initialized successfully
LogHMD: Failed initializing OVRPlugin 1.59.0
LogInit: Build: ++UE4+Release-4.27-CL-18319896
LogInit: Engine Version: 4.27.2-18319896+++UE4+Release-4.27
LogInit: Compatible Engine Version: 4.27.0-17155196+++UE4+Release-4.27
LogInit: Net CL: 17155196
LogInit: OS: Windows 10 (Release 2009) (), CPU: Intel(R) Pentium(R) CPU G4600 @ 3.60GHz, GPU: NVIDIA GeForce GTX 750 Ti
LogInit: Compiled (64-bit): Nov 30 2021 07:12:08
LogInit: Compiled with Visual C++: 19.24.28315.00
LogInit: Build Configuration: Development
LogInit: Branch Name: ++UE4+Release-4.27
LogInit: Command Line: 
LogInit: Base Directory: D:/EPIC/UE_4.27/Engine/Binaries/Win64/
LogInit: Allocator: TBB
LogInit: Installed Engine Build: 1
LogDevObjectVersion: Number of dev versions registered: 29
LogDevObjectVersion:   Dev-Blueprints (B0D832E4-1F89-4F0D-ACCF-7EB736FD4AA2): 10
LogDevObjectVersion:   Dev-Build (E1C64328-A22C-4D53-A36C-8E866417BD8C): 0
LogDevObjectVersion:   Dev-Core (375EC13C-06E4-48FB-B500-84F0262A717E): 4
LogDevObjectVersion:   Dev-Editor (E4B068ED-F494-42E9-A231-DA0B2E46BB41): 40
LogDevObjectVersion:   Dev-Framework (CFFC743F-43B0-4480-9391-14DF171D2073): 37
LogDevObjectVersion:   Dev-Mobile (B02B49B5-BB20-44E9-A304-32B752E40360): 3
LogDevObjectVersion:   Dev-Networking (A4E4105C-59A1-49B5-A7C5-40C4547EDFEE): 0
LogDevObjectVersion:   Dev-Online (39C831C9-5AE6-47DC-9A44-9C173E1C8E7C): 0
LogDevObjectVersion:   Dev-Physics (78F01B33-EBEA-4F98-B9B4-84EACCB95AA2): 14
LogDevObjectVersion:   Dev-Platform (6631380F-2D4D-43E0-8009-CF276956A95A): 0
LogDevObjectVersion:   Dev-Rendering (12F88B9F-8875-4AFC-A67C-D90C383ABD29): 45
LogDevObjectVersion:   Dev-Sequencer (7B5AE74C-D270-4C10-A958-57980B212A5A): 13
LogDevObjectVersion:   Dev-VR (D7296918-1DD6-4BDD-9DE2-64A83CC13884): 3
LogDevObjectVersion:   Dev-LoadTimes (C2A15278-BFE7-4AFE-6C17-90FF531DF755): 1
LogDevObjectVersion:   Private-Geometry (6EACA3D4-40EC-4CC1-B786-8BED09428FC5): 3
LogDevObjectVersion:   Dev-AnimPhys (29E575DD-E0A3-4627-9D10-D276232CDCEA): 17
LogDevObjectVersion:   Dev-Anim (AF43A65D-7FD3-4947-9873-3E8ED9C1BB05): 15
LogDevObjectVersion:   Dev-ReflectionCapture (6B266CEC-1EC7-4B8F-A30B-E4D90942FC07): 1
LogDevObjectVersion:   Dev-Automation (0DF73D61-A23F-47EA-B727-89E90C41499A): 1
LogDevObjectVersion:   FortniteMain (601D1886-AC64-4F84-AA16-D3DE0DEAC7D6): 47
LogDevObjectVersion:   FortniteRelease (E7086368-6B23-4C58-8439-1B7016265E91): 1
LogDevObjectVersion:   Dev-Enterprise (9DFFBCD6-494F-0158-E221-12823C92A888): 10
LogDevObjectVersion:   Dev-Niagara (F2AED0AC-9AFE-416F-8664-AA7FFA26D6FC): 1
LogDevObjectVersion:   Dev-Destruction (174F1F0B-B4C6-45A5-B13F-2EE8D0FB917D): 10
LogDevObjectVersion:   Dev-Physics-Ext (35F94A83-E258-406C-A318-09F59610247C): 41
LogDevObjectVersion:   Dev-PhysicsMaterial-Chaos (B68FC16E-8B1B-42E2-B453-215C058844FE): 1
LogDevObjectVersion:   Dev-CineCamera (B2E18506-4273-CFC2-A54E-F4BB758BBA07): 1
LogDevObjectVersion:   Dev-VirtualProduction (64F58936-FD1B-42BA-BA96-7289D5D0FA4E): 1
LogDevObjectVersion:   Dev-MediaFramework (6F0ED827-A609-4895-9C91-998D90180EA4): 2
LogInit: Presizing for max 25165824 objects, including 0 objects not considered by GC, pre-allocating 0 bytes for permanent pool.
LogConfig: Applying CVar settings from Section [/Script/Engine.StreamingSettings] File [S:/projetos/rallyUE/brally/Saved/Config/Windows/Engine.ini]
LogConfig: Setting CVar [[s.MinBulkDataSizeForAsyncLoading:131072]]
LogConfig: Setting CVar [[s.AsyncLoadingThreadEnabled:0]]
LogConfig: Setting CVar [[s.EventDrivenLoaderEnabled:1]]
LogConfig: Setting CVar [[s.WarnIfTimeLimitExceeded:0]]
LogConfig: Setting CVar [[s.TimeLimitExceededMultiplier:1.5]]
LogConfig: Setting CVar [[s.TimeLimitExceededMinTime:0.005]]
LogConfig: Setting CVar [[s.UseBackgroundLevelStreaming:1]]
LogConfig: Setting CVar [[s.PriorityAsyncLoadingExtraTime:15.0]]
LogConfig: Setting CVar [[s.LevelStreamingActorsUpdateTimeLimit:5.0]]
LogConfig: Setting CVar [[s.PriorityLevelStreamingActorsUpdateExtraTime:5.0]]
LogConfig: Setting CVar [[s.LevelStreamingComponentsRegistrationGranularity:10]]
LogConfig: Setting CVar [[s.UnregisterComponentsTimeLimit:1.0]]
LogConfig: Setting CVar [[s.LevelStreamingComponentsUnregistrationGranularity:5]]
LogConfig: Setting CVar [[s.FlushStreamingOnExit:1]]
LogInit: Object subsystem initialized
LogConfig: Setting CVar [[con.DebugEarlyDefault:1]]
LogConfig: Setting CVar [[r.setres:1280x720]]
[2022.05.26-23.11.14:417][  0]LogConfig: Setting CVar [[r.VSync:0]]
[2022.05.26-23.11.14:417][  0]LogConfig: Setting CVar [[r.RHICmdBypass:0]]
[2022.05.26-23.11.14:418][  0]LogConfig: Applying CVar settings from Section [/Script/Engine.RendererSettings] File [S:/projetos/rallyUE/brally/Saved/Config/Windows/Engine.ini]
[2022.05.26-23.11.14:418][  0]LogConfig: Setting CVar [[r.GPUCrashDebugging:0]]
[2022.05.26-23.11.14:418][  0]LogConfig: Applying CVar settings from Section [/Script/Engine.RendererOverrideSettings] File [S:/projetos/rallyUE/brally/Saved/Config/Windows/Engine.ini]
[2022.05.26-23.11.14:418][  0]LogConfig: Applying CVar settings from Section [/Script/Engine.StreamingSettings] File [S:/projetos/rallyUE/brally/Saved/Config/Windows/Engine.ini]
[2022.05.26-23.11.14:418][  0]LogConfig: Setting CVar [[s.MinBulkDataSizeForAsyncLoading:131072]]
[2022.05.26-23.11.14:418][  0]LogConfig: Setting CVar [[s.AsyncLoadingThreadEnabled:0]]
[2022.05.26-23.11.14:418][  0]LogConfig: Setting CVar [[s.EventDrivenLoaderEnabled:1]]
[2022.05.26-23.11.14:418][  0]LogConfig: Setting CVar [[s.WarnIfTimeLimitExceeded:0]]
[2022.05.26-23.11.14:418][  0]LogConfig: Setting CVar [[s.TimeLimitExceededMultiplier:1.5]]
[2022.05.26-23.11.14:418][  0]LogConfig: Setting CVar [[s.TimeLimitExceededMinTime:0.005]]
[2022.05.26-23.11.14:418][  0]LogConfig: Setting CVar [[s.UseBackgroundLevelStreaming:1]]
[2022.05.26-23.11.14:418][  0]LogConfig: Setting CVar [[s.PriorityAsyncLoadingExtraTime:15.0]]
[2022.05.26-23.11.14:418][  0]LogConfig: Setting CVar [[s.LevelStreamingActorsUpdateTimeLimit:5.0]]
[2022.05.26-23.11.14:418][  0]LogConfig: Setting CVar [[s.PriorityLevelStreamingActorsUpdateExtraTime:5.0]]
[2022.05.26-23.11.14:418][  0]LogConfig: Setting CVar [[s.LevelStreamingComponentsRegistrationGranularity:10]]
[2022.05.26-23.11.14:418][  0]LogConfig: Setting CVar [[s.UnregisterComponentsTimeLimit:1.0]]
[2022.05.26-23.11.14:418][  0]LogConfig: Setting CVar [[s.LevelStreamingComponentsUnregistrationGranularity:5]]
[2022.05.26-23.11.14:418][  0]LogConfig: Setting CVar [[s.FlushStreamingOnExit:1]]
[2022.05.26-23.11.14:418][  0]LogConfig: Applying CVar settings from Section [/Script/Engine.GarbageCollectionSettings] File [S:/projetos/rallyUE/brally/Saved/Config/Windows/Engine.ini]
[2022.05.26-23.11.14:418][  0]LogConfig: Setting CVar [[gc.MaxObjectsNotConsideredByGC:1]]
[2022.05.26-23.11.14:418][  0]LogConfig: Setting CVar [[gc.SizeOfPermanentObjectPool:0]]
[2022.05.26-23.11.14:418][  0]LogConfig: Setting CVar [[gc.FlushStreamingOnGC:0]]
[2022.05.26-23.11.14:418][  0]LogConfig: Setting CVar [[gc.NumRetriesBeforeForcingGC:10]]
[2022.05.26-23.11.14:418][  0]LogConfig: Setting CVar [[gc.AllowParallelGC:1]]
[2022.05.26-23.11.14:418][  0]LogConfig: Setting CVar [[gc.TimeBetweenPurgingPendingKillObjects:61.1]]
[2022.05.26-23.11.14:418][  0]LogConfig: Setting CVar [[gc.MaxObjectsInEditor:25165824]]
[2022.05.26-23.11.14:418][  0]LogConfig: Setting CVar [[gc.IncrementalBeginDestroyEnabled:1]]
[2022.05.26-23.11.14:418][  0]LogConfig: Setting CVar [[gc.CreateGCClusters:1]]
[2022.05.26-23.11.14:418][  0]LogConfig: Setting CVar [[gc.MinGCClusterSize:5]]
[2022.05.26-23.11.14:418][  0]LogConfig: Setting CVar [[gc.ActorClusteringEnabled:0]]
[2022.05.26-23.11.14:418][  0]LogConfig: Setting CVar [[gc.BlueprintClusteringEnabled:0]]
[2022.05.26-23.11.14:418][  0]LogConfig: Setting CVar [[gc.UseDisregardForGCOnDedicatedServers:0]]
[2022.05.26-23.11.14:418][  0]LogConfig: Setting CVar [[gc.MultithreadedDestructionEnabled:1]]
[2022.05.26-23.11.14:418][  0]LogConfig: Applying CVar settings from Section [/Script/Engine.NetworkSettings] File [S:/projetos/rallyUE/brally/Saved/Config/Windows/Engine.ini]
[2022.05.26-23.11.14:418][  0]LogConfig: Applying CVar settings from Section [/Script/UnrealEd.CookerSettings] File [S:/projetos/rallyUE/brally/Saved/Config/Windows/Engine.ini]
[2022.05.26-23.11.14:550][  0]LogConfig: Applying CVar settings from Section [ViewDistanceQuality@3] File [S:/projetos/rallyUE/brally/Saved/Config/Windows/Scalability.ini]
[2022.05.26-23.11.14:550][  0]LogConfig: Setting CVar [[r.SkeletalMeshLODBias:0]]
[2022.05.26-23.11.14:550][  0]LogConfig: Setting CVar [[r.ViewDistanceScale:1.0]]
[2022.05.26-23.11.14:550][  0]LogConfig: Applying CVar settings from Section [AntiAliasingQuality@3] File [S:/projetos/rallyUE/brally/Saved/Config/Windows/Scalability.ini]
[2022.05.26-23.11.14:550][  0]LogConfig: Setting CVar [[r.PostProcessAAQuality:4]]
[2022.05.26-23.11.14:550][  0]LogConfig: Applying CVar settings from Section [ShadowQuality@3] File [S:/projetos/rallyUE/brally/Saved/Config/Windows/Scalability.ini]
[2022.05.26-23.11.14:550][  0]LogConfig: Setting CVar [[r.LightFunctionQuality:1]]
[2022.05.26-23.11.14:550][  0]LogConfig: Setting CVar [[r.ShadowQuality:5]]
[2022.05.26-23.11.14:550][  0]LogConfig: Setting CVar [[r.Shadow.CSM.MaxCascades:10]]
[2022.05.26-23.11.14:550][  0]LogConfig: Setting CVar [[r.Shadow.MaxResolution:2048]]
[2022.05.26-23.11.14:550][  0]LogConfig: Setting CVar [[r.Shadow.MaxCSMResolution:2048]]
[2022.05.26-23.11.14:550][  0]LogConfig: Setting CVar [[r.Shadow.RadiusThreshold:0.01]]
[2022.05.26-23.11.14:550][  0]LogConfig: Setting CVar [[r.Shadow.DistanceScale:1.0]]
[2022.05.26-23.11.14:550][  0]LogConfig: Setting CVar [[r.Shadow.CSM.TransitionScale:1.0]]
[2022.05.26-23.11.14:551][  0]LogConfig: Setting CVar [[r.Shadow.PreShadowResolutionFactor:1.0]]
[2022.05.26-23.11.14:551][  0]LogConfig: Setting CVar [[r.DistanceFieldShadowing:1]]
[2022.05.26-23.11.14:551][  0]LogConfig: Setting CVar [[r.DistanceFieldAO:1]]
[2022.05.26-23.11.14:551][  0]LogConfig: Setting CVar [[r.AOQuality:2]]
[2022.05.26-23.11.14:551][  0]LogConfig: Setting CVar [[r.VolumetricFog:1]]
[2022.05.26-23.11.14:551][  0]LogConfig: Setting CVar [[r.VolumetricFog.GridPixelSize:8]]
[2022.05.26-23.11.14:551][  0]LogConfig: Setting CVar [[r.VolumetricFog.GridSizeZ:128]]
[2022.05.26-23.11.14:551][  0]LogConfig: Setting CVar [[r.VolumetricFog.HistoryMissSupersampleCount:4]]
[2022.05.26-23.11.14:551][  0]LogConfig: Setting CVar [[r.LightMaxDrawDistanceScale:1]]
[2022.05.26-23.11.14:551][  0]LogConfig: Setting CVar [[r.CapsuleShadows:1]]
[2022.05.26-23.11.14:551][  0]LogConfig: Applying CVar settings from Section [PostProcessQuality@3] File [S:/projetos/rallyUE/brally/Saved/Config/Windows/Scalability.ini]
[2022.05.26-23.11.14:551][  0]LogConfig: Setting CVar [[r.MotionBlurQuality:4]]
[2022.05.26-23.11.14:551][  0]LogConfig: Setting CVar [[r.AmbientOcclusionMipLevelFactor:0.4]]
[2022.05.26-23.11.14:551][  0]LogConfig: Setting CVar [[r.AmbientOcclusionMaxQuality:100]]
[2022.05.26-23.11.14:551][  0]LogConfig: Setting CVar [[r.AmbientOcclusionLevels:-1]]
[2022.05.26-23.11.14:551][  0]LogConfig: Setting CVar [[r.AmbientOcclusionRadiusScale:1.0]]
[2022.05.26-23.11.14:551][  0]LogConfig: Setting CVar [[r.DepthOfFieldQuality:2]]
[2022.05.26-23.11.14:551][  0]LogConfig: Setting CVar [[r.RenderTargetPoolMin:400]]
[2022.05.26-23.11.14:551][  0]LogConfig: Setting CVar [[r.LensFlareQuality:2]]
[2022.05.26-23.11.14:551][  0]LogConfig: Setting CVar [[r.SceneColorFringeQuality:1]]
[2022.05.26-23.11.14:551][  0]LogConfig: Setting CVar [[r.EyeAdaptationQuality:2]]
[2022.05.26-23.11.14:551][  0]LogConfig: Setting CVar [[r.BloomQuality:5]]
[2022.05.26-23.11.14:551][  0]LogConfig: Setting CVar [[r.FastBlurThreshold:100]]
[2022.05.26-23.11.14:551][  0]LogConfig: Setting CVar [[r.Upscale.Quality:3]]
[2022.05.26-23.11.14:551][  0]LogConfig: Setting CVar [[r.Tonemapper.GrainQuantization:1]]
[2022.05.26-23.11.14:551][  0]LogConfig: Setting CVar [[r.LightShaftQuality:1]]
[2022.05.26-23.11.14:551][  0]LogConfig: Setting CVar [[r.Filter.SizeScale:1]]
[2022.05.26-23.11.14:551][  0]LogConfig: Setting CVar [[r.Tonemapper.Quality:5]]
[2022.05.26-23.11.14:551][  0]LogConfig: Setting CVar [[r.DOF.Gather.AccumulatorQuality:1        ; higher gathering accumulator quality]]
[2022.05.26-23.11.14:551][  0]LogConfig: Setting CVar [[r.DOF.Gather.PostfilterMethod:1          ; Median3x3 postfilering method]]
[2022.05.26-23.11.14:551][  0]LogConfig: Setting CVar [[r.DOF.Gather.EnableBokehSettings:0       ; no bokeh simulation when gathering]]
[2022.05.26-23.11.14:551][  0]LogConfig: Setting CVar [[r.DOF.Gather.RingCount:4                 ; medium number of samples when gathering]]
[2022.05.26-23.11.14:551][  0]LogConfig: Setting CVar [[r.DOF.Scatter.ForegroundCompositing:1    ; additive foreground scattering]]
[2022.05.26-23.11.14:551][  0]LogConfig: Setting CVar [[r.DOF.Scatter.BackgroundCompositing:2    ; additive background scattering]]
[2022.05.26-23.11.14:551][  0]LogConfig: Setting CVar [[r.DOF.Scatter.EnableBokehSettings:1      ; bokeh simulation when scattering]]
[2022.05.26-23.11.14:551][  0]LogConfig: Setting CVar [[r.DOF.Scatter.MaxSpriteRatio:0.1         ; only a maximum of 10% of scattered bokeh]]
[2022.05.26-23.11.14:551][  0]LogConfig: Setting CVar [[r.DOF.Recombine.Quality:1                ; cheap slight out of focus]]
[2022.05.26-23.11.14:551][  0]LogConfig: Setting CVar [[r.DOF.Recombine.EnableBokehSettings:0    ; no bokeh simulation on slight out of focus]]
[2022.05.26-23.11.14:551][  0]LogConfig: Setting CVar [[r.DOF.TemporalAAQuality:1                ; more stable temporal accumulation]]
[2022.05.26-23.11.14:551][  0]LogConfig: Setting CVar [[r.DOF.Kernel.MaxForegroundRadius:0.025]]
[2022.05.26-23.11.14:551][  0]LogConfig: Setting CVar [[r.DOF.Kernel.MaxBackgroundRadius:0.025]]
[2022.05.26-23.11.14:551][  0]LogConfig: Applying CVar settings from Section [TextureQuality@3] File [S:/projetos/rallyUE/brally/Saved/Config/Windows/Scalability.ini]
[2022.05.26-23.11.14:551][  0]LogConfig: Setting CVar [[r.Streaming.MipBias:0]]
[2022.05.26-23.11.14:551][  0]LogConfig: Setting CVar [[r.Streaming.AmortizeCPUToGPUCopy:0]]
[2022.05.26-23.11.14:551][  0]LogConfig: Setting CVar [[r.Streaming.MaxNumTexturesToStreamPerFrame:0]]
[2022.05.26-23.11.14:551][  0]LogConfig: Setting CVar [[r.Streaming.Boost:1]]
[2022.05.26-23.11.14:551][  0]LogConfig: Setting CVar [[r.MaxAnisotropy:8]]
[2022.05.26-23.11.14:551][  0]LogConfig: Setting CVar [[r.VT.MaxAnisotropy:8]]
[2022.05.26-23.11.14:551][  0]LogConfig: Setting CVar [[r.Streaming.LimitPoolSizeToVRAM:0]]
[2022.05.26-23.11.14:551][  0]LogConfig: Setting CVar [[r.Streaming.PoolSize:1000]]
[2022.05.26-23.11.14:552][  0]LogConfig: Setting CVar [[r.Streaming.MaxEffectiveScreenSize:0]]
[2022.05.26-23.11.14:552][  0]LogConfig: Applying CVar settings from Section [EffectsQuality@3] File [S:/projetos/rallyUE/brally/Saved/Config/Windows/Scalability.ini]
[2022.05.26-23.11.14:552][  0]LogConfig: Setting CVar [[r.TranslucencyLightingVolumeDim:64]]
[2022.05.26-23.11.14:552][  0]LogConfig: Setting CVar [[r.RefractionQuality:2]]
[2022.05.26-23.11.14:552][  0]LogConfig: Setting CVar [[r.SSR.Quality:3]]
[2022.05.26-23.11.14:552][  0]LogConfig: Setting CVar [[r.SSR.HalfResSceneColor:0]]
[2022.05.26-23.11.14:552][  0]LogConfig: Setting CVar [[r.SceneColorFormat:4]]
[2022.05.26-23.11.14:552][  0]LogConfig: Setting CVar [[r.DetailMode:2]]
[2022.05.26-23.11.14:552][  0]LogConfig: Setting CVar [[r.TranslucencyVolumeBlur:1]]
[2022.05.26-23.11.14:552][  0]LogConfig: Setting CVar [[r.MaterialQualityLevel:1 ; High quality]]
[2022.05.26-23.11.14:552][  0]LogConfig: Setting CVar [[r.AnisotropicMaterials:1]]
[2022.05.26-23.11.14:552][  0]LogConfig: Setting CVar [[r.SSS.Scale:1]]
[2022.05.26-23.11.14:552][  0]LogConfig: Setting CVar [[r.SSS.SampleSet:2]]
[2022.05.26-23.11.14:552][  0]LogConfig: Setting CVar [[r.SSS.Quality:1]]
[2022.05.26-23.11.14:552][  0]LogConfig: Setting CVar [[r.SSS.HalfRes:0]]
[2022.05.26-23.11.14:552][  0]LogConfig: Setting CVar [[r.SSGI.Quality:3]]
[2022.05.26-23.11.14:552][  0]LogConfig: Setting CVar [[r.EmitterSpawnRateScale:1.0]]
[2022.05.26-23.11.14:552][  0]LogConfig: Setting CVar [[r.ParticleLightQuality:2]]
[2022.05.26-23.11.14:552][  0]LogConfig: Setting CVar [[r.SkyAtmosphere.AerialPerspectiveLUT.FastApplyOnOpaque:1 ; Always have FastSkyLUT 1 in this case to avoid wrong sky]]
[2022.05.26-23.11.14:552][  0]LogConfig: Setting CVar [[r.SkyAtmosphere.AerialPerspectiveLUT.SampleCountMaxPerSlice:4]]
[2022.05.26-23.11.14:552][  0]LogConfig: Setting CVar [[r.SkyAtmosphere.AerialPerspectiveLUT.DepthResolution:16.0]]
[2022.05.26-23.11.14:552][  0]LogConfig: Setting CVar [[r.SkyAtmosphere.FastSkyLUT:1]]
[2022.05.26-23.11.14:552][  0]LogConfig: Setting CVar [[r.SkyAtmosphere.FastSkyLUT.SampleCountMin:4.0]]
[2022.05.26-23.11.14:552][  0]LogConfig: Setting CVar [[r.SkyAtmosphere.FastSkyLUT.SampleCountMax:128.0]]
[2022.05.26-23.11.14:552][  0]LogConfig: Setting CVar [[r.SkyAtmosphere.SampleCountMin:4.0]]
[2022.05.26-23.11.14:552][  0]LogConfig: Setting CVar [[r.SkyAtmosphere.SampleCountMax:128.0]]
[2022.05.26-23.11.14:552][  0]LogConfig: Setting CVar [[r.SkyAtmosphere.TransmittanceLUT.UseSmallFormat:0]]
[2022.05.26-23.11.14:552][  0]LogConfig: Setting CVar [[r.SkyAtmosphere.TransmittanceLUT.SampleCount:10.0]]
[2022.05.26-23.11.14:552][  0]LogConfig: Setting CVar [[r.SkyAtmosphere.MultiScatteringLUT.SampleCount:15.0]]
[2022.05.26-23.11.14:552][  0]LogConfig: Setting CVar [[r.SkyLight.RealTimeReflectionCapture:1]]
[2022.05.26-23.11.14:552][  0]LogConfig: Applying CVar settings from Section [FoliageQuality@3] File [S:/projetos/rallyUE/brally/Saved/Config/Windows/Scalability.ini]
[2022.05.26-23.11.14:552][  0]LogConfig: Setting CVar [[foliage.DensityScale:1.0]]
[2022.05.26-23.11.14:552][  0]LogConfig: Setting CVar [[grass.DensityScale:1.0]]
[2022.05.26-23.11.14:552][  0]LogConfig: Applying CVar settings from Section [ShadingQuality@3] File [S:/projetos/rallyUE/brally/Saved/Config/Windows/Scalability.ini]
[2022.05.26-23.11.14:552][  0]LogConfig: Setting CVar [[r.HairStrands.SkyLighting.IntegrationType:2]]
[2022.05.26-23.11.14:552][  0]LogConfig: Setting CVar [[r.HairStrands.SkyAO.SampleCount:4]]
[2022.05.26-23.11.14:552][  0]LogConfig: Setting CVar [[r.HairStrands.Visibility.MSAA.SamplePerPixel:4]]
[2022.05.26-23.11.14:560][  0]LogInit: Selected Device Profile: [Windows]
[2022.05.26-23.11.14:566][  0]LogInit: Applying CVar settings loaded from the selected device profile: [Windows]
[2022.05.26-23.11.14:577][  0]LogHAL: Display: Platform has ~ 8 GB [8513687552 / 8589934592 / 8], which maps to Default [LargestMinGB=32, LargerMinGB=12, DefaultMinGB=8, SmallerMinGB=6, SmallestMinGB=0)
[2022.05.26-23.11.14:577][  0]LogInit: Going up to parent DeviceProfile []
[2022.05.26-23.11.14:583][  0]LogConfig: Applying CVar settings from Section [ViewDistanceQuality@3] File [S:/projetos/rallyUE/brally/Saved/Config/Windows/Scalability.ini]
[2022.05.26-23.11.14:583][  0]LogConfig: Setting CVar [[r.SkeletalMeshLODBias:0]]
[2022.05.26-23.11.14:583][  0]LogConfig: Setting CVar [[r.ViewDistanceScale:1.0]]
[2022.05.26-23.11.14:583][  0]LogConfig: Applying CVar settings from Section [AntiAliasingQuality@3] File [S:/projetos/rallyUE/brally/Saved/Config/Windows/Scalability.ini]
[2022.05.26-23.11.14:583][  0]LogConfig: Setting CVar [[r.PostProcessAAQuality:4]]
[2022.05.26-23.11.14:583][  0]LogConfig: Applying CVar settings from Section [ShadowQuality@3] File [S:/projetos/rallyUE/brally/Saved/Config/Windows/Scalability.ini]
[2022.05.26-23.11.14:583][  0]LogConfig: Setting CVar [[r.LightFunctionQuality:1]]
[2022.05.26-23.11.14:583][  0]LogConfig: Setting CVar [[r.ShadowQuality:5]]
[2022.05.26-23.11.14:583][  0]LogConfig: Setting CVar [[r.Shadow.CSM.MaxCascades:10]]
[2022.05.26-23.11.14:583][  0]LogConfig: Setting CVar [[r.Shadow.MaxResolution:2048]]
[2022.05.26-23.11.14:583][  0]LogConfig: Setting CVar [[r.Shadow.MaxCSMResolution:2048]]
[2022.05.26-23.11.14:583][  0]LogConfig: Setting CVar [[r.Shadow.RadiusThreshold:0.01]]
[2022.05.26-23.11.14:583][  0]LogConfig: Setting CVar [[r.Shadow.DistanceScale:1.0]]
[2022.05.26-23.11.14:583][  0]LogConfig: Setting CVar [[r.Shadow.CSM.TransitionScale:1.0]]
[2022.05.26-23.11.14:583][  0]LogConfig: Setting CVar [[r.Shadow.PreShadowResolutionFactor:1.0]]
[2022.05.26-23.11.14:583][  0]LogConfig: Setting CVar [[r.DistanceFieldShadowing:1]]
[2022.05.26-23.11.14:583][  0]LogConfig: Setting CVar [[r.DistanceFieldAO:1]]
[2022.05.26-23.11.14:583][  0]LogConfig: Setting CVar [[r.AOQuality:2]]
[2022.05.26-23.11.14:583][  0]LogConfig: Setting CVar [[r.VolumetricFog:1]]
[2022.05.26-23.11.14:583][  0]LogConfig: Setting CVar [[r.VolumetricFog.GridPixelSize:8]]
[2022.05.26-23.11.14:583][  0]LogConfig: Setting CVar [[r.VolumetricFog.GridSizeZ:128]]
[2022.05.26-23.11.14:583][  0]LogConfig: Setting CVar [[r.VolumetricFog.HistoryMissSupersampleCount:4]]
[2022.05.26-23.11.14:583][  0]LogConfig: Setting CVar [[r.LightMaxDrawDistanceScale:1]]
[2022.05.26-23.11.14:583][  0]LogConfig: Setting CVar [[r.CapsuleShadows:1]]
[2022.05.26-23.11.14:583][  0]LogConfig: Applying CVar settings from Section [PostProcessQuality@3] File [S:/projetos/rallyUE/brally/Saved/Config/Windows/Scalability.ini]
[2022.05.26-23.11.14:583][  0]LogConfig: Setting CVar [[r.MotionBlurQuality:4]]
[2022.05.26-23.11.14:583][  0]LogConfig: Setting CVar [[r.AmbientOcclusionMipLevelFactor:0.4]]
[2022.05.26-23.11.14:583][  0]LogConfig: Setting CVar [[r.AmbientOcclusionMaxQuality:100]]
[2022.05.26-23.11.14:583][  0]LogConfig: Setting CVar [[r.AmbientOcclusionLevels:-1]]
[2022.05.26-23.11.14:583][  0]LogConfig: Setting CVar [[r.AmbientOcclusionRadiusScale:1.0]]
[2022.05.26-23.11.14:583][  0]LogConfig: Setting CVar [[r.DepthOfFieldQuality:2]]
[2022.05.26-23.11.14:583][  0]LogConfig: Setting CVar [[r.RenderTargetPoolMin:400]]
[2022.05.26-23.11.14:583][  0]LogConfig: Setting CVar [[r.LensFlareQuality:2]]
[2022.05.26-23.11.14:583][  0]LogConfig: Setting CVar [[r.SceneColorFringeQuality:1]]
[2022.05.26-23.11.14:583][  0]LogConfig: Setting CVar [[r.EyeAdaptationQuality:2]]
[2022.05.26-23.11.14:583][  0]LogConfig: Setting CVar [[r.BloomQuality:5]]
[2022.05.26-23.11.14:583][  0]LogConfig: Setting CVar [[r.FastBlurThreshold:100]]
[2022.05.26-23.11.14:583][  0]LogConfig: Setting CVar [[r.Upscale.Quality:3]]
[2022.05.26-23.11.14:583][  0]LogConfig: Setting CVar [[r.Tonemapper.GrainQuantization:1]]
[2022.05.26-23.11.14:583][  0]LogConfig: Setting CVar [[r.LightShaftQuality:1]]
[2022.05.26-23.11.14:583][  0]LogConfig: Setting CVar [[r.Filter.SizeScale:1]]
[2022.05.26-23.11.14:583][  0]LogConfig: Setting CVar [[r.Tonemapper.Quality:5]]
[2022.05.26-23.11.14:583][  0]LogConfig: Setting CVar [[r.DOF.Gather.AccumulatorQuality:1        ; higher gathering accumulator quality]]
[2022.05.26-23.11.14:583][  0]LogConfig: Setting CVar [[r.DOF.Gather.PostfilterMethod:1          ; Median3x3 postfilering method]]
[2022.05.26-23.11.14:583][  0]LogConfig: Setting CVar [[r.DOF.Gather.EnableBokehSettings:0       ; no bokeh simulation when gathering]]
[2022.05.26-23.11.14:583][  0]LogConfig: Setting CVar [[r.DOF.Gather.RingCount:4                 ; medium number of samples when gathering]]
[2022.05.26-23.11.14:583][  0]LogConfig: Setting CVar [[r.DOF.Scatter.ForegroundCompositing:1    ; additive foreground scattering]]
[2022.05.26-23.11.14:583][  0]LogConfig: Setting CVar [[r.DOF.Scatter.BackgroundCompositing:2    ; additive background scattering]]
[2022.05.26-23.11.14:583][  0]LogConfig: Setting CVar [[r.DOF.Scatter.EnableBokehSettings:1      ; bokeh simulation when scattering]]
[2022.05.26-23.11.14:583][  0]LogConfig: Setting CVar [[r.DOF.Scatter.MaxSpriteRatio:0.1         ; only a maximum of 10% of scattered bokeh]]
[2022.05.26-23.11.14:583][  0]LogConfig: Setting CVar [[r.DOF.Recombine.Quality:1                ; cheap slight out of focus]]
[2022.05.26-23.11.14:583][  0]LogConfig: Setting CVar [[r.DOF.Recombine.EnableBokehSettings:0    ; no bokeh simulation on slight out of focus]]
[2022.05.26-23.11.14:583][  0]LogConfig: Setting CVar [[r.DOF.TemporalAAQuality:1                ; more stable temporal accumulation]]
[2022.05.26-23.11.14:583][  0]LogConfig: Setting CVar [[r.DOF.Kernel.MaxForegroundRadius:0.025]]
[2022.05.26-23.11.14:583][  0]LogConfig: Setting CVar [[r.DOF.Kernel.MaxBackgroundRadius:0.025]]
[2022.05.26-23.11.14:583][  0]LogConfig: Applying CVar settings from Section [TextureQuality@3] File [S:/projetos/rallyUE/brally/Saved/Config/Windows/Scalability.ini]
[2022.05.26-23.11.14:583][  0]LogConfig: Setting CVar [[r.Streaming.MipBias:0]]
[2022.05.26-23.11.14:583][  0]LogConfig: Setting CVar [[r.Streaming.AmortizeCPUToGPUCopy:0]]
[2022.05.26-23.11.14:583][  0]LogConfig: Setting CVar [[r.Streaming.MaxNumTexturesToStreamPerFrame:0]]
[2022.05.26-23.11.14:584][  0]LogConfig: Setting CVar [[r.Streaming.Boost:1]]
[2022.05.26-23.11.14:584][  0]LogConfig: Setting CVar [[r.MaxAnisotropy:8]]
[2022.05.26-23.11.14:584][  0]LogConfig: Setting CVar [[r.VT.MaxAnisotropy:8]]
[2022.05.26-23.11.14:584][  0]LogConfig: Setting CVar [[r.Streaming.LimitPoolSizeToVRAM:0]]
[2022.05.26-23.11.14:584][  0]LogConfig: Setting CVar [[r.Streaming.PoolSize:1000]]
[2022.05.26-23.11.14:584][  0]LogConfig: Setting CVar [[r.Streaming.MaxEffectiveScreenSize:0]]
[2022.05.26-23.11.14:584][  0]LogConfig: Applying CVar settings from Section [EffectsQuality@3] File [S:/projetos/rallyUE/brally/Saved/Config/Windows/Scalability.ini]
[2022.05.26-23.11.14:584][  0]LogConfig: Setting CVar [[r.TranslucencyLightingVolumeDim:64]]
[2022.05.26-23.11.14:584][  0]LogConfig: Setting CVar [[r.RefractionQuality:2]]
[2022.05.26-23.11.14:584][  0]LogConfig: Setting CVar [[r.SSR.Quality:3]]
[2022.05.26-23.11.14:584][  0]LogConfig: Setting CVar [[r.SSR.HalfResSceneColor:0]]
[2022.05.26-23.11.14:584][  0]LogConfig: Setting CVar [[r.SceneColorFormat:4]]
[2022.05.26-23.11.14:584][  0]LogConfig: Setting CVar [[r.DetailMode:2]]
[2022.05.26-23.11.14:584][  0]LogConfig: Setting CVar [[r.TranslucencyVolumeBlur:1]]
[2022.05.26-23.11.14:584][  0]LogConfig: Setting CVar [[r.MaterialQualityLevel:1 ; High quality]]
[2022.05.26-23.11.14:584][  0]LogConfig: Setting CVar [[r.AnisotropicMaterials:1]]
[2022.05.26-23.11.14:584][  0]LogConfig: Setting CVar [[r.SSS.Scale:1]]
[2022.05.26-23.11.14:584][  0]LogConfig: Setting CVar [[r.SSS.SampleSet:2]]
[2022.05.26-23.11.14:584][  0]LogConfig: Setting CVar [[r.SSS.Quality:1]]
[2022.05.26-23.11.14:584][  0]LogConfig: Setting CVar [[r.SSS.HalfRes:0]]
[2022.05.26-23.11.14:585][  0]LogConfig: Setting CVar [[r.SSGI.Quality:3]]
[2022.05.26-23.11.14:585][  0]LogConfig: Setting CVar [[r.EmitterSpawnRateScale:1.0]]
[2022.05.26-23.11.14:585][  0]LogConfig: Setting CVar [[r.ParticleLightQuality:2]]
[2022.05.26-23.11.14:585][  0]LogConfig: Setting CVar [[r.SkyAtmosphere.AerialPerspectiveLUT.FastApplyOnOpaque:1 ; Always have FastSkyLUT 1 in this case to avoid wrong sky]]
[2022.05.26-23.11.14:585][  0]LogConfig: Setting CVar [[r.SkyAtmosphere.AerialPerspectiveLUT.SampleCountMaxPerSlice:4]]
[2022.05.26-23.11.14:585][  0]LogConfig: Setting CVar [[r.SkyAtmosphere.AerialPerspectiveLUT.DepthResolution:16.0]]
[2022.05.26-23.11.14:585][  0]LogConfig: Setting CVar [[r.SkyAtmosphere.FastSkyLUT:1]]
[2022.05.26-23.11.14:585][  0]LogConfig: Setting CVar [[r.SkyAtmosphere.FastSkyLUT.SampleCountMin:4.0]]
[2022.05.26-23.11.14:585][  0]LogConfig: Setting CVar [[r.SkyAtmosphere.FastSkyLUT.SampleCountMax:128.0]]
[2022.05.26-23.11.14:585][  0]LogConfig: Setting CVar [[r.SkyAtmosphere.SampleCountMin:4.0]]
[2022.05.26-23.11.14:585][  0]LogConfig: Setting CVar [[r.SkyAtmosphere.SampleCountMax:128.0]]
[2022.05.26-23.11.14:585][  0]LogConfig: Setting CVar [[r.SkyAtmosphere.TransmittanceLUT.UseSmallFormat:0]]
[2022.05.26-23.11.14:585][  0]LogConfig: Setting CVar [[r.SkyAtmosphere.TransmittanceLUT.SampleCount:10.0]]
[2022.05.26-23.11.14:585][  0]LogConfig: Setting CVar [[r.SkyAtmosphere.MultiScatteringLUT.SampleCount:15.0]]
[2022.05.26-23.11.14:585][  0]LogConfig: Setting CVar [[r.SkyLight.RealTimeReflectionCapture:1]]
[2022.05.26-23.11.14:585][  0]LogConfig: Applying CVar settings from Section [FoliageQuality@3] File [S:/projetos/rallyUE/brally/Saved/Config/Windows/Scalability.ini]
[2022.05.26-23.11.14:585][  0]LogConfig: Setting CVar [[foliage.DensityScale:1.0]]
[2022.05.26-23.11.14:585][  0]LogConfig: Setting CVar [[grass.DensityScale:1.0]]
[2022.05.26-23.11.14:585][  0]LogConfig: Applying CVar settings from Section [ShadingQuality@3] File [S:/projetos/rallyUE/brally/Saved/Config/Windows/Scalability.ini]
[2022.05.26-23.11.14:585][  0]LogConfig: Setting CVar [[r.HairStrands.SkyLighting.IntegrationType:2]]
[2022.05.26-23.11.14:585][  0]LogConfig: Setting CVar [[r.HairStrands.SkyAO.SampleCount:4]]
[2022.05.26-23.11.14:585][  0]LogConfig: Setting CVar [[r.HairStrands.Visibility.MSAA.SamplePerPixel:4]]
[2022.05.26-23.11.14:585][  0]LogConfig: Applying CVar settings from Section [Startup] File [../../../Engine/Config/ConsoleVariables.ini]
[2022.05.26-23.11.14:598][  0]LogConfig: Setting CVar [[net.UseAdaptiveNetUpdateFrequency:0]]
[2022.05.26-23.11.14:598][  0]LogConfig: Setting CVar [[p.chaos.AllowCreatePhysxBodies:1]]
[2022.05.26-23.11.14:598][  0]LogConfig: Setting CVar [[fx.SkipVectorVMBackendOptimizations:1]]
[2022.05.26-23.11.14:598][  0]LogConfig: Applying CVar settings from Section [ConsoleVariables] File [S:/projetos/rallyUE/brally/Saved/Config/Windows/Engine.ini]
[2022.05.26-23.11.14:598][  0]LogConfig: Applying CVar settings from Section [ConsoleVariables] File [S:/projetos/rallyUE/brally/Saved/Config/Windows/Editor.ini]
[2022.05.26-23.11.14:637][  0]LogInit: Computer: DESKTOP-F4V4HAJ
[2022.05.26-23.11.14:637][  0]LogInit: User: erick
[2022.05.26-23.11.14:637][  0]LogInit: CPU Page size=4096, Cores=2
[2022.05.26-23.11.14:637][  0]LogInit: High frequency timer resolution =10.000000 MHz
[2022.05.26-23.11.14:637][  0]LogMemory: Memory total: Physical=7.9GB (8GB approx)
[2022.05.26-23.11.14:637][  0]LogMemory: Platform Memory Stats for Windows
[2022.05.26-23.11.14:637][  0]LogMemory: Process Physical Memory: 138.73 MB used, 138.74 MB peak
[2022.05.26-23.11.14:637][  0]LogMemory: Process Virtual Memory: 124.62 MB used, 124.62 MB peak
[2022.05.26-23.11.14:637][  0]LogMemory: Physical Memory: 4265.17 MB used,  3854.12 MB free, 8119.29 MB total
[2022.05.26-23.11.14:637][  0]LogMemory: Virtual Memory: 134204456.00 MB used,  13269.88 MB free, 134217728.00 MB total
[2022.05.26-23.11.14:646][  0]LogWindows: WindowsPlatformFeatures enabled
[2022.05.26-23.11.15:653][  0]LogInit: Physics initialised using underlying interface: PhysX
[2022.05.26-23.11.15:708][  0]LogInit: Using OS detected language (pt-BR).
[2022.05.26-23.11.15:708][  0]LogInit: Using OS detected locale (pt-BR).
[2022.05.26-23.11.16:084][  0]LogTextLocalizationResource: LocRes '../../../Engine/Content/Localization/Editor/pt/Editor.locres' could not be opened for reading!
[2022.05.26-23.11.16:084][  0]LogTextLocalizationResource: LocRes '../../../Engine/Content/Localization/EditorTutorials/pt/EditorTutorials.locres' could not be opened for reading!
[2022.05.26-23.11.16:084][  0]LogTextLocalizationResource: LocRes '../../../Engine/Content/Localization/Keywords/pt/Keywords.locres' could not be opened for reading!
[2022.05.26-23.11.16:084][  0]LogTextLocalizationResource: LocRes '../../../Engine/Content/Localization/Category/pt/Category.locres' could not be opened for reading!
[2022.05.26-23.11.16:084][  0]LogTextLocalizationResource: LocRes '../../../Engine/Content/Localization/ToolTips/pt/ToolTips.locres' could not be opened for reading!
[2022.05.26-23.11.16:084][  0]LogTextLocalizationResource: LocRes '../../../Engine/Content/Localization/PropertyNames/pt/PropertyNames.locres' could not be opened for reading!
[2022.05.26-23.11.16:084][  0]LogTextLocalizationResource: LocRes '../../../Engine/Content/Localization/Engine/pt/Engine.locres' could not be opened for reading!
[2022.05.26-23.11.16:084][  0]LogTextLocalizationResource: LocRes '../../../Engine/Plugins/Online/OnlineSubsystem/Content/Localization/OnlineSubsystem/pt/OnlineSubsystem.locres' could not be opened for reading!
[2022.05.26-23.11.16:085][  0]LogTextLocalizationResource: LocRes '../../../Engine/Plugins/Online/OnlineSubsystemUtils/Content/Localization/OnlineSubsystemUtils/pt/OnlineSubsystemUtils.locres' could not be opened for reading!
[2022.05.26-23.11.16:085][  0]LogTextLocalizationResource: LocRes '../../../Engine/Plugins/Online/IOS/OnlineSubsystemIOS/Content/Localization/OnlineSubsystemIOS/pt/OnlineSubsystemIOS.locres' could not be opened for reading!
[2022.05.26-23.11.16:085][  0]LogTextLocalizationResource: LocRes '../../../Engine/Plugins/Online/Android/OnlineSubsystemGooglePlay/Content/Localization/OnlineSubsystemGooglePlay/pt/OnlineSubsystemGooglePlay.locres' could not be opened for reading!
[2022.05.26-23.11.16:139][  0]LogInit: Setting process to per monitor DPI aware
[2022.05.26-23.11.16:628][  0]LogWindowsTextInputMethodSystem: Display: IME system deactivated.
[2022.05.26-23.11.17:043][  0]LogSlate: New Slate User Created.  User Index 0, Is Virtual User: 0
[2022.05.26-23.11.17:043][  0]LogSlate: Slate User Registered.  User Index 0, Is Virtual User: 0
[2022.05.26-23.11.20:447][  0]LogD3D11RHI: Loaded GFSDK_Aftermath_Lib.x64.dll
[2022.05.26-23.11.20:460][  0]LogHMD: Failed to initialize OpenVR with code 110
[2022.05.26-23.11.20:461][  0]LogD3D11RHI: D3D11 min allowed feature level: 11_0
[2022.05.26-23.11.20:461][  0]LogD3D11RHI: D3D11 max allowed feature level: 11_0
[2022.05.26-23.11.20:461][  0]LogD3D11RHI: D3D11 adapters:
[2022.05.26-23.11.20:588][  0]LogD3D11RHI:    0. 'NVIDIA GeForce GTX 750 Ti' (Feature Level 11_0)
[2022.05.26-23.11.20:588][  0]LogD3D11RHI:       2007/0/4059 MB DedicatedVideo/DedicatedSystem/SharedSystem, Outputs:1, VendorId:0x10de
[2022.05.26-23.11.20:591][  0]LogD3D11RHI:    1. 'Microsoft Basic Render Driver' (Feature Level 11_0)
[2022.05.26-23.11.20:591][  0]LogD3D11RHI:       0/0/4059 MB DedicatedVideo/DedicatedSystem/SharedSystem, Outputs:0, VendorId:0x1414
[2022.05.26-23.11.20:591][  0]LogD3D11RHI: Chosen D3D11 Adapter:
[2022.05.26-23.11.20:591][  0]LogD3D11RHI:     Description : NVIDIA GeForce GTX 750 Ti
[2022.05.26-23.11.20:591][  0]LogD3D11RHI:     VendorId    : 10de
[2022.05.26-23.11.20:591][  0]LogD3D11RHI:     DeviceId    : 1380
[2022.05.26-23.11.20:591][  0]LogD3D11RHI:     SubSysId    : 37513842
[2022.05.26-23.11.20:591][  0]LogD3D11RHI:     Revision    : 00a2
[2022.05.26-23.11.20:591][  0]LogD3D11RHI:     DedicatedVideoMemory : 2105212928 bytes
[2022.05.26-23.11.20:591][  0]LogD3D11RHI:     DedicatedSystemMemory : 0 bytes
[2022.05.26-23.11.20:591][  0]LogD3D11RHI:     SharedSystemMemory : 4256843776 bytes
[2022.05.26-23.11.20:591][  0]LogD3D11RHI:     AdapterLuid : 0 47352
[2022.05.26-23.11.20:598][  0]LogD3D11RHI: Creating new Direct3DDevice
[2022.05.26-23.11.20:598][  0]LogD3D11RHI:     GPU DeviceId: 0x1380 (for the marketing name, search the web for "GPU Device Id")
[2022.05.26-23.11.20:598][  0]LogWindows: EnumDisplayDevices:
[2022.05.26-23.11.20:598][  0]LogWindows:    0. 'NVIDIA GeForce GTX 750 Ti' (P:1 D:1)
[2022.05.26-23.11.20:599][  0]LogWindows:    1. 'NVIDIA GeForce GTX 750 Ti' (P:0 D:0)
[2022.05.26-23.11.20:599][  0]LogWindows:    2. 'NVIDIA GeForce GTX 750 Ti' (P:0 D:0)
[2022.05.26-23.11.20:599][  0]LogWindows:    3. 'NVIDIA GeForce GTX 750 Ti' (P:0 D:0)
[2022.05.26-23.11.20:599][  0]LogWindows: DebugString: FoundDriverCount:4 
[2022.05.26-23.11.20:599][  0]LogD3D11RHI:     Adapter Name: NVIDIA GeForce GTX 750 Ti
[2022.05.26-23.11.20:600][  0]LogD3D11RHI:   Driver Version: 512.15 (internal:30.0.15.1215, unified:512.15)
[2022.05.26-23.11.20:600][  0]LogD3D11RHI:      Driver Date: 3-17-2022
[2022.05.26-23.11.20:601][  0]LogRHI: Texture pool is 1405 MB (70% of 2007 MB)
[2022.05.26-23.11.20:601][  0]LogD3D11RHI: Creating D3DDevice using adapter:
[2022.05.26-23.11.20:601][  0]LogD3D11RHI:     Description : NVIDIA GeForce GTX 750 Ti
[2022.05.26-23.11.20:601][  0]LogD3D11RHI:     VendorId    : 10de
[2022.05.26-23.11.20:601][  0]LogD3D11RHI:     DeviceId    : 1380
[2022.05.26-23.11.20:601][  0]LogD3D11RHI:     SubSysId    : 37513842
[2022.05.26-23.11.20:601][  0]LogD3D11RHI:     Revision    : 00a2
[2022.05.26-23.11.20:601][  0]LogD3D11RHI:     DedicatedVideoMemory : 2105212928 bytes
[2022.05.26-23.11.20:601][  0]LogD3D11RHI:     DedicatedSystemMemory : 0 bytes
[2022.05.26-23.11.20:601][  0]LogD3D11RHI:     SharedSystemMemory : 4256843776 bytes
[2022.05.26-23.11.20:601][  0]LogD3D11RHI:     AdapterLuid : 0 47352
[2022.05.26-23.11.20:694][  0]LogD3D11RHI: RHI has support for 64 bit atomics
[2022.05.26-23.11.20:695][  0]LogD3D11RHI: Async texture creation enabled
[2022.05.26-23.11.21:186][  0]LogD3D11RHI: GPU Timing Frequency: 1000.000000 (Debug: 2 1)
[2022.05.26-23.11.21:500][  0]LogRHI: GeForceNow SDK initialized: 1
[2022.05.26-23.11.23:065][  0]LogTargetPlatformManager: Display: Loaded TargetPlatform 'AllDesktop'
[2022.05.26-23.11.23:086][  0]LogTargetPlatformManager: Display: Loaded TargetPlatform 'Android'
[2022.05.26-23.11.23:086][  0]LogTargetPlatformManager: Display: Loaded TargetPlatform 'Android_ASTC'
[2022.05.26-23.11.23:086][  0]LogTargetPlatformManager: Display: Loaded TargetPlatform 'Android_DXT'
[2022.05.26-23.11.23:086][  0]LogTargetPlatformManager: Display: Loaded TargetPlatform 'Android_ETC2'
[2022.05.26-23.11.23:086][  0]LogTargetPlatformManager: Display: Loaded TargetPlatform 'AndroidClient'
[2022.05.26-23.11.23:086][  0]LogTargetPlatformManager: Display: Loaded TargetPlatform 'Android_ASTCClient'
[2022.05.26-23.11.23:086][  0]LogTargetPlatformManager: Display: Loaded TargetPlatform 'Android_DXTClient'
[2022.05.26-23.11.23:086][  0]LogTargetPlatformManager: Display: Loaded TargetPlatform 'Android_ETC2Client'
[2022.05.26-23.11.23:086][  0]LogTargetPlatformManager: Display: Loaded TargetPlatform 'Android_Multi'
[2022.05.26-23.11.23:086][  0]LogTargetPlatformManager: Display: Loaded TargetPlatform 'Android_MultiClient'
[2022.05.26-23.11.23:255][  0]LogTargetPlatformManager: Display: Loaded TargetPlatform 'IOSClient'
[2022.05.26-23.11.23:255][  0]LogTargetPlatformManager: Display: Loaded TargetPlatform 'IOS'
[2022.05.26-23.11.23:423][  0]LogTargetPlatformManager: Display: Loaded TargetPlatform 'Linux'
[2022.05.26-23.11.23:477][  0]LogTargetPlatformManager: Display: Loaded TargetPlatform 'LinuxNoEditor'
[2022.05.26-23.11.23:502][  0]LogTargetPlatformManager: Display: Loaded TargetPlatform 'LinuxClient'
[2022.05.26-23.11.23:541][  0]LogTargetPlatformManager: Display: Loaded TargetPlatform 'LinuxServer'
[2022.05.26-23.11.23:609][  0]LogTargetPlatformManager: Display: Loaded TargetPlatform 'LinuxAArch64NoEditor'
[2022.05.26-23.11.23:651][  0]LogTargetPlatformManager: Display: Loaded TargetPlatform 'LinuxAArch64Client'
[2022.05.26-23.11.23:707][  0]LogTargetPlatformManager: Display: Loaded TargetPlatform 'LinuxAArch64Server'
[2022.05.26-23.11.23:762][  0]LogTargetPlatformManager: Display: Loaded TargetPlatform 'Lumin'
[2022.05.26-23.11.23:762][  0]LogTargetPlatformManager: Display: Loaded TargetPlatform 'LuminClient'
[2022.05.26-23.11.23:829][  0]LogTargetPlatformManager: Display: Loaded TargetPlatform 'MacNoEditor'
[2022.05.26-23.11.23:854][  0]LogTargetPlatformManager: Display: Loaded TargetPlatform 'Mac'
[2022.05.26-23.11.23:873][  0]LogTargetPlatformManager: Display: Loaded TargetPlatform 'MacClient'
[2022.05.26-23.11.23:892][  0]LogTargetPlatformManager: Display: Loaded TargetPlatform 'MacServer'
[2022.05.26-23.11.23:932][  0]LogTargetPlatformManager: Display: Loaded TargetPlatform 'TVOSClient'
[2022.05.26-23.11.23:932][  0]LogTargetPlatformManager: Display: Loaded TargetPlatform 'TVOS'
[2022.05.26-23.11.24:011][  0]LogTargetPlatformManager: Display: Loaded TargetPlatform 'WindowsNoEditor'
[2022.05.26-23.11.24:072][  0]LogTargetPlatformManager: Display: Loaded TargetPlatform 'Windows'
[2022.05.26-23.11.24:093][  0]LogTargetPlatformManager: Display: Loaded TargetPlatform 'WindowsClient'
[2022.05.26-23.11.24:127][  0]LogTargetPlatformManager: Display: Loaded TargetPlatform 'WindowsServer'
[2022.05.26-23.11.24:127][  0]LogTargetPlatformManager: Display: Building Assets For Windows
[2022.05.26-23.11.24:429][  0]LogAudioDebug: Display: Lib vorbis DLL was dynamically loaded.
[2022.05.26-23.11.25:168][  0]LogTextureFormatOodle: Display: Oodle Texture 2.9.0 init RDO Off
[2022.05.26-23.11.26:170][  0]LogRendererCore: Ray tracing is disabled. Reason: r.RayTracing=0.
[2022.05.26-23.11.26:203][  0]LogShaderCompilers: Guid format shader working directory is 20 characters bigger than the processId version (S:/projetos/rallyUE/brally/Intermediate/Shaders/WorkingDirectory/6392/).
[2022.05.26-23.11.26:203][  0]LogShaderCompilers: Cleaned the shader compiler working directory 'C:/Users/erick/AppData/Local/Temp/UnrealShaderWorkingDir/92B7B107412504C914F218BD5DB9EDD7/'.
[2022.05.26-23.11.26:211][  0]LogXGEController: Cannot use XGE Controller as Incredibuild is not installed on this machine.
[2022.05.26-23.11.26:211][  0]LogShaderCompilers: Cannot use XGE Shader Compiler as Incredibuild is not installed on this machine.
[2022.05.26-23.11.26:211][  0]LogShaderCompilers: Display: Using Local Shader Compiler.
[2022.05.26-23.11.31:304][  0]LogDerivedDataCache: Display: Max Cache Size: 512 MB
[2022.05.26-23.11.31:645][  0]LogDerivedDataCache: Loaded boot cache 0.32s 94MB C:/Users/erick/AppData/Local/UnrealEngine/4.27/DerivedDataCache/Boot.ddc.
[2022.05.26-23.11.31:645][  0]LogDerivedDataCache: Display: Loaded Boot cache: C:/Users/erick/AppData/Local/UnrealEngine/4.27/DerivedDataCache/Boot.ddc
[2022.05.26-23.11.31:645][  0]LogDerivedDataCache: FDerivedDataBackendGraph:  Pak pak cache file S:/projetos/rallyUE/brally/DerivedDataCache/DDC.ddp not found, will not use a pak cache.
[2022.05.26-23.11.31:645][  0]LogDerivedDataCache: Unable to find inner node Pak for hierarchical cache Hierarchy.
[2022.05.26-23.11.31:645][  0]LogDerivedDataCache: FDerivedDataBackendGraph:  CompressedPak pak cache file S:/projetos/rallyUE/brally/DerivedDataCache/Compressed.ddp not found, will not use a pak cache.
[2022.05.26-23.11.31:645][  0]LogDerivedDataCache: Unable to find inner node CompressedPak for hierarchical cache Hierarchy.
[2022.05.26-23.11.31:791][  0]LogDerivedDataCache: Display: Pak cache opened for reading ../../../Engine/DerivedDataCache/Compressed.ddp.
[2022.05.26-23.11.31:791][  0]LogDerivedDataCache: FDerivedDataBackendGraph:  EnterprisePak pak cache file ../../../Enterprise/DerivedDataCache/Compressed.ddp not found, will not use a pak cache.
[2022.05.26-23.11.31:791][  0]LogDerivedDataCache: Unable to find inner node EnterprisePak for hierarchical cache Hierarchy.
[2022.05.26-23.11.31:852][  0]LogDerivedDataCache: Speed tests for C:/Users/erick/AppData/Local/UnrealEngine/Common/DerivedDataCache took 0.06 seconds
[2022.05.26-23.11.31:852][  0]LogDerivedDataCache: Display: Performance to C:/Users/erick/AppData/Local/UnrealEngine/Common/DerivedDataCache: Latency=0.32ms. RandomReadSpeed=18.35MBs, RandomWriteSpeed=142.40MBs. Assigned SpeedClass 'Local'
[2022.05.26-23.11.31:860][  0]LogDerivedDataCache: Using Local data cache path C:/Users/erick/AppData/Local/UnrealEngine/Common/DerivedDataCache: Writable
[2022.05.26-23.11.31:860][  0]LogDerivedDataCache: Shared data cache path not found in *engine.ini, will not use an Shared cache.
[2022.05.26-23.11.31:860][  0]LogDerivedDataCache: Unable to find inner node Shared for hierarchical cache Hierarchy.
[2022.05.26-23.11.32:056][  0]LogSlate: Using FreeType 2.10.0
[2022.05.26-23.11.32:184][  0]LogSlate: SlateFontServices - WITH_FREETYPE: 1, WITH_HARFBUZZ: 1
[2022.05.26-23.11.33:223][  0]LogAssetRegistry: FAssetRegistry took 0.0085 seconds to start up
[2022.05.26-23.11.46:276][  0]LogAssetRegistry: Error: Package S:/projetos/rallyUE/brally/Content/NewMap.umap has malformed tag
[2022.05.26-23.11.46:276][  0]LogInit: Selected Device Profile: [Windows]
[2022.05.26-23.11.46:276][  0]LogInit: Active device profile: [000001D230507C00][000001D2221F1040 49] Windows
[2022.05.26-23.11.46:276][  0]LogInit: Profiles: [000001D230507C00][000001D2221F1040 49] Windows, [000001D2304BC600][000001D22EFE31C0 49] WindowsNoEditor, [000001D230504500][000001D22F271340 49] WindowsServer, [000001D2304BFB00][000001D22F2754C0 49] WindowsClient, [000001D230507A00][000001D22394D640 49] IOS, [000001D2304BC900][000001D2239517C0 49] iPadAir, [000001D230504800][000001D223A5B940 49] iPadAir2, [000001D230474C00][000001D22C8D3C00 49] IPadPro, [000001D230474D00][000001D223A5E0C0 49] iPadAir3, [000001D230507700][000001D22C8D6240 49] iPadAir4, [000001D230474900][000001D22C3B03C0 49] iPadMini2, [000001D230504900][000001D22C3B4540 49] iPadMini3, [000001D230475600][000001D22C3B86C0 49] iPadMini4, [000001D230507400][000001D2221B0840 49] iPadMini5, [000001D2304BEF00][000001D2221B4A80 49] iPhone6, [000001D2304BEE00][000001D22C8FEAC0 49] iPodTouch6, [000001D230477900][000001D2221BCD00 49] iPhone7, [000001D230477500][000001D2221B8D40 49] iPodTouch7, [000001D2304BF900][000001D2221C4EC0 49] iPhone5S, [000001D230474400][000001D2221C9040 49] iPhone6Plus, [000001D2304BD000][000001D2221CD1C0 49] iPhone6S, [000001D230476F00][000001D2221D1340 49] iPhone6SPlus, [000001D2304BDC00][000001D2221D54C0 49] iPhone7Plus, [000001D230475100][000001D211F2B640 49] iPhoneSE, [000001D2304BE300][000001D211F2F7C0 49] iPhone8, [000001D230476A00][000001D211F33940 49] iPhone8Plus, [000001D2304BCB00][000001D211F37AC0 49] iPhoneX, [000001D230476500][000001D211F3A0C0 49] iPhoneXS, [000001D2304BE000][000001D211F3E240 49] iPhoneXSMax, [000001D230477D00][000001D211F423C0 49] iPhoneXR, [000001D2304BD500][000001D211F46540 49] iPhone11, [000001D230475E00][000001D211F4A6C0 49] iPhone11Pro, [000001D2304BC200][000001D211F4E840 49] iPhone11ProMax, [000001D230477400][000001D211F529C0 49] iPhoneSE2, [000001D2304BF800][000001D211F56B40 49] iPhone12Mini, [000001D230474E00][000001D2221C0C80 49] iPhone12, [000001D2304BCE00][000001D22F2B2DC0 49] iPhone12Pro, [000001D230476C00][000001D22F2B6F00 49] iPhone12ProMax, [000001D2304BD100][000001D22F2BF080 49] iPadPro105, [000001D230477C00][000001D22F2C3200 49] iPadPro129, [000001D2304BCA00][000001D22F2C7380 49] iPadPro97, [000001D230475700][000001D22F2CB500 49] iPadPro2_129, [000001D2304BF500][000001D22F2CF680 49] iPad5, [000001D230475D00][000001D22F2D3800 49] iPad6, [000001D2304BDB00][000001D22F2D7980 49] iPad7, [000001D230476800][000001D22F2DBB00 49] iPad8, [000001D2304BF200][000001D22F2DE100 49] iPadPro11, [000001D230476B00][000001D22F2E2280 49] iPadPro2_11, [000001D2304BC300][000001D22F2E6400 49] iPadPro3_129, [000001D230474500][000001D22F2EA580 49] iPadPro4_129, [000001D2304BF300][000001D22F2EE700 49] AppleTV, [000001D230475400][000001D22F2F2880 49] AppleTV4K, [000001D2304BD900][000001D22F2F6A00 49] TVOS, [000001D230477A00][000001D22F2FAB80 49] Mac, [000001D2304BFC00][000001D22F2FED00 49] MacClient, [000001D230477600][000001D22F2BAE40 49] MacNoEditor, [000001D2304BFA00][000001D22F302F80 49] MacServer, [000001D230477000][000001D22F12B0C0 49] Linux, [000001D2304BEC00][000001D22F133240 49] LinuxAArch64, [000001D230475000][000001D22F1373C0 49] LinuxNoEditor, [000001D2304BF100][000001D22F13B540 49] LinuxAArch64NoEditor, [000001D230477F00][000001D22F13F6C0 49] LinuxClient, [000001D2304BF400][000001D22F143840 49] LinuxAArch64Client, [000001D230476300][000001D22F1479C0 49] LinuxServer, [000001D2304BCC00][000001D22F14BB40 49] LinuxAArch64Server, [000001D230474200][000001D22F14E140 49] Android, [000001D2304BE200][000001D22F1522C0 49] Android_Low, [000001D230505100][000001D22F156440 49] Android_Mid, [000001D230546500][000001D22F15A5C0 49] Android_High, [000001D230506600][000001D22F15E740 49] Android_Default, [000001D230545300][000001D22F1628C0 49] Android_Adreno4xx, [000001D230504700][000001D22F166A40 49] Android_Adreno5xx_Low, [000001D230545100][000001D22F16ABC0 49] Android_Adreno5xx, [000001D230506700][000001D22F16ED40 49] Android_Adreno6xx, [000001D230546600][000001D22F172EC0 49] Android_Adreno6xx_Vulkan, [000001D230504A00][000001D22F12F000 49] Android_Mali_T6xx, [000001D230544D00][000001D22F177140 49] Android_Mali_T7xx, [000001D230505000][000001D22F17B280 49] Android_Mali_T8xx, [000001D230546300][000001D22F17F3C0 49] Android_Mali_G71, [000001D230507F00][000001D22F1AF540 49] Android_Mali_G72, [000001D230544B00][000001D22F1B36C0 49] Android_Mali_G72_Vulkan, [000001D230504B00][000001D22F1B7840 49] Android_Mali_G76, [000001D230544700][000001D22F1BB9C0 49] Android_Mali_G76_Vulkan, [000001D230506500][000001D22F1BFB40 49] Android_Mali_G77, [000001D230545C00][000001D22F1C2140 49] Android_Mali_G77_Vulkan, [000001D230506F00][000001D22F1C62C0 49] Android_Mali_G78, [000001D230545700][000001D22F1CA440 49] Android_Mali_G78_Vulkan, [000001D2304BE800][000001D22F1CE5C0 49] Android_Mali_G710, [000001D230474800][000001D22F1D2740 49] Android_Mali_G710_Vulkan, [000001D2304BC100][000001D22F1D68C0 49] Android_Vulkan_SM5, [000001D230544F00][000001D22F1DAA40 49] Android_PowerVR_G6xxx, [000001D2304BE600][000001D22F1DEBC0 49] Android_PowerVR_GT7xxx, [000001D230544100][000001D22F1E2D40 49] Android_PowerVR_GE8xxx, [000001D2304BDF00][000001D22F1E6EC0 49] Android_PowerVR_GM9xxx, [000001D230546400][000001D22F1EB040 49] Android_PowerVR_GM9xxx_Vulkan, [000001D2304BE400][000001D22F183180 49] Android_TegraK1, [000001D230545800][000001D22F1EF2C0 49] Android_Unknown_Vulkan, [000001D2304BFE00][000001D22F1F3400 49] Lumin, [000001D230544C00][000001D22F1F7540 49] Lumin_Desktop, [000001D2304BC400][000001D22EEE36C0 49] HoloLens, 
[2022.05.26-23.11.49:281][  0]LogMeshReduction: Using QuadricMeshReduction for automatic static mesh reduction
[2022.05.26-23.11.49:281][  0]LogMeshReduction: Using SimplygonMeshReduction for automatic skeletal mesh reduction
[2022.05.26-23.11.49:281][  0]LogMeshReduction: Using ProxyLODMeshReduction for automatic mesh merging
[2022.05.26-23.11.49:281][  0]LogMeshReduction: No distributed automatic mesh merging module available
[2022.05.26-23.11.49:302][  0]LogMeshMerging: No distributed automatic mesh merging module available
[2022.05.26-23.11.50:541][  0]LogNetVersion: brally 1.0.0, NetCL: 17155196, EngineNetVer: 17, GameNetVer: 0 (Checksum: 3473964133)
[2022.05.26-23.12.03:886][  0]LogTexture: Default maximum texture size for cubemaps generated from long-lat sources has been changed from 512 to unlimited. In order to preserve old behaiour for '/Engine/MapTemplates/Sky/DaylightAmbientCubemap.DaylightAmbientCubemap', its maximum texture size has been explicitly set to 512.
[2022.05.26-23.12.04:708][  0]LogHMD: PokeAHoleMaterial loaded successfully
[2022.05.26-23.12.04:839][  0]LogUObjectArray: 17178 objects as part of root set at end of initial load.
[2022.05.26-23.12.04:839][  0]LogUObjectAllocator: 4302048 out of 0 bytes used by permanent object pool.
[2022.05.26-23.12.04:839][  0]LogUObjectArray: CloseDisregardForGC: 0/0 objects in disregard for GC pool
[2022.05.26-23.12.13:248][  0]LogNiagaraDebuggerClient: Niagara Debugger Client Initialized | Session: 5771C7B94DEF8E2A67DB749C1365A29F | Instance: 5E5C605E4BF4F550A6DD2A87EB52EA79 (DESKTOP-F4V4HAJ-6392).
[2022.05.26-23.12.14:260][  0]LogTcpMessaging: Initializing TcpMessaging bridge
[2022.05.26-23.12.14:356][  0]LogUdpMessaging: Initializing bridge on interface 0.0.0.0:0 to multicast group 230.0.0.1:6666.
[2022.05.26-23.12.14:672][  0]LogPython: Using Python 3.7.7
[2022.05.26-23.12.18:984][  0]SourceControl: Controle de origem desativado
[2022.05.26-23.12.18:985][  0]SourceControl: Controle de origem desativado
[2022.05.26-23.12.19:049][  0]SourceControl: Controle de origem desativado
[2022.05.26-23.12.19:257][  0]SourceControl: Controle de origem desativado
[2022.05.26-23.12.19:357][  0]SourceControl: Controle de origem desativado
[2022.05.26-23.12.19:463][  0]LogUProjectInfo: Found projects:
[2022.05.26-23.12.23:506][  0]LogOpenImageDenoise: OIDN starting up
[2022.05.26-23.12.23:851][  0]LogAndroidPermission: UAndroidPermissionCallbackProxy::GetInstance
[2022.05.26-23.12.24:148][  0]LogAudioCaptureCore: Display: No Audio Capture implementations found. Audio input will be silent.
[2022.05.26-23.12.24:148][  0]LogAudioCaptureCore: Display: No Audio Capture implementations found. Audio input will be silent.
[2022.05.26-23.12.25:911][  0]LogCollectionManager: Loaded 0 collections in 0.001907 seconds
[2022.05.26-23.12.26:025][  0]LogFileCache: Scanning file cache for directory 'S:/projetos/rallyUE/brally/Saved/Collections/' took 0.04s
[2022.05.26-23.12.26:025][  0]LogFileCache: Scanning file cache for directory 'S:/projetos/rallyUE/brally/Content/Developers/erick/Collections/' took 0.00s
[2022.05.26-23.12.26:025][  0]LogFileCache: Scanning file cache for directory 'S:/projetos/rallyUE/brally/Content/Collections/' took 0.00s
[2022.05.26-23.12.26:439][  0]LogOcInput: OculusInput pre-init called
[2022.05.26-23.12.29:892][  0]LogEngine: Initializing Engine...
[2022.05.26-23.12.30:118][  0]LogHMD: Failed to enumerate extensions. Please check that you have a valid OpenXR runtime installed.
[2022.05.26-23.12.30:134][  0]LogHMD: Failed to initialize OpenVR with code 110
[2022.05.26-23.12.30:145][  0]LogMagicLeap: Warning: VR disabled because ZI is not enabled.  To enable, in the editor, Edit -> Project Settings -> Plugins -> Magic Leap Plugin -> Enable Zero Iteration
[2022.05.26-23.12.30:220][  0]LogStats: UGameplayTagsManager::InitializeManager -  0.002 s
[2022.05.26-23.12.31:213][  0]LogInit: Initializing FReadOnlyCVARCache
[2022.05.26-23.12.31:936][  0]LogAIModule: Creating AISystem for world Untitled
[2022.05.26-23.12.32:140][  0]LogAudio: Display: Initializing Audio Device Manager...
[2022.05.26-23.12.32:195][  0]LogAudio: Display: Loading Default Audio Settings Objects...
[2022.05.26-23.12.32:226][  0]LogAudio: Display: No default SoundConcurrencyObject specified (or failed to load).
[2022.05.26-23.12.32:281][  0]LogAudio: Display: Audio Device Manager Initialized
[2022.05.26-23.12.32:281][  0]LogAudio: Display: Creating Audio Device:                 Id: 1, Scope: Shared, Realtime: True
[2022.05.26-23.12.32:314][  0]LogAudioMixer: Display: Audio Mixer Platform Settings:
[2022.05.26-23.12.32:314][  0]LogAudioMixer: Display: 	Sample Rate:						  48000
[2022.05.26-23.12.32:314][  0]LogAudioMixer: Display: 	Callback Buffer Frame Size Requested: 1024
[2022.05.26-23.12.32:314][  0]LogAudioMixer: Display: 	Callback Buffer Frame Size To Use:	  1024
[2022.05.26-23.12.32:314][  0]LogAudioMixer: Display: 	Number of buffers to queue:			  2
[2022.05.26-23.12.32:314][  0]LogAudioMixer: Display: 	Max Channels (voices):				  32
[2022.05.26-23.12.32:314][  0]LogAudioMixer: Display: 	Number of Async Source Workers:		  0
[2022.05.26-23.12.32:321][  0]LogAudio: Display: AudioDevice MaxSources: 32
[2022.05.26-23.12.32:418][  0]LogAudio: Display: Audio Spatialization Plugin: None (built-in).
[2022.05.26-23.12.32:418][  0]LogAudio: Display: Audio Reverb Plugin: None (built-in).
[2022.05.26-23.12.32:418][  0]LogAudio: Display: Audio Occlusion Plugin: None (built-in).
[2022.05.26-23.12.32:423][  0]LogAudioMixer: Display: Initializing audio mixer.
[2022.05.26-23.12.32:637][  0]LogAudioMixer: Display: 0: FrontLeft
[2022.05.26-23.12.32:637][  0]LogAudioMixer: Display: 1: FrontRight
[2022.05.26-23.12.32:686][  0]LogAudioMixer: Display: Using Audio Device SMART TV (NVIDIA High Definition Audio)
[2022.05.26-23.12.32:739][  0]LogAudioMixer: Display: Initializing Sound Submixes...
[2022.05.26-23.12.32:775][  0]LogAudioMixer: Display: Creating Master Submix 'MasterSubmixDefault'
[2022.05.26-23.12.32:775][  0]LogAudioMixer: Display: Creating Master Submix 'MasterReverbSubmixDefault'
[2022.05.26-23.12.32:778][  0]LogAudioMixer: Display: Creating Master Submix 'MasterEQSubmixDefault'
[2022.05.26-23.12.32:779][  0]LogAudioMixer: FMixerPlatformXAudio2::StartAudioStream() called
[2022.05.26-23.12.32:779][  0]LogAudioMixer: Display: Output buffers initialized: Frames=1024, Channels=2, Samples=2048
[2022.05.26-23.12.32:780][  0]LogAudioMixer: Display: Starting AudioMixerPlatformInterface::RunInternal()
[2022.05.26-23.12.32:780][  0]LogAudioMixer: Display: FMixerPlatformXAudio2::SubmitBuffer() called for the first time
[2022.05.26-23.12.32:780][  0]LogInit: FAudioDevice initialized.
[2022.05.26-23.12.32:810][  0]LogAudioMixer: Display: Audio Buffer Underrun (starvation) detected.
[2022.05.26-23.12.32:810][  0]LogAudio: Display: Audio Device (ID: 1) registered with world 'Untitled'.
[2022.05.26-23.12.32:820][  0]LogNetVersion: Set ProjectVersion to 1.0.0.0. Version Checksum will be recalculated on next use.
[2022.05.26-23.12.32:956][  0]LogDerivedDataCache: Saved boot cache 0.14s 94MB C:/Users/erick/AppData/Local/UnrealEngine/4.27/DerivedDataCache/Boot.ddc.
[2022.05.26-23.12.32:974][  0]LogInit: Texture streaming: Enabled
[2022.05.26-23.12.33:303][  0]LogAnalytics: Display: [UEEditor.Rocket.Release] APIServer = https://datarouter.ol.epicgames.com/. AppVersion = 4.27.2-18319896+++UE4+Release-4.27
[2022.05.26-23.12.33:379][  0]LogEngineSessionManager: EngineSessionManager initialized
[2022.05.26-23.12.33:393][  0]LogEditorSessionSummary: Verbose: Initializing EditorSessionSummaryWriter for editor session tracking
[2022.05.26-23.12.33:428][  0]LogEditorSessionSummary: EditorSessionSummaryWriter initialized
[2022.05.26-23.12.33:823][  0]LogInit: Transaction tracking system initialized
[2022.05.26-23.12.34:591][  0]BlueprintLog: New page: Carregar Editor
[2022.05.26-23.12.36:316][  0]LocalizationService: Localization service is disabled
[2022.05.26-23.12.37:302][  0]TimingProfiler: Initialize
[2022.05.26-23.12.37:313][  0]TimingProfiler: OnSessionChanged
[2022.05.26-23.12.37:313][  0]LoadingProfiler: Initialize
[2022.05.26-23.12.37:314][  0]LoadingProfiler: OnSessionChanged
[2022.05.26-23.12.37:315][  0]NetworkingProfiler: Initialize
[2022.05.26-23.12.37:324][  0]NetworkingProfiler: OnSessionChanged
[2022.05.26-23.12.37:325][  0]MemoryProfiler: Initialize
[2022.05.26-23.12.37:325][  0]MemoryProfiler: OnSessionChanged
[2022.05.26-23.12.41:389][  0]LogFileCache: Scanning file cache for directory 'S:/projetos/rallyUE/brally/Content/' took 0.07s
[2022.05.26-23.12.41:389][  0]LogCook: Display: CookSettings for Memory: MemoryMaxUsedVirtual 0MiB, MemoryMaxUsedPhysical 16384MiB, MemoryMinFreeVirtual 0MiB, MemoryMinFreePhysical 1024MiB
[2022.05.26-23.12.41:389][  0]LogCook: Display: Mobile HDR setting 1
[2022.05.26-23.12.47:264][  0]LogInit: Display: Engine is initialized. Leaving FEngineLoop::Init()
[2022.05.26-23.12.47:795][  0]SourceControl: Controle de origem desativado
[2022.05.26-23.12.47:820][  0]LogUnrealEdMisc: Loading editor; pre map load, took 143.809
[2022.05.26-23.12.47:860][  0]Cmd: MAP LOAD FILE="S:/projetos/rallyUE/brally/Content/NewWorld.umap" TEMPLATE=0 SHOWPROGRESS=1 FEATURELEVEL=3
[2022.05.26-23.12.48:001][  0]LightingResults: New page: Compilação de Iluminação
[2022.05.26-23.12.48:246][  0]LogWorld: UWorld::CleanupWorld for Untitled, bSessionEnded=true, bCleanupResources=true
[2022.05.26-23.12.48:364][  0]LogSlate: InvalidateAllWidgets triggered.  All widgets were invalidated
[2022.05.26-23.12.48:566][  0]MapCheck: New page: Verificação de Mapa
[2022.05.26-23.12.48:566][  0]LightingResults: New page: Compilação de Iluminação
[2022.05.26-23.12.49:227][  0]LogAudio: Display: Audio Device unregistered from world 'None'.
[2022.05.26-23.12.49:636][  0]LogUObjectHash: Compacting FUObjectHashTables data took   1.07ms
[2022.05.26-23.12.52:935][  0]LogAudio: Display: Audio Device (ID: 1) registered with world 'NewWorld'.
[2022.05.26-23.12.52:952][  0]LogAIModule: Creating AISystem for world NewWorld
[2022.05.26-23.12.54:285][  0]LogEditorServer: Finished looking for orphan Actors (0.000 secs)
[2022.05.26-23.12.54:476][  0]LogUObjectHash: Compacting FUObjectHashTables data took   1.46ms
[2022.05.26-23.12.54:536][  0]Cmd: MAP CHECKDEP NOCLEARLOG
[2022.05.26-23.12.54:549][  0]MapCheck: Map check complete: 0 Error(s), 0 Warning(s), took 12,619ms to complete.
[2022.05.26-23.12.54:557][  0]LogFileHelpers: Loading map 'NewWorld' took 6.705
[2022.05.26-23.12.56:453][  0]LogUnrealEdMisc: Total Editor Startup Time, took 152.447
[2022.05.26-23.12.57:568][  0]LogSlate: Updating window title bar state: overlay mode, drag disabled, window buttons hidden, title bar hidden
[2022.05.26-23.12.57:599][  0]LogSlate: Updating window title bar state: overlay mode, drag disabled, window buttons hidden, title bar hidden
[2022.05.26-23.12.57:607][  0]LogSlate: Updating window title bar state: overlay mode, drag disabled, window buttons hidden, title bar hidden
[2022.05.26-23.12.57:616][  0]LogSlate: Updating window title bar state: overlay mode, drag disabled, window buttons hidden, title bar hidden
[2022.05.26-23.12.57:930][  0]LogNativeClassHierarchy: Verbose: Native class hierarchy populated in 0.0154 seconds. Added 3822 classes and 928 folders.
[2022.05.26-23.12.58:172][  0]LogNativeClassHierarchy: Verbose: Native class hierarchy updated for 'WidgetCarousel' in 0.0003 seconds. Added 0 classes and 0 folders.
[2022.05.26-23.12.58:390][  0]LogPakFile: PakFile PrimaryIndexSize=187
[2022.05.26-23.12.58:390][  0]LogPakFile: PakFile PathHashIndexSize=101
[2022.05.26-23.12.58:390][  0]LogPakFile: PakFile FullDirectoryIndexSize=148
[2022.05.26-23.12.58:440][  0]LogShaderLibrary: Display: ShaderCodeLibraryPakFileMountedCallback: PakFile 'D:/EPIC/UE_4.27/FeaturePacks/FP_FirstPerson.upack' (chunk index -1, root 'root:/') mounted
[2022.05.26-23.12.58:440][  0]LogShaderLibrary: Display: ShaderCodeLibraryPakFileMountedCallback: pending pak file info (ChunkID:-1 Root:root:/ File:D:/EPIC/UE_4.27/FeaturePacks/FP_FirstPerson.upack)
[2022.05.26-23.12.58:441][  0]LogPakFile: OnPakFileMounted2Time == 0.050849
[2022.05.26-23.12.58:498][  0]LogPakFile: PakFile PrimaryIndexSize=189
[2022.05.26-23.12.58:498][  0]LogPakFile: PakFile PathHashIndexSize=101
[2022.05.26-23.12.58:499][  0]LogPakFile: PakFile FullDirectoryIndexSize=152
[2022.05.26-23.12.58:499][  0]LogShaderLibrary: Display: ShaderCodeLibraryPakFileMountedCallback: PakFile 'D:/EPIC/UE_4.27/FeaturePacks/FP_FirstPersonBP.upack' (chunk index -1, root 'root:/') mounted
[2022.05.26-23.12.58:499][  0]LogShaderLibrary: Display: ShaderCodeLibraryPakFileMountedCallback: pending pak file info (ChunkID:-1 Root:root:/ File:D:/EPIC/UE_4.27/FeaturePacks/FP_FirstPersonBP.upack)
[2022.05.26-23.12.58:499][  0]LogPakFile: OnPakFileMounted2Time == 0.000051
[2022.05.26-23.12.58:527][  0]LogPakFile: PakFile PrimaryIndexSize=191
[2022.05.26-23.12.58:527][  0]LogPakFile: PakFile PathHashIndexSize=101
[2022.05.26-23.12.58:527][  0]LogPakFile: PakFile FullDirectoryIndexSize=160
[2022.05.26-23.12.58:527][  0]LogShaderLibrary: Display: ShaderCodeLibraryPakFileMountedCallback: PakFile 'D:/EPIC/UE_4.27/FeaturePacks/MobileStarterContent.upack' (chunk index -1, root 'root:/') mounted
[2022.05.26-23.12.58:527][  0]LogShaderLibrary: Display: ShaderCodeLibraryPakFileMountedCallback: pending pak file info (ChunkID:-1 Root:root:/ File:D:/EPIC/UE_4.27/FeaturePacks/MobileStarterContent.upack)
[2022.05.26-23.12.58:527][  0]LogPakFile: OnPakFileMounted2Time == 0.000069
[2022.05.26-23.12.58:552][  0]LogPakFile: PakFile PrimaryIndexSize=185
[2022.05.26-23.12.58:552][  0]LogPakFile: PakFile PathHashIndexSize=101
[2022.05.26-23.12.58:552][  0]LogPakFile: PakFile FullDirectoryIndexSize=148
[2022.05.26-23.12.58:552][  0]LogShaderLibrary: Display: ShaderCodeLibraryPakFileMountedCallback: PakFile 'D:/EPIC/UE_4.27/FeaturePacks/StarterContent.upack' (chunk index -1, root 'root:/') mounted
[2022.05.26-23.12.58:552][  0]LogShaderLibrary: Display: ShaderCodeLibraryPakFileMountedCallback: pending pak file info (ChunkID:-1 Root:root:/ File:D:/EPIC/UE_4.27/FeaturePacks/StarterContent.upack)
[2022.05.26-23.12.58:552][  0]LogPakFile: OnPakFileMounted2Time == 0.000088
[2022.05.26-23.12.58:565][  0]LogPakFile: PakFile PrimaryIndexSize=190
[2022.05.26-23.12.58:565][  0]LogPakFile: PakFile PathHashIndexSize=101
[2022.05.26-23.12.58:565][  0]LogPakFile: PakFile FullDirectoryIndexSize=154
[2022.05.26-23.12.58:565][  0]LogShaderLibrary: Display: ShaderCodeLibraryPakFileMountedCallback: PakFile 'D:/EPIC/UE_4.27/FeaturePacks/TP_2DSideScroller.upack' (chunk index -1, root 'root:/') mounted
[2022.05.26-23.12.58:565][  0]LogShaderLibrary: Display: ShaderCodeLibraryPakFileMountedCallback: pending pak file info (ChunkID:-1 Root:root:/ File:D:/EPIC/UE_4.27/FeaturePacks/TP_2DSideScroller.upack)
[2022.05.26-23.12.58:565][  0]LogPakFile: OnPakFileMounted2Time == 0.000076
[2022.05.26-23.12.58:572][  0]LogPakFile: PakFile PrimaryIndexSize=192
[2022.05.26-23.12.58:572][  0]LogPakFile: PakFile PathHashIndexSize=101
[2022.05.26-23.12.58:572][  0]LogPakFile: PakFile FullDirectoryIndexSize=158
[2022.05.26-23.12.58:572][  0]LogShaderLibrary: Display: ShaderCodeLibraryPakFileMountedCallback: PakFile 'D:/EPIC/UE_4.27/FeaturePacks/TP_2DSideScrollerBP.upack' (chunk index -1, root 'root:/') mounted
[2022.05.26-23.12.58:572][  0]LogShaderLibrary: Display: ShaderCodeLibraryPakFileMountedCallback: pending pak file info (ChunkID:-1 Root:root:/ File:D:/EPIC/UE_4.27/FeaturePacks/TP_2DSideScrollerBP.upack)
[2022.05.26-23.12.58:572][  0]LogPakFile: OnPakFileMounted2Time == 0.000069
[2022.05.26-23.12.58:619][  0]LogPakFile: PakFile PrimaryIndexSize=182
[2022.05.26-23.12.58:619][  0]LogPakFile: PakFile PathHashIndexSize=101
[2022.05.26-23.12.58:619][  0]LogPakFile: PakFile FullDirectoryIndexSize=138
[2022.05.26-23.12.58:619][  0]LogShaderLibrary: Display: ShaderCodeLibraryPakFileMountedCallback: PakFile 'D:/EPIC/UE_4.27/FeaturePacks/TP_Flying.upack' (chunk index -1, root 'root:/') mounted
[2022.05.26-23.12.58:619][  0]LogShaderLibrary: Display: ShaderCodeLibraryPakFileMountedCallback: pending pak file info (ChunkID:-1 Root:root:/ File:D:/EPIC/UE_4.27/FeaturePacks/TP_Flying.upack)
[2022.05.26-23.12.58:619][  0]LogPakFile: OnPakFileMounted2Time == 0.000043
[2022.05.26-23.12.58:649][  0]LogPakFile: PakFile PrimaryIndexSize=184
[2022.05.26-23.12.58:649][  0]LogPakFile: PakFile PathHashIndexSize=101
[2022.05.26-23.12.58:649][  0]LogPakFile: PakFile FullDirectoryIndexSize=142
[2022.05.26-23.12.58:649][  0]LogShaderLibrary: Display: ShaderCodeLibraryPakFileMountedCallback: PakFile 'D:/EPIC/UE_4.27/FeaturePacks/TP_FlyingBP.upack' (chunk index -1, root 'root:/') mounted
[2022.05.26-23.12.58:649][  0]LogShaderLibrary: Display: ShaderCodeLibraryPakFileMountedCallback: pending pak file info (ChunkID:-1 Root:root:/ File:D:/EPIC/UE_4.27/FeaturePacks/TP_FlyingBP.upack)
[2022.05.26-23.12.58:649][  0]LogPakFile: OnPakFileMounted2Time == 0.000075
[2022.05.26-23.12.58:672][  0]LogPakFile: PakFile PrimaryIndexSize=188
[2022.05.26-23.12.58:672][  0]LogPakFile: PakFile PathHashIndexSize=101
[2022.05.26-23.12.58:672][  0]LogPakFile: PakFile FullDirectoryIndexSize=150
[2022.05.26-23.12.58:672][  0]LogShaderLibrary: Display: ShaderCodeLibraryPakFileMountedCallback: PakFile 'D:/EPIC/UE_4.27/FeaturePacks/TP_HandheldARBP.upack' (chunk index -1, root 'root:/') mounted
[2022.05.26-23.12.58:672][  0]LogShaderLibrary: Display: ShaderCodeLibraryPakFileMountedCallback: pending pak file info (ChunkID:-1 Root:root:/ File:D:/EPIC/UE_4.27/FeaturePacks/TP_HandheldARBP.upack)
[2022.05.26-23.12.58:672][  0]LogPakFile: OnPakFileMounted2Time == 0.000066
[2022.05.26-23.12.58:705][  0]LogPakFile: PakFile PrimaryIndexSize=182
[2022.05.26-23.12.58:705][  0]LogPakFile: PakFile PathHashIndexSize=101
[2022.05.26-23.12.58:705][  0]LogPakFile: PakFile FullDirectoryIndexSize=138
[2022.05.26-23.12.58:705][  0]LogShaderLibrary: Display: ShaderCodeLibraryPakFileMountedCallback: PakFile 'D:/EPIC/UE_4.27/FeaturePacks/TP_Puzzle.upack' (chunk index -1, root 'root:/') mounted
[2022.05.26-23.12.58:705][  0]LogShaderLibrary: Display: ShaderCodeLibraryPakFileMountedCallback: pending pak file info (ChunkID:-1 Root:root:/ File:D:/EPIC/UE_4.27/FeaturePacks/TP_Puzzle.upack)
[2022.05.26-23.12.58:705][  0]LogPakFile: OnPakFileMounted2Time == 0.000075
[2022.05.26-23.12.58:710][  0]LogPakFile: PakFile PrimaryIndexSize=184
[2022.05.26-23.12.58:710][  0]LogPakFile: PakFile PathHashIndexSize=101
[2022.05.26-23.12.58:710][  0]LogPakFile: PakFile FullDirectoryIndexSize=142
[2022.05.26-23.12.58:710][  0]LogShaderLibrary: Display: ShaderCodeLibraryPakFileMountedCallback: PakFile 'D:/EPIC/UE_4.27/FeaturePacks/TP_PuzzleBP.upack' (chunk index -1, root 'root:/') mounted
[2022.05.26-23.12.58:711][  0]LogShaderLibrary: Display: ShaderCodeLibraryPakFileMountedCallback: pending pak file info (ChunkID:-1 Root:root:/ File:D:/EPIC/UE_4.27/FeaturePacks/TP_PuzzleBP.upack)
[2022.05.26-23.12.58:711][  0]LogPakFile: OnPakFileMounted2Time == 0.000060
[2022.05.26-23.12.58:716][  0]LogPakFile: PakFile PrimaryIndexSize=183
[2022.05.26-23.12.58:716][  0]LogPakFile: PakFile PathHashIndexSize=101
[2022.05.26-23.12.58:716][  0]LogPakFile: PakFile FullDirectoryIndexSize=140
[2022.05.26-23.12.58:716][  0]LogShaderLibrary: Display: ShaderCodeLibraryPakFileMountedCallback: PakFile 'D:/EPIC/UE_4.27/FeaturePacks/TP_Rolling.upack' (chunk index -1, root 'root:/') mounted
[2022.05.26-23.12.58:716][  0]LogShaderLibrary: Display: ShaderCodeLibraryPakFileMountedCallback: pending pak file info (ChunkID:-1 Root:root:/ File:D:/EPIC/UE_4.27/FeaturePacks/TP_Rolling.upack)
[2022.05.26-23.12.58:716][  0]LogPakFile: OnPakFileMounted2Time == 0.000046
[2022.05.26-23.12.58:722][  0]LogPakFile: PakFile PrimaryIndexSize=185
[2022.05.26-23.12.58:722][  0]LogPakFile: PakFile PathHashIndexSize=101
[2022.05.26-23.12.58:722][  0]LogPakFile: PakFile FullDirectoryIndexSize=144
[2022.05.26-23.12.58:722][  0]LogShaderLibrary: Display: ShaderCodeLibraryPakFileMountedCallback: PakFile 'D:/EPIC/UE_4.27/FeaturePacks/TP_RollingBP.upack' (chunk index -1, root 'root:/') mounted
[2022.05.26-23.12.58:722][  0]LogShaderLibrary: Display: ShaderCodeLibraryPakFileMountedCallback: pending pak file info (ChunkID:-1 Root:root:/ File:D:/EPIC/UE_4.27/FeaturePacks/TP_RollingBP.upack)
[2022.05.26-23.12.58:722][  0]LogPakFile: OnPakFileMounted2Time == 0.000045
[2022.05.26-23.12.58:727][  0]LogPakFile: PakFile PrimaryIndexSize=188
[2022.05.26-23.12.58:727][  0]LogPakFile: PakFile PathHashIndexSize=101
[2022.05.26-23.12.58:727][  0]LogPakFile: PakFile FullDirectoryIndexSize=150
[2022.05.26-23.12.58:727][  0]LogShaderLibrary: Display: ShaderCodeLibraryPakFileMountedCallback: PakFile 'D:/EPIC/UE_4.27/FeaturePacks/TP_SideScroller.upack' (chunk index -1, root 'root:/') mounted
[2022.05.26-23.12.58:727][  0]LogShaderLibrary: Display: ShaderCodeLibraryPakFileMountedCallback: pending pak file info (ChunkID:-1 Root:root:/ File:D:/EPIC/UE_4.27/FeaturePacks/TP_SideScroller.upack)
[2022.05.26-23.12.58:727][  0]LogPakFile: OnPakFileMounted2Time == 0.000052
[2022.05.26-23.12.58:735][  0]LogPakFile: PakFile PrimaryIndexSize=190
[2022.05.26-23.12.58:735][  0]LogPakFile: PakFile PathHashIndexSize=101
[2022.05.26-23.12.58:735][  0]LogPakFile: PakFile FullDirectoryIndexSize=154
[2022.05.26-23.12.58:735][  0]LogShaderLibrary: Display: ShaderCodeLibraryPakFileMountedCallback: PakFile 'D:/EPIC/UE_4.27/FeaturePacks/TP_SideScrollerBP.upack' (chunk index -1, root 'root:/') mounted
[2022.05.26-23.12.58:735][  0]LogShaderLibrary: Display: ShaderCodeLibraryPakFileMountedCallback: pending pak file info (ChunkID:-1 Root:root:/ File:D:/EPIC/UE_4.27/FeaturePacks/TP_SideScrollerBP.upack)
[2022.05.26-23.12.58:735][  0]LogPakFile: OnPakFileMounted2Time == 0.000076
[2022.05.26-23.12.58:743][  0]LogPakFile: PakFile PrimaryIndexSize=187
[2022.05.26-23.12.58:743][  0]LogPakFile: PakFile PathHashIndexSize=101
[2022.05.26-23.12.58:743][  0]LogPakFile: PakFile FullDirectoryIndexSize=148
[2022.05.26-23.12.58:743][  0]LogShaderLibrary: Display: ShaderCodeLibraryPakFileMountedCallback: PakFile 'D:/EPIC/UE_4.27/FeaturePacks/TP_ThirdPerson.upack' (chunk index -1, root 'root:/') mounted
[2022.05.26-23.12.58:743][  0]LogShaderLibrary: Display: ShaderCodeLibraryPakFileMountedCallback: pending pak file info (ChunkID:-1 Root:root:/ File:D:/EPIC/UE_4.27/FeaturePacks/TP_ThirdPerson.upack)
[2022.05.26-23.12.58:743][  0]LogPakFile: OnPakFileMounted2Time == 0.000047
[2022.05.26-23.12.58:749][  0]LogPakFile: PakFile PrimaryIndexSize=189
[2022.05.26-23.12.58:749][  0]LogPakFile: PakFile PathHashIndexSize=101
[2022.05.26-23.12.58:749][  0]LogPakFile: PakFile FullDirectoryIndexSize=152
[2022.05.26-23.12.58:749][  0]LogShaderLibrary: Display: ShaderCodeLibraryPakFileMountedCallback: PakFile 'D:/EPIC/UE_4.27/FeaturePacks/TP_ThirdPersonBP.upack' (chunk index -1, root 'root:/') mounted
[2022.05.26-23.12.58:749][  0]LogShaderLibrary: Display: ShaderCodeLibraryPakFileMountedCallback: pending pak file info (ChunkID:-1 Root:root:/ File:D:/EPIC/UE_4.27/FeaturePacks/TP_ThirdPersonBP.upack)
[2022.05.26-23.12.58:749][  0]LogPakFile: OnPakFileMounted2Time == 0.000043
[2022.05.26-23.12.58:755][  0]LogPakFile: PakFile PrimaryIndexSize=183
[2022.05.26-23.12.58:755][  0]LogPakFile: PakFile PathHashIndexSize=101
[2022.05.26-23.12.58:755][  0]LogPakFile: PakFile FullDirectoryIndexSize=140
[2022.05.26-23.12.58:755][  0]LogShaderLibrary: Display: ShaderCodeLibraryPakFileMountedCallback: PakFile 'D:/EPIC/UE_4.27/FeaturePacks/TP_TopDown.upack' (chunk index -1, root 'root:/') mounted
[2022.05.26-23.12.58:755][  0]LogShaderLibrary: Display: ShaderCodeLibraryPakFileMountedCallback: pending pak file info (ChunkID:-1 Root:root:/ File:D:/EPIC/UE_4.27/FeaturePacks/TP_TopDown.upack)
[2022.05.26-23.12.58:755][  0]LogPakFile: OnPakFileMounted2Time == 0.000052
[2022.05.26-23.12.58:760][  0]LogPakFile: PakFile PrimaryIndexSize=185
[2022.05.26-23.12.58:760][  0]LogPakFile: PakFile PathHashIndexSize=101
[2022.05.26-23.12.58:760][  0]LogPakFile: PakFile FullDirectoryIndexSize=144
[2022.05.26-23.12.58:760][  0]LogShaderLibrary: Display: ShaderCodeLibraryPakFileMountedCallback: PakFile 'D:/EPIC/UE_4.27/FeaturePacks/TP_TopDownBP.upack' (chunk index -1, root 'root:/') mounted
[2022.05.26-23.12.58:760][  0]LogShaderLibrary: Display: ShaderCodeLibraryPakFileMountedCallback: pending pak file info (ChunkID:-1 Root:root:/ File:D:/EPIC/UE_4.27/FeaturePacks/TP_TopDownBP.upack)
[2022.05.26-23.12.58:760][  0]LogPakFile: OnPakFileMounted2Time == 0.000046
[2022.05.26-23.12.58:772][  0]LogPakFile: PakFile PrimaryIndexSize=185
[2022.05.26-23.12.58:772][  0]LogPakFile: PakFile PathHashIndexSize=101
[2022.05.26-23.12.58:772][  0]LogPakFile: PakFile FullDirectoryIndexSize=144
[2022.05.26-23.12.58:772][  0]LogShaderLibrary: Display: ShaderCodeLibraryPakFileMountedCallback: PakFile 'D:/EPIC/UE_4.27/FeaturePacks/TP_TwinStick.upack' (chunk index -1, root 'root:/') mounted
[2022.05.26-23.12.58:772][  0]LogShaderLibrary: Display: ShaderCodeLibraryPakFileMountedCallback: pending pak file info (ChunkID:-1 Root:root:/ File:D:/EPIC/UE_4.27/FeaturePacks/TP_TwinStick.upack)
[2022.05.26-23.12.58:772][  0]LogPakFile: OnPakFileMounted2Time == 0.000088
[2022.05.26-23.12.58:793][  0]LogPakFile: PakFile PrimaryIndexSize=187
[2022.05.26-23.12.58:793][  0]LogPakFile: PakFile PathHashIndexSize=101
[2022.05.26-23.12.58:793][  0]LogPakFile: PakFile FullDirectoryIndexSize=148
[2022.05.26-23.12.58:793][  0]LogShaderLibrary: Display: ShaderCodeLibraryPakFileMountedCallback: PakFile 'D:/EPIC/UE_4.27/FeaturePacks/TP_TwinStickBP.upack' (chunk index -1, root 'root:/') mounted
[2022.05.26-23.12.58:793][  0]LogShaderLibrary: Display: ShaderCodeLibraryPakFileMountedCallback: pending pak file info (ChunkID:-1 Root:root:/ File:D:/EPIC/UE_4.27/FeaturePacks/TP_TwinStickBP.upack)
[2022.05.26-23.12.58:793][  0]LogPakFile: OnPakFileMounted2Time == 0.000045
[2022.05.26-23.12.58:802][  0]LogPakFile: PakFile PrimaryIndexSize=183
[2022.05.26-23.12.58:802][  0]LogPakFile: PakFile PathHashIndexSize=101
[2022.05.26-23.12.58:802][  0]LogPakFile: PakFile FullDirectoryIndexSize=140
[2022.05.26-23.12.58:802][  0]LogShaderLibrary: Display: ShaderCodeLibraryPakFileMountedCallback: PakFile 'D:/EPIC/UE_4.27/FeaturePacks/TP_Vehicle.upack' (chunk index -1, root 'root:/') mounted
[2022.05.26-23.12.58:802][  0]LogShaderLibrary: Display: ShaderCodeLibraryPakFileMountedCallback: pending pak file info (ChunkID:-1 Root:root:/ File:D:/EPIC/UE_4.27/FeaturePacks/TP_Vehicle.upack)
[2022.05.26-23.12.58:802][  0]LogPakFile: OnPakFileMounted2Time == 0.000068
[2022.05.26-23.12.58:844][  0]LogPakFile: PakFile PrimaryIndexSize=186
[2022.05.26-23.12.58:844][  0]LogPakFile: PakFile PathHashIndexSize=101
[2022.05.26-23.12.58:844][  0]LogPakFile: PakFile FullDirectoryIndexSize=146
[2022.05.26-23.12.58:844][  0]LogShaderLibrary: Display: ShaderCodeLibraryPakFileMountedCallback: PakFile 'D:/EPIC/UE_4.27/FeaturePacks/TP_VehicleAdv.upack' (chunk index -1, root 'root:/') mounted
[2022.05.26-23.12.58:844][  0]LogShaderLibrary: Display: ShaderCodeLibraryPakFileMountedCallback: pending pak file info (ChunkID:-1 Root:root:/ File:D:/EPIC/UE_4.27/FeaturePacks/TP_VehicleAdv.upack)
[2022.05.26-23.12.58:845][  0]LogPakFile: OnPakFileMounted2Time == 0.000072
[2022.05.26-23.12.58:870][  0]LogPakFile: PakFile PrimaryIndexSize=188
[2022.05.26-23.12.58:870][  0]LogPakFile: PakFile PathHashIndexSize=101
[2022.05.26-23.12.58:870][  0]LogPakFile: PakFile FullDirectoryIndexSize=150
[2022.05.26-23.12.58:870][  0]LogShaderLibrary: Display: ShaderCodeLibraryPakFileMountedCallback: PakFile 'D:/EPIC/UE_4.27/FeaturePacks/TP_VehicleAdvBP.upack' (chunk index -1, root 'root:/') mounted
[2022.05.26-23.12.58:870][  0]LogShaderLibrary: Display: ShaderCodeLibraryPakFileMountedCallback: pending pak file info (ChunkID:-1 Root:root:/ File:D:/EPIC/UE_4.27/FeaturePacks/TP_VehicleAdvBP.upack)
[2022.05.26-23.12.58:870][  0]LogPakFile: OnPakFileMounted2Time == 0.000052
[2022.05.26-23.12.58:883][  0]LogPakFile: PakFile PrimaryIndexSize=185
[2022.05.26-23.12.58:883][  0]LogPakFile: PakFile PathHashIndexSize=101
[2022.05.26-23.12.58:883][  0]LogPakFile: PakFile FullDirectoryIndexSize=144
[2022.05.26-23.12.58:883][  0]LogShaderLibrary: Display: ShaderCodeLibraryPakFileMountedCallback: PakFile 'D:/EPIC/UE_4.27/FeaturePacks/TP_VehicleBP.upack' (chunk index -1, root 'root:/') mounted
[2022.05.26-23.12.58:883][  0]LogShaderLibrary: Display: ShaderCodeLibraryPakFileMountedCallback: pending pak file info (ChunkID:-1 Root:root:/ File:D:/EPIC/UE_4.27/FeaturePacks/TP_VehicleBP.upack)
[2022.05.26-23.12.58:883][  0]LogPakFile: OnPakFileMounted2Time == 0.000045
[2022.05.26-23.12.58:889][  0]LogPakFile: PakFile PrimaryIndexSize=192
[2022.05.26-23.12.58:889][  0]LogPakFile: PakFile PathHashIndexSize=101
[2022.05.26-23.12.58:889][  0]LogPakFile: PakFile FullDirectoryIndexSize=158
[2022.05.26-23.12.58:889][  0]LogShaderLibrary: Display: ShaderCodeLibraryPakFileMountedCallback: PakFile 'D:/EPIC/UE_4.27/FeaturePacks/TP_VirtualRealityBP.upack' (chunk index -1, root 'root:/') mounted
[2022.05.26-23.12.58:889][  0]LogShaderLibrary: Display: ShaderCodeLibraryPakFileMountedCallback: pending pak file info (ChunkID:-1 Root:root:/ File:D:/EPIC/UE_4.27/FeaturePacks/TP_VirtualRealityBP.upack)
[2022.05.26-23.12.58:889][  0]LogPakFile: OnPakFileMounted2Time == 0.000046
[2022.05.26-23.13.00:073][  0]LogNativeClassHierarchy: Verbose: Native class hierarchy updated for 'AddContentDialog' in 0.0003 seconds. Added 0 classes and 0 folders.
[2022.05.26-23.13.00:122][  0]LogNativeClassHierarchy: Verbose: Native class hierarchy updated for 'SceneOutliner' in 0.0003 seconds. Added 2 classes and 0 folders.
[2022.05.26-23.13.01:402][  0]LogSlate: Took 0.000196 seconds to synchronously load lazily loaded font '../../../Engine/Content/Slate/Fonts/Roboto-Regular.ttf' (155K)
[2022.05.26-23.13.01:429][  0]LogSlate: Took 0.017196 seconds to synchronously load lazily loaded font '../../../Engine/Content/Editor/Slate/Fonts/FontAwesome.ttf' (139K)
[2022.05.26-23.13.01:477][  0]LogSlate: Took 0.000161 seconds to synchronously load lazily loaded font '../../../Engine/Content/Slate/Fonts/Roboto-Bold.ttf' (160K)
[2022.05.26-23.13.02:338][  0]LogRenderer: Reallocating scene render targets to support 1208x688 Format 10 NumSamples 1 (Frame:1).
[2022.05.26-23.13.03:268][  0]LogSlate: Took 0.013184 seconds to synchronously load lazily loaded font '../../../Engine/Content/Slate/Fonts/Roboto-Light.ttf' (167K)
[2022.05.26-23.13.04:091][  0]LogNativeClassHierarchy: Verbose: Native class hierarchy updated for 'HierarchicalLODOutliner' in 0.0004 seconds. Added 0 classes and 0 folders.
[2022.05.26-23.13.04:091][  0]LogLoad: (Engine Initialization) Total time: 160.09 seconds
[2022.05.26-23.13.04:091][  0]LogLoad: (Engine Initialization) Total Blueprint compile time: 0.00 seconds
[2022.05.26-23.13.04:955][  0]LogContentStreaming: Texture pool size now 1000 MB
[2022.05.26-23.13.06:192][  1]LogAssetRegistry: Asset discovery search completed in 92.9705 seconds
[2022.05.26-23.13.06:678][  1]LogCollectionManager: Fixed up redirectors for 0 collections in 0.029186 seconds (updated 0 objects)
[2022.05.26-23.13.07:199][  2]LogSlate: Took 0.000162 seconds to synchronously load lazily loaded font '../../../Engine/Content/Slate/Fonts/Roboto-Light.ttf' (167K)
[2022.05.26-23.13.07:214][  2]LogAssetEditorSubsystem: Opening Asset editor for Blueprint /Game/scrits/carro.carro
[2022.05.26-23.13.08:934][  2]LogBlueprintEditor: Perf: 0.9 total seconds to load all 5 blueprint libraries in project. Avoid references to content in blueprint libraries to shorten this time.
[2022.05.26-23.13.08:934][  2]LogBlueprintEditor: Perf: 0.3 seconds loading: /Engine/ArtTools/RenderToTexture/Macros/RenderToTextureMacros
[2022.05.26-23.13.08:934][  2]LogBlueprintEditor: Perf: 0.3 seconds loading: /Engine/Tutorial/BlueprintTutorials/TutorialAssets/Tutorial_BP_MacroLib
[2022.05.26-23.13.10:605][  2]LogNativeClassHierarchy: Verbose: Native class hierarchy updated for 'BlueprintGraph' in 0.0009 seconds. Added 126 classes and 0 folders.
[2022.05.26-23.13.13:894][  2]LogAssetEditorSubsystem: Opening Asset editor for Blueprint /Game/scrits/rodas.rodas
[2022.05.26-23.13.14:852][  2]LogSlate: Took 0.010848 seconds to synchronously load lazily loaded font '../../../Engine/Content/Slate/Fonts/Roboto-BoldCondensed.ttf' (158K)
[2022.05.26-23.13.21:022][  3]LogSlate: Took 0.013394 seconds to synchronously load lazily loaded font '../../../Engine/Content/Slate/Fonts/Roboto-Italic.ttf' (157K)
[2022.05.26-23.14.18:863][202]LogSlate: Window 'rodas' being destroyed
