Log file open, 05/08/22 18:41:37
LogWindows: Failed to load 'aqProf.dll' (GetLastError=126)
LogWindows: File 'aqProf.dll' does not exist
LogWindows: Failed to load 'VtuneApi.dll' (GetLastError=126)
LogWindows: File 'VtuneApi.dll' does not exist
LogWindows: Failed to load 'VtuneApi32e.dll' (GetLastError=126)
LogWindows: File 'VtuneApi32e.dll' does not exist
LogConsoleResponse: Display: Failed to find resolution value strings in scalability ini. Falling back to default.
LogConsoleResponse: Display: Failed to find resolution value strings in scalability ini. Falling back to default.
LogInit: Display: Running engine for game: brally
LogPlatformFile: Not using cached read wrapper
LogTaskGraph: Started task graph with 5 named threads and 11 total threads with 3 sets of task threads.
LogStats: Stats thread started at 1.133796
LogICUInternationalization: ICU TimeZone Detection - Raw Offset: -3:00, Platform Override: ''
LogInit: Display: Loading text-based GConfig....
LogPluginManager: Mounting plugin MeshPainting
LogPluginManager: Mounting plugin XGEController
LogPluginManager: Mounting plugin Paper2D
LogPluginManager: Mounting plugin LiveLink
LogPluginManager: Mounting plugin AISupport
LogPluginManager: Mounting plugin EnvironmentQueryEditor
LogPluginManager: Mounting plugin CameraShakePreviewer
LogPluginManager: Mounting plugin GameplayCameras
LogPluginManager: Mounting plugin OodleNetwork
LogPluginManager: Mounting plugin AnimationSharing
LogPluginManager: Mounting plugin OodleData
LogPluginManager: Mounting plugin GitSourceControl
LogPluginManager: Mounting plugin KDevelopSourceCodeAccess
LogPluginManager: Mounting plugin CLionSourceCodeAccess
LogPluginManager: Mounting plugin CodeLiteSourceCodeAccess
LogPluginManager: Mounting plugin PerforceSourceControl
LogPluginManager: Mounting plugin PlasticSourceControl
LogPluginManager: Mounting plugin NullSourceCodeAccess
LogPluginManager: Mounting plugin PropertyAccessNode
LogPluginManager: Mounting plugin RiderSourceCodeAccess
LogPluginManager: Mounting plugin PixWinPlugin
LogPluginManager: Mounting plugin SubversionSourceControl
LogPluginManager: Mounting plugin TextureFormatOodle
LogPluginManager: Mounting plugin PluginUtils
LogPluginManager: Mounting plugin UObjectPlugin
LogPluginManager: Mounting plugin VisualStudioSourceCodeAccess
LogPluginManager: Mounting plugin AssetManagerEditor
LogPluginManager: Mounting plugin XCodeSourceCodeAccess
LogPluginManager: Mounting plugin CryptoKeys
LogPluginManager: Mounting plugin CurveEditorTools
LogPluginManager: Mounting plugin DataValidation
LogPluginManager: Mounting plugin FacialAnimation
LogPluginManager: Mounting plugin GameplayTagsEditor
LogPluginManager: Mounting plugin GeometryMode
LogPluginManager: Mounting plugin MacGraphicsSwitching
LogPluginManager: Mounting plugin VisualStudioCodeSourceCodeAccess
LogPluginManager: Mounting plugin MobileLauncherProfileWizard
LogPluginManager: Mounting plugin PluginBrowser
LogPluginManager: Mounting plugin MaterialAnalyzer
LogPluginManager: Mounting plugin DatasmithContent
LogPluginManager: Mounting plugin VariantManagerContent
LogPluginManager: Mounting plugin AlembicImporter
LogPluginManager: Mounting plugin SpeedTreeImporter
LogPluginManager: Mounting plugin BackChannel
LogPluginManager: Mounting plugin ChaosCloth
LogPluginManager: Mounting plugin ChaosClothEditor
LogPluginManager: Mounting plugin ChaosEditor
LogPluginManager: Mounting plugin AutomationUtils
LogPluginManager: Mounting plugin ChaosSolverPlugin
LogPluginManager: Mounting plugin CharacterAI
LogPluginManager: Mounting plugin GeometryCache
LogPluginManager: Mounting plugin GeometryCollectionPlugin
LogPluginManager: Mounting plugin GeometryProcessing
LogPluginManager: Mounting plugin MotoSynth
LogPluginManager: Mounting plugin OpenImageDenoise
LogPluginManager: Mounting plugin PlatformCrypto
LogPluginManager: Mounting plugin ProxyLODPlugin
LogPluginManager: Mounting plugin PythonScriptPlugin
LogPluginManager: Mounting plugin PlanarCut
LogPluginManager: Mounting plugin ChaosNiagara
LogPluginManager: Mounting plugin SkeletalReduction
LogPluginManager: Mounting plugin Niagara
LogPluginManager: Mounting plugin LuminPlatformFeatures
LogPluginManager: Mounting plugin MagicLeap
LogPluginManager: Mounting plugin MagicLeapMedia
LogPluginManager: Mounting plugin MagicLeapPassableWorld
LogPluginManager: Mounting plugin MagicLeapLightEstimation
LogPluginManager: Mounting plugin MLSDK
LogPluginManager: Mounting plugin AndroidMedia
LogPluginManager: Mounting plugin AvfMedia
LogPluginManager: Mounting plugin ImgMedia
LogPluginManager: Mounting plugin MediaCompositing
LogPluginManager: Mounting plugin MediaPlayerEditor
LogPluginManager: Mounting plugin WebMMedia
LogPluginManager: Mounting plugin WmfMedia
LogPluginManager: Mounting plugin UdpMessaging
LogPluginManager: Mounting plugin ActorSequence
LogPluginManager: Mounting plugin LevelSequenceEditor
LogPluginManager: Mounting plugin MatineeToLevelSequence
LogPluginManager: Mounting plugin TcpMessaging
LogPluginManager: Mounting plugin TemplateSequence
LogPluginManager: Mounting plugin OnlineSubsystem
LogPluginManager: Mounting plugin OnlineSubsystemNull
LogPluginManager: Mounting plugin OnlineSubsystemUtils
LogPluginManager: Mounting plugin LauncherChunkInstaller
LogPluginManager: Mounting plugin ActorLayerUtilities
LogPluginManager: Mounting plugin AndroidDeviceProfileSelector
LogPluginManager: Mounting plugin AndroidMoviePlayer
LogPluginManager: Mounting plugin AndroidPermission
LogPluginManager: Mounting plugin AppleImageUtils
LogPluginManager: Mounting plugin AppleMoviePlayer
LogPluginManager: Mounting plugin ArchVisCharacter
LogPluginManager: Mounting plugin AssetTags
LogPluginManager: Mounting plugin AudioCapture
LogPluginManager: Mounting plugin AudioSynesthesia
LogPluginManager: Mounting plugin ChunkDownloader
LogPluginManager: Mounting plugin CableComponent
LogPluginManager: Mounting plugin CustomMeshComponent
LogPluginManager: Mounting plugin EditableMesh
LogPluginManager: Mounting plugin ExampleDeviceProfileSelector
LogPluginManager: Mounting plugin GooglePAD
LogPluginManager: Mounting plugin GoogleCloudMessaging
LogPluginManager: Mounting plugin IOSDeviceProfileSelector
LogPluginManager: Mounting plugin LinuxDeviceProfileSelector
LogPluginManager: Mounting plugin LocationServicesBPLibrary
LogPluginManager: Mounting plugin MobilePatchingUtils
LogPluginManager: Mounting plugin OpenXR
LogPluginManager: Mounting plugin OpenXRHandTracking
LogPluginManager: Mounting plugin OpenXREyeTracker
LogPluginManager: Mounting plugin PhysXVehicles
LogPluginManager: Mounting plugin PostSplashScreen
LogPluginManager: Mounting plugin ProceduralMeshComponent
LogPluginManager: Mounting plugin PropertyAccessEditor
LogPluginManager: Mounting plugin RuntimePhysXCooking
LogPluginManager: Mounting plugin SignificanceManager
LogPluginManager: Mounting plugin SoundFields
LogPluginManager: Mounting plugin Synthesis
LogPluginManager: Mounting plugin WebMMoviePlayer
LogPluginManager: Mounting plugin WindowsMoviePlayer
LogPluginManager: Mounting plugin ScreenshotTools
LogPluginManager: Mounting plugin Takes
LogPluginManager: Mounting plugin LightPropagationVolume
LogPluginManager: Mounting plugin ContentBrowserAssetDataSource
LogPluginManager: Mounting plugin ContentBrowserClassDataSource
LogPluginManager: Mounting plugin ContentBrowserFileDataSource
LogPluginManager: Mounting plugin OnlineSubsystemGooglePlay
LogPluginManager: Mounting plugin OnlineSubsystemIOS
LogPluginManager: Mounting plugin OculusVR
LogPluginManager: Mounting plugin SteamVR
PixWinPlugin: PIX capture plugin failed to initialize! Check that the process is launched from PIX.
LogInit: Using libcurl 7.55.1-DEV
LogInit:  - built for x86_64-pc-win32
LogInit:  - supports SSL with OpenSSL/1.1.1
LogInit:  - supports HTTP deflate (compression) using libz 1.2.8
LogInit:  - other features:
LogInit:      CURL_VERSION_SSL
LogInit:      CURL_VERSION_LIBZ
LogInit:      CURL_VERSION_IPV6
LogInit:      CURL_VERSION_ASYNCHDNS
LogInit:      CURL_VERSION_LARGEFILE
LogInit:      CURL_VERSION_IDN
LogInit:  CurlRequestOptions (configurable via config and command line):
LogInit:  - bVerifyPeer = true  - Libcurl will verify peer certificate
LogInit:  - bUseHttpProxy = false  - Libcurl will NOT use HTTP proxy
LogInit:  - bDontReuseConnections = false  - Libcurl will reuse connections
LogInit:  - MaxHostConnections = 16  - Libcurl will limit the number of connections to a host
LogInit:  - LocalHostAddr = Default
LogInit:  - BufferSize = 65536
LogOnline: OSS: Creating online subsystem instance for: NULL
LogInit: WinSock: version 1.1 (2.2), MaxSocks=32767, MaxUdp=65467
LogOnline: OSS: TryLoadSubsystemAndSetDefault: Loaded subsystem for module [NULL]
LogOculusPluginWrapper: OculusPlugin initialized successfully
LogHMD: Failed initializing OVRPlugin 1.59.0
LogInit: Build: ++UE4+Release-4.27-CL-18319896
LogInit: Engine Version: 4.27.2-18319896+++UE4+Release-4.27
LogInit: Compatible Engine Version: 4.27.0-17155196+++UE4+Release-4.27
LogInit: Net CL: 17155196
LogInit: OS: Windows 10 (Release 2009) (), CPU: Intel(R) Pentium(R) CPU G4600 @ 3.60GHz, GPU: NVIDIA GeForce GTX 750 Ti
LogInit: Compiled (64-bit): Nov 30 2021 07:12:08
LogInit: Compiled with Visual C++: 19.24.28315.00
LogInit: Build Configuration: Development
LogInit: Branch Name: ++UE4+Release-4.27
LogInit: Command Line: 
LogInit: Base Directory: D:/EPIC/UE_4.27/Engine/Binaries/Win64/
LogInit: Allocator: TBB
LogInit: Installed Engine Build: 1
LogDevObjectVersion: Number of dev versions registered: 29
LogDevObjectVersion:   Dev-Blueprints (B0D832E4-1F89-4F0D-ACCF-7EB736FD4AA2): 10
LogDevObjectVersion:   Dev-Build (E1C64328-A22C-4D53-A36C-8E866417BD8C): 0
LogDevObjectVersion:   Dev-Core (375EC13C-06E4-48FB-B500-84F0262A717E): 4
LogDevObjectVersion:   Dev-Editor (E4B068ED-F494-42E9-A231-DA0B2E46BB41): 40
LogDevObjectVersion:   Dev-Framework (CFFC743F-43B0-4480-9391-14DF171D2073): 37
LogDevObjectVersion:   Dev-Mobile (B02B49B5-BB20-44E9-A304-32B752E40360): 3
LogDevObjectVersion:   Dev-Networking (A4E4105C-59A1-49B5-A7C5-40C4547EDFEE): 0
LogDevObjectVersion:   Dev-Online (39C831C9-5AE6-47DC-9A44-9C173E1C8E7C): 0
LogDevObjectVersion:   Dev-Physics (78F01B33-EBEA-4F98-B9B4-84EACCB95AA2): 14
LogDevObjectVersion:   Dev-Platform (6631380F-2D4D-43E0-8009-CF276956A95A): 0
LogDevObjectVersion:   Dev-Rendering (12F88B9F-8875-4AFC-A67C-D90C383ABD29): 45
LogDevObjectVersion:   Dev-Sequencer (7B5AE74C-D270-4C10-A958-57980B212A5A): 13
LogDevObjectVersion:   Dev-VR (D7296918-1DD6-4BDD-9DE2-64A83CC13884): 3
LogDevObjectVersion:   Dev-LoadTimes (C2A15278-BFE7-4AFE-6C17-90FF531DF755): 1
LogDevObjectVersion:   Private-Geometry (6EACA3D4-40EC-4CC1-B786-8BED09428FC5): 3
LogDevObjectVersion:   Dev-AnimPhys (29E575DD-E0A3-4627-9D10-D276232CDCEA): 17
LogDevObjectVersion:   Dev-Anim (AF43A65D-7FD3-4947-9873-3E8ED9C1BB05): 15
LogDevObjectVersion:   Dev-ReflectionCapture (6B266CEC-1EC7-4B8F-A30B-E4D90942FC07): 1
LogDevObjectVersion:   Dev-Automation (0DF73D61-A23F-47EA-B727-89E90C41499A): 1
LogDevObjectVersion:   FortniteMain (601D1886-AC64-4F84-AA16-D3DE0DEAC7D6): 47
LogDevObjectVersion:   FortniteRelease (E7086368-6B23-4C58-8439-1B7016265E91): 1
LogDevObjectVersion:   Dev-Enterprise (9DFFBCD6-494F-0158-E221-12823C92A888): 10
LogDevObjectVersion:   Dev-Niagara (F2AED0AC-9AFE-416F-8664-AA7FFA26D6FC): 1
LogDevObjectVersion:   Dev-Destruction (174F1F0B-B4C6-45A5-B13F-2EE8D0FB917D): 10
LogDevObjectVersion:   Dev-Physics-Ext (35F94A83-E258-406C-A318-09F59610247C): 41
LogDevObjectVersion:   Dev-PhysicsMaterial-Chaos (B68FC16E-8B1B-42E2-B453-215C058844FE): 1
LogDevObjectVersion:   Dev-CineCamera (B2E18506-4273-CFC2-A54E-F4BB758BBA07): 1
LogDevObjectVersion:   Dev-VirtualProduction (64F58936-FD1B-42BA-BA96-7289D5D0FA4E): 1
LogDevObjectVersion:   Dev-MediaFramework (6F0ED827-A609-4895-9C91-998D90180EA4): 2
LogInit: Presizing for max 25165824 objects, including 0 objects not considered by GC, pre-allocating 0 bytes for permanent pool.
LogConfig: Applying CVar settings from Section [/Script/Engine.StreamingSettings] File [S:/projetos/rallyUE/brally/Saved/Config/Windows/Engine.ini]
LogConfig: Setting CVar [[s.MinBulkDataSizeForAsyncLoading:131072]]
LogConfig: Setting CVar [[s.AsyncLoadingThreadEnabled:0]]
LogConfig: Setting CVar [[s.EventDrivenLoaderEnabled:1]]
LogConfig: Setting CVar [[s.WarnIfTimeLimitExceeded:0]]
LogConfig: Setting CVar [[s.TimeLimitExceededMultiplier:1.5]]
LogConfig: Setting CVar [[s.TimeLimitExceededMinTime:0.005]]
LogConfig: Setting CVar [[s.UseBackgroundLevelStreaming:1]]
LogConfig: Setting CVar [[s.PriorityAsyncLoadingExtraTime:15.0]]
LogConfig: Setting CVar [[s.LevelStreamingActorsUpdateTimeLimit:5.0]]
LogConfig: Setting CVar [[s.PriorityLevelStreamingActorsUpdateExtraTime:5.0]]
LogConfig: Setting CVar [[s.LevelStreamingComponentsRegistrationGranularity:10]]
LogConfig: Setting CVar [[s.UnregisterComponentsTimeLimit:1.0]]
LogConfig: Setting CVar [[s.LevelStreamingComponentsUnregistrationGranularity:5]]
LogConfig: Setting CVar [[s.FlushStreamingOnExit:1]]
LogInit: Object subsystem initialized
LogConfig: Setting CVar [[con.DebugEarlyDefault:1]]
LogConfig: Setting CVar [[r.setres:1280x720]]
[2022.05.08-21.41.42:570][  0]LogConfig: Setting CVar [[r.VSync:0]]
[2022.05.08-21.41.42:570][  0]LogConfig: Setting CVar [[r.RHICmdBypass:0]]
[2022.05.08-21.41.42:597][  0]LogConfig: Applying CVar settings from Section [/Script/Engine.RendererSettings] File [S:/projetos/rallyUE/brally/Saved/Config/Windows/Engine.ini]
[2022.05.08-21.41.42:597][  0]LogConfig: Setting CVar [[r.GPUCrashDebugging:0]]
[2022.05.08-21.41.42:597][  0]LogConfig: Applying CVar settings from Section [/Script/Engine.RendererOverrideSettings] File [S:/projetos/rallyUE/brally/Saved/Config/Windows/Engine.ini]
[2022.05.08-21.41.42:597][  0]LogConfig: Applying CVar settings from Section [/Script/Engine.StreamingSettings] File [S:/projetos/rallyUE/brally/Saved/Config/Windows/Engine.ini]
[2022.05.08-21.41.42:597][  0]LogConfig: Setting CVar [[s.MinBulkDataSizeForAsyncLoading:131072]]
[2022.05.08-21.41.42:597][  0]LogConfig: Setting CVar [[s.AsyncLoadingThreadEnabled:0]]
[2022.05.08-21.41.42:597][  0]LogConfig: Setting CVar [[s.EventDrivenLoaderEnabled:1]]
[2022.05.08-21.41.42:597][  0]LogConfig: Setting CVar [[s.WarnIfTimeLimitExceeded:0]]
[2022.05.08-21.41.42:597][  0]LogConfig: Setting CVar [[s.TimeLimitExceededMultiplier:1.5]]
[2022.05.08-21.41.42:597][  0]LogConfig: Setting CVar [[s.TimeLimitExceededMinTime:0.005]]
[2022.05.08-21.41.42:597][  0]LogConfig: Setting CVar [[s.UseBackgroundLevelStreaming:1]]
[2022.05.08-21.41.42:597][  0]LogConfig: Setting CVar [[s.PriorityAsyncLoadingExtraTime:15.0]]
[2022.05.08-21.41.42:597][  0]LogConfig: Setting CVar [[s.LevelStreamingActorsUpdateTimeLimit:5.0]]
[2022.05.08-21.41.42:597][  0]LogConfig: Setting CVar [[s.PriorityLevelStreamingActorsUpdateExtraTime:5.0]]
[2022.05.08-21.41.42:597][  0]LogConfig: Setting CVar [[s.LevelStreamingComponentsRegistrationGranularity:10]]
[2022.05.08-21.41.42:597][  0]LogConfig: Setting CVar [[s.UnregisterComponentsTimeLimit:1.0]]
[2022.05.08-21.41.42:597][  0]LogConfig: Setting CVar [[s.LevelStreamingComponentsUnregistrationGranularity:5]]
[2022.05.08-21.41.42:597][  0]LogConfig: Setting CVar [[s.FlushStreamingOnExit:1]]
[2022.05.08-21.41.42:597][  0]LogConfig: Applying CVar settings from Section [/Script/Engine.GarbageCollectionSettings] File [S:/projetos/rallyUE/brally/Saved/Config/Windows/Engine.ini]
[2022.05.08-21.41.42:597][  0]LogConfig: Setting CVar [[gc.MaxObjectsNotConsideredByGC:1]]
[2022.05.08-21.41.42:597][  0]LogConfig: Setting CVar [[gc.SizeOfPermanentObjectPool:0]]
[2022.05.08-21.41.42:597][  0]LogConfig: Setting CVar [[gc.FlushStreamingOnGC:0]]
[2022.05.08-21.41.42:597][  0]LogConfig: Setting CVar [[gc.NumRetriesBeforeForcingGC:10]]
[2022.05.08-21.41.42:597][  0]LogConfig: Setting CVar [[gc.AllowParallelGC:1]]
[2022.05.08-21.41.42:597][  0]LogConfig: Setting CVar [[gc.TimeBetweenPurgingPendingKillObjects:61.1]]
[2022.05.08-21.41.42:597][  0]LogConfig: Setting CVar [[gc.MaxObjectsInEditor:25165824]]
[2022.05.08-21.41.42:597][  0]LogConfig: Setting CVar [[gc.IncrementalBeginDestroyEnabled:1]]
[2022.05.08-21.41.42:597][  0]LogConfig: Setting CVar [[gc.CreateGCClusters:1]]
[2022.05.08-21.41.42:597][  0]LogConfig: Setting CVar [[gc.MinGCClusterSize:5]]
[2022.05.08-21.41.42:597][  0]LogConfig: Setting CVar [[gc.ActorClusteringEnabled:0]]
[2022.05.08-21.41.42:597][  0]LogConfig: Setting CVar [[gc.BlueprintClusteringEnabled:0]]
[2022.05.08-21.41.42:597][  0]LogConfig: Setting CVar [[gc.UseDisregardForGCOnDedicatedServers:0]]
[2022.05.08-21.41.42:597][  0]LogConfig: Setting CVar [[gc.MultithreadedDestructionEnabled:1]]
[2022.05.08-21.41.42:597][  0]LogConfig: Applying CVar settings from Section [/Script/Engine.NetworkSettings] File [S:/projetos/rallyUE/brally/Saved/Config/Windows/Engine.ini]
[2022.05.08-21.41.42:597][  0]LogConfig: Applying CVar settings from Section [/Script/UnrealEd.CookerSettings] File [S:/projetos/rallyUE/brally/Saved/Config/Windows/Engine.ini]
[2022.05.08-21.41.42:667][  0]LogConfig: Applying CVar settings from Section [ViewDistanceQuality@3] File [S:/projetos/rallyUE/brally/Saved/Config/Windows/Scalability.ini]
[2022.05.08-21.41.42:667][  0]LogConfig: Setting CVar [[r.SkeletalMeshLODBias:0]]
[2022.05.08-21.41.42:667][  0]LogConfig: Setting CVar [[r.ViewDistanceScale:1.0]]
[2022.05.08-21.41.42:667][  0]LogConfig: Applying CVar settings from Section [AntiAliasingQuality@3] File [S:/projetos/rallyUE/brally/Saved/Config/Windows/Scalability.ini]
[2022.05.08-21.41.42:667][  0]LogConfig: Setting CVar [[r.PostProcessAAQuality:4]]
[2022.05.08-21.41.42:667][  0]LogConfig: Applying CVar settings from Section [ShadowQuality@3] File [S:/projetos/rallyUE/brally/Saved/Config/Windows/Scalability.ini]
[2022.05.08-21.41.42:667][  0]LogConfig: Setting CVar [[r.LightFunctionQuality:1]]
[2022.05.08-21.41.42:667][  0]LogConfig: Setting CVar [[r.ShadowQuality:5]]
[2022.05.08-21.41.42:667][  0]LogConfig: Setting CVar [[r.Shadow.CSM.MaxCascades:10]]
[2022.05.08-21.41.42:667][  0]LogConfig: Setting CVar [[r.Shadow.MaxResolution:2048]]
[2022.05.08-21.41.42:667][  0]LogConfig: Setting CVar [[r.Shadow.MaxCSMResolution:2048]]
[2022.05.08-21.41.42:667][  0]LogConfig: Setting CVar [[r.Shadow.RadiusThreshold:0.01]]
[2022.05.08-21.41.42:667][  0]LogConfig: Setting CVar [[r.Shadow.DistanceScale:1.0]]
[2022.05.08-21.41.42:667][  0]LogConfig: Setting CVar [[r.Shadow.CSM.TransitionScale:1.0]]
[2022.05.08-21.41.42:667][  0]LogConfig: Setting CVar [[r.Shadow.PreShadowResolutionFactor:1.0]]
[2022.05.08-21.41.42:667][  0]LogConfig: Setting CVar [[r.DistanceFieldShadowing:1]]
[2022.05.08-21.41.42:667][  0]LogConfig: Setting CVar [[r.DistanceFieldAO:1]]
[2022.05.08-21.41.42:667][  0]LogConfig: Setting CVar [[r.AOQuality:2]]
[2022.05.08-21.41.42:667][  0]LogConfig: Setting CVar [[r.VolumetricFog:1]]
[2022.05.08-21.41.42:667][  0]LogConfig: Setting CVar [[r.VolumetricFog.GridPixelSize:8]]
[2022.05.08-21.41.42:667][  0]LogConfig: Setting CVar [[r.VolumetricFog.GridSizeZ:128]]
[2022.05.08-21.41.42:667][  0]LogConfig: Setting CVar [[r.VolumetricFog.HistoryMissSupersampleCount:4]]
[2022.05.08-21.41.42:667][  0]LogConfig: Setting CVar [[r.LightMaxDrawDistanceScale:1]]
[2022.05.08-21.41.42:667][  0]LogConfig: Setting CVar [[r.CapsuleShadows:1]]
[2022.05.08-21.41.42:667][  0]LogConfig: Applying CVar settings from Section [PostProcessQuality@3] File [S:/projetos/rallyUE/brally/Saved/Config/Windows/Scalability.ini]
[2022.05.08-21.41.42:667][  0]LogConfig: Setting CVar [[r.MotionBlurQuality:4]]
[2022.05.08-21.41.42:667][  0]LogConfig: Setting CVar [[r.AmbientOcclusionMipLevelFactor:0.4]]
[2022.05.08-21.41.42:667][  0]LogConfig: Setting CVar [[r.AmbientOcclusionMaxQuality:100]]
[2022.05.08-21.41.42:667][  0]LogConfig: Setting CVar [[r.AmbientOcclusionLevels:-1]]
[2022.05.08-21.41.42:667][  0]LogConfig: Setting CVar [[r.AmbientOcclusionRadiusScale:1.0]]
[2022.05.08-21.41.42:667][  0]LogConfig: Setting CVar [[r.DepthOfFieldQuality:2]]
[2022.05.08-21.41.42:667][  0]LogConfig: Setting CVar [[r.RenderTargetPoolMin:400]]
[2022.05.08-21.41.42:667][  0]LogConfig: Setting CVar [[r.LensFlareQuality:2]]
[2022.05.08-21.41.42:667][  0]LogConfig: Setting CVar [[r.SceneColorFringeQuality:1]]
[2022.05.08-21.41.42:667][  0]LogConfig: Setting CVar [[r.EyeAdaptationQuality:2]]
[2022.05.08-21.41.42:667][  0]LogConfig: Setting CVar [[r.BloomQuality:5]]
[2022.05.08-21.41.42:667][  0]LogConfig: Setting CVar [[r.FastBlurThreshold:100]]
[2022.05.08-21.41.42:667][  0]LogConfig: Setting CVar [[r.Upscale.Quality:3]]
[2022.05.08-21.41.42:667][  0]LogConfig: Setting CVar [[r.Tonemapper.GrainQuantization:1]]
[2022.05.08-21.41.42:667][  0]LogConfig: Setting CVar [[r.LightShaftQuality:1]]
[2022.05.08-21.41.42:667][  0]LogConfig: Setting CVar [[r.Filter.SizeScale:1]]
[2022.05.08-21.41.42:667][  0]LogConfig: Setting CVar [[r.Tonemapper.Quality:5]]
[2022.05.08-21.41.42:667][  0]LogConfig: Setting CVar [[r.DOF.Gather.AccumulatorQuality:1        ; higher gathering accumulator quality]]
[2022.05.08-21.41.42:667][  0]LogConfig: Setting CVar [[r.DOF.Gather.PostfilterMethod:1          ; Median3x3 postfilering method]]
[2022.05.08-21.41.42:667][  0]LogConfig: Setting CVar [[r.DOF.Gather.EnableBokehSettings:0       ; no bokeh simulation when gathering]]
[2022.05.08-21.41.42:667][  0]LogConfig: Setting CVar [[r.DOF.Gather.RingCount:4                 ; medium number of samples when gathering]]
[2022.05.08-21.41.42:667][  0]LogConfig: Setting CVar [[r.DOF.Scatter.ForegroundCompositing:1    ; additive foreground scattering]]
[2022.05.08-21.41.42:667][  0]LogConfig: Setting CVar [[r.DOF.Scatter.BackgroundCompositing:2    ; additive background scattering]]
[2022.05.08-21.41.42:667][  0]LogConfig: Setting CVar [[r.DOF.Scatter.EnableBokehSettings:1      ; bokeh simulation when scattering]]
[2022.05.08-21.41.42:667][  0]LogConfig: Setting CVar [[r.DOF.Scatter.MaxSpriteRatio:0.1         ; only a maximum of 10% of scattered bokeh]]
[2022.05.08-21.41.42:667][  0]LogConfig: Setting CVar [[r.DOF.Recombine.Quality:1                ; cheap slight out of focus]]
[2022.05.08-21.41.42:667][  0]LogConfig: Setting CVar [[r.DOF.Recombine.EnableBokehSettings:0    ; no bokeh simulation on slight out of focus]]
[2022.05.08-21.41.42:667][  0]LogConfig: Setting CVar [[r.DOF.TemporalAAQuality:1                ; more stable temporal accumulation]]
[2022.05.08-21.41.42:667][  0]LogConfig: Setting CVar [[r.DOF.Kernel.MaxForegroundRadius:0.025]]
[2022.05.08-21.41.42:667][  0]LogConfig: Setting CVar [[r.DOF.Kernel.MaxBackgroundRadius:0.025]]
[2022.05.08-21.41.42:667][  0]LogConfig: Applying CVar settings from Section [TextureQuality@3] File [S:/projetos/rallyUE/brally/Saved/Config/Windows/Scalability.ini]
[2022.05.08-21.41.42:667][  0]LogConfig: Setting CVar [[r.Streaming.MipBias:0]]
[2022.05.08-21.41.42:667][  0]LogConfig: Setting CVar [[r.Streaming.AmortizeCPUToGPUCopy:0]]
[2022.05.08-21.41.42:667][  0]LogConfig: Setting CVar [[r.Streaming.MaxNumTexturesToStreamPerFrame:0]]
[2022.05.08-21.41.42:667][  0]LogConfig: Setting CVar [[r.Streaming.Boost:1]]
[2022.05.08-21.41.42:667][  0]LogConfig: Setting CVar [[r.MaxAnisotropy:8]]
[2022.05.08-21.41.42:667][  0]LogConfig: Setting CVar [[r.VT.MaxAnisotropy:8]]
[2022.05.08-21.41.42:667][  0]LogConfig: Setting CVar [[r.Streaming.LimitPoolSizeToVRAM:0]]
[2022.05.08-21.41.42:667][  0]LogConfig: Setting CVar [[r.Streaming.PoolSize:1000]]
[2022.05.08-21.41.42:667][  0]LogConfig: Setting CVar [[r.Streaming.MaxEffectiveScreenSize:0]]
[2022.05.08-21.41.42:667][  0]LogConfig: Applying CVar settings from Section [EffectsQuality@3] File [S:/projetos/rallyUE/brally/Saved/Config/Windows/Scalability.ini]
[2022.05.08-21.41.42:667][  0]LogConfig: Setting CVar [[r.TranslucencyLightingVolumeDim:64]]
[2022.05.08-21.41.42:667][  0]LogConfig: Setting CVar [[r.RefractionQuality:2]]
[2022.05.08-21.41.42:667][  0]LogConfig: Setting CVar [[r.SSR.Quality:3]]
[2022.05.08-21.41.42:667][  0]LogConfig: Setting CVar [[r.SSR.HalfResSceneColor:0]]
[2022.05.08-21.41.42:667][  0]LogConfig: Setting CVar [[r.SceneColorFormat:4]]
[2022.05.08-21.41.42:667][  0]LogConfig: Setting CVar [[r.DetailMode:2]]
[2022.05.08-21.41.42:668][  0]LogConfig: Setting CVar [[r.TranslucencyVolumeBlur:1]]
[2022.05.08-21.41.42:668][  0]LogConfig: Setting CVar [[r.MaterialQualityLevel:1 ; High quality]]
[2022.05.08-21.41.42:668][  0]LogConfig: Setting CVar [[r.AnisotropicMaterials:1]]
[2022.05.08-21.41.42:668][  0]LogConfig: Setting CVar [[r.SSS.Scale:1]]
[2022.05.08-21.41.42:668][  0]LogConfig: Setting CVar [[r.SSS.SampleSet:2]]
[2022.05.08-21.41.42:668][  0]LogConfig: Setting CVar [[r.SSS.Quality:1]]
[2022.05.08-21.41.42:668][  0]LogConfig: Setting CVar [[r.SSS.HalfRes:0]]
[2022.05.08-21.41.42:668][  0]LogConfig: Setting CVar [[r.SSGI.Quality:3]]
[2022.05.08-21.41.42:668][  0]LogConfig: Setting CVar [[r.EmitterSpawnRateScale:1.0]]
[2022.05.08-21.41.42:668][  0]LogConfig: Setting CVar [[r.ParticleLightQuality:2]]
[2022.05.08-21.41.42:668][  0]LogConfig: Setting CVar [[r.SkyAtmosphere.AerialPerspectiveLUT.FastApplyOnOpaque:1 ; Always have FastSkyLUT 1 in this case to avoid wrong sky]]
[2022.05.08-21.41.42:668][  0]LogConfig: Setting CVar [[r.SkyAtmosphere.AerialPerspectiveLUT.SampleCountMaxPerSlice:4]]
[2022.05.08-21.41.42:668][  0]LogConfig: Setting CVar [[r.SkyAtmosphere.AerialPerspectiveLUT.DepthResolution:16.0]]
[2022.05.08-21.41.42:668][  0]LogConfig: Setting CVar [[r.SkyAtmosphere.FastSkyLUT:1]]
[2022.05.08-21.41.42:668][  0]LogConfig: Setting CVar [[r.SkyAtmosphere.FastSkyLUT.SampleCountMin:4.0]]
[2022.05.08-21.41.42:668][  0]LogConfig: Setting CVar [[r.SkyAtmosphere.FastSkyLUT.SampleCountMax:128.0]]
[2022.05.08-21.41.42:668][  0]LogConfig: Setting CVar [[r.SkyAtmosphere.SampleCountMin:4.0]]
[2022.05.08-21.41.42:668][  0]LogConfig: Setting CVar [[r.SkyAtmosphere.SampleCountMax:128.0]]
[2022.05.08-21.41.42:668][  0]LogConfig: Setting CVar [[r.SkyAtmosphere.TransmittanceLUT.UseSmallFormat:0]]
[2022.05.08-21.41.42:668][  0]LogConfig: Setting CVar [[r.SkyAtmosphere.TransmittanceLUT.SampleCount:10.0]]
[2022.05.08-21.41.42:668][  0]LogConfig: Setting CVar [[r.SkyAtmosphere.MultiScatteringLUT.SampleCount:15.0]]
[2022.05.08-21.41.42:668][  0]LogConfig: Setting CVar [[r.SkyLight.RealTimeReflectionCapture:1]]
[2022.05.08-21.41.42:668][  0]LogConfig: Applying CVar settings from Section [FoliageQuality@3] File [S:/projetos/rallyUE/brally/Saved/Config/Windows/Scalability.ini]
[2022.05.08-21.41.42:668][  0]LogConfig: Setting CVar [[foliage.DensityScale:1.0]]
[2022.05.08-21.41.42:668][  0]LogConfig: Setting CVar [[grass.DensityScale:1.0]]
[2022.05.08-21.41.42:668][  0]LogConfig: Applying CVar settings from Section [ShadingQuality@3] File [S:/projetos/rallyUE/brally/Saved/Config/Windows/Scalability.ini]
[2022.05.08-21.41.42:668][  0]LogConfig: Setting CVar [[r.HairStrands.SkyLighting.IntegrationType:2]]
[2022.05.08-21.41.42:668][  0]LogConfig: Setting CVar [[r.HairStrands.SkyAO.SampleCount:4]]
[2022.05.08-21.41.42:668][  0]LogConfig: Setting CVar [[r.HairStrands.Visibility.MSAA.SamplePerPixel:4]]
[2022.05.08-21.41.42:674][  0]LogInit: Selected Device Profile: [Windows]
[2022.05.08-21.41.42:674][  0]LogInit: Applying CVar settings loaded from the selected device profile: [Windows]
[2022.05.08-21.41.42:678][  0]LogHAL: Display: Platform has ~ 8 GB [8513687552 / 8589934592 / 8], which maps to Default [LargestMinGB=32, LargerMinGB=12, DefaultMinGB=8, SmallerMinGB=6, SmallestMinGB=0)
[2022.05.08-21.41.42:678][  0]LogInit: Going up to parent DeviceProfile []
[2022.05.08-21.41.42:687][  0]LogConfig: Applying CVar settings from Section [ViewDistanceQuality@3] File [S:/projetos/rallyUE/brally/Saved/Config/Windows/Scalability.ini]
[2022.05.08-21.41.42:687][  0]LogConfig: Setting CVar [[r.SkeletalMeshLODBias:0]]
[2022.05.08-21.41.42:687][  0]LogConfig: Setting CVar [[r.ViewDistanceScale:1.0]]
[2022.05.08-21.41.42:687][  0]LogConfig: Applying CVar settings from Section [AntiAliasingQuality@3] File [S:/projetos/rallyUE/brally/Saved/Config/Windows/Scalability.ini]
[2022.05.08-21.41.42:687][  0]LogConfig: Setting CVar [[r.PostProcessAAQuality:4]]
[2022.05.08-21.41.42:687][  0]LogConfig: Applying CVar settings from Section [ShadowQuality@3] File [S:/projetos/rallyUE/brally/Saved/Config/Windows/Scalability.ini]
[2022.05.08-21.41.42:687][  0]LogConfig: Setting CVar [[r.LightFunctionQuality:1]]
[2022.05.08-21.41.42:687][  0]LogConfig: Setting CVar [[r.ShadowQuality:5]]
[2022.05.08-21.41.42:687][  0]LogConfig: Setting CVar [[r.Shadow.CSM.MaxCascades:10]]
[2022.05.08-21.41.42:687][  0]LogConfig: Setting CVar [[r.Shadow.MaxResolution:2048]]
[2022.05.08-21.41.42:687][  0]LogConfig: Setting CVar [[r.Shadow.MaxCSMResolution:2048]]
[2022.05.08-21.41.42:687][  0]LogConfig: Setting CVar [[r.Shadow.RadiusThreshold:0.01]]
[2022.05.08-21.41.42:687][  0]LogConfig: Setting CVar [[r.Shadow.DistanceScale:1.0]]
[2022.05.08-21.41.42:687][  0]LogConfig: Setting CVar [[r.Shadow.CSM.TransitionScale:1.0]]
[2022.05.08-21.41.42:687][  0]LogConfig: Setting CVar [[r.Shadow.PreShadowResolutionFactor:1.0]]
[2022.05.08-21.41.42:687][  0]LogConfig: Setting CVar [[r.DistanceFieldShadowing:1]]
[2022.05.08-21.41.42:687][  0]LogConfig: Setting CVar [[r.DistanceFieldAO:1]]
[2022.05.08-21.41.42:687][  0]LogConfig: Setting CVar [[r.AOQuality:2]]
[2022.05.08-21.41.42:687][  0]LogConfig: Setting CVar [[r.VolumetricFog:1]]
[2022.05.08-21.41.42:687][  0]LogConfig: Setting CVar [[r.VolumetricFog.GridPixelSize:8]]
[2022.05.08-21.41.42:687][  0]LogConfig: Setting CVar [[r.VolumetricFog.GridSizeZ:128]]
[2022.05.08-21.41.42:687][  0]LogConfig: Setting CVar [[r.VolumetricFog.HistoryMissSupersampleCount:4]]
[2022.05.08-21.41.42:687][  0]LogConfig: Setting CVar [[r.LightMaxDrawDistanceScale:1]]
[2022.05.08-21.41.42:687][  0]LogConfig: Setting CVar [[r.CapsuleShadows:1]]
[2022.05.08-21.41.42:687][  0]LogConfig: Applying CVar settings from Section [PostProcessQuality@3] File [S:/projetos/rallyUE/brally/Saved/Config/Windows/Scalability.ini]
[2022.05.08-21.41.42:687][  0]LogConfig: Setting CVar [[r.MotionBlurQuality:4]]
[2022.05.08-21.41.42:687][  0]LogConfig: Setting CVar [[r.AmbientOcclusionMipLevelFactor:0.4]]
[2022.05.08-21.41.42:687][  0]LogConfig: Setting CVar [[r.AmbientOcclusionMaxQuality:100]]
[2022.05.08-21.41.42:687][  0]LogConfig: Setting CVar [[r.AmbientOcclusionLevels:-1]]
[2022.05.08-21.41.42:687][  0]LogConfig: Setting CVar [[r.AmbientOcclusionRadiusScale:1.0]]
[2022.05.08-21.41.42:687][  0]LogConfig: Setting CVar [[r.DepthOfFieldQuality:2]]
[2022.05.08-21.41.42:687][  0]LogConfig: Setting CVar [[r.RenderTargetPoolMin:400]]
[2022.05.08-21.41.42:687][  0]LogConfig: Setting CVar [[r.LensFlareQuality:2]]
[2022.05.08-21.41.42:687][  0]LogConfig: Setting CVar [[r.SceneColorFringeQuality:1]]
[2022.05.08-21.41.42:687][  0]LogConfig: Setting CVar [[r.EyeAdaptationQuality:2]]
[2022.05.08-21.41.42:687][  0]LogConfig: Setting CVar [[r.BloomQuality:5]]
[2022.05.08-21.41.42:687][  0]LogConfig: Setting CVar [[r.FastBlurThreshold:100]]
[2022.05.08-21.41.42:687][  0]LogConfig: Setting CVar [[r.Upscale.Quality:3]]
[2022.05.08-21.41.42:687][  0]LogConfig: Setting CVar [[r.Tonemapper.GrainQuantization:1]]
[2022.05.08-21.41.42:687][  0]LogConfig: Setting CVar [[r.LightShaftQuality:1]]
[2022.05.08-21.41.42:687][  0]LogConfig: Setting CVar [[r.Filter.SizeScale:1]]
[2022.05.08-21.41.42:687][  0]LogConfig: Setting CVar [[r.Tonemapper.Quality:5]]
[2022.05.08-21.41.42:687][  0]LogConfig: Setting CVar [[r.DOF.Gather.AccumulatorQuality:1        ; higher gathering accumulator quality]]
[2022.05.08-21.41.42:687][  0]LogConfig: Setting CVar [[r.DOF.Gather.PostfilterMethod:1          ; Median3x3 postfilering method]]
[2022.05.08-21.41.42:687][  0]LogConfig: Setting CVar [[r.DOF.Gather.EnableBokehSettings:0       ; no bokeh simulation when gathering]]
[2022.05.08-21.41.42:687][  0]LogConfig: Setting CVar [[r.DOF.Gather.RingCount:4                 ; medium number of samples when gathering]]
[2022.05.08-21.41.42:687][  0]LogConfig: Setting CVar [[r.DOF.Scatter.ForegroundCompositing:1    ; additive foreground scattering]]
[2022.05.08-21.41.42:687][  0]LogConfig: Setting CVar [[r.DOF.Scatter.BackgroundCompositing:2    ; additive background scattering]]
[2022.05.08-21.41.42:687][  0]LogConfig: Setting CVar [[r.DOF.Scatter.EnableBokehSettings:1      ; bokeh simulation when scattering]]
[2022.05.08-21.41.42:687][  0]LogConfig: Setting CVar [[r.DOF.Scatter.MaxSpriteRatio:0.1         ; only a maximum of 10% of scattered bokeh]]
[2022.05.08-21.41.42:687][  0]LogConfig: Setting CVar [[r.DOF.Recombine.Quality:1                ; cheap slight out of focus]]
[2022.05.08-21.41.42:687][  0]LogConfig: Setting CVar [[r.DOF.Recombine.EnableBokehSettings:0    ; no bokeh simulation on slight out of focus]]
[2022.05.08-21.41.42:687][  0]LogConfig: Setting CVar [[r.DOF.TemporalAAQuality:1                ; more stable temporal accumulation]]
[2022.05.08-21.41.42:687][  0]LogConfig: Setting CVar [[r.DOF.Kernel.MaxForegroundRadius:0.025]]
[2022.05.08-21.41.42:687][  0]LogConfig: Setting CVar [[r.DOF.Kernel.MaxBackgroundRadius:0.025]]
[2022.05.08-21.41.42:687][  0]LogConfig: Applying CVar settings from Section [TextureQuality@3] File [S:/projetos/rallyUE/brally/Saved/Config/Windows/Scalability.ini]
[2022.05.08-21.41.42:687][  0]LogConfig: Setting CVar [[r.Streaming.MipBias:0]]
[2022.05.08-21.41.42:687][  0]LogConfig: Setting CVar [[r.Streaming.AmortizeCPUToGPUCopy:0]]
[2022.05.08-21.41.42:687][  0]LogConfig: Setting CVar [[r.Streaming.MaxNumTexturesToStreamPerFrame:0]]
[2022.05.08-21.41.42:687][  0]LogConfig: Setting CVar [[r.Streaming.Boost:1]]
[2022.05.08-21.41.42:687][  0]LogConfig: Setting CVar [[r.MaxAnisotropy:8]]
[2022.05.08-21.41.42:688][  0]LogConfig: Setting CVar [[r.VT.MaxAnisotropy:8]]
[2022.05.08-21.41.42:688][  0]LogConfig: Setting CVar [[r.Streaming.LimitPoolSizeToVRAM:0]]
[2022.05.08-21.41.42:688][  0]LogConfig: Setting CVar [[r.Streaming.PoolSize:1000]]
[2022.05.08-21.41.42:688][  0]LogConfig: Setting CVar [[r.Streaming.MaxEffectiveScreenSize:0]]
[2022.05.08-21.41.42:688][  0]LogConfig: Applying CVar settings from Section [EffectsQuality@3] File [S:/projetos/rallyUE/brally/Saved/Config/Windows/Scalability.ini]
[2022.05.08-21.41.42:688][  0]LogConfig: Setting CVar [[r.TranslucencyLightingVolumeDim:64]]
[2022.05.08-21.41.42:688][  0]LogConfig: Setting CVar [[r.RefractionQuality:2]]
[2022.05.08-21.41.42:688][  0]LogConfig: Setting CVar [[r.SSR.Quality:3]]
[2022.05.08-21.41.42:688][  0]LogConfig: Setting CVar [[r.SSR.HalfResSceneColor:0]]
[2022.05.08-21.41.42:688][  0]LogConfig: Setting CVar [[r.SceneColorFormat:4]]
[2022.05.08-21.41.42:688][  0]LogConfig: Setting CVar [[r.DetailMode:2]]
[2022.05.08-21.41.42:688][  0]LogConfig: Setting CVar [[r.TranslucencyVolumeBlur:1]]
[2022.05.08-21.41.42:688][  0]LogConfig: Setting CVar [[r.MaterialQualityLevel:1 ; High quality]]
[2022.05.08-21.41.42:688][  0]LogConfig: Setting CVar [[r.AnisotropicMaterials:1]]
[2022.05.08-21.41.42:688][  0]LogConfig: Setting CVar [[r.SSS.Scale:1]]
[2022.05.08-21.41.42:688][  0]LogConfig: Setting CVar [[r.SSS.SampleSet:2]]
[2022.05.08-21.41.42:688][  0]LogConfig: Setting CVar [[r.SSS.Quality:1]]
[2022.05.08-21.41.42:688][  0]LogConfig: Setting CVar [[r.SSS.HalfRes:0]]
[2022.05.08-21.41.42:688][  0]LogConfig: Setting CVar [[r.SSGI.Quality:3]]
[2022.05.08-21.41.42:688][  0]LogConfig: Setting CVar [[r.EmitterSpawnRateScale:1.0]]
[2022.05.08-21.41.42:688][  0]LogConfig: Setting CVar [[r.ParticleLightQuality:2]]
[2022.05.08-21.41.42:688][  0]LogConfig: Setting CVar [[r.SkyAtmosphere.AerialPerspectiveLUT.FastApplyOnOpaque:1 ; Always have FastSkyLUT 1 in this case to avoid wrong sky]]
[2022.05.08-21.41.42:688][  0]LogConfig: Setting CVar [[r.SkyAtmosphere.AerialPerspectiveLUT.SampleCountMaxPerSlice:4]]
[2022.05.08-21.41.42:688][  0]LogConfig: Setting CVar [[r.SkyAtmosphere.AerialPerspectiveLUT.DepthResolution:16.0]]
[2022.05.08-21.41.42:688][  0]LogConfig: Setting CVar [[r.SkyAtmosphere.FastSkyLUT:1]]
[2022.05.08-21.41.42:688][  0]LogConfig: Setting CVar [[r.SkyAtmosphere.FastSkyLUT.SampleCountMin:4.0]]
[2022.05.08-21.41.42:688][  0]LogConfig: Setting CVar [[r.SkyAtmosphere.FastSkyLUT.SampleCountMax:128.0]]
[2022.05.08-21.41.42:688][  0]LogConfig: Setting CVar [[r.SkyAtmosphere.SampleCountMin:4.0]]
[2022.05.08-21.41.42:688][  0]LogConfig: Setting CVar [[r.SkyAtmosphere.SampleCountMax:128.0]]
[2022.05.08-21.41.42:688][  0]LogConfig: Setting CVar [[r.SkyAtmosphere.TransmittanceLUT.UseSmallFormat:0]]
[2022.05.08-21.41.42:688][  0]LogConfig: Setting CVar [[r.SkyAtmosphere.TransmittanceLUT.SampleCount:10.0]]
[2022.05.08-21.41.42:688][  0]LogConfig: Setting CVar [[r.SkyAtmosphere.MultiScatteringLUT.SampleCount:15.0]]
[2022.05.08-21.41.42:688][  0]LogConfig: Setting CVar [[r.SkyLight.RealTimeReflectionCapture:1]]
[2022.05.08-21.41.42:688][  0]LogConfig: Applying CVar settings from Section [FoliageQuality@3] File [S:/projetos/rallyUE/brally/Saved/Config/Windows/Scalability.ini]
[2022.05.08-21.41.42:688][  0]LogConfig: Setting CVar [[foliage.DensityScale:1.0]]
[2022.05.08-21.41.42:688][  0]LogConfig: Setting CVar [[grass.DensityScale:1.0]]
[2022.05.08-21.41.42:688][  0]LogConfig: Applying CVar settings from Section [ShadingQuality@3] File [S:/projetos/rallyUE/brally/Saved/Config/Windows/Scalability.ini]
[2022.05.08-21.41.42:688][  0]LogConfig: Setting CVar [[r.HairStrands.SkyLighting.IntegrationType:2]]
[2022.05.08-21.41.42:688][  0]LogConfig: Setting CVar [[r.HairStrands.SkyAO.SampleCount:4]]
[2022.05.08-21.41.42:688][  0]LogConfig: Setting CVar [[r.HairStrands.Visibility.MSAA.SamplePerPixel:4]]
[2022.05.08-21.41.42:688][  0]LogConfig: Applying CVar settings from Section [Startup] File [../../../Engine/Config/ConsoleVariables.ini]
[2022.05.08-21.41.42:704][  0]LogConfig: Setting CVar [[net.UseAdaptiveNetUpdateFrequency:0]]
[2022.05.08-21.41.42:704][  0]LogConfig: Setting CVar [[p.chaos.AllowCreatePhysxBodies:1]]
[2022.05.08-21.41.42:704][  0]LogConfig: Setting CVar [[fx.SkipVectorVMBackendOptimizations:1]]
[2022.05.08-21.41.42:704][  0]LogConfig: Applying CVar settings from Section [ConsoleVariables] File [S:/projetos/rallyUE/brally/Saved/Config/Windows/Engine.ini]
[2022.05.08-21.41.42:704][  0]LogConfig: Applying CVar settings from Section [ConsoleVariables] File [S:/projetos/rallyUE/brally/Saved/Config/Windows/Editor.ini]
[2022.05.08-21.41.42:727][  0]LogInit: Computer: DESKTOP-F4V4HAJ
[2022.05.08-21.41.42:727][  0]LogInit: User: erick
[2022.05.08-21.41.42:727][  0]LogInit: CPU Page size=4096, Cores=2
[2022.05.08-21.41.42:727][  0]LogInit: High frequency timer resolution =10.000000 MHz
[2022.05.08-21.41.42:727][  0]LogMemory: Memory total: Physical=7.9GB (8GB approx)
[2022.05.08-21.41.42:732][  0]LogMemory: Platform Memory Stats for Windows
[2022.05.08-21.41.42:732][  0]LogMemory: Process Physical Memory: 139.11 MB used, 139.11 MB peak
[2022.05.08-21.41.42:732][  0]LogMemory: Process Virtual Memory: 110.67 MB used, 110.67 MB peak
[2022.05.08-21.41.42:732][  0]LogMemory: Physical Memory: 4724.36 MB used,  3394.93 MB free, 8119.29 MB total
[2022.05.08-21.41.42:732][  0]LogMemory: Virtual Memory: 134206608.00 MB used,  11121.00 MB free, 134217728.00 MB total
[2022.05.08-21.41.42:738][  0]LogWindows: WindowsPlatformFeatures enabled
[2022.05.08-21.41.43:497][  0]LogInit: Physics initialised using underlying interface: PhysX
[2022.05.08-21.41.43:533][  0]LogInit: Using OS detected language (pt-BR).
[2022.05.08-21.41.43:533][  0]LogInit: Using OS detected locale (pt-BR).
[2022.05.08-21.41.43:863][  0]LogTextLocalizationResource: LocRes '../../../Engine/Content/Localization/Editor/pt/Editor.locres' could not be opened for reading!
[2022.05.08-21.41.43:863][  0]LogTextLocalizationResource: LocRes '../../../Engine/Content/Localization/EditorTutorials/pt/EditorTutorials.locres' could not be opened for reading!
[2022.05.08-21.41.43:863][  0]LogTextLocalizationResource: LocRes '../../../Engine/Content/Localization/Keywords/pt/Keywords.locres' could not be opened for reading!
[2022.05.08-21.41.43:863][  0]LogTextLocalizationResource: LocRes '../../../Engine/Content/Localization/Category/pt/Category.locres' could not be opened for reading!
[2022.05.08-21.41.43:863][  0]LogTextLocalizationResource: LocRes '../../../Engine/Content/Localization/ToolTips/pt/ToolTips.locres' could not be opened for reading!
[2022.05.08-21.41.43:863][  0]LogTextLocalizationResource: LocRes '../../../Engine/Content/Localization/PropertyNames/pt/PropertyNames.locres' could not be opened for reading!
[2022.05.08-21.41.43:863][  0]LogTextLocalizationResource: LocRes '../../../Engine/Content/Localization/Engine/pt/Engine.locres' could not be opened for reading!
[2022.05.08-21.41.43:863][  0]LogTextLocalizationResource: LocRes '../../../Engine/Plugins/Online/OnlineSubsystem/Content/Localization/OnlineSubsystem/pt/OnlineSubsystem.locres' could not be opened for reading!
[2022.05.08-21.41.43:864][  0]LogTextLocalizationResource: LocRes '../../../Engine/Plugins/Online/OnlineSubsystemUtils/Content/Localization/OnlineSubsystemUtils/pt/OnlineSubsystemUtils.locres' could not be opened for reading!
[2022.05.08-21.41.43:864][  0]LogTextLocalizationResource: LocRes '../../../Engine/Plugins/Online/Android/OnlineSubsystemGooglePlay/Content/Localization/OnlineSubsystemGooglePlay/pt/OnlineSubsystemGooglePlay.locres' could not be opened for reading!
[2022.05.08-21.41.43:864][  0]LogTextLocalizationResource: LocRes '../../../Engine/Plugins/Online/IOS/OnlineSubsystemIOS/Content/Localization/OnlineSubsystemIOS/pt/OnlineSubsystemIOS.locres' could not be opened for reading!
[2022.05.08-21.41.43:888][  0]LogInit: Setting process to per monitor DPI aware
[2022.05.08-21.41.44:186][  0]LogWindowsTextInputMethodSystem: Display: IME system deactivated.
[2022.05.08-21.41.44:711][  0]LogSlate: New Slate User Created.  User Index 0, Is Virtual User: 0
[2022.05.08-21.41.44:712][  0]LogSlate: Slate User Registered.  User Index 0, Is Virtual User: 0
[2022.05.08-21.41.47:448][  0]LogD3D11RHI: Loaded GFSDK_Aftermath_Lib.x64.dll
[2022.05.08-21.41.47:461][  0]LogHMD: Failed to initialize OpenVR with code 110
[2022.05.08-21.41.47:461][  0]LogD3D11RHI: D3D11 min allowed feature level: 11_0
[2022.05.08-21.41.47:461][  0]LogD3D11RHI: D3D11 max allowed feature level: 11_0
[2022.05.08-21.41.47:461][  0]LogD3D11RHI: D3D11 adapters:
[2022.05.08-21.41.47:579][  0]LogD3D11RHI:    0. 'NVIDIA GeForce GTX 750 Ti' (Feature Level 11_0)
[2022.05.08-21.41.47:579][  0]LogD3D11RHI:       2007/0/4059 MB DedicatedVideo/DedicatedSystem/SharedSystem, Outputs:1, VendorId:0x10de
[2022.05.08-21.41.47:581][  0]LogD3D11RHI:    1. 'Microsoft Basic Render Driver' (Feature Level 11_0)
[2022.05.08-21.41.47:581][  0]LogD3D11RHI:       0/0/4059 MB DedicatedVideo/DedicatedSystem/SharedSystem, Outputs:0, VendorId:0x1414
[2022.05.08-21.41.47:581][  0]LogD3D11RHI: Chosen D3D11 Adapter:
[2022.05.08-21.41.47:581][  0]LogD3D11RHI:     Description : NVIDIA GeForce GTX 750 Ti
[2022.05.08-21.41.47:581][  0]LogD3D11RHI:     VendorId    : 10de
[2022.05.08-21.41.47:581][  0]LogD3D11RHI:     DeviceId    : 1380
[2022.05.08-21.41.47:581][  0]LogD3D11RHI:     SubSysId    : 37513842
[2022.05.08-21.41.47:581][  0]LogD3D11RHI:     Revision    : 00a2
[2022.05.08-21.41.47:581][  0]LogD3D11RHI:     DedicatedVideoMemory : 2105212928 bytes
[2022.05.08-21.41.47:581][  0]LogD3D11RHI:     DedicatedSystemMemory : 0 bytes
[2022.05.08-21.41.47:581][  0]LogD3D11RHI:     SharedSystemMemory : 4256843776 bytes
[2022.05.08-21.41.47:581][  0]LogD3D11RHI:     AdapterLuid : 0 47907
[2022.05.08-21.41.47:606][  0]LogD3D11RHI: Creating new Direct3DDevice
[2022.05.08-21.41.47:606][  0]LogD3D11RHI:     GPU DeviceId: 0x1380 (for the marketing name, search the web for "GPU Device Id")
[2022.05.08-21.41.47:606][  0]LogWindows: EnumDisplayDevices:
[2022.05.08-21.41.47:606][  0]LogWindows:    0. 'NVIDIA GeForce GTX 750 Ti' (P:1 D:1)
[2022.05.08-21.41.47:606][  0]LogWindows:    1. 'NVIDIA GeForce GTX 750 Ti' (P:0 D:0)
[2022.05.08-21.41.47:606][  0]LogWindows:    2. 'NVIDIA GeForce GTX 750 Ti' (P:0 D:0)
[2022.05.08-21.41.47:606][  0]LogWindows:    3. 'NVIDIA GeForce GTX 750 Ti' (P:0 D:0)
[2022.05.08-21.41.47:607][  0]LogWindows: DebugString: FoundDriverCount:4 
[2022.05.08-21.41.47:607][  0]LogD3D11RHI:     Adapter Name: NVIDIA GeForce GTX 750 Ti
[2022.05.08-21.41.47:608][  0]LogD3D11RHI:   Driver Version: 511.79 (internal:30.0.15.1179, unified:511.79)
[2022.05.08-21.41.47:608][  0]LogD3D11RHI:      Driver Date: 2-10-2022
[2022.05.08-21.41.47:628][  0]LogRHI: Texture pool is 1405 MB (70% of 2007 MB)
[2022.05.08-21.41.47:628][  0]LogD3D11RHI: Creating D3DDevice using adapter:
[2022.05.08-21.41.47:628][  0]LogD3D11RHI:     Description : NVIDIA GeForce GTX 750 Ti
[2022.05.08-21.41.47:628][  0]LogD3D11RHI:     VendorId    : 10de
[2022.05.08-21.41.47:628][  0]LogD3D11RHI:     DeviceId    : 1380
[2022.05.08-21.41.47:628][  0]LogD3D11RHI:     SubSysId    : 37513842
[2022.05.08-21.41.47:628][  0]LogD3D11RHI:     Revision    : 00a2
[2022.05.08-21.41.47:628][  0]LogD3D11RHI:     DedicatedVideoMemory : 2105212928 bytes
[2022.05.08-21.41.47:628][  0]LogD3D11RHI:     DedicatedSystemMemory : 0 bytes
[2022.05.08-21.41.47:628][  0]LogD3D11RHI:     SharedSystemMemory : 4256843776 bytes
[2022.05.08-21.41.47:628][  0]LogD3D11RHI:     AdapterLuid : 0 47907
[2022.05.08-21.41.47:716][  0]LogD3D11RHI: RHI has support for 64 bit atomics
[2022.05.08-21.41.47:717][  0]LogD3D11RHI: Async texture creation enabled
[2022.05.08-21.41.48:121][  0]LogD3D11RHI: GPU Timing Frequency: 1000.000000 (Debug: 2 1)
[2022.05.08-21.41.48:354][  0]LogRHI: GeForceNow SDK initialized: 1
[2022.05.08-21.41.50:162][  0]LogTargetPlatformManager: Display: Loaded TargetPlatform 'AllDesktop'
[2022.05.08-21.41.50:228][  0]LogTargetPlatformManager: Display: Loaded TargetPlatform 'Android'
[2022.05.08-21.41.50:228][  0]LogTargetPlatformManager: Display: Loaded TargetPlatform 'Android_ASTC'
[2022.05.08-21.41.50:228][  0]LogTargetPlatformManager: Display: Loaded TargetPlatform 'Android_DXT'
[2022.05.08-21.41.50:228][  0]LogTargetPlatformManager: Display: Loaded TargetPlatform 'Android_ETC2'
[2022.05.08-21.41.50:228][  0]LogTargetPlatformManager: Display: Loaded TargetPlatform 'AndroidClient'
[2022.05.08-21.41.50:228][  0]LogTargetPlatformManager: Display: Loaded TargetPlatform 'Android_ASTCClient'
[2022.05.08-21.41.50:228][  0]LogTargetPlatformManager: Display: Loaded TargetPlatform 'Android_DXTClient'
[2022.05.08-21.41.50:228][  0]LogTargetPlatformManager: Display: Loaded TargetPlatform 'Android_ETC2Client'
[2022.05.08-21.41.50:228][  0]LogTargetPlatformManager: Display: Loaded TargetPlatform 'Android_Multi'
[2022.05.08-21.41.50:228][  0]LogTargetPlatformManager: Display: Loaded TargetPlatform 'Android_MultiClient'
[2022.05.08-21.41.50:383][  0]LogTargetPlatformManager: Display: Loaded TargetPlatform 'IOSClient'
[2022.05.08-21.41.50:383][  0]LogTargetPlatformManager: Display: Loaded TargetPlatform 'IOS'
[2022.05.08-21.41.50:450][  0]LogTargetPlatformManager: Display: Loaded TargetPlatform 'Linux'
[2022.05.08-21.41.50:480][  0]LogTargetPlatformManager: Display: Loaded TargetPlatform 'LinuxNoEditor'
[2022.05.08-21.41.50:510][  0]LogTargetPlatformManager: Display: Loaded TargetPlatform 'LinuxClient'
[2022.05.08-21.41.50:535][  0]LogTargetPlatformManager: Display: Loaded TargetPlatform 'LinuxServer'
[2022.05.08-21.41.50:589][  0]LogTargetPlatformManager: Display: Loaded TargetPlatform 'LinuxAArch64NoEditor'
[2022.05.08-21.41.50:629][  0]LogTargetPlatformManager: Display: Loaded TargetPlatform 'LinuxAArch64Client'
[2022.05.08-21.41.50:658][  0]LogTargetPlatformManager: Display: Loaded TargetPlatform 'LinuxAArch64Server'
[2022.05.08-21.41.50:710][  0]LogTargetPlatformManager: Display: Loaded TargetPlatform 'Lumin'
[2022.05.08-21.41.50:710][  0]LogTargetPlatformManager: Display: Loaded TargetPlatform 'LuminClient'
[2022.05.08-21.41.50:749][  0]LogTargetPlatformManager: Display: Loaded TargetPlatform 'MacNoEditor'
[2022.05.08-21.41.50:774][  0]LogTargetPlatformManager: Display: Loaded TargetPlatform 'Mac'
[2022.05.08-21.41.50:830][  0]LogTargetPlatformManager: Display: Loaded TargetPlatform 'MacClient'
[2022.05.08-21.41.50:847][  0]LogTargetPlatformManager: Display: Loaded TargetPlatform 'MacServer'
[2022.05.08-21.41.50:885][  0]LogTargetPlatformManager: Display: Loaded TargetPlatform 'TVOSClient'
[2022.05.08-21.41.50:885][  0]LogTargetPlatformManager: Display: Loaded TargetPlatform 'TVOS'
[2022.05.08-21.41.50:955][  0]LogTargetPlatformManager: Display: Loaded TargetPlatform 'WindowsNoEditor'
[2022.05.08-21.41.50:974][  0]LogTargetPlatformManager: Display: Loaded TargetPlatform 'Windows'
[2022.05.08-21.41.51:073][  0]LogTargetPlatformManager: Display: Loaded TargetPlatform 'WindowsClient'
[2022.05.08-21.41.51:092][  0]LogTargetPlatformManager: Display: Loaded TargetPlatform 'WindowsServer'
[2022.05.08-21.41.51:093][  0]LogTargetPlatformManager: Display: Building Assets For Windows
[2022.05.08-21.41.51:300][  0]LogAudioDebug: Display: Lib vorbis DLL was dynamically loaded.
[2022.05.08-21.41.51:796][  0]LogTextureFormatOodle: Display: Oodle Texture 2.9.0 init RDO Off
[2022.05.08-21.41.52:588][  0]LogRendererCore: Ray tracing is disabled. Reason: r.RayTracing=0.
[2022.05.08-21.41.52:626][  0]LogShaderCompilers: Guid format shader working directory is 20 characters bigger than the processId version (S:/projetos/rallyUE/brally/Intermediate/Shaders/WorkingDirectory/5320/).
[2022.05.08-21.41.52:626][  0]LogShaderCompilers: Cleaned the shader compiler working directory 'C:/Users/erick/AppData/Local/Temp/UnrealShaderWorkingDir/8BDE280445664CB0A3EBEAA5F75DF4BB/'.
[2022.05.08-21.41.52:648][  0]LogXGEController: Cannot use XGE Controller as Incredibuild is not installed on this machine.
[2022.05.08-21.41.52:648][  0]LogShaderCompilers: Cannot use XGE Shader Compiler as Incredibuild is not installed on this machine.
[2022.05.08-21.41.52:648][  0]LogShaderCompilers: Display: Using Local Shader Compiler.
[2022.05.08-21.41.56:505][  0]LogDerivedDataCache: Display: Max Cache Size: 512 MB
[2022.05.08-21.41.56:795][  0]LogDerivedDataCache: Loaded boot cache 0.29s 94MB C:/Users/erick/AppData/Local/UnrealEngine/4.27/DerivedDataCache/Boot.ddc.
[2022.05.08-21.41.56:796][  0]LogDerivedDataCache: Display: Loaded Boot cache: C:/Users/erick/AppData/Local/UnrealEngine/4.27/DerivedDataCache/Boot.ddc
[2022.05.08-21.41.56:797][  0]LogDerivedDataCache: FDerivedDataBackendGraph:  Pak pak cache file S:/projetos/rallyUE/brally/DerivedDataCache/DDC.ddp not found, will not use a pak cache.
[2022.05.08-21.41.56:797][  0]LogDerivedDataCache: Unable to find inner node Pak for hierarchical cache Hierarchy.
[2022.05.08-21.41.56:797][  0]LogDerivedDataCache: FDerivedDataBackendGraph:  CompressedPak pak cache file S:/projetos/rallyUE/brally/DerivedDataCache/Compressed.ddp not found, will not use a pak cache.
[2022.05.08-21.41.56:797][  0]LogDerivedDataCache: Unable to find inner node CompressedPak for hierarchical cache Hierarchy.
[2022.05.08-21.41.56:931][  0]LogDerivedDataCache: Display: Pak cache opened for reading ../../../Engine/DerivedDataCache/Compressed.ddp.
[2022.05.08-21.41.56:931][  0]LogDerivedDataCache: FDerivedDataBackendGraph:  EnterprisePak pak cache file ../../../Enterprise/DerivedDataCache/Compressed.ddp not found, will not use a pak cache.
[2022.05.08-21.41.56:931][  0]LogDerivedDataCache: Unable to find inner node EnterprisePak for hierarchical cache Hierarchy.
[2022.05.08-21.41.56:991][  0]LogDerivedDataCache: Speed tests for C:/Users/erick/AppData/Local/UnrealEngine/Common/DerivedDataCache took 0.06 seconds
[2022.05.08-21.41.56:991][  0]LogDerivedDataCache: Display: Performance to C:/Users/erick/AppData/Local/UnrealEngine/Common/DerivedDataCache: Latency=0.25ms. RandomReadSpeed=18.85MBs, RandomWriteSpeed=120.66MBs. Assigned SpeedClass 'Local'
[2022.05.08-21.41.56:993][  0]LogDerivedDataCache: Using Local data cache path C:/Users/erick/AppData/Local/UnrealEngine/Common/DerivedDataCache: Writable
[2022.05.08-21.41.56:993][  0]LogDerivedDataCache: Shared data cache path not found in *engine.ini, will not use an Shared cache.
[2022.05.08-21.41.56:993][  0]LogDerivedDataCache: Unable to find inner node Shared for hierarchical cache Hierarchy.
[2022.05.08-21.41.57:198][  0]LogSlate: Using FreeType 2.10.0
[2022.05.08-21.41.57:273][  0]LogSlate: SlateFontServices - WITH_FREETYPE: 1, WITH_HARFBUZZ: 1
[2022.05.08-21.41.58:056][  0]LogAssetRegistry: FAssetRegistry took 0.0165 seconds to start up
[2022.05.08-21.42.04:140][  0]LogInit: Selected Device Profile: [Windows]
[2022.05.08-21.42.04:140][  0]LogInit: Active device profile: [000001F572077C00][000001F566810E80 49] Windows
[2022.05.08-21.42.04:140][  0]LogInit: Profiles: [000001F572077C00][000001F566810E80 49] Windows, [000001F572040600][000001F566819000 49] WindowsNoEditor, [000001F572074500][000001F56FF1D180 49] WindowsServer, [000001F572043B00][000001F56FF21300 49] WindowsClient, [000001F572077A00][000001F56FF25480 49] IOS, [000001F572040900][000001F56FF29600 49] iPadAir, [000001F572074800][000001F56FF2D780 49] iPadAir2, [000001F571FF8C00][000001F56FF35A40 49] IPadPro, [000001F571FF8D00][000001F56FF31A80 49] iPadAir3, [000001F572077700][000001F56FF39C00 49] iPadAir4, [000001F571FF8900][000001F56FF3C200 49] iPadMini2, [000001F572074900][000001F56F17A380 49] iPadMini3, [000001F571FF9600][000001F56F17E500 49] iPadMini4, [000001F572077400][000001F56F182680 49] iPadMini5, [000001F572042F00][000001F56F18A940 49] iPhone6, [000001F572042E00][000001F56F186980 49] iPodTouch6, [000001F571FFB900][000001F56F18EBC0 49] iPhone7, [000001F571FFB500][000001F566814C00 49] iPodTouch7, [000001F572043900][000001F56F192D40 49] iPhone5S, [000001F571FF8400][000001F56F19AEC0 49] iPhone6Plus, [000001F572041000][000001F56F19F040 49] iPhone6S, [000001F571FFAF00][000001F564E071C0 49] iPhone6SPlus, [000001F572041C00][000001F564E23340 49] iPhone7Plus, [000001F571FF9100][000001F564CAF4C0 49] iPhoneSE, [000001F572042300][000001F564CB3640 49] iPhone8, [000001F571FFAA00][000001F564CB77C0 49] iPhone8Plus, [000001F572040B00][000001F564CBB940 49] iPhoneX, [000001F571FFA500][000001F572F51AC0 49] iPhoneXS, [000001F572042000][000001F572F540C0 49] iPhoneXSMax, [000001F571FFBD00][000001F572F58240 49] iPhoneXR, [000001F572041500][000001F572F5C3C0 49] iPhone11, [000001F571FF9E00][000001F572F60540 49] iPhone11Pro, [000001F572040200][000001F572F646C0 49] iPhone11ProMax, [000001F571FFB400][000001F572F68840 49] iPhoneSE2, [000001F572043800][000001F572F6C9C0 49] iPhone12Mini, [000001F571FF8E00][000001F572F70B40 49] iPhone12, [000001F572040E00][000001F56F196C80 49] iPhone12Pro, [000001F571FFAC00][000001F572F74DC0 49] iPhone12ProMax, [000001F572041100][000001F572F78F00 49] iPadPro105, [000001F571FFBC00][000001F572F81080 49] iPadPro129, [000001F572040A00][000001F572F85200 49] iPadPro97, [000001F571FF9700][000001F572F89380 49] iPadPro2_129, [000001F572043500][000001F572F8D500 49] iPad5, [000001F571FF9D00][000001F572F91680 49] iPad6, [000001F572041B00][000001F572F95800 49] iPad7, [000001F571FFA800][000001F572F99980 49] iPad8, [000001F572043200][000001F572F9DB00 49] iPadPro11, [000001F571FFAB00][000001F572FA0100 49] iPadPro2_11, [000001F572040300][000001F572FA4280 49] iPadPro3_129, [000001F571FF8500][000001F572FA8400 49] iPadPro4_129, [000001F572043300][000001F572FAC580 49] AppleTV, [000001F571FF9400][000001F572FB0700 49] AppleTV4K, [000001F572041900][000001F572FB4880 49] TVOS, [000001F571FFBA00][000001F572FB8A00 49] Mac, [000001F572043C00][000001F572FBCB80 49] MacClient, [000001F571FFB600][000001F572FC0D00 49] MacNoEditor, [000001F572043A00][000001F572F7CE40 49] MacServer, [000001F571FFB000][000001F572FC4F80 49] Linux, [000001F572042C00][000001F572FC90C0 49] LinuxAArch64, [000001F571FF9000][000001F572FD1240 49] LinuxNoEditor, [000001F572043100][000001F572FD53C0 49] LinuxAArch64NoEditor, [000001F571FFBF00][000001F572FD9540 49] LinuxClient, [000001F572043400][000001F572FDD6C0 49] LinuxAArch64Client, [000001F571FFA300][000001F572FE1840 49] LinuxServer, [000001F572040C00][000001F572FE59C0 49] LinuxAArch64Server, [000001F571FF8200][000001F572FE9B40 49] Android, [000001F572042200][000001F572FEC140 49] Android_Low, [000001F572075100][000001F572FF02C0 49] Android_Mid, [000001F5721B6500][000001F572FF4440 49] Android_High, [000001F572076600][000001F572FF85C0 49] Android_Default, [000001F5721B5300][000001F572FFC740 49] Android_Adreno4xx, [000001F572074700][000001F5730008C0 49] Android_Adreno5xx_Low, [000001F5721B5100][000001F573004A40 49] Android_Adreno5xx, [000001F572076700][000001F573008BC0 49] Android_Adreno6xx, [000001F5721B6600][000001F57300CD40 49] Android_Adreno6xx_Vulkan, [000001F572074A00][000001F573010EC0 49] Android_Mali_T6xx, [000001F5721B4D00][000001F572FCD000 49] Android_Mali_T7xx, [000001F572075000][000001F573015140 49] Android_Mali_T8xx, [000001F5721B6300][000001F573019280 49] Android_Mali_G71, [000001F572077F00][000001F57301D3C0 49] Android_Mali_G72, [000001F5721B4B00][000001F573025540 49] Android_Mali_G72_Vulkan, [000001F572074B00][000001F5730296C0 49] Android_Mali_G76, [000001F5721B4700][000001F57302D840 49] Android_Mali_G76_Vulkan, [000001F572076500][000001F5730319C0 49] Android_Mali_G77, [000001F5721B5C00][000001F573035B40 49] Android_Mali_G77_Vulkan, [000001F572076F00][000001F573038140 49] Android_Mali_G78, [000001F5721B5700][000001F57303C2C0 49] Android_Mali_G78_Vulkan, [000001F572042800][000001F573040440 49] Android_Mali_G710, [000001F571FF8800][000001F5730445C0 49] Android_Mali_G710_Vulkan, [000001F572040100][000001F573048740 49] Android_Vulkan_SM5, [000001F5721B4F00][000001F57304C8C0 49] Android_PowerVR_G6xxx, [000001F572042600][000001F573050A40 49] Android_PowerVR_GT7xxx, [000001F5721B4100][000001F573054BC0 49] Android_PowerVR_GE8xxx, [000001F572041F00][000001F573058D40 49] Android_PowerVR_GM9xxx, [000001F5721B6400][000001F57305CEC0 49] Android_PowerVR_GM9xxx_Vulkan, [000001F572042400][000001F573061040 49] Android_TegraK1, [000001F5721B5800][000001F573021180 49] Android_Unknown_Vulkan, [000001F572043E00][000001F5730652C0 49] Lumin, [000001F5721B4C00][000001F573069400 49] Lumin_Desktop, [000001F572040400][000001F57306D540 49] HoloLens, 
[2022.05.08-21.42.05:644][  0]LogMeshReduction: Using QuadricMeshReduction for automatic static mesh reduction
[2022.05.08-21.42.05:644][  0]LogMeshReduction: Using SimplygonMeshReduction for automatic skeletal mesh reduction
[2022.05.08-21.42.05:644][  0]LogMeshReduction: Using ProxyLODMeshReduction for automatic mesh merging
[2022.05.08-21.42.05:644][  0]LogMeshReduction: No distributed automatic mesh merging module available
[2022.05.08-21.42.05:644][  0]LogMeshMerging: No distributed automatic mesh merging module available
[2022.05.08-21.42.06:205][  0]LogNetVersion: brally 1.0.0, NetCL: 17155196, EngineNetVer: 17, GameNetVer: 0 (Checksum: 3473964133)
[2022.05.08-21.42.16:476][  0]LogTexture: Default maximum texture size for cubemaps generated from long-lat sources has been changed from 512 to unlimited. In order to preserve old behaiour for '/Engine/MapTemplates/Sky/DaylightAmbientCubemap.DaylightAmbientCubemap', its maximum texture size has been explicitly set to 512.
[2022.05.08-21.42.17:119][  0]LogHMD: PokeAHoleMaterial loaded successfully
[2022.05.08-21.42.17:190][  0]LogUObjectArray: 17178 objects as part of root set at end of initial load.
[2022.05.08-21.42.17:190][  0]LogUObjectAllocator: 4302048 out of 0 bytes used by permanent object pool.
[2022.05.08-21.42.17:190][  0]LogUObjectArray: CloseDisregardForGC: 0/0 objects in disregard for GC pool
[2022.05.08-21.42.21:191][  0]LogPython: Using Python 3.7.7
[2022.05.08-21.42.22:950][  0]LogNiagaraDebuggerClient: Niagara Debugger Client Initialized | Session: 8AD4E5FE4276AB407601678D9BFB9FF8 | Instance: 89559A6446C2506E006B4B9E145311AB (DESKTOP-F4V4HAJ-5320).
[2022.05.08-21.42.24:616][  0]LogUdpMessaging: Initializing bridge on interface 0.0.0.0:0 to multicast group 230.0.0.1:6666.
[2022.05.08-21.42.24:684][  0]LogTcpMessaging: Initializing TcpMessaging bridge
[2022.05.08-21.42.26:218][  0]SourceControl: Controle de origem desativado
[2022.05.08-21.42.26:218][  0]SourceControl: Controle de origem desativado
[2022.05.08-21.42.26:398][  0]SourceControl: Controle de origem desativado
[2022.05.08-21.42.26:430][  0]SourceControl: Controle de origem desativado
[2022.05.08-21.42.26:538][  0]SourceControl: Controle de origem desativado
[2022.05.08-21.42.26:620][  0]LogUProjectInfo: Found projects:
[2022.05.08-21.42.28:884][  0]LogOpenImageDenoise: OIDN starting up
[2022.05.08-21.42.29:550][  0]LogAndroidPermission: UAndroidPermissionCallbackProxy::GetInstance
[2022.05.08-21.42.29:697][  0]LogAudioCaptureCore: Display: No Audio Capture implementations found. Audio input will be silent.
[2022.05.08-21.42.29:697][  0]LogAudioCaptureCore: Display: No Audio Capture implementations found. Audio input will be silent.
[2022.05.08-21.42.30:880][  0]LogCollectionManager: Loaded 0 collections in 0.001305 seconds
[2022.05.08-21.42.31:120][  0]LogFileCache: Scanning file cache for directory 'S:/projetos/rallyUE/brally/Saved/Collections/' took 0.01s
[2022.05.08-21.42.31:120][  0]LogFileCache: Scanning file cache for directory 'S:/projetos/rallyUE/brally/Content/Developers/erick/Collections/' took 0.00s
[2022.05.08-21.42.31:120][  0]LogFileCache: Scanning file cache for directory 'S:/projetos/rallyUE/brally/Content/Collections/' took 0.00s
[2022.05.08-21.42.31:120][  0]LogOcInput: OculusInput pre-init called
[2022.05.08-21.42.32:654][  0]LogEngine: Initializing Engine...
[2022.05.08-21.42.32:913][  0]LogHMD: Failed to enumerate extensions. Please check that you have a valid OpenXR runtime installed.
[2022.05.08-21.42.32:914][  0]LogHMD: Failed to initialize OpenVR with code 110
[2022.05.08-21.42.32:919][  0]LogMagicLeap: Warning: VR disabled because ZI is not enabled.  To enable, in the editor, Edit -> Project Settings -> Plugins -> Magic Leap Plugin -> Enable Zero Iteration
[2022.05.08-21.42.32:979][  0]LogStats: UGameplayTagsManager::InitializeManager -  0.002 s
[2022.05.08-21.42.33:600][  0]LogInit: Initializing FReadOnlyCVARCache
[2022.05.08-21.42.33:999][  0]LogAIModule: Creating AISystem for world Untitled
[2022.05.08-21.42.34:034][  0]LogAudio: Display: Initializing Audio Device Manager...
[2022.05.08-21.42.34:066][  0]LogAudio: Display: Loading Default Audio Settings Objects...
[2022.05.08-21.42.34:087][  0]LogAudio: Display: No default SoundConcurrencyObject specified (or failed to load).
[2022.05.08-21.42.34:117][  0]LogAudio: Display: Audio Device Manager Initialized
[2022.05.08-21.42.34:117][  0]LogAudio: Display: Creating Audio Device:                 Id: 1, Scope: Shared, Realtime: True
[2022.05.08-21.42.34:137][  0]LogAudioMixer: Display: Audio Mixer Platform Settings:
[2022.05.08-21.42.34:137][  0]LogAudioMixer: Display: 	Sample Rate:						  48000
[2022.05.08-21.42.34:137][  0]LogAudioMixer: Display: 	Callback Buffer Frame Size Requested: 1024
[2022.05.08-21.42.34:137][  0]LogAudioMixer: Display: 	Callback Buffer Frame Size To Use:	  1024
[2022.05.08-21.42.34:137][  0]LogAudioMixer: Display: 	Number of buffers to queue:			  2
[2022.05.08-21.42.34:137][  0]LogAudioMixer: Display: 	Max Channels (voices):				  32
[2022.05.08-21.42.34:137][  0]LogAudioMixer: Display: 	Number of Async Source Workers:		  0
[2022.05.08-21.42.34:144][  0]LogAudio: Display: AudioDevice MaxSources: 32
[2022.05.08-21.42.34:154][  0]LogAudio: Display: Audio Spatialization Plugin: None (built-in).
[2022.05.08-21.42.34:154][  0]LogAudio: Display: Audio Reverb Plugin: None (built-in).
[2022.05.08-21.42.34:154][  0]LogAudio: Display: Audio Occlusion Plugin: None (built-in).
[2022.05.08-21.42.34:154][  0]LogAudioMixer: Display: Initializing audio mixer.
[2022.05.08-21.42.34:329][  0]LogAudioMixer: Display: 0: FrontLeft
[2022.05.08-21.42.34:329][  0]LogAudioMixer: Display: 1: FrontRight
[2022.05.08-21.42.34:364][  0]LogAudioMixer: Display: Using Audio Device SMART TV (NVIDIA High Definition Audio)
[2022.05.08-21.42.34:380][  0]LogAudioMixer: Display: Initializing Sound Submixes...
[2022.05.08-21.42.34:449][  0]LogAudioMixer: Display: Creating Master Submix 'MasterSubmixDefault'
[2022.05.08-21.42.34:449][  0]LogAudioMixer: Display: Creating Master Submix 'MasterReverbSubmixDefault'
[2022.05.08-21.42.34:451][  0]LogAudioMixer: Display: Creating Master Submix 'MasterEQSubmixDefault'
[2022.05.08-21.42.34:451][  0]LogAudioMixer: FMixerPlatformXAudio2::StartAudioStream() called
[2022.05.08-21.42.34:452][  0]LogAudioMixer: Display: Output buffers initialized: Frames=1024, Channels=2, Samples=2048
[2022.05.08-21.42.34:453][  0]LogAudioMixer: Display: Starting AudioMixerPlatformInterface::RunInternal()
[2022.05.08-21.42.34:453][  0]LogAudioMixer: Display: FMixerPlatformXAudio2::SubmitBuffer() called for the first time
[2022.05.08-21.42.34:453][  0]LogInit: FAudioDevice initialized.
[2022.05.08-21.42.34:453][  0]LogAudio: Display: Audio Device (ID: 1) registered with world 'Untitled'.
[2022.05.08-21.42.34:453][  0]LogNetVersion: Set ProjectVersion to 1.0.0.0. Version Checksum will be recalculated on next use.
[2022.05.08-21.42.34:540][  0]LogDerivedDataCache: Saved boot cache 0.09s 94MB C:/Users/erick/AppData/Local/UnrealEngine/4.27/DerivedDataCache/Boot.ddc.
[2022.05.08-21.42.34:540][  0]LogInit: Texture streaming: Enabled
[2022.05.08-21.42.34:776][  0]LogAnalytics: Display: [UEEditor.Rocket.Release] APIServer = https://datarouter.ol.epicgames.com/. AppVersion = 4.27.2-18319896+++UE4+Release-4.27
[2022.05.08-21.42.34:815][  0]LogEngineSessionManager: EngineSessionManager initialized
[2022.05.08-21.42.34:815][  0]LogEngineSessionManager: EngineSessionManager sent abnormal shutdown report. Type=AbnormalShutdown, SessionId={702AA1E1-47A3-DF2E-E920-8E8AE7074EA5}
[2022.05.08-21.42.34:820][  0]LogEditorSessionSummary: Verbose: Initializing EditorSessionSummaryWriter for editor session tracking
[2022.05.08-21.42.34:834][  0]LogEditorSessionSummary: EditorSessionSummaryWriter initialized
[2022.05.08-21.42.35:028][  0]LogInit: Transaction tracking system initialized
[2022.05.08-21.42.35:369][  0]BlueprintLog: New page: Carregar Editor
[2022.05.08-21.42.36:476][  0]LocalizationService: Localization service is disabled
[2022.05.08-21.42.36:911][  0]TimingProfiler: Initialize
[2022.05.08-21.42.36:914][  0]TimingProfiler: OnSessionChanged
[2022.05.08-21.42.36:914][  0]LoadingProfiler: Initialize
[2022.05.08-21.42.36:914][  0]LoadingProfiler: OnSessionChanged
[2022.05.08-21.42.36:914][  0]NetworkingProfiler: Initialize
[2022.05.08-21.42.36:916][  0]NetworkingProfiler: OnSessionChanged
[2022.05.08-21.42.36:916][  0]MemoryProfiler: Initialize
[2022.05.08-21.42.36:916][  0]MemoryProfiler: OnSessionChanged
[2022.05.08-21.42.39:907][  0]LogFileCache: Scanning file cache for directory 'S:/projetos/rallyUE/brally/Content/' took 0.03s
[2022.05.08-21.42.39:907][  0]LogCook: Display: CookSettings for Memory: MemoryMaxUsedVirtual 0MiB, MemoryMaxUsedPhysical 16384MiB, MemoryMinFreeVirtual 0MiB, MemoryMinFreePhysical 1024MiB
[2022.05.08-21.42.39:907][  0]LogCook: Display: Mobile HDR setting 1
[2022.05.08-21.42.43:242][  0]LogInit: Display: Engine is initialized. Leaving FEngineLoop::Init()
[2022.05.08-21.42.43:368][  0]SourceControl: Controle de origem desativado
[2022.05.08-21.42.43:370][  0]LogUnrealEdMisc: Loading editor; pre map load, took 87.171
[2022.05.08-21.42.43:440][  0]Cmd: MAP LOAD FILE="S:/projetos/rallyUE/brally/Content/NewMap.umap" TEMPLATE=0 SHOWPROGRESS=1 FEATURELEVEL=3
[2022.05.08-21.42.43:447][  0]LightingResults: New page: Compilação de Iluminação
[2022.05.08-21.42.43:541][  0]LogWorld: UWorld::CleanupWorld for Untitled, bSessionEnded=true, bCleanupResources=true
[2022.05.08-21.42.43:548][  0]LogSlate: InvalidateAllWidgets triggered.  All widgets were invalidated
[2022.05.08-21.42.43:598][  0]MapCheck: New page: Verificação de Mapa
[2022.05.08-21.42.43:598][  0]LightingResults: New page: Compilação de Iluminação
[2022.05.08-21.42.43:872][  0]LogAudio: Display: Audio Device unregistered from world 'None'.
[2022.05.08-21.42.43:964][  0]LogUObjectHash: Compacting FUObjectHashTables data took   0.90ms
[2022.05.08-21.42.44:891][  0]LogAudio: Display: Audio Device (ID: 1) registered with world 'NewMap'.
[2022.05.08-21.42.44:892][  0]LogAIModule: Creating AISystem for world NewMap
[2022.05.08-21.42.45:377][  0]LogEditorServer: Finished looking for orphan Actors (0.000 secs)
[2022.05.08-21.42.45:517][  0]LogUObjectHash: Compacting FUObjectHashTables data took   0.88ms
[2022.05.08-21.42.45:549][  0]Cmd: MAP CHECKDEP NOCLEARLOG
[2022.05.08-21.42.45:549][  0]MapCheck: Map check complete: 0 Error(s), 0 Warning(s), took 0,433ms to complete.
[2022.05.08-21.42.45:549][  0]LogFileHelpers: Loading map 'NewMap' took 2.158
[2022.05.08-21.42.47:170][  0]LogUnrealEdMisc: Total Editor Startup Time, took 90.971
[2022.05.08-21.42.47:894][  0]LogSlate: Updating window title bar state: overlay mode, drag disabled, window buttons hidden, title bar hidden
[2022.05.08-21.42.47:901][  0]LogSlate: Updating window title bar state: overlay mode, drag disabled, window buttons hidden, title bar hidden
[2022.05.08-21.42.47:908][  0]LogSlate: Updating window title bar state: overlay mode, drag disabled, window buttons hidden, title bar hidden
[2022.05.08-21.42.47:914][  0]LogSlate: Updating window title bar state: overlay mode, drag disabled, window buttons hidden, title bar hidden
[2022.05.08-21.42.48:109][  0]LogNativeClassHierarchy: Verbose: Native class hierarchy populated in 0.0097 seconds. Added 3822 classes and 928 folders.
[2022.05.08-21.42.48:218][  0]LogNativeClassHierarchy: Verbose: Native class hierarchy updated for 'WidgetCarousel' in 0.0004 seconds. Added 0 classes and 0 folders.
[2022.05.08-21.42.48:368][  0]LogPakFile: PakFile PrimaryIndexSize=187
[2022.05.08-21.42.48:368][  0]LogPakFile: PakFile PathHashIndexSize=101
[2022.05.08-21.42.48:368][  0]LogPakFile: PakFile FullDirectoryIndexSize=148
[2022.05.08-21.42.48:381][  0]LogShaderLibrary: Display: ShaderCodeLibraryPakFileMountedCallback: PakFile 'D:/EPIC/UE_4.27/FeaturePacks/FP_FirstPerson.upack' (chunk index -1, root 'root:/') mounted
[2022.05.08-21.42.48:381][  0]LogShaderLibrary: Display: ShaderCodeLibraryPakFileMountedCallback: pending pak file info (ChunkID:-1 Root:root:/ File:D:/EPIC/UE_4.27/FeaturePacks/FP_FirstPerson.upack)
[2022.05.08-21.42.48:381][  0]LogPakFile: OnPakFileMounted2Time == 0.011609
[2022.05.08-21.42.48:446][  0]LogPakFile: PakFile PrimaryIndexSize=189
[2022.05.08-21.42.48:446][  0]LogPakFile: PakFile PathHashIndexSize=101
[2022.05.08-21.42.48:446][  0]LogPakFile: PakFile FullDirectoryIndexSize=152
[2022.05.08-21.42.48:446][  0]LogShaderLibrary: Display: ShaderCodeLibraryPakFileMountedCallback: PakFile 'D:/EPIC/UE_4.27/FeaturePacks/FP_FirstPersonBP.upack' (chunk index -1, root 'root:/') mounted
[2022.05.08-21.42.48:446][  0]LogShaderLibrary: Display: ShaderCodeLibraryPakFileMountedCallback: pending pak file info (ChunkID:-1 Root:root:/ File:D:/EPIC/UE_4.27/FeaturePacks/FP_FirstPersonBP.upack)
[2022.05.08-21.42.48:446][  0]LogPakFile: OnPakFileMounted2Time == 0.000050
[2022.05.08-21.42.48:478][  0]LogPakFile: PakFile PrimaryIndexSize=191
[2022.05.08-21.42.48:478][  0]LogPakFile: PakFile PathHashIndexSize=101
[2022.05.08-21.42.48:478][  0]LogPakFile: PakFile FullDirectoryIndexSize=160
[2022.05.08-21.42.48:478][  0]LogShaderLibrary: Display: ShaderCodeLibraryPakFileMountedCallback: PakFile 'D:/EPIC/UE_4.27/FeaturePacks/MobileStarterContent.upack' (chunk index -1, root 'root:/') mounted
[2022.05.08-21.42.48:478][  0]LogShaderLibrary: Display: ShaderCodeLibraryPakFileMountedCallback: pending pak file info (ChunkID:-1 Root:root:/ File:D:/EPIC/UE_4.27/FeaturePacks/MobileStarterContent.upack)
[2022.05.08-21.42.48:478][  0]LogPakFile: OnPakFileMounted2Time == 0.000046
[2022.05.08-21.42.48:484][  0]LogPakFile: PakFile PrimaryIndexSize=185
[2022.05.08-21.42.48:484][  0]LogPakFile: PakFile PathHashIndexSize=101
[2022.05.08-21.42.48:484][  0]LogPakFile: PakFile FullDirectoryIndexSize=148
[2022.05.08-21.42.48:484][  0]LogShaderLibrary: Display: ShaderCodeLibraryPakFileMountedCallback: PakFile 'D:/EPIC/UE_4.27/FeaturePacks/StarterContent.upack' (chunk index -1, root 'root:/') mounted
[2022.05.08-21.42.48:484][  0]LogShaderLibrary: Display: ShaderCodeLibraryPakFileMountedCallback: pending pak file info (ChunkID:-1 Root:root:/ File:D:/EPIC/UE_4.27/FeaturePacks/StarterContent.upack)
[2022.05.08-21.42.48:484][  0]LogPakFile: OnPakFileMounted2Time == 0.000047
[2022.05.08-21.42.48:500][  0]LogPakFile: PakFile PrimaryIndexSize=190
[2022.05.08-21.42.48:500][  0]LogPakFile: PakFile PathHashIndexSize=101
[2022.05.08-21.42.48:500][  0]LogPakFile: PakFile FullDirectoryIndexSize=154
[2022.05.08-21.42.48:500][  0]LogShaderLibrary: Display: ShaderCodeLibraryPakFileMountedCallback: PakFile 'D:/EPIC/UE_4.27/FeaturePacks/TP_2DSideScroller.upack' (chunk index -1, root 'root:/') mounted
[2022.05.08-21.42.48:500][  0]LogShaderLibrary: Display: ShaderCodeLibraryPakFileMountedCallback: pending pak file info (ChunkID:-1 Root:root:/ File:D:/EPIC/UE_4.27/FeaturePacks/TP_2DSideScroller.upack)
[2022.05.08-21.42.48:500][  0]LogPakFile: OnPakFileMounted2Time == 0.000051
[2022.05.08-21.42.48:505][  0]LogPakFile: PakFile PrimaryIndexSize=192
[2022.05.08-21.42.48:505][  0]LogPakFile: PakFile PathHashIndexSize=101
[2022.05.08-21.42.48:505][  0]LogPakFile: PakFile FullDirectoryIndexSize=158
[2022.05.08-21.42.48:506][  0]LogShaderLibrary: Display: ShaderCodeLibraryPakFileMountedCallback: PakFile 'D:/EPIC/UE_4.27/FeaturePacks/TP_2DSideScrollerBP.upack' (chunk index -1, root 'root:/') mounted
[2022.05.08-21.42.48:506][  0]LogShaderLibrary: Display: ShaderCodeLibraryPakFileMountedCallback: pending pak file info (ChunkID:-1 Root:root:/ File:D:/EPIC/UE_4.27/FeaturePacks/TP_2DSideScrollerBP.upack)
[2022.05.08-21.42.48:506][  0]LogPakFile: OnPakFileMounted2Time == 0.000045
[2022.05.08-21.42.48:515][  0]LogPakFile: PakFile PrimaryIndexSize=182
[2022.05.08-21.42.48:515][  0]LogPakFile: PakFile PathHashIndexSize=101
[2022.05.08-21.42.48:515][  0]LogPakFile: PakFile FullDirectoryIndexSize=138
[2022.05.08-21.42.48:515][  0]LogShaderLibrary: Display: ShaderCodeLibraryPakFileMountedCallback: PakFile 'D:/EPIC/UE_4.27/FeaturePacks/TP_Flying.upack' (chunk index -1, root 'root:/') mounted
[2022.05.08-21.42.48:515][  0]LogShaderLibrary: Display: ShaderCodeLibraryPakFileMountedCallback: pending pak file info (ChunkID:-1 Root:root:/ File:D:/EPIC/UE_4.27/FeaturePacks/TP_Flying.upack)
[2022.05.08-21.42.48:515][  0]LogPakFile: OnPakFileMounted2Time == 0.000045
[2022.05.08-21.42.48:530][  0]LogPakFile: PakFile PrimaryIndexSize=184
[2022.05.08-21.42.48:530][  0]LogPakFile: PakFile PathHashIndexSize=101
[2022.05.08-21.42.48:530][  0]LogPakFile: PakFile FullDirectoryIndexSize=142
[2022.05.08-21.42.48:530][  0]LogShaderLibrary: Display: ShaderCodeLibraryPakFileMountedCallback: PakFile 'D:/EPIC/UE_4.27/FeaturePacks/TP_FlyingBP.upack' (chunk index -1, root 'root:/') mounted
[2022.05.08-21.42.48:530][  0]LogShaderLibrary: Display: ShaderCodeLibraryPakFileMountedCallback: pending pak file info (ChunkID:-1 Root:root:/ File:D:/EPIC/UE_4.27/FeaturePacks/TP_FlyingBP.upack)
[2022.05.08-21.42.48:530][  0]LogPakFile: OnPakFileMounted2Time == 0.000044
[2022.05.08-21.42.48:550][  0]LogPakFile: PakFile PrimaryIndexSize=188
[2022.05.08-21.42.48:550][  0]LogPakFile: PakFile PathHashIndexSize=101
[2022.05.08-21.42.48:550][  0]LogPakFile: PakFile FullDirectoryIndexSize=150
[2022.05.08-21.42.48:550][  0]LogShaderLibrary: Display: ShaderCodeLibraryPakFileMountedCallback: PakFile 'D:/EPIC/UE_4.27/FeaturePacks/TP_HandheldARBP.upack' (chunk index -1, root 'root:/') mounted
[2022.05.08-21.42.48:550][  0]LogShaderLibrary: Display: ShaderCodeLibraryPakFileMountedCallback: pending pak file info (ChunkID:-1 Root:root:/ File:D:/EPIC/UE_4.27/FeaturePacks/TP_HandheldARBP.upack)
[2022.05.08-21.42.48:550][  0]LogPakFile: OnPakFileMounted2Time == 0.000046
[2022.05.08-21.42.48:578][  0]LogPakFile: PakFile PrimaryIndexSize=182
[2022.05.08-21.42.48:578][  0]LogPakFile: PakFile PathHashIndexSize=101
[2022.05.08-21.42.48:578][  0]LogPakFile: PakFile FullDirectoryIndexSize=138
[2022.05.08-21.42.48:578][  0]LogShaderLibrary: Display: ShaderCodeLibraryPakFileMountedCallback: PakFile 'D:/EPIC/UE_4.27/FeaturePacks/TP_Puzzle.upack' (chunk index -1, root 'root:/') mounted
[2022.05.08-21.42.48:578][  0]LogShaderLibrary: Display: ShaderCodeLibraryPakFileMountedCallback: pending pak file info (ChunkID:-1 Root:root:/ File:D:/EPIC/UE_4.27/FeaturePacks/TP_Puzzle.upack)
[2022.05.08-21.42.48:578][  0]LogPakFile: OnPakFileMounted2Time == 0.000045
[2022.05.08-21.42.48:592][  0]LogPakFile: PakFile PrimaryIndexSize=184
[2022.05.08-21.42.48:592][  0]LogPakFile: PakFile PathHashIndexSize=101
[2022.05.08-21.42.48:592][  0]LogPakFile: PakFile FullDirectoryIndexSize=142
[2022.05.08-21.42.48:592][  0]LogShaderLibrary: Display: ShaderCodeLibraryPakFileMountedCallback: PakFile 'D:/EPIC/UE_4.27/FeaturePacks/TP_PuzzleBP.upack' (chunk index -1, root 'root:/') mounted
[2022.05.08-21.42.48:592][  0]LogShaderLibrary: Display: ShaderCodeLibraryPakFileMountedCallback: pending pak file info (ChunkID:-1 Root:root:/ File:D:/EPIC/UE_4.27/FeaturePacks/TP_PuzzleBP.upack)
[2022.05.08-21.42.48:592][  0]LogPakFile: OnPakFileMounted2Time == 0.000046
[2022.05.08-21.42.48:598][  0]LogPakFile: PakFile PrimaryIndexSize=183
[2022.05.08-21.42.48:598][  0]LogPakFile: PakFile PathHashIndexSize=101
[2022.05.08-21.42.48:598][  0]LogPakFile: PakFile FullDirectoryIndexSize=140
[2022.05.08-21.42.48:598][  0]LogShaderLibrary: Display: ShaderCodeLibraryPakFileMountedCallback: PakFile 'D:/EPIC/UE_4.27/FeaturePacks/TP_Rolling.upack' (chunk index -1, root 'root:/') mounted
[2022.05.08-21.42.48:598][  0]LogShaderLibrary: Display: ShaderCodeLibraryPakFileMountedCallback: pending pak file info (ChunkID:-1 Root:root:/ File:D:/EPIC/UE_4.27/FeaturePacks/TP_Rolling.upack)
[2022.05.08-21.42.48:598][  0]LogPakFile: OnPakFileMounted2Time == 0.000045
[2022.05.08-21.42.48:607][  0]LogPakFile: PakFile PrimaryIndexSize=185
[2022.05.08-21.42.48:607][  0]LogPakFile: PakFile PathHashIndexSize=101
[2022.05.08-21.42.48:607][  0]LogPakFile: PakFile FullDirectoryIndexSize=144
[2022.05.08-21.42.48:607][  0]LogShaderLibrary: Display: ShaderCodeLibraryPakFileMountedCallback: PakFile 'D:/EPIC/UE_4.27/FeaturePacks/TP_RollingBP.upack' (chunk index -1, root 'root:/') mounted
[2022.05.08-21.42.48:607][  0]LogShaderLibrary: Display: ShaderCodeLibraryPakFileMountedCallback: pending pak file info (ChunkID:-1 Root:root:/ File:D:/EPIC/UE_4.27/FeaturePacks/TP_RollingBP.upack)
[2022.05.08-21.42.48:607][  0]LogPakFile: OnPakFileMounted2Time == 0.000051
[2022.05.08-21.42.48:612][  0]LogPakFile: PakFile PrimaryIndexSize=188
[2022.05.08-21.42.48:612][  0]LogPakFile: PakFile PathHashIndexSize=101
[2022.05.08-21.42.48:612][  0]LogPakFile: PakFile FullDirectoryIndexSize=150
[2022.05.08-21.42.48:612][  0]LogShaderLibrary: Display: ShaderCodeLibraryPakFileMountedCallback: PakFile 'D:/EPIC/UE_4.27/FeaturePacks/TP_SideScroller.upack' (chunk index -1, root 'root:/') mounted
[2022.05.08-21.42.48:612][  0]LogShaderLibrary: Display: ShaderCodeLibraryPakFileMountedCallback: pending pak file info (ChunkID:-1 Root:root:/ File:D:/EPIC/UE_4.27/FeaturePacks/TP_SideScroller.upack)
[2022.05.08-21.42.48:612][  0]LogPakFile: OnPakFileMounted2Time == 0.000064
[2022.05.08-21.42.48:617][  0]LogPakFile: PakFile PrimaryIndexSize=190
[2022.05.08-21.42.48:617][  0]LogPakFile: PakFile PathHashIndexSize=101
[2022.05.08-21.42.48:617][  0]LogPakFile: PakFile FullDirectoryIndexSize=154
[2022.05.08-21.42.48:617][  0]LogShaderLibrary: Display: ShaderCodeLibraryPakFileMountedCallback: PakFile 'D:/EPIC/UE_4.27/FeaturePacks/TP_SideScrollerBP.upack' (chunk index -1, root 'root:/') mounted
[2022.05.08-21.42.48:617][  0]LogShaderLibrary: Display: ShaderCodeLibraryPakFileMountedCallback: pending pak file info (ChunkID:-1 Root:root:/ File:D:/EPIC/UE_4.27/FeaturePacks/TP_SideScrollerBP.upack)
[2022.05.08-21.42.48:617][  0]LogPakFile: OnPakFileMounted2Time == 0.000044
[2022.05.08-21.42.48:632][  0]LogPakFile: PakFile PrimaryIndexSize=187
[2022.05.08-21.42.48:632][  0]LogPakFile: PakFile PathHashIndexSize=101
[2022.05.08-21.42.48:632][  0]LogPakFile: PakFile FullDirectoryIndexSize=148
[2022.05.08-21.42.48:632][  0]LogShaderLibrary: Display: ShaderCodeLibraryPakFileMountedCallback: PakFile 'D:/EPIC/UE_4.27/FeaturePacks/TP_ThirdPerson.upack' (chunk index -1, root 'root:/') mounted
[2022.05.08-21.42.48:632][  0]LogShaderLibrary: Display: ShaderCodeLibraryPakFileMountedCallback: pending pak file info (ChunkID:-1 Root:root:/ File:D:/EPIC/UE_4.27/FeaturePacks/TP_ThirdPerson.upack)
[2022.05.08-21.42.48:632][  0]LogPakFile: OnPakFileMounted2Time == 0.000045
[2022.05.08-21.42.48:656][  0]LogPakFile: PakFile PrimaryIndexSize=189
[2022.05.08-21.42.48:656][  0]LogPakFile: PakFile PathHashIndexSize=101
[2022.05.08-21.42.48:656][  0]LogPakFile: PakFile FullDirectoryIndexSize=152
[2022.05.08-21.42.48:656][  0]LogShaderLibrary: Display: ShaderCodeLibraryPakFileMountedCallback: PakFile 'D:/EPIC/UE_4.27/FeaturePacks/TP_ThirdPersonBP.upack' (chunk index -1, root 'root:/') mounted
[2022.05.08-21.42.48:656][  0]LogShaderLibrary: Display: ShaderCodeLibraryPakFileMountedCallback: pending pak file info (ChunkID:-1 Root:root:/ File:D:/EPIC/UE_4.27/FeaturePacks/TP_ThirdPersonBP.upack)
[2022.05.08-21.42.48:656][  0]LogPakFile: OnPakFileMounted2Time == 0.000043
[2022.05.08-21.42.48:662][  0]LogPakFile: PakFile PrimaryIndexSize=183
[2022.05.08-21.42.48:662][  0]LogPakFile: PakFile PathHashIndexSize=101
[2022.05.08-21.42.48:662][  0]LogPakFile: PakFile FullDirectoryIndexSize=140
[2022.05.08-21.42.48:662][  0]LogShaderLibrary: Display: ShaderCodeLibraryPakFileMountedCallback: PakFile 'D:/EPIC/UE_4.27/FeaturePacks/TP_TopDown.upack' (chunk index -1, root 'root:/') mounted
[2022.05.08-21.42.48:662][  0]LogShaderLibrary: Display: ShaderCodeLibraryPakFileMountedCallback: pending pak file info (ChunkID:-1 Root:root:/ File:D:/EPIC/UE_4.27/FeaturePacks/TP_TopDown.upack)
[2022.05.08-21.42.48:662][  0]LogPakFile: OnPakFileMounted2Time == 0.000052
[2022.05.08-21.42.48:667][  0]LogPakFile: PakFile PrimaryIndexSize=185
[2022.05.08-21.42.48:667][  0]LogPakFile: PakFile PathHashIndexSize=101
[2022.05.08-21.42.48:667][  0]LogPakFile: PakFile FullDirectoryIndexSize=144
[2022.05.08-21.42.48:667][  0]LogShaderLibrary: Display: ShaderCodeLibraryPakFileMountedCallback: PakFile 'D:/EPIC/UE_4.27/FeaturePacks/TP_TopDownBP.upack' (chunk index -1, root 'root:/') mounted
[2022.05.08-21.42.48:667][  0]LogShaderLibrary: Display: ShaderCodeLibraryPakFileMountedCallback: pending pak file info (ChunkID:-1 Root:root:/ File:D:/EPIC/UE_4.27/FeaturePacks/TP_TopDownBP.upack)
[2022.05.08-21.42.48:667][  0]LogPakFile: OnPakFileMounted2Time == 0.000051
[2022.05.08-21.42.48:676][  0]LogPakFile: PakFile PrimaryIndexSize=185
[2022.05.08-21.42.48:676][  0]LogPakFile: PakFile PathHashIndexSize=101
[2022.05.08-21.42.48:676][  0]LogPakFile: PakFile FullDirectoryIndexSize=144
[2022.05.08-21.42.48:676][  0]LogShaderLibrary: Display: ShaderCodeLibraryPakFileMountedCallback: PakFile 'D:/EPIC/UE_4.27/FeaturePacks/TP_TwinStick.upack' (chunk index -1, root 'root:/') mounted
[2022.05.08-21.42.48:676][  0]LogShaderLibrary: Display: ShaderCodeLibraryPakFileMountedCallback: pending pak file info (ChunkID:-1 Root:root:/ File:D:/EPIC/UE_4.27/FeaturePacks/TP_TwinStick.upack)
[2022.05.08-21.42.48:676][  0]LogPakFile: OnPakFileMounted2Time == 0.000042
[2022.05.08-21.42.48:692][  0]LogPakFile: PakFile PrimaryIndexSize=187
[2022.05.08-21.42.48:692][  0]LogPakFile: PakFile PathHashIndexSize=101
[2022.05.08-21.42.48:692][  0]LogPakFile: PakFile FullDirectoryIndexSize=148
[2022.05.08-21.42.48:692][  0]LogShaderLibrary: Display: ShaderCodeLibraryPakFileMountedCallback: PakFile 'D:/EPIC/UE_4.27/FeaturePacks/TP_TwinStickBP.upack' (chunk index -1, root 'root:/') mounted
[2022.05.08-21.42.48:692][  0]LogShaderLibrary: Display: ShaderCodeLibraryPakFileMountedCallback: pending pak file info (ChunkID:-1 Root:root:/ File:D:/EPIC/UE_4.27/FeaturePacks/TP_TwinStickBP.upack)
[2022.05.08-21.42.48:692][  0]LogPakFile: OnPakFileMounted2Time == 0.000045
[2022.05.08-21.42.48:710][  0]LogPakFile: PakFile PrimaryIndexSize=183
[2022.05.08-21.42.48:710][  0]LogPakFile: PakFile PathHashIndexSize=101
[2022.05.08-21.42.48:710][  0]LogPakFile: PakFile FullDirectoryIndexSize=140
[2022.05.08-21.42.48:710][  0]LogShaderLibrary: Display: ShaderCodeLibraryPakFileMountedCallback: PakFile 'D:/EPIC/UE_4.27/FeaturePacks/TP_Vehicle.upack' (chunk index -1, root 'root:/') mounted
[2022.05.08-21.42.48:710][  0]LogShaderLibrary: Display: ShaderCodeLibraryPakFileMountedCallback: pending pak file info (ChunkID:-1 Root:root:/ File:D:/EPIC/UE_4.27/FeaturePacks/TP_Vehicle.upack)
[2022.05.08-21.42.48:710][  0]LogPakFile: OnPakFileMounted2Time == 0.000048
[2022.05.08-21.42.48:716][  0]LogPakFile: PakFile PrimaryIndexSize=186
[2022.05.08-21.42.48:716][  0]LogPakFile: PakFile PathHashIndexSize=101
[2022.05.08-21.42.48:716][  0]LogPakFile: PakFile FullDirectoryIndexSize=146
[2022.05.08-21.42.48:716][  0]LogShaderLibrary: Display: ShaderCodeLibraryPakFileMountedCallback: PakFile 'D:/EPIC/UE_4.27/FeaturePacks/TP_VehicleAdv.upack' (chunk index -1, root 'root:/') mounted
[2022.05.08-21.42.48:716][  0]LogShaderLibrary: Display: ShaderCodeLibraryPakFileMountedCallback: pending pak file info (ChunkID:-1 Root:root:/ File:D:/EPIC/UE_4.27/FeaturePacks/TP_VehicleAdv.upack)
[2022.05.08-21.42.48:716][  0]LogPakFile: OnPakFileMounted2Time == 0.000046
[2022.05.08-21.42.48:721][  0]LogPakFile: PakFile PrimaryIndexSize=188
[2022.05.08-21.42.48:721][  0]LogPakFile: PakFile PathHashIndexSize=101
[2022.05.08-21.42.48:721][  0]LogPakFile: PakFile FullDirectoryIndexSize=150
[2022.05.08-21.42.48:721][  0]LogShaderLibrary: Display: ShaderCodeLibraryPakFileMountedCallback: PakFile 'D:/EPIC/UE_4.27/FeaturePacks/TP_VehicleAdvBP.upack' (chunk index -1, root 'root:/') mounted
[2022.05.08-21.42.48:721][  0]LogShaderLibrary: Display: ShaderCodeLibraryPakFileMountedCallback: pending pak file info (ChunkID:-1 Root:root:/ File:D:/EPIC/UE_4.27/FeaturePacks/TP_VehicleAdvBP.upack)
[2022.05.08-21.42.48:721][  0]LogPakFile: OnPakFileMounted2Time == 0.000049
[2022.05.08-21.42.48:729][  0]LogPakFile: PakFile PrimaryIndexSize=185
[2022.05.08-21.42.48:729][  0]LogPakFile: PakFile PathHashIndexSize=101
[2022.05.08-21.42.48:729][  0]LogPakFile: PakFile FullDirectoryIndexSize=144
[2022.05.08-21.42.48:729][  0]LogShaderLibrary: Display: ShaderCodeLibraryPakFileMountedCallback: PakFile 'D:/EPIC/UE_4.27/FeaturePacks/TP_VehicleBP.upack' (chunk index -1, root 'root:/') mounted
[2022.05.08-21.42.48:729][  0]LogShaderLibrary: Display: ShaderCodeLibraryPakFileMountedCallback: pending pak file info (ChunkID:-1 Root:root:/ File:D:/EPIC/UE_4.27/FeaturePacks/TP_VehicleBP.upack)
[2022.05.08-21.42.48:729][  0]LogPakFile: OnPakFileMounted2Time == 0.000045
[2022.05.08-21.42.48:736][  0]LogPakFile: PakFile PrimaryIndexSize=192
[2022.05.08-21.42.48:736][  0]LogPakFile: PakFile PathHashIndexSize=101
[2022.05.08-21.42.48:736][  0]LogPakFile: PakFile FullDirectoryIndexSize=158
[2022.05.08-21.42.48:736][  0]LogShaderLibrary: Display: ShaderCodeLibraryPakFileMountedCallback: PakFile 'D:/EPIC/UE_4.27/FeaturePacks/TP_VirtualRealityBP.upack' (chunk index -1, root 'root:/') mounted
[2022.05.08-21.42.48:736][  0]LogShaderLibrary: Display: ShaderCodeLibraryPakFileMountedCallback: pending pak file info (ChunkID:-1 Root:root:/ File:D:/EPIC/UE_4.27/FeaturePacks/TP_VirtualRealityBP.upack)
[2022.05.08-21.42.48:736][  0]LogPakFile: OnPakFileMounted2Time == 0.000060
[2022.05.08-21.42.49:536][  0]LogNativeClassHierarchy: Verbose: Native class hierarchy updated for 'AddContentDialog' in 0.0003 seconds. Added 0 classes and 0 folders.
[2022.05.08-21.42.49:563][  0]LogNativeClassHierarchy: Verbose: Native class hierarchy updated for 'SceneOutliner' in 0.0003 seconds. Added 2 classes and 0 folders.
[2022.05.08-21.42.50:075][  0]LogSlate: Took 0.019570 seconds to synchronously load lazily loaded font '../../../Engine/Content/Slate/Fonts/Roboto-Regular.ttf' (155K)
[2022.05.08-21.42.50:135][  0]LogSlate: Took 0.035865 seconds to synchronously load lazily loaded font '../../../Engine/Content/Editor/Slate/Fonts/FontAwesome.ttf' (139K)
[2022.05.08-21.42.50:210][  0]LogSlate: Took 0.060184 seconds to synchronously load lazily loaded font '../../../Engine/Content/Slate/Fonts/Roboto-Bold.ttf' (160K)
[2022.05.08-21.42.50:688][  0]LogRenderer: Reallocating scene render targets to support 1208x688 Format 10 NumSamples 1 (Frame:1).
[2022.05.08-21.42.51:166][  0]LogSlate: Took 0.030322 seconds to synchronously load lazily loaded font '../../../Engine/Content/Slate/Fonts/Roboto-Light.ttf' (167K)
[2022.05.08-21.42.51:425][  0]LogNativeClassHierarchy: Verbose: Native class hierarchy updated for 'HierarchicalLODOutliner' in 0.0003 seconds. Added 0 classes and 0 folders.
[2022.05.08-21.42.51:425][  0]LogLoad: (Engine Initialization) Total time: 95.23 seconds
[2022.05.08-21.42.51:425][  0]LogLoad: (Engine Initialization) Total Blueprint compile time: 0.00 seconds
[2022.05.08-21.42.51:723][  0]LogContentStreaming: Texture pool size now 1000 MB
[2022.05.08-21.42.51:924][  1]LogAssetRegistry: Asset discovery search completed in 53.8692 seconds
[2022.05.08-21.42.51:995][  1]LogCollectionManager: Fixed up redirectors for 0 collections in 0.000006 seconds (updated 0 objects)
[2022.05.08-21.42.52:517][ 33]LogSlate: Took 0.000204 seconds to synchronously load lazily loaded font '../../../Engine/Content/Slate/Fonts/Roboto-Light.ttf' (167K)
[2022.05.08-21.43.03:530][257]LogAssetEditorSubsystem: Opening Asset editor for Blueprint /Game/scrits/RayCastCar.RayCastCar
[2022.05.08-21.43.04:769][257]LogNativeClassHierarchy: Verbose: Native class hierarchy updated for 'BlueprintGraph' in 0.0005 seconds. Added 126 classes and 0 folders.
