Log file open, 05/23/22 15:15:28
LogWindows: Failed to load 'aqProf.dll' (GetLastError=126)
LogWindows: File 'aqProf.dll' does not exist
LogWindows: Failed to load 'VtuneApi.dll' (GetLastError=126)
LogWindows: File 'VtuneApi.dll' does not exist
LogWindows: Failed to load 'VtuneApi32e.dll' (GetLastError=126)
LogWindows: File 'VtuneApi32e.dll' does not exist
LogConsoleResponse: Display: Failed to find resolution value strings in scalability ini. Falling back to default.
LogConsoleResponse: Display: Failed to find resolution value strings in scalability ini. Falling back to default.
LogInit: Display: Running engine for game: brally
LogPlatformFile: Not using cached read wrapper
LogTaskGraph: Started task graph with 5 named threads and 11 total threads with 3 sets of task threads.
LogStats: Stats thread started at 1.154190
LogICUInternationalization: ICU TimeZone Detection - Raw Offset: -3:00, Platform Override: ''
LogInit: Display: Loading text-based GConfig....
LogPluginManager: Mounting plugin MeshPainting
LogPluginManager: Mounting plugin XGEController
LogPluginManager: Mounting plugin Paper2D
LogPluginManager: Mounting plugin AISupport
LogPluginManager: Mounting plugin EnvironmentQueryEditor
LogPluginManager: Mounting plugin LiveLink
LogPluginManager: Mounting plugin LightPropagationVolume
LogPluginManager: Mounting plugin CameraShakePreviewer
LogPluginManager: Mounting plugin GameplayCameras
LogPluginManager: Mounting plugin OodleData
LogPluginManager: Mounting plugin OodleNetwork
LogPluginManager: Mounting plugin AnimationSharing
LogPluginManager: Mounting plugin CLionSourceCodeAccess
LogPluginManager: Mounting plugin CodeLiteSourceCodeAccess
LogPluginManager: Mounting plugin GitSourceControl
LogPluginManager: Mounting plugin KDevelopSourceCodeAccess
LogPluginManager: Mounting plugin NullSourceCodeAccess
LogPluginManager: Mounting plugin PerforceSourceControl
LogPluginManager: Mounting plugin PixWinPlugin
LogPluginManager: Mounting plugin PlasticSourceControl
LogPluginManager: Mounting plugin PluginUtils
LogPluginManager: Mounting plugin PropertyAccessNode
LogPluginManager: Mounting plugin RiderSourceCodeAccess
LogPluginManager: Mounting plugin SubversionSourceControl
LogPluginManager: Mounting plugin TextureFormatOodle
LogPluginManager: Mounting plugin UObjectPlugin
LogPluginManager: Mounting plugin VisualStudioCodeSourceCodeAccess
LogPluginManager: Mounting plugin VisualStudioSourceCodeAccess
LogPluginManager: Mounting plugin XCodeSourceCodeAccess
LogPluginManager: Mounting plugin AssetManagerEditor
LogPluginManager: Mounting plugin CryptoKeys
LogPluginManager: Mounting plugin CurveEditorTools
LogPluginManager: Mounting plugin DataValidation
LogPluginManager: Mounting plugin FacialAnimation
LogPluginManager: Mounting plugin GameplayTagsEditor
LogPluginManager: Mounting plugin GeometryMode
LogPluginManager: Mounting plugin MacGraphicsSwitching
LogPluginManager: Mounting plugin MaterialAnalyzer
LogPluginManager: Mounting plugin MobileLauncherProfileWizard
LogPluginManager: Mounting plugin PluginBrowser
LogPluginManager: Mounting plugin SpeedTreeImporter
LogPluginManager: Mounting plugin DatasmithContent
LogPluginManager: Mounting plugin VariantManagerContent
LogPluginManager: Mounting plugin AlembicImporter
LogPluginManager: Mounting plugin AutomationUtils
LogPluginManager: Mounting plugin BackChannel
LogPluginManager: Mounting plugin ChaosCloth
LogPluginManager: Mounting plugin ChaosClothEditor
LogPluginManager: Mounting plugin ChaosEditor
LogPluginManager: Mounting plugin ChaosNiagara
LogPluginManager: Mounting plugin ChaosSolverPlugin
LogPluginManager: Mounting plugin CharacterAI
LogPluginManager: Mounting plugin GeometryCache
LogPluginManager: Mounting plugin GeometryCollectionPlugin
LogPluginManager: Mounting plugin GeometryProcessing
LogPluginManager: Mounting plugin MotoSynth
LogPluginManager: Mounting plugin OpenImageDenoise
LogPluginManager: Mounting plugin PlanarCut
LogPluginManager: Mounting plugin PlatformCrypto
LogPluginManager: Mounting plugin ProxyLODPlugin
LogPluginManager: Mounting plugin PythonScriptPlugin
LogPluginManager: Mounting plugin SkeletalReduction
LogPluginManager: Mounting plugin Niagara
LogPluginManager: Mounting plugin LuminPlatformFeatures
LogPluginManager: Mounting plugin MagicLeap
LogPluginManager: Mounting plugin MagicLeapLightEstimation
LogPluginManager: Mounting plugin MagicLeapMedia
LogPluginManager: Mounting plugin MagicLeapPassableWorld
LogPluginManager: Mounting plugin MLSDK
LogPluginManager: Mounting plugin AndroidMedia
LogPluginManager: Mounting plugin AvfMedia
LogPluginManager: Mounting plugin ImgMedia
LogPluginManager: Mounting plugin MediaCompositing
LogPluginManager: Mounting plugin MediaPlayerEditor
LogPluginManager: Mounting plugin WebMMedia
LogPluginManager: Mounting plugin WmfMedia
LogPluginManager: Mounting plugin TcpMessaging
LogPluginManager: Mounting plugin UdpMessaging
LogPluginManager: Mounting plugin ActorSequence
LogPluginManager: Mounting plugin LevelSequenceEditor
LogPluginManager: Mounting plugin MatineeToLevelSequence
LogPluginManager: Mounting plugin TemplateSequence
LogPluginManager: Mounting plugin OnlineSubsystem
LogPluginManager: Mounting plugin OnlineSubsystemNull
LogPluginManager: Mounting plugin OnlineSubsystemUtils
LogPluginManager: Mounting plugin LauncherChunkInstaller
LogPluginManager: Mounting plugin ActorLayerUtilities
LogPluginManager: Mounting plugin AndroidDeviceProfileSelector
LogPluginManager: Mounting plugin AndroidMoviePlayer
LogPluginManager: Mounting plugin AndroidPermission
LogPluginManager: Mounting plugin AppleImageUtils
LogPluginManager: Mounting plugin AppleMoviePlayer
LogPluginManager: Mounting plugin ArchVisCharacter
LogPluginManager: Mounting plugin AssetTags
LogPluginManager: Mounting plugin AudioCapture
LogPluginManager: Mounting plugin AudioSynesthesia
LogPluginManager: Mounting plugin CableComponent
LogPluginManager: Mounting plugin ChunkDownloader
LogPluginManager: Mounting plugin CustomMeshComponent
LogPluginManager: Mounting plugin EditableMesh
LogPluginManager: Mounting plugin ExampleDeviceProfileSelector
LogPluginManager: Mounting plugin GoogleCloudMessaging
LogPluginManager: Mounting plugin GooglePAD
LogPluginManager: Mounting plugin IOSDeviceProfileSelector
LogPluginManager: Mounting plugin LinuxDeviceProfileSelector
LogPluginManager: Mounting plugin LocationServicesBPLibrary
LogPluginManager: Mounting plugin MobilePatchingUtils
LogPluginManager: Mounting plugin OpenXR
LogPluginManager: Mounting plugin OpenXREyeTracker
LogPluginManager: Mounting plugin OpenXRHandTracking
LogPluginManager: Mounting plugin PhysXVehicles
LogPluginManager: Mounting plugin PostSplashScreen
LogPluginManager: Mounting plugin ProceduralMeshComponent
LogPluginManager: Mounting plugin PropertyAccessEditor
LogPluginManager: Mounting plugin RuntimePhysXCooking
LogPluginManager: Mounting plugin SignificanceManager
LogPluginManager: Mounting plugin SoundFields
LogPluginManager: Mounting plugin Synthesis
LogPluginManager: Mounting plugin WebMMoviePlayer
LogPluginManager: Mounting plugin WindowsMoviePlayer
LogPluginManager: Mounting plugin ScreenshotTools
LogPluginManager: Mounting plugin Takes
LogPluginManager: Mounting plugin ContentBrowserAssetDataSource
LogPluginManager: Mounting plugin ContentBrowserClassDataSource
LogPluginManager: Mounting plugin ContentBrowserFileDataSource
LogPluginManager: Mounting plugin OnlineSubsystemGooglePlay
LogPluginManager: Mounting plugin OnlineSubsystemIOS
LogPluginManager: Mounting plugin OculusVR
LogPluginManager: Mounting plugin SteamVR
PixWinPlugin: PIX capture plugin failed to initialize! Check that the process is launched from PIX.
LogInit: Using libcurl 7.55.1-DEV
LogInit:  - built for x86_64-pc-win32
LogInit:  - supports SSL with OpenSSL/1.1.1
LogInit:  - supports HTTP deflate (compression) using libz 1.2.8
LogInit:  - other features:
LogInit:      CURL_VERSION_SSL
LogInit:      CURL_VERSION_LIBZ
LogInit:      CURL_VERSION_IPV6
LogInit:      CURL_VERSION_ASYNCHDNS
LogInit:      CURL_VERSION_LARGEFILE
LogInit:      CURL_VERSION_IDN
LogInit:  CurlRequestOptions (configurable via config and command line):
LogInit:  - bVerifyPeer = true  - Libcurl will verify peer certificate
LogInit:  - bUseHttpProxy = false  - Libcurl will NOT use HTTP proxy
LogInit:  - bDontReuseConnections = false  - Libcurl will reuse connections
LogInit:  - MaxHostConnections = 16  - Libcurl will limit the number of connections to a host
LogInit:  - LocalHostAddr = Default
LogInit:  - BufferSize = 65536
LogOnline: OSS: Creating online subsystem instance for: NULL
LogInit: WinSock: version 1.1 (2.2), MaxSocks=32767, MaxUdp=65467
LogOnline: OSS: TryLoadSubsystemAndSetDefault: Loaded subsystem for module [NULL]
LogOculusPluginWrapper: OculusPlugin initialized successfully
LogHMD: Failed initializing OVRPlugin 1.59.0
LogInit: Build: ++UE4+Release-4.27-CL-18319896
LogInit: Engine Version: 4.27.2-18319896+++UE4+Release-4.27
LogInit: Compatible Engine Version: 4.27.0-17155196+++UE4+Release-4.27
LogInit: Net CL: 17155196
LogInit: OS: Windows 10 (Release 2009) (), CPU: Intel(R) Pentium(R) CPU G4600 @ 3.60GHz, GPU: NVIDIA GeForce GTX 750 Ti
LogInit: Compiled (64-bit): Nov 30 2021 07:12:08
LogInit: Compiled with Visual C++: 19.24.28315.00
LogInit: Build Configuration: Development
LogInit: Branch Name: ++UE4+Release-4.27
LogInit: Command Line: 
LogInit: Base Directory: D:/EPIC/UE_4.27/Engine/Binaries/Win64/
LogInit: Allocator: TBB
LogInit: Installed Engine Build: 1
LogDevObjectVersion: Number of dev versions registered: 29
LogDevObjectVersion:   Dev-Blueprints (B0D832E4-1F89-4F0D-ACCF-7EB736FD4AA2): 10
LogDevObjectVersion:   Dev-Build (E1C64328-A22C-4D53-A36C-8E866417BD8C): 0
LogDevObjectVersion:   Dev-Core (375EC13C-06E4-48FB-B500-84F0262A717E): 4
LogDevObjectVersion:   Dev-Editor (E4B068ED-F494-42E9-A231-DA0B2E46BB41): 40
LogDevObjectVersion:   Dev-Framework (CFFC743F-43B0-4480-9391-14DF171D2073): 37
LogDevObjectVersion:   Dev-Mobile (B02B49B5-BB20-44E9-A304-32B752E40360): 3
LogDevObjectVersion:   Dev-Networking (A4E4105C-59A1-49B5-A7C5-40C4547EDFEE): 0
LogDevObjectVersion:   Dev-Online (39C831C9-5AE6-47DC-9A44-9C173E1C8E7C): 0
LogDevObjectVersion:   Dev-Physics (78F01B33-EBEA-4F98-B9B4-84EACCB95AA2): 14
LogDevObjectVersion:   Dev-Platform (6631380F-2D4D-43E0-8009-CF276956A95A): 0
LogDevObjectVersion:   Dev-Rendering (12F88B9F-8875-4AFC-A67C-D90C383ABD29): 45
LogDevObjectVersion:   Dev-Sequencer (7B5AE74C-D270-4C10-A958-57980B212A5A): 13
LogDevObjectVersion:   Dev-VR (D7296918-1DD6-4BDD-9DE2-64A83CC13884): 3
LogDevObjectVersion:   Dev-LoadTimes (C2A15278-BFE7-4AFE-6C17-90FF531DF755): 1
LogDevObjectVersion:   Private-Geometry (6EACA3D4-40EC-4CC1-B786-8BED09428FC5): 3
LogDevObjectVersion:   Dev-AnimPhys (29E575DD-E0A3-4627-9D10-D276232CDCEA): 17
LogDevObjectVersion:   Dev-Anim (AF43A65D-7FD3-4947-9873-3E8ED9C1BB05): 15
LogDevObjectVersion:   Dev-ReflectionCapture (6B266CEC-1EC7-4B8F-A30B-E4D90942FC07): 1
LogDevObjectVersion:   Dev-Automation (0DF73D61-A23F-47EA-B727-89E90C41499A): 1
LogDevObjectVersion:   FortniteMain (601D1886-AC64-4F84-AA16-D3DE0DEAC7D6): 47
LogDevObjectVersion:   FortniteRelease (E7086368-6B23-4C58-8439-1B7016265E91): 1
LogDevObjectVersion:   Dev-Enterprise (9DFFBCD6-494F-0158-E221-12823C92A888): 10
LogDevObjectVersion:   Dev-Niagara (F2AED0AC-9AFE-416F-8664-AA7FFA26D6FC): 1
LogDevObjectVersion:   Dev-Destruction (174F1F0B-B4C6-45A5-B13F-2EE8D0FB917D): 10
LogDevObjectVersion:   Dev-Physics-Ext (35F94A83-E258-406C-A318-09F59610247C): 41
LogDevObjectVersion:   Dev-PhysicsMaterial-Chaos (B68FC16E-8B1B-42E2-B453-215C058844FE): 1
LogDevObjectVersion:   Dev-CineCamera (B2E18506-4273-CFC2-A54E-F4BB758BBA07): 1
LogDevObjectVersion:   Dev-VirtualProduction (64F58936-FD1B-42BA-BA96-7289D5D0FA4E): 1
LogDevObjectVersion:   Dev-MediaFramework (6F0ED827-A609-4895-9C91-998D90180EA4): 2
LogInit: Presizing for max 25165824 objects, including 0 objects not considered by GC, pre-allocating 0 bytes for permanent pool.
LogConfig: Applying CVar settings from Section [/Script/Engine.StreamingSettings] File [S:/projetos/rallyUE/brally/Saved/Config/Windows/Engine.ini]
LogConfig: Setting CVar [[s.MinBulkDataSizeForAsyncLoading:131072]]
LogConfig: Setting CVar [[s.AsyncLoadingThreadEnabled:0]]
LogConfig: Setting CVar [[s.EventDrivenLoaderEnabled:1]]
LogConfig: Setting CVar [[s.WarnIfTimeLimitExceeded:0]]
LogConfig: Setting CVar [[s.TimeLimitExceededMultiplier:1.5]]
LogConfig: Setting CVar [[s.TimeLimitExceededMinTime:0.005]]
LogConfig: Setting CVar [[s.UseBackgroundLevelStreaming:1]]
LogConfig: Setting CVar [[s.PriorityAsyncLoadingExtraTime:15.0]]
LogConfig: Setting CVar [[s.LevelStreamingActorsUpdateTimeLimit:5.0]]
LogConfig: Setting CVar [[s.PriorityLevelStreamingActorsUpdateExtraTime:5.0]]
LogConfig: Setting CVar [[s.LevelStreamingComponentsRegistrationGranularity:10]]
LogConfig: Setting CVar [[s.UnregisterComponentsTimeLimit:1.0]]
LogConfig: Setting CVar [[s.LevelStreamingComponentsUnregistrationGranularity:5]]
LogConfig: Setting CVar [[s.FlushStreamingOnExit:1]]
LogInit: Object subsystem initialized
LogConfig: Setting CVar [[con.DebugEarlyDefault:1]]
LogConfig: Setting CVar [[r.setres:1280x720]]
[2022.05.23-18.15.29:653][  0]LogConfig: Setting CVar [[r.VSync:0]]
[2022.05.23-18.15.29:653][  0]LogConfig: Setting CVar [[r.RHICmdBypass:0]]
[2022.05.23-18.15.29:653][  0]LogConfig: Applying CVar settings from Section [/Script/Engine.RendererSettings] File [S:/projetos/rallyUE/brally/Saved/Config/Windows/Engine.ini]
[2022.05.23-18.15.29:653][  0]LogConfig: Setting CVar [[r.GPUCrashDebugging:0]]
[2022.05.23-18.15.29:653][  0]LogConfig: Applying CVar settings from Section [/Script/Engine.RendererOverrideSettings] File [S:/projetos/rallyUE/brally/Saved/Config/Windows/Engine.ini]
[2022.05.23-18.15.29:653][  0]LogConfig: Applying CVar settings from Section [/Script/Engine.StreamingSettings] File [S:/projetos/rallyUE/brally/Saved/Config/Windows/Engine.ini]
[2022.05.23-18.15.29:653][  0]LogConfig: Setting CVar [[s.MinBulkDataSizeForAsyncLoading:131072]]
[2022.05.23-18.15.29:653][  0]LogConfig: Setting CVar [[s.AsyncLoadingThreadEnabled:0]]
[2022.05.23-18.15.29:653][  0]LogConfig: Setting CVar [[s.EventDrivenLoaderEnabled:1]]
[2022.05.23-18.15.29:653][  0]LogConfig: Setting CVar [[s.WarnIfTimeLimitExceeded:0]]
[2022.05.23-18.15.29:653][  0]LogConfig: Setting CVar [[s.TimeLimitExceededMultiplier:1.5]]
[2022.05.23-18.15.29:653][  0]LogConfig: Setting CVar [[s.TimeLimitExceededMinTime:0.005]]
[2022.05.23-18.15.29:653][  0]LogConfig: Setting CVar [[s.UseBackgroundLevelStreaming:1]]
[2022.05.23-18.15.29:653][  0]LogConfig: Setting CVar [[s.PriorityAsyncLoadingExtraTime:15.0]]
[2022.05.23-18.15.29:653][  0]LogConfig: Setting CVar [[s.LevelStreamingActorsUpdateTimeLimit:5.0]]
[2022.05.23-18.15.29:653][  0]LogConfig: Setting CVar [[s.PriorityLevelStreamingActorsUpdateExtraTime:5.0]]
[2022.05.23-18.15.29:653][  0]LogConfig: Setting CVar [[s.LevelStreamingComponentsRegistrationGranularity:10]]
[2022.05.23-18.15.29:653][  0]LogConfig: Setting CVar [[s.UnregisterComponentsTimeLimit:1.0]]
[2022.05.23-18.15.29:653][  0]LogConfig: Setting CVar [[s.LevelStreamingComponentsUnregistrationGranularity:5]]
[2022.05.23-18.15.29:653][  0]LogConfig: Setting CVar [[s.FlushStreamingOnExit:1]]
[2022.05.23-18.15.29:653][  0]LogConfig: Applying CVar settings from Section [/Script/Engine.GarbageCollectionSettings] File [S:/projetos/rallyUE/brally/Saved/Config/Windows/Engine.ini]
[2022.05.23-18.15.29:653][  0]LogConfig: Setting CVar [[gc.MaxObjectsNotConsideredByGC:1]]
[2022.05.23-18.15.29:653][  0]LogConfig: Setting CVar [[gc.SizeOfPermanentObjectPool:0]]
[2022.05.23-18.15.29:653][  0]LogConfig: Setting CVar [[gc.FlushStreamingOnGC:0]]
[2022.05.23-18.15.29:653][  0]LogConfig: Setting CVar [[gc.NumRetriesBeforeForcingGC:10]]
[2022.05.23-18.15.29:653][  0]LogConfig: Setting CVar [[gc.AllowParallelGC:1]]
[2022.05.23-18.15.29:653][  0]LogConfig: Setting CVar [[gc.TimeBetweenPurgingPendingKillObjects:61.1]]
[2022.05.23-18.15.29:654][  0]LogConfig: Setting CVar [[gc.MaxObjectsInEditor:25165824]]
[2022.05.23-18.15.29:654][  0]LogConfig: Setting CVar [[gc.IncrementalBeginDestroyEnabled:1]]
[2022.05.23-18.15.29:654][  0]LogConfig: Setting CVar [[gc.CreateGCClusters:1]]
[2022.05.23-18.15.29:654][  0]LogConfig: Setting CVar [[gc.MinGCClusterSize:5]]
[2022.05.23-18.15.29:654][  0]LogConfig: Setting CVar [[gc.ActorClusteringEnabled:0]]
[2022.05.23-18.15.29:654][  0]LogConfig: Setting CVar [[gc.BlueprintClusteringEnabled:0]]
[2022.05.23-18.15.29:654][  0]LogConfig: Setting CVar [[gc.UseDisregardForGCOnDedicatedServers:0]]
[2022.05.23-18.15.29:654][  0]LogConfig: Setting CVar [[gc.MultithreadedDestructionEnabled:1]]
[2022.05.23-18.15.29:654][  0]LogConfig: Applying CVar settings from Section [/Script/Engine.NetworkSettings] File [S:/projetos/rallyUE/brally/Saved/Config/Windows/Engine.ini]
[2022.05.23-18.15.29:654][  0]LogConfig: Applying CVar settings from Section [/Script/UnrealEd.CookerSettings] File [S:/projetos/rallyUE/brally/Saved/Config/Windows/Engine.ini]
[2022.05.23-18.15.29:670][  0]LogConfig: Applying CVar settings from Section [ViewDistanceQuality@3] File [S:/projetos/rallyUE/brally/Saved/Config/Windows/Scalability.ini]
[2022.05.23-18.15.29:670][  0]LogConfig: Setting CVar [[r.SkeletalMeshLODBias:0]]
[2022.05.23-18.15.29:670][  0]LogConfig: Setting CVar [[r.ViewDistanceScale:1.0]]
[2022.05.23-18.15.29:670][  0]LogConfig: Applying CVar settings from Section [AntiAliasingQuality@3] File [S:/projetos/rallyUE/brally/Saved/Config/Windows/Scalability.ini]
[2022.05.23-18.15.29:670][  0]LogConfig: Setting CVar [[r.PostProcessAAQuality:4]]
[2022.05.23-18.15.29:670][  0]LogConfig: Applying CVar settings from Section [ShadowQuality@3] File [S:/projetos/rallyUE/brally/Saved/Config/Windows/Scalability.ini]
[2022.05.23-18.15.29:670][  0]LogConfig: Setting CVar [[r.LightFunctionQuality:1]]
[2022.05.23-18.15.29:670][  0]LogConfig: Setting CVar [[r.ShadowQuality:5]]
[2022.05.23-18.15.29:670][  0]LogConfig: Setting CVar [[r.Shadow.CSM.MaxCascades:10]]
[2022.05.23-18.15.29:670][  0]LogConfig: Setting CVar [[r.Shadow.MaxResolution:2048]]
[2022.05.23-18.15.29:670][  0]LogConfig: Setting CVar [[r.Shadow.MaxCSMResolution:2048]]
[2022.05.23-18.15.29:670][  0]LogConfig: Setting CVar [[r.Shadow.RadiusThreshold:0.01]]
[2022.05.23-18.15.29:670][  0]LogConfig: Setting CVar [[r.Shadow.DistanceScale:1.0]]
[2022.05.23-18.15.29:670][  0]LogConfig: Setting CVar [[r.Shadow.CSM.TransitionScale:1.0]]
[2022.05.23-18.15.29:670][  0]LogConfig: Setting CVar [[r.Shadow.PreShadowResolutionFactor:1.0]]
[2022.05.23-18.15.29:670][  0]LogConfig: Setting CVar [[r.DistanceFieldShadowing:1]]
[2022.05.23-18.15.29:670][  0]LogConfig: Setting CVar [[r.DistanceFieldAO:1]]
[2022.05.23-18.15.29:670][  0]LogConfig: Setting CVar [[r.AOQuality:2]]
[2022.05.23-18.15.29:670][  0]LogConfig: Setting CVar [[r.VolumetricFog:1]]
[2022.05.23-18.15.29:670][  0]LogConfig: Setting CVar [[r.VolumetricFog.GridPixelSize:8]]
[2022.05.23-18.15.29:670][  0]LogConfig: Setting CVar [[r.VolumetricFog.GridSizeZ:128]]
[2022.05.23-18.15.29:670][  0]LogConfig: Setting CVar [[r.VolumetricFog.HistoryMissSupersampleCount:4]]
[2022.05.23-18.15.29:670][  0]LogConfig: Setting CVar [[r.LightMaxDrawDistanceScale:1]]
[2022.05.23-18.15.29:670][  0]LogConfig: Setting CVar [[r.CapsuleShadows:1]]
[2022.05.23-18.15.29:670][  0]LogConfig: Applying CVar settings from Section [PostProcessQuality@3] File [S:/projetos/rallyUE/brally/Saved/Config/Windows/Scalability.ini]
[2022.05.23-18.15.29:670][  0]LogConfig: Setting CVar [[r.MotionBlurQuality:4]]
[2022.05.23-18.15.29:670][  0]LogConfig: Setting CVar [[r.AmbientOcclusionMipLevelFactor:0.4]]
[2022.05.23-18.15.29:670][  0]LogConfig: Setting CVar [[r.AmbientOcclusionMaxQuality:100]]
[2022.05.23-18.15.29:670][  0]LogConfig: Setting CVar [[r.AmbientOcclusionLevels:-1]]
[2022.05.23-18.15.29:671][  0]LogConfig: Setting CVar [[r.AmbientOcclusionRadiusScale:1.0]]
[2022.05.23-18.15.29:671][  0]LogConfig: Setting CVar [[r.DepthOfFieldQuality:2]]
[2022.05.23-18.15.29:671][  0]LogConfig: Setting CVar [[r.RenderTargetPoolMin:400]]
[2022.05.23-18.15.29:671][  0]LogConfig: Setting CVar [[r.LensFlareQuality:2]]
[2022.05.23-18.15.29:671][  0]LogConfig: Setting CVar [[r.SceneColorFringeQuality:1]]
[2022.05.23-18.15.29:671][  0]LogConfig: Setting CVar [[r.EyeAdaptationQuality:2]]
[2022.05.23-18.15.29:671][  0]LogConfig: Setting CVar [[r.BloomQuality:5]]
[2022.05.23-18.15.29:671][  0]LogConfig: Setting CVar [[r.FastBlurThreshold:100]]
[2022.05.23-18.15.29:671][  0]LogConfig: Setting CVar [[r.Upscale.Quality:3]]
[2022.05.23-18.15.29:671][  0]LogConfig: Setting CVar [[r.Tonemapper.GrainQuantization:1]]
[2022.05.23-18.15.29:671][  0]LogConfig: Setting CVar [[r.LightShaftQuality:1]]
[2022.05.23-18.15.29:671][  0]LogConfig: Setting CVar [[r.Filter.SizeScale:1]]
[2022.05.23-18.15.29:671][  0]LogConfig: Setting CVar [[r.Tonemapper.Quality:5]]
[2022.05.23-18.15.29:671][  0]LogConfig: Setting CVar [[r.DOF.Gather.AccumulatorQuality:1        ; higher gathering accumulator quality]]
[2022.05.23-18.15.29:671][  0]LogConfig: Setting CVar [[r.DOF.Gather.PostfilterMethod:1          ; Median3x3 postfilering method]]
[2022.05.23-18.15.29:671][  0]LogConfig: Setting CVar [[r.DOF.Gather.EnableBokehSettings:0       ; no bokeh simulation when gathering]]
[2022.05.23-18.15.29:671][  0]LogConfig: Setting CVar [[r.DOF.Gather.RingCount:4                 ; medium number of samples when gathering]]
[2022.05.23-18.15.29:671][  0]LogConfig: Setting CVar [[r.DOF.Scatter.ForegroundCompositing:1    ; additive foreground scattering]]
[2022.05.23-18.15.29:671][  0]LogConfig: Setting CVar [[r.DOF.Scatter.BackgroundCompositing:2    ; additive background scattering]]
[2022.05.23-18.15.29:671][  0]LogConfig: Setting CVar [[r.DOF.Scatter.EnableBokehSettings:1      ; bokeh simulation when scattering]]
[2022.05.23-18.15.29:671][  0]LogConfig: Setting CVar [[r.DOF.Scatter.MaxSpriteRatio:0.1         ; only a maximum of 10% of scattered bokeh]]
[2022.05.23-18.15.29:671][  0]LogConfig: Setting CVar [[r.DOF.Recombine.Quality:1                ; cheap slight out of focus]]
[2022.05.23-18.15.29:671][  0]LogConfig: Setting CVar [[r.DOF.Recombine.EnableBokehSettings:0    ; no bokeh simulation on slight out of focus]]
[2022.05.23-18.15.29:672][  0]LogConfig: Setting CVar [[r.DOF.TemporalAAQuality:1                ; more stable temporal accumulation]]
[2022.05.23-18.15.29:672][  0]LogConfig: Setting CVar [[r.DOF.Kernel.MaxForegroundRadius:0.025]]
[2022.05.23-18.15.29:672][  0]LogConfig: Setting CVar [[r.DOF.Kernel.MaxBackgroundRadius:0.025]]
[2022.05.23-18.15.29:672][  0]LogConfig: Applying CVar settings from Section [TextureQuality@3] File [S:/projetos/rallyUE/brally/Saved/Config/Windows/Scalability.ini]
[2022.05.23-18.15.29:672][  0]LogConfig: Setting CVar [[r.Streaming.MipBias:0]]
[2022.05.23-18.15.29:672][  0]LogConfig: Setting CVar [[r.Streaming.AmortizeCPUToGPUCopy:0]]
[2022.05.23-18.15.29:672][  0]LogConfig: Setting CVar [[r.Streaming.MaxNumTexturesToStreamPerFrame:0]]
[2022.05.23-18.15.29:672][  0]LogConfig: Setting CVar [[r.Streaming.Boost:1]]
[2022.05.23-18.15.29:672][  0]LogConfig: Setting CVar [[r.MaxAnisotropy:8]]
[2022.05.23-18.15.29:672][  0]LogConfig: Setting CVar [[r.VT.MaxAnisotropy:8]]
[2022.05.23-18.15.29:672][  0]LogConfig: Setting CVar [[r.Streaming.LimitPoolSizeToVRAM:0]]
[2022.05.23-18.15.29:672][  0]LogConfig: Setting CVar [[r.Streaming.PoolSize:1000]]
[2022.05.23-18.15.29:672][  0]LogConfig: Setting CVar [[r.Streaming.MaxEffectiveScreenSize:0]]
[2022.05.23-18.15.29:672][  0]LogConfig: Applying CVar settings from Section [EffectsQuality@3] File [S:/projetos/rallyUE/brally/Saved/Config/Windows/Scalability.ini]
[2022.05.23-18.15.29:672][  0]LogConfig: Setting CVar [[r.TranslucencyLightingVolumeDim:64]]
[2022.05.23-18.15.29:672][  0]LogConfig: Setting CVar [[r.RefractionQuality:2]]
[2022.05.23-18.15.29:672][  0]LogConfig: Setting CVar [[r.SSR.Quality:3]]
[2022.05.23-18.15.29:672][  0]LogConfig: Setting CVar [[r.SSR.HalfResSceneColor:0]]
[2022.05.23-18.15.29:672][  0]LogConfig: Setting CVar [[r.SceneColorFormat:4]]
[2022.05.23-18.15.29:672][  0]LogConfig: Setting CVar [[r.DetailMode:2]]
[2022.05.23-18.15.29:672][  0]LogConfig: Setting CVar [[r.TranslucencyVolumeBlur:1]]
[2022.05.23-18.15.29:672][  0]LogConfig: Setting CVar [[r.MaterialQualityLevel:1 ; High quality]]
[2022.05.23-18.15.29:672][  0]LogConfig: Setting CVar [[r.AnisotropicMaterials:1]]
[2022.05.23-18.15.29:672][  0]LogConfig: Setting CVar [[r.SSS.Scale:1]]
[2022.05.23-18.15.29:672][  0]LogConfig: Setting CVar [[r.SSS.SampleSet:2]]
[2022.05.23-18.15.29:672][  0]LogConfig: Setting CVar [[r.SSS.Quality:1]]
[2022.05.23-18.15.29:672][  0]LogConfig: Setting CVar [[r.SSS.HalfRes:0]]
[2022.05.23-18.15.29:672][  0]LogConfig: Setting CVar [[r.SSGI.Quality:3]]
[2022.05.23-18.15.29:672][  0]LogConfig: Setting CVar [[r.EmitterSpawnRateScale:1.0]]
[2022.05.23-18.15.29:672][  0]LogConfig: Setting CVar [[r.ParticleLightQuality:2]]
[2022.05.23-18.15.29:672][  0]LogConfig: Setting CVar [[r.SkyAtmosphere.AerialPerspectiveLUT.FastApplyOnOpaque:1 ; Always have FastSkyLUT 1 in this case to avoid wrong sky]]
[2022.05.23-18.15.29:672][  0]LogConfig: Setting CVar [[r.SkyAtmosphere.AerialPerspectiveLUT.SampleCountMaxPerSlice:4]]
[2022.05.23-18.15.29:672][  0]LogConfig: Setting CVar [[r.SkyAtmosphere.AerialPerspectiveLUT.DepthResolution:16.0]]
[2022.05.23-18.15.29:672][  0]LogConfig: Setting CVar [[r.SkyAtmosphere.FastSkyLUT:1]]
[2022.05.23-18.15.29:672][  0]LogConfig: Setting CVar [[r.SkyAtmosphere.FastSkyLUT.SampleCountMin:4.0]]
[2022.05.23-18.15.29:673][  0]LogConfig: Setting CVar [[r.SkyAtmosphere.FastSkyLUT.SampleCountMax:128.0]]
[2022.05.23-18.15.29:673][  0]LogConfig: Setting CVar [[r.SkyAtmosphere.SampleCountMin:4.0]]
[2022.05.23-18.15.29:673][  0]LogConfig: Setting CVar [[r.SkyAtmosphere.SampleCountMax:128.0]]
[2022.05.23-18.15.29:673][  0]LogConfig: Setting CVar [[r.SkyAtmosphere.TransmittanceLUT.UseSmallFormat:0]]
[2022.05.23-18.15.29:673][  0]LogConfig: Setting CVar [[r.SkyAtmosphere.TransmittanceLUT.SampleCount:10.0]]
[2022.05.23-18.15.29:673][  0]LogConfig: Setting CVar [[r.SkyAtmosphere.MultiScatteringLUT.SampleCount:15.0]]
[2022.05.23-18.15.29:673][  0]LogConfig: Setting CVar [[r.SkyLight.RealTimeReflectionCapture:1]]
[2022.05.23-18.15.29:673][  0]LogConfig: Applying CVar settings from Section [FoliageQuality@3] File [S:/projetos/rallyUE/brally/Saved/Config/Windows/Scalability.ini]
[2022.05.23-18.15.29:673][  0]LogConfig: Setting CVar [[foliage.DensityScale:1.0]]
[2022.05.23-18.15.29:673][  0]LogConfig: Setting CVar [[grass.DensityScale:1.0]]
[2022.05.23-18.15.29:673][  0]LogConfig: Applying CVar settings from Section [ShadingQuality@3] File [S:/projetos/rallyUE/brally/Saved/Config/Windows/Scalability.ini]
[2022.05.23-18.15.29:673][  0]LogConfig: Setting CVar [[r.HairStrands.SkyLighting.IntegrationType:2]]
[2022.05.23-18.15.29:673][  0]LogConfig: Setting CVar [[r.HairStrands.SkyAO.SampleCount:4]]
[2022.05.23-18.15.29:673][  0]LogConfig: Setting CVar [[r.HairStrands.Visibility.MSAA.SamplePerPixel:4]]
[2022.05.23-18.15.29:673][  0]LogInit: Selected Device Profile: [Windows]
[2022.05.23-18.15.29:673][  0]LogInit: Applying CVar settings loaded from the selected device profile: [Windows]
[2022.05.23-18.15.29:673][  0]LogHAL: Display: Platform has ~ 8 GB [8513687552 / 8589934592 / 8], which maps to Default [LargestMinGB=32, LargerMinGB=12, DefaultMinGB=8, SmallerMinGB=6, SmallestMinGB=0)
[2022.05.23-18.15.29:673][  0]LogInit: Going up to parent DeviceProfile []
[2022.05.23-18.15.29:673][  0]LogConfig: Applying CVar settings from Section [ViewDistanceQuality@3] File [S:/projetos/rallyUE/brally/Saved/Config/Windows/Scalability.ini]
[2022.05.23-18.15.29:673][  0]LogConfig: Setting CVar [[r.SkeletalMeshLODBias:0]]
[2022.05.23-18.15.29:673][  0]LogConfig: Setting CVar [[r.ViewDistanceScale:1.0]]
[2022.05.23-18.15.29:673][  0]LogConfig: Applying CVar settings from Section [AntiAliasingQuality@3] File [S:/projetos/rallyUE/brally/Saved/Config/Windows/Scalability.ini]
[2022.05.23-18.15.29:673][  0]LogConfig: Setting CVar [[r.PostProcessAAQuality:4]]
[2022.05.23-18.15.29:673][  0]LogConfig: Applying CVar settings from Section [ShadowQuality@3] File [S:/projetos/rallyUE/brally/Saved/Config/Windows/Scalability.ini]
[2022.05.23-18.15.29:673][  0]LogConfig: Setting CVar [[r.LightFunctionQuality:1]]
[2022.05.23-18.15.29:673][  0]LogConfig: Setting CVar [[r.ShadowQuality:5]]
[2022.05.23-18.15.29:673][  0]LogConfig: Setting CVar [[r.Shadow.CSM.MaxCascades:10]]
[2022.05.23-18.15.29:673][  0]LogConfig: Setting CVar [[r.Shadow.MaxResolution:2048]]
[2022.05.23-18.15.29:673][  0]LogConfig: Setting CVar [[r.Shadow.MaxCSMResolution:2048]]
[2022.05.23-18.15.29:673][  0]LogConfig: Setting CVar [[r.Shadow.RadiusThreshold:0.01]]
[2022.05.23-18.15.29:673][  0]LogConfig: Setting CVar [[r.Shadow.DistanceScale:1.0]]
[2022.05.23-18.15.29:673][  0]LogConfig: Setting CVar [[r.Shadow.CSM.TransitionScale:1.0]]
[2022.05.23-18.15.29:673][  0]LogConfig: Setting CVar [[r.Shadow.PreShadowResolutionFactor:1.0]]
[2022.05.23-18.15.29:673][  0]LogConfig: Setting CVar [[r.DistanceFieldShadowing:1]]
[2022.05.23-18.15.29:674][  0]LogConfig: Setting CVar [[r.DistanceFieldAO:1]]
[2022.05.23-18.15.29:674][  0]LogConfig: Setting CVar [[r.AOQuality:2]]
[2022.05.23-18.15.29:674][  0]LogConfig: Setting CVar [[r.VolumetricFog:1]]
[2022.05.23-18.15.29:674][  0]LogConfig: Setting CVar [[r.VolumetricFog.GridPixelSize:8]]
[2022.05.23-18.15.29:674][  0]LogConfig: Setting CVar [[r.VolumetricFog.GridSizeZ:128]]
[2022.05.23-18.15.29:674][  0]LogConfig: Setting CVar [[r.VolumetricFog.HistoryMissSupersampleCount:4]]
[2022.05.23-18.15.29:674][  0]LogConfig: Setting CVar [[r.LightMaxDrawDistanceScale:1]]
[2022.05.23-18.15.29:674][  0]LogConfig: Setting CVar [[r.CapsuleShadows:1]]
[2022.05.23-18.15.29:674][  0]LogConfig: Applying CVar settings from Section [PostProcessQuality@3] File [S:/projetos/rallyUE/brally/Saved/Config/Windows/Scalability.ini]
[2022.05.23-18.15.29:674][  0]LogConfig: Setting CVar [[r.MotionBlurQuality:4]]
[2022.05.23-18.15.29:674][  0]LogConfig: Setting CVar [[r.AmbientOcclusionMipLevelFactor:0.4]]
[2022.05.23-18.15.29:674][  0]LogConfig: Setting CVar [[r.AmbientOcclusionMaxQuality:100]]
[2022.05.23-18.15.29:674][  0]LogConfig: Setting CVar [[r.AmbientOcclusionLevels:-1]]
[2022.05.23-18.15.29:674][  0]LogConfig: Setting CVar [[r.AmbientOcclusionRadiusScale:1.0]]
[2022.05.23-18.15.29:674][  0]LogConfig: Setting CVar [[r.DepthOfFieldQuality:2]]
[2022.05.23-18.15.29:674][  0]LogConfig: Setting CVar [[r.RenderTargetPoolMin:400]]
[2022.05.23-18.15.29:674][  0]LogConfig: Setting CVar [[r.LensFlareQuality:2]]
[2022.05.23-18.15.29:674][  0]LogConfig: Setting CVar [[r.SceneColorFringeQuality:1]]
[2022.05.23-18.15.29:674][  0]LogConfig: Setting CVar [[r.EyeAdaptationQuality:2]]
[2022.05.23-18.15.29:674][  0]LogConfig: Setting CVar [[r.BloomQuality:5]]
[2022.05.23-18.15.29:674][  0]LogConfig: Setting CVar [[r.FastBlurThreshold:100]]
[2022.05.23-18.15.29:674][  0]LogConfig: Setting CVar [[r.Upscale.Quality:3]]
[2022.05.23-18.15.29:674][  0]LogConfig: Setting CVar [[r.Tonemapper.GrainQuantization:1]]
[2022.05.23-18.15.29:674][  0]LogConfig: Setting CVar [[r.LightShaftQuality:1]]
[2022.05.23-18.15.29:674][  0]LogConfig: Setting CVar [[r.Filter.SizeScale:1]]
[2022.05.23-18.15.29:674][  0]LogConfig: Setting CVar [[r.Tonemapper.Quality:5]]
[2022.05.23-18.15.29:674][  0]LogConfig: Setting CVar [[r.DOF.Gather.AccumulatorQuality:1        ; higher gathering accumulator quality]]
[2022.05.23-18.15.29:674][  0]LogConfig: Setting CVar [[r.DOF.Gather.PostfilterMethod:1          ; Median3x3 postfilering method]]
[2022.05.23-18.15.29:674][  0]LogConfig: Setting CVar [[r.DOF.Gather.EnableBokehSettings:0       ; no bokeh simulation when gathering]]
[2022.05.23-18.15.29:674][  0]LogConfig: Setting CVar [[r.DOF.Gather.RingCount:4                 ; medium number of samples when gathering]]
[2022.05.23-18.15.29:674][  0]LogConfig: Setting CVar [[r.DOF.Scatter.ForegroundCompositing:1    ; additive foreground scattering]]
[2022.05.23-18.15.29:674][  0]LogConfig: Setting CVar [[r.DOF.Scatter.BackgroundCompositing:2    ; additive background scattering]]
[2022.05.23-18.15.29:674][  0]LogConfig: Setting CVar [[r.DOF.Scatter.EnableBokehSettings:1      ; bokeh simulation when scattering]]
[2022.05.23-18.15.29:674][  0]LogConfig: Setting CVar [[r.DOF.Scatter.MaxSpriteRatio:0.1         ; only a maximum of 10% of scattered bokeh]]
[2022.05.23-18.15.29:674][  0]LogConfig: Setting CVar [[r.DOF.Recombine.Quality:1                ; cheap slight out of focus]]
[2022.05.23-18.15.29:674][  0]LogConfig: Setting CVar [[r.DOF.Recombine.EnableBokehSettings:0    ; no bokeh simulation on slight out of focus]]
[2022.05.23-18.15.29:674][  0]LogConfig: Setting CVar [[r.DOF.TemporalAAQuality:1                ; more stable temporal accumulation]]
[2022.05.23-18.15.29:674][  0]LogConfig: Setting CVar [[r.DOF.Kernel.MaxForegroundRadius:0.025]]
[2022.05.23-18.15.29:674][  0]LogConfig: Setting CVar [[r.DOF.Kernel.MaxBackgroundRadius:0.025]]
[2022.05.23-18.15.29:675][  0]LogConfig: Applying CVar settings from Section [TextureQuality@3] File [S:/projetos/rallyUE/brally/Saved/Config/Windows/Scalability.ini]
[2022.05.23-18.15.29:675][  0]LogConfig: Setting CVar [[r.Streaming.MipBias:0]]
[2022.05.23-18.15.29:675][  0]LogConfig: Setting CVar [[r.Streaming.AmortizeCPUToGPUCopy:0]]
[2022.05.23-18.15.29:675][  0]LogConfig: Setting CVar [[r.Streaming.MaxNumTexturesToStreamPerFrame:0]]
[2022.05.23-18.15.29:675][  0]LogConfig: Setting CVar [[r.Streaming.Boost:1]]
[2022.05.23-18.15.29:675][  0]LogConfig: Setting CVar [[r.MaxAnisotropy:8]]
[2022.05.23-18.15.29:675][  0]LogConfig: Setting CVar [[r.VT.MaxAnisotropy:8]]
[2022.05.23-18.15.29:675][  0]LogConfig: Setting CVar [[r.Streaming.LimitPoolSizeToVRAM:0]]
[2022.05.23-18.15.29:675][  0]LogConfig: Setting CVar [[r.Streaming.PoolSize:1000]]
[2022.05.23-18.15.29:675][  0]LogConfig: Setting CVar [[r.Streaming.MaxEffectiveScreenSize:0]]
[2022.05.23-18.15.29:675][  0]LogConfig: Applying CVar settings from Section [EffectsQuality@3] File [S:/projetos/rallyUE/brally/Saved/Config/Windows/Scalability.ini]
[2022.05.23-18.15.29:675][  0]LogConfig: Setting CVar [[r.TranslucencyLightingVolumeDim:64]]
[2022.05.23-18.15.29:675][  0]LogConfig: Setting CVar [[r.RefractionQuality:2]]
[2022.05.23-18.15.29:675][  0]LogConfig: Setting CVar [[r.SSR.Quality:3]]
[2022.05.23-18.15.29:675][  0]LogConfig: Setting CVar [[r.SSR.HalfResSceneColor:0]]
[2022.05.23-18.15.29:675][  0]LogConfig: Setting CVar [[r.SceneColorFormat:4]]
[2022.05.23-18.15.29:675][  0]LogConfig: Setting CVar [[r.DetailMode:2]]
[2022.05.23-18.15.29:675][  0]LogConfig: Setting CVar [[r.TranslucencyVolumeBlur:1]]
[2022.05.23-18.15.29:675][  0]LogConfig: Setting CVar [[r.MaterialQualityLevel:1 ; High quality]]
[2022.05.23-18.15.29:675][  0]LogConfig: Setting CVar [[r.AnisotropicMaterials:1]]
[2022.05.23-18.15.29:675][  0]LogConfig: Setting CVar [[r.SSS.Scale:1]]
[2022.05.23-18.15.29:675][  0]LogConfig: Setting CVar [[r.SSS.SampleSet:2]]
[2022.05.23-18.15.29:675][  0]LogConfig: Setting CVar [[r.SSS.Quality:1]]
[2022.05.23-18.15.29:675][  0]LogConfig: Setting CVar [[r.SSS.HalfRes:0]]
[2022.05.23-18.15.29:675][  0]LogConfig: Setting CVar [[r.SSGI.Quality:3]]
[2022.05.23-18.15.29:675][  0]LogConfig: Setting CVar [[r.EmitterSpawnRateScale:1.0]]
[2022.05.23-18.15.29:675][  0]LogConfig: Setting CVar [[r.ParticleLightQuality:2]]
[2022.05.23-18.15.29:675][  0]LogConfig: Setting CVar [[r.SkyAtmosphere.AerialPerspectiveLUT.FastApplyOnOpaque:1 ; Always have FastSkyLUT 1 in this case to avoid wrong sky]]
[2022.05.23-18.15.29:675][  0]LogConfig: Setting CVar [[r.SkyAtmosphere.AerialPerspectiveLUT.SampleCountMaxPerSlice:4]]
[2022.05.23-18.15.29:675][  0]LogConfig: Setting CVar [[r.SkyAtmosphere.AerialPerspectiveLUT.DepthResolution:16.0]]
[2022.05.23-18.15.29:675][  0]LogConfig: Setting CVar [[r.SkyAtmosphere.FastSkyLUT:1]]
[2022.05.23-18.15.29:675][  0]LogConfig: Setting CVar [[r.SkyAtmosphere.FastSkyLUT.SampleCountMin:4.0]]
[2022.05.23-18.15.29:675][  0]LogConfig: Setting CVar [[r.SkyAtmosphere.FastSkyLUT.SampleCountMax:128.0]]
[2022.05.23-18.15.29:675][  0]LogConfig: Setting CVar [[r.SkyAtmosphere.SampleCountMin:4.0]]
[2022.05.23-18.15.29:676][  0]LogConfig: Setting CVar [[r.SkyAtmosphere.SampleCountMax:128.0]]
[2022.05.23-18.15.29:676][  0]LogConfig: Setting CVar [[r.SkyAtmosphere.TransmittanceLUT.UseSmallFormat:0]]
[2022.05.23-18.15.29:676][  0]LogConfig: Setting CVar [[r.SkyAtmosphere.TransmittanceLUT.SampleCount:10.0]]
[2022.05.23-18.15.29:676][  0]LogConfig: Setting CVar [[r.SkyAtmosphere.MultiScatteringLUT.SampleCount:15.0]]
[2022.05.23-18.15.29:676][  0]LogConfig: Setting CVar [[r.SkyLight.RealTimeReflectionCapture:1]]
[2022.05.23-18.15.29:676][  0]LogConfig: Applying CVar settings from Section [FoliageQuality@3] File [S:/projetos/rallyUE/brally/Saved/Config/Windows/Scalability.ini]
[2022.05.23-18.15.29:676][  0]LogConfig: Setting CVar [[foliage.DensityScale:1.0]]
[2022.05.23-18.15.29:676][  0]LogConfig: Setting CVar [[grass.DensityScale:1.0]]
[2022.05.23-18.15.29:676][  0]LogConfig: Applying CVar settings from Section [ShadingQuality@3] File [S:/projetos/rallyUE/brally/Saved/Config/Windows/Scalability.ini]
[2022.05.23-18.15.29:676][  0]LogConfig: Setting CVar [[r.HairStrands.SkyLighting.IntegrationType:2]]
[2022.05.23-18.15.29:676][  0]LogConfig: Setting CVar [[r.HairStrands.SkyAO.SampleCount:4]]
[2022.05.23-18.15.29:676][  0]LogConfig: Setting CVar [[r.HairStrands.Visibility.MSAA.SamplePerPixel:4]]
[2022.05.23-18.15.29:676][  0]LogConfig: Applying CVar settings from Section [Startup] File [../../../Engine/Config/ConsoleVariables.ini]
[2022.05.23-18.15.29:676][  0]LogConfig: Setting CVar [[net.UseAdaptiveNetUpdateFrequency:0]]
[2022.05.23-18.15.29:676][  0]LogConfig: Setting CVar [[p.chaos.AllowCreatePhysxBodies:1]]
[2022.05.23-18.15.29:676][  0]LogConfig: Setting CVar [[fx.SkipVectorVMBackendOptimizations:1]]
[2022.05.23-18.15.29:676][  0]LogConfig: Applying CVar settings from Section [ConsoleVariables] File [S:/projetos/rallyUE/brally/Saved/Config/Windows/Engine.ini]
[2022.05.23-18.15.29:676][  0]LogConfig: Applying CVar settings from Section [ConsoleVariables] File [S:/projetos/rallyUE/brally/Saved/Config/Windows/Editor.ini]
[2022.05.23-18.15.29:677][  0]LogInit: Computer: DESKTOP-F4V4HAJ
[2022.05.23-18.15.29:677][  0]LogInit: User: erick
[2022.05.23-18.15.29:677][  0]LogInit: CPU Page size=4096, Cores=2
[2022.05.23-18.15.29:677][  0]LogInit: High frequency timer resolution =10.000000 MHz
[2022.05.23-18.15.29:677][  0]LogMemory: Memory total: Physical=7.9GB (8GB approx)
[2022.05.23-18.15.29:677][  0]LogMemory: Platform Memory Stats for Windows
[2022.05.23-18.15.29:677][  0]LogMemory: Process Physical Memory: 141.74 MB used, 141.74 MB peak
[2022.05.23-18.15.29:677][  0]LogMemory: Process Virtual Memory: 120.61 MB used, 120.61 MB peak
[2022.05.23-18.15.29:677][  0]LogMemory: Physical Memory: 7067.94 MB used,  1051.35 MB free, 8119.29 MB total
[2022.05.23-18.15.29:677][  0]LogMemory: Virtual Memory: 134209080.00 MB used,  8650.21 MB free, 134217728.00 MB total
[2022.05.23-18.15.29:684][  0]LogWindows: WindowsPlatformFeatures enabled
[2022.05.23-18.15.29:716][  0]LogInit: Physics initialised using underlying interface: PhysX
[2022.05.23-18.15.29:717][  0]LogInit: Using OS detected language (pt-BR).
[2022.05.23-18.15.29:717][  0]LogInit: Using OS detected locale (pt-BR).
[2022.05.23-18.15.29:754][  0]LogTextLocalizationResource: LocRes '../../../Engine/Content/Localization/Editor/pt/Editor.locres' could not be opened for reading!
[2022.05.23-18.15.29:754][  0]LogTextLocalizationResource: LocRes '../../../Engine/Content/Localization/EditorTutorials/pt/EditorTutorials.locres' could not be opened for reading!
[2022.05.23-18.15.29:754][  0]LogTextLocalizationResource: LocRes '../../../Engine/Content/Localization/Keywords/pt/Keywords.locres' could not be opened for reading!
[2022.05.23-18.15.29:755][  0]LogTextLocalizationResource: LocRes '../../../Engine/Content/Localization/Category/pt/Category.locres' could not be opened for reading!
[2022.05.23-18.15.29:755][  0]LogTextLocalizationResource: LocRes '../../../Engine/Content/Localization/ToolTips/pt/ToolTips.locres' could not be opened for reading!
[2022.05.23-18.15.29:755][  0]LogTextLocalizationResource: LocRes '../../../Engine/Content/Localization/PropertyNames/pt/PropertyNames.locres' could not be opened for reading!
[2022.05.23-18.15.29:755][  0]LogTextLocalizationResource: LocRes '../../../Engine/Content/Localization/Engine/pt/Engine.locres' could not be opened for reading!
[2022.05.23-18.15.29:755][  0]LogTextLocalizationResource: LocRes '../../../Engine/Plugins/Online/OnlineSubsystem/Content/Localization/OnlineSubsystem/pt/OnlineSubsystem.locres' could not be opened for reading!
[2022.05.23-18.15.29:755][  0]LogTextLocalizationResource: LocRes '../../../Engine/Plugins/Online/OnlineSubsystemUtils/Content/Localization/OnlineSubsystemUtils/pt/OnlineSubsystemUtils.locres' could not be opened for reading!
[2022.05.23-18.15.29:755][  0]LogTextLocalizationResource: LocRes '../../../Engine/Plugins/Online/Android/OnlineSubsystemGooglePlay/Content/Localization/OnlineSubsystemGooglePlay/pt/OnlineSubsystemGooglePlay.locres' could not be opened for reading!
[2022.05.23-18.15.29:755][  0]LogTextLocalizationResource: LocRes '../../../Engine/Plugins/Online/IOS/OnlineSubsystemIOS/Content/Localization/OnlineSubsystemIOS/pt/OnlineSubsystemIOS.locres' could not be opened for reading!
[2022.05.23-18.15.29:771][  0]LogInit: Setting process to per monitor DPI aware
[2022.05.23-18.15.29:784][  0]LogWindowsTextInputMethodSystem: Display: IME system deactivated.
[2022.05.23-18.15.29:799][  0]LogSlate: New Slate User Created.  User Index 0, Is Virtual User: 0
[2022.05.23-18.15.29:799][  0]LogSlate: Slate User Registered.  User Index 0, Is Virtual User: 0
[2022.05.23-18.15.30:022][  0]LogD3D11RHI: Loaded GFSDK_Aftermath_Lib.x64.dll
[2022.05.23-18.15.30:027][  0]LogHMD: Failed to initialize OpenVR with code 110
[2022.05.23-18.15.30:027][  0]LogD3D11RHI: D3D11 min allowed feature level: 11_0
[2022.05.23-18.15.30:028][  0]LogD3D11RHI: D3D11 max allowed feature level: 11_0
[2022.05.23-18.15.30:028][  0]LogD3D11RHI: D3D11 adapters:
[2022.05.23-18.15.30:435][  0]LogD3D11RHI:    0. 'NVIDIA GeForce GTX 750 Ti' (Feature Level 11_0)
[2022.05.23-18.15.30:435][  0]LogD3D11RHI:       2007/0/4059 MB DedicatedVideo/DedicatedSystem/SharedSystem, Outputs:1, VendorId:0x10de
[2022.05.23-18.15.30:441][  0]LogD3D11RHI:    1. 'Microsoft Basic Render Driver' (Feature Level 11_0)
[2022.05.23-18.15.30:441][  0]LogD3D11RHI:       0/0/4059 MB DedicatedVideo/DedicatedSystem/SharedSystem, Outputs:0, VendorId:0x1414
[2022.05.23-18.15.30:441][  0]LogD3D11RHI: Chosen D3D11 Adapter:
[2022.05.23-18.15.30:441][  0]LogD3D11RHI:     Description : NVIDIA GeForce GTX 750 Ti
[2022.05.23-18.15.30:441][  0]LogD3D11RHI:     VendorId    : 10de
[2022.05.23-18.15.30:441][  0]LogD3D11RHI:     DeviceId    : 1380
[2022.05.23-18.15.30:441][  0]LogD3D11RHI:     SubSysId    : 37513842
[2022.05.23-18.15.30:441][  0]LogD3D11RHI:     Revision    : 00a2
[2022.05.23-18.15.30:441][  0]LogD3D11RHI:     DedicatedVideoMemory : 2105212928 bytes
[2022.05.23-18.15.30:441][  0]LogD3D11RHI:     DedicatedSystemMemory : 0 bytes
[2022.05.23-18.15.30:441][  0]LogD3D11RHI:     SharedSystemMemory : 4256843776 bytes
[2022.05.23-18.15.30:441][  0]LogD3D11RHI:     AdapterLuid : 0 46990
[2022.05.23-18.15.30:448][  0]LogD3D11RHI: Creating new Direct3DDevice
[2022.05.23-18.15.30:448][  0]LogD3D11RHI:     GPU DeviceId: 0x1380 (for the marketing name, search the web for "GPU Device Id")
[2022.05.23-18.15.30:448][  0]LogWindows: EnumDisplayDevices:
[2022.05.23-18.15.30:449][  0]LogWindows:    0. 'NVIDIA GeForce GTX 750 Ti' (P:1 D:1)
[2022.05.23-18.15.30:449][  0]LogWindows:    1. 'NVIDIA GeForce GTX 750 Ti' (P:0 D:0)
[2022.05.23-18.15.30:449][  0]LogWindows:    2. 'NVIDIA GeForce GTX 750 Ti' (P:0 D:0)
[2022.05.23-18.15.30:450][  0]LogWindows:    3. 'NVIDIA GeForce GTX 750 Ti' (P:0 D:0)
[2022.05.23-18.15.30:450][  0]LogWindows: DebugString: FoundDriverCount:4 
[2022.05.23-18.15.30:450][  0]LogD3D11RHI:     Adapter Name: NVIDIA GeForce GTX 750 Ti
[2022.05.23-18.15.30:450][  0]LogD3D11RHI:   Driver Version: 512.15 (internal:30.0.15.1215, unified:512.15)
[2022.05.23-18.15.30:450][  0]LogD3D11RHI:      Driver Date: 3-17-2022
[2022.05.23-18.15.30:450][  0]LogRHI: Texture pool is 1405 MB (70% of 2007 MB)
[2022.05.23-18.15.30:450][  0]LogD3D11RHI: Creating D3DDevice using adapter:
[2022.05.23-18.15.30:450][  0]LogD3D11RHI:     Description : NVIDIA GeForce GTX 750 Ti
[2022.05.23-18.15.30:450][  0]LogD3D11RHI:     VendorId    : 10de
[2022.05.23-18.15.30:450][  0]LogD3D11RHI:     DeviceId    : 1380
[2022.05.23-18.15.30:450][  0]LogD3D11RHI:     SubSysId    : 37513842
[2022.05.23-18.15.30:450][  0]LogD3D11RHI:     Revision    : 00a2
[2022.05.23-18.15.30:450][  0]LogD3D11RHI:     DedicatedVideoMemory : 2105212928 bytes
[2022.05.23-18.15.30:450][  0]LogD3D11RHI:     DedicatedSystemMemory : 0 bytes
[2022.05.23-18.15.30:450][  0]LogD3D11RHI:     SharedSystemMemory : 4256843776 bytes
[2022.05.23-18.15.30:450][  0]LogD3D11RHI:     AdapterLuid : 0 46990
[2022.05.23-18.15.30:583][  0]LogD3D11RHI: RHI has support for 64 bit atomics
[2022.05.23-18.15.30:600][  0]LogD3D11RHI: Async texture creation enabled
[2022.05.23-18.15.30:632][  0]LogD3D11RHI: GPU Timing Frequency: 1000.000000 (Debug: 2 1)
[2022.05.23-18.15.30:698][  0]LogRHI: GeForceNow SDK initialized: 1
[2022.05.23-18.15.31:529][  0]LogTargetPlatformManager: Display: Loaded TargetPlatform 'AllDesktop'
[2022.05.23-18.15.31:565][  0]LogTargetPlatformManager: Display: Loaded TargetPlatform 'Android'
[2022.05.23-18.15.31:565][  0]LogTargetPlatformManager: Display: Loaded TargetPlatform 'Android_ASTC'
[2022.05.23-18.15.31:565][  0]LogTargetPlatformManager: Display: Loaded TargetPlatform 'Android_DXT'
[2022.05.23-18.15.31:565][  0]LogTargetPlatformManager: Display: Loaded TargetPlatform 'Android_ETC2'
[2022.05.23-18.15.31:566][  0]LogTargetPlatformManager: Display: Loaded TargetPlatform 'AndroidClient'
[2022.05.23-18.15.31:566][  0]LogTargetPlatformManager: Display: Loaded TargetPlatform 'Android_ASTCClient'
[2022.05.23-18.15.31:566][  0]LogTargetPlatformManager: Display: Loaded TargetPlatform 'Android_DXTClient'
[2022.05.23-18.15.31:566][  0]LogTargetPlatformManager: Display: Loaded TargetPlatform 'Android_ETC2Client'
[2022.05.23-18.15.31:566][  0]LogTargetPlatformManager: Display: Loaded TargetPlatform 'Android_Multi'
[2022.05.23-18.15.31:566][  0]LogTargetPlatformManager: Display: Loaded TargetPlatform 'Android_MultiClient'
[2022.05.23-18.15.31:598][  0]LogTargetPlatformManager: Display: Loaded TargetPlatform 'IOSClient'
[2022.05.23-18.15.31:598][  0]LogTargetPlatformManager: Display: Loaded TargetPlatform 'IOS'
[2022.05.23-18.15.31:614][  0]LogTargetPlatformManager: Display: Loaded TargetPlatform 'Linux'
[2022.05.23-18.15.31:621][  0]LogTargetPlatformManager: Display: Loaded TargetPlatform 'LinuxNoEditor'
[2022.05.23-18.15.31:629][  0]LogTargetPlatformManager: Display: Loaded TargetPlatform 'LinuxClient'
[2022.05.23-18.15.31:636][  0]LogTargetPlatformManager: Display: Loaded TargetPlatform 'LinuxServer'
[2022.05.23-18.15.31:649][  0]LogTargetPlatformManager: Display: Loaded TargetPlatform 'LinuxAArch64NoEditor'
[2022.05.23-18.15.31:660][  0]LogTargetPlatformManager: Display: Loaded TargetPlatform 'LinuxAArch64Client'
[2022.05.23-18.15.31:668][  0]LogTargetPlatformManager: Display: Loaded TargetPlatform 'LinuxAArch64Server'
[2022.05.23-18.15.31:706][  0]LogTargetPlatformManager: Display: Loaded TargetPlatform 'Lumin'
[2022.05.23-18.15.31:706][  0]LogTargetPlatformManager: Display: Loaded TargetPlatform 'LuminClient'
[2022.05.23-18.15.31:718][  0]LogTargetPlatformManager: Display: Loaded TargetPlatform 'MacNoEditor'
[2022.05.23-18.15.31:725][  0]LogTargetPlatformManager: Display: Loaded TargetPlatform 'Mac'
[2022.05.23-18.15.31:732][  0]LogTargetPlatformManager: Display: Loaded TargetPlatform 'MacClient'
[2022.05.23-18.15.31:738][  0]LogTargetPlatformManager: Display: Loaded TargetPlatform 'MacServer'
[2022.05.23-18.15.31:753][  0]LogTargetPlatformManager: Display: Loaded TargetPlatform 'TVOSClient'
[2022.05.23-18.15.31:753][  0]LogTargetPlatformManager: Display: Loaded TargetPlatform 'TVOS'
[2022.05.23-18.15.31:765][  0]LogTargetPlatformManager: Display: Loaded TargetPlatform 'WindowsNoEditor'
[2022.05.23-18.15.31:771][  0]LogTargetPlatformManager: Display: Loaded TargetPlatform 'Windows'
[2022.05.23-18.15.31:779][  0]LogTargetPlatformManager: Display: Loaded TargetPlatform 'WindowsClient'
[2022.05.23-18.15.31:784][  0]LogTargetPlatformManager: Display: Loaded TargetPlatform 'WindowsServer'
[2022.05.23-18.15.31:784][  0]LogTargetPlatformManager: Display: Building Assets For Windows
[2022.05.23-18.15.31:795][  0]LogAudioDebug: Display: Lib vorbis DLL was dynamically loaded.
[2022.05.23-18.15.31:836][  0]LogTextureFormatOodle: Display: Oodle Texture 2.9.0 init RDO Off
[2022.05.23-18.15.31:883][  0]LogRendererCore: Ray tracing is disabled. Reason: r.RayTracing=0.
[2022.05.23-18.15.31:884][  0]LogShaderCompilers: Guid format shader working directory is 20 characters bigger than the processId version (S:/projetos/rallyUE/brally/Intermediate/Shaders/WorkingDirectory/9256/).
[2022.05.23-18.15.31:884][  0]LogShaderCompilers: Cleaned the shader compiler working directory 'C:/Users/erick/AppData/Local/Temp/UnrealShaderWorkingDir/B3395C344C03DF711805E0AE27E7D71B/'.
[2022.05.23-18.15.31:884][  0]LogXGEController: Cannot use XGE Controller as Incredibuild is not installed on this machine.
[2022.05.23-18.15.31:884][  0]LogShaderCompilers: Cannot use XGE Shader Compiler as Incredibuild is not installed on this machine.
[2022.05.23-18.15.31:884][  0]LogShaderCompilers: Display: Using Local Shader Compiler.
[2022.05.23-18.15.33:522][  0]LogDerivedDataCache: Display: Max Cache Size: 512 MB
[2022.05.23-18.15.33:680][  0]LogDerivedDataCache: Loaded boot cache 0.16s 94MB C:/Users/erick/AppData/Local/UnrealEngine/4.27/DerivedDataCache/Boot.ddc.
[2022.05.23-18.15.33:680][  0]LogDerivedDataCache: Display: Loaded Boot cache: C:/Users/erick/AppData/Local/UnrealEngine/4.27/DerivedDataCache/Boot.ddc
[2022.05.23-18.15.33:680][  0]LogDerivedDataCache: FDerivedDataBackendGraph:  Pak pak cache file S:/projetos/rallyUE/brally/DerivedDataCache/DDC.ddp not found, will not use a pak cache.
[2022.05.23-18.15.33:680][  0]LogDerivedDataCache: Unable to find inner node Pak for hierarchical cache Hierarchy.
[2022.05.23-18.15.33:680][  0]LogDerivedDataCache: FDerivedDataBackendGraph:  CompressedPak pak cache file S:/projetos/rallyUE/brally/DerivedDataCache/Compressed.ddp not found, will not use a pak cache.
[2022.05.23-18.15.33:680][  0]LogDerivedDataCache: Unable to find inner node CompressedPak for hierarchical cache Hierarchy.
[2022.05.23-18.15.33:707][  0]LogDerivedDataCache: Display: Pak cache opened for reading ../../../Engine/DerivedDataCache/Compressed.ddp.
[2022.05.23-18.15.33:707][  0]LogDerivedDataCache: FDerivedDataBackendGraph:  EnterprisePak pak cache file ../../../Enterprise/DerivedDataCache/Compressed.ddp not found, will not use a pak cache.
[2022.05.23-18.15.33:707][  0]LogDerivedDataCache: Unable to find inner node EnterprisePak for hierarchical cache Hierarchy.
[2022.05.23-18.15.33:733][  0]LogDerivedDataCache: Speed tests for C:/Users/erick/AppData/Local/UnrealEngine/Common/DerivedDataCache took 0.03 seconds
[2022.05.23-18.15.33:734][  0]LogDerivedDataCache: Display: Performance to C:/Users/erick/AppData/Local/UnrealEngine/Common/DerivedDataCache: Latency=0.03ms. RandomReadSpeed=717.85MBs, RandomWriteSpeed=37.64MBs. Assigned SpeedClass 'Local'
[2022.05.23-18.15.33:737][  0]LogDerivedDataCache: Using Local data cache path C:/Users/erick/AppData/Local/UnrealEngine/Common/DerivedDataCache: Writable
[2022.05.23-18.15.33:738][  0]LogDerivedDataCache: Shared data cache path not found in *engine.ini, will not use an Shared cache.
[2022.05.23-18.15.33:738][  0]LogDerivedDataCache: Unable to find inner node Shared for hierarchical cache Hierarchy.
[2022.05.23-18.15.33:836][  0]LogSlate: Using FreeType 2.10.0
[2022.05.23-18.15.33:837][  0]LogSlate: SlateFontServices - WITH_FREETYPE: 1, WITH_HARFBUZZ: 1
[2022.05.23-18.15.34:186][  0]LogAssetRegistry: FAssetRegistry took 0.0026 seconds to start up
[2022.05.23-18.15.34:994][  0]LogInit: Selected Device Profile: [Windows]
[2022.05.23-18.15.34:994][  0]LogInit: Active device profile: [00000140E4B8BC00][00000140E3E47480 49] Windows
[2022.05.23-18.15.34:994][  0]LogInit: Profiles: [00000140E4B8BC00][00000140E3E47480 49] Windows, [00000140E4B34600][00000140E3E4F600 49] WindowsNoEditor, [00000140E4B88500][00000140E3E53780 49] WindowsServer, [00000140E4B37B00][00000140E3E57900 49] WindowsClient, [00000140E4B8BA00][00000140E3E5BA80 49] IOS, [00000140E4B34900][00000140E3E5FC00 49] iPadAir, [00000140E4B88800][00000140E3E62200 49] iPadAir2, [00000140E4AE4C00][00000140E3E6A4C0 49] IPadPro, [00000140E4AE4D00][00000140E3E66500 49] iPadAir3, [00000140E4B8B700][00000140E3E6E680 49] iPadAir4, [00000140E4AE4900][00000140E3E72800 49] iPadMini2, [00000140E4B88900][00000140E3E76980 49] iPadMini3, [00000140E4AE5600][00000140E3E7AB00 49] iPadMini4, [00000140E4B8B400][00000140E3E4AC40 49] iPadMini5, [00000140E4B36F00][00000140E3E82E80 49] iPhone6, [00000140E4B36E00][00000140E3E7EEC0 49] iPodTouch6, [00000140E4AE7900][00000140E3E8F180 49] iPhone7, [00000140E4AE7500][00000140E3E8B1C0 49] iPodTouch7, [00000140E4B37900][00000140E3E93340 49] iPhone5S, [00000140E4AE4400][00000140E3E974C0 49] iPhone6Plus, [00000140E4B35000][00000140E3E9B640 49] iPhone6S, [00000140E4AE6F00][00000140E3E9F7C0 49] iPhone6SPlus, [00000140E4B35C00][00000140E3EA3940 49] iPhone7Plus, [00000140E4AE5100][00000140E3EA7AC0 49] iPhoneSE, [00000140E4B36300][00000140E3EAA0C0 49] iPhone8, [00000140E4AE6A00][00000140E3EAE240 49] iPhone8Plus, [00000140E4B34B00][00000140E3EB23C0 49] iPhoneX, [00000140E4AE6500][00000140E3EB6540 49] iPhoneXS, [00000140E4B36000][00000140E3EBA6C0 49] iPhoneXSMax, [00000140E4AE7D00][00000140E3EBE840 49] iPhoneXR, [00000140E4B35500][00000140E3EC29C0 49] iPhone11, [00000140E4AE5E00][00000140E3EC6B40 49] iPhone11Pro, [00000140E4B34200][00000140E3ECACC0 49] iPhone11ProMax, [00000140E4AE7400][00000140E3E86E00 49] iPhoneSE2, [00000140E4B37800][00000140E3ECEF40 49] iPhone12Mini, [00000140E4AE4E00][00000140E3ED3080 49] iPhone12, [00000140E4B34E00][00000140E3ED71C0 49] iPhone12Pro, [00000140E4AE6C00][00000140E3EDF340 49] iPhone12ProMax, [00000140E4B35100][00000140E3EE34C0 49] iPadPro105, [00000140E4AE7C00][00000140E3EE7640 49] iPadPro129, [00000140E4B34A00][00000140E3EEB7C0 49] iPadPro97, [00000140E4AE5700][00000140E3EEF940 49] iPadPro2_129, [00000140E4B37500][00000140E3EF3AC0 49] iPad5, [00000140E4AE5D00][00000140E3EF60C0 49] iPad6, [00000140E4B35B00][00000140E3EFA240 49] iPad7, [00000140E4AE6800][00000140E3EFE3C0 49] iPad8, [00000140E4B37200][00000140E3F02540 49] iPadPro11, [00000140E4AE6B00][00000140D6DAC6C0 49] iPadPro2_11, [00000140E4B34300][00000140D6DB0840 49] iPadPro3_129, [00000140E4AE4500][00000140D6DB49C0 49] iPadPro4_129, [00000140E4B37300][00000140D6DB8B40 49] AppleTV, [00000140E4AE5400][00000140D6DBCCC0 49] AppleTV4K, [00000140E4B35900][00000140D6DC0E40 49] TVOS, [00000140E4AE7A00][00000140E3EDAF80 49] Mac, [00000140E4B37C00][00000140D6DCF0C0 49] MacClient, [00000140E4AE7600][00000140D6DD3200 49] MacNoEditor, [00000140E4B37A00][00000140E3F07340 49] MacServer, [00000140E4AE7000][00000140E3F0F4C0 49] Linux, [00000140E4B36C00][00000140E3F13640 49] LinuxAArch64, [00000140E4AE5000][00000140E3F177C0 49] LinuxNoEditor, [00000140E4B37100][00000140E3F1B940 49] LinuxAArch64NoEditor, [00000140E4AE7F00][00000140E3F1FAC0 49] LinuxClient, [00000140E4B37400][00000140E3F220C0 49] LinuxAArch64Client, [00000140E4AE6300][00000140E3F26240 49] LinuxServer, [00000140E4B34C00][00000140E3F2A3C0 49] LinuxAArch64Server, [00000140E4AE4200][00000140E3F2E540 49] Android, [00000140E4B36200][00000140E3F326C0 49] Android_Low, [00000140E4B89100][00000140E3F36840 49] Android_Mid, [00000140E4BDE500][00000140E3F3A9C0 49] Android_High, [00000140E4B8A600][00000140E4F50B40 49] Android_Default, [00000140E4BDD300][00000140E4F54CC0 49] Android_Adreno4xx, [00000140E4B88700][00000140E4F58E40 49] Android_Adreno5xx_Low, [00000140E4BDD100][00000140E4F5CFC0 49] Android_Adreno5xx, [00000140E4B8A700][00000140E4F61140 49] Android_Adreno6xx, [00000140E4BDE600][00000140E3F0B280 49] Android_Adreno6xx_Vulkan, [00000140E4B88A00][00000140E4F653C0 49] Android_Mali_T6xx, [00000140E4BDCD00][00000140E4F69500 49] Android_Mali_T7xx, [00000140E4B89000][00000140E4F71680 49] Android_Mali_T8xx, [00000140E4BDE300][00000140E4F75800 49] Android_Mali_G71, [00000140E4B8BF00][00000140E4F79980 49] Android_Mali_G72, [00000140E4BDCB00][00000140E4F7DB00 49] Android_Mali_G72_Vulkan, [00000140E4B88B00][00000140E4F80100 49] Android_Mali_G76, [00000140E4BDC700][00000140E4F84280 49] Android_Mali_G76_Vulkan, [00000140E4B8A500][00000140E4F88400 49] Android_Mali_G77, [00000140E4BDDC00][00000140E4F8C580 49] Android_Mali_G77_Vulkan, [00000140E4B8AF00][00000140E4F90700 49] Android_Mali_G78, [00000140E4BDD700][00000140E4F94880 49] Android_Mali_G78_Vulkan, [00000140E4B36800][00000140E4F98A00 49] Android_Mali_G710, [00000140E4AE4800][00000140E4F9CB80 49] Android_Mali_G710_Vulkan, [00000140E4B34100][00000140E4FA0D00 49] Android_Vulkan_SM5, [00000140E4BDCF00][00000140E4FA4E80 49] Android_PowerVR_G6xxx, [00000140E4B36600][00000140E4FA9000 49] Android_PowerVR_GT7xxx, [00000140E4BDC100][00000140E4FAD180 49] Android_PowerVR_GE8xxx, [00000140E4B35F00][00000140E4FB1300 49] Android_PowerVR_GM9xxx, [00000140E4BDE400][00000140E4F6D440 49] Android_PowerVR_GM9xxx_Vulkan, [00000140E4B36400][00000140E4FB5580 49] Android_TegraK1, [00000140E4BDD800][00000140E4FB96C0 49] Android_Unknown_Vulkan, [00000140E4B37E00][00000140E4FC1840 49] Lumin, [00000140E4BDCC00][00000140E4FC59C0 49] Lumin_Desktop, [00000140E4B34400][00000140E4FC9B40 49] HoloLens, 
[2022.05.23-18.15.36:570][  0]LogMeshReduction: Using QuadricMeshReduction for automatic static mesh reduction
[2022.05.23-18.15.36:570][  0]LogMeshReduction: Using SimplygonMeshReduction for automatic skeletal mesh reduction
[2022.05.23-18.15.36:571][  0]LogMeshReduction: Using ProxyLODMeshReduction for automatic mesh merging
[2022.05.23-18.15.36:571][  0]LogMeshReduction: No distributed automatic mesh merging module available
[2022.05.23-18.15.36:571][  0]LogMeshMerging: No distributed automatic mesh merging module available
[2022.05.23-18.15.36:935][  0]LogNetVersion: brally 1.0.0, NetCL: 17155196, EngineNetVer: 17, GameNetVer: 0 (Checksum: 3473964133)
[2022.05.23-18.15.41:620][  0]LogAssetRegistry: Error: Package S:/projetos/rallyUE/brally/Content/NewMap.umap has malformed tag
[2022.05.23-18.15.41:620][  0]LogTexture: Default maximum texture size for cubemaps generated from long-lat sources has been changed from 512 to unlimited. In order to preserve old behaiour for '/Engine/MapTemplates/Sky/DaylightAmbientCubemap.DaylightAmbientCubemap', its maximum texture size has been explicitly set to 512.
[2022.05.23-18.15.42:136][  0]LogHMD: PokeAHoleMaterial loaded successfully
[2022.05.23-18.15.42:145][  0]LogUObjectArray: 17178 objects as part of root set at end of initial load.
[2022.05.23-18.15.42:145][  0]LogUObjectAllocator: 4302048 out of 0 bytes used by permanent object pool.
[2022.05.23-18.15.42:145][  0]LogUObjectArray: CloseDisregardForGC: 0/0 objects in disregard for GC pool
[2022.05.23-18.15.46:864][  0]LogPython: Using Python 3.7.7
[2022.05.23-18.15.49:699][  0]LogNiagaraDebuggerClient: Niagara Debugger Client Initialized | Session: 89FF911A4ABF9CBD5E728DA2DD54ED16 | Instance: 6720CD7A4AE99286150F1690305CEB0E (DESKTOP-F4V4HAJ-9256).
[2022.05.23-18.15.51:957][  0]LogTcpMessaging: Initializing TcpMessaging bridge
[2022.05.23-18.15.51:977][  0]LogUdpMessaging: Initializing bridge on interface 0.0.0.0:0 to multicast group 230.0.0.1:6666.
[2022.05.23-18.15.54:842][  0]SourceControl: Controle de origem desativado
[2022.05.23-18.15.54:842][  0]SourceControl: Controle de origem desativado
