Log file open, 05/14/22 15:06:29
LogWindows: Failed to load 'aqProf.dll' (GetLastError=126)
LogWindows: File 'aqProf.dll' does not exist
LogWindows: Failed to load 'VtuneApi.dll' (GetLastError=126)
LogWindows: File 'VtuneApi.dll' does not exist
LogWindows: Failed to load 'VtuneApi32e.dll' (GetLastError=126)
LogWindows: File 'VtuneApi32e.dll' does not exist
LogConsoleResponse: Display: Failed to find resolution value strings in scalability ini. Falling back to default.
LogConsoleResponse: Display: Failed to find resolution value strings in scalability ini. Falling back to default.
LogInit: Display: Running engine for game: brally
LogPlatformFile: Not using cached read wrapper
LogTaskGraph: Started task graph with 5 named threads and 11 total threads with 3 sets of task threads.
LogStats: Stats thread started at 7.358285
LogICUInternationalization: ICU TimeZone Detection - Raw Offset: -3:00, Platform Override: ''
LogInit: Display: Loading text-based GConfig....
LogPluginManager: Mounting plugin MeshPainting
LogPluginManager: Mounting plugin XGEController
LogPluginManager: Mounting plugin AISupport
LogPluginManager: Mounting plugin Paper2D
LogPluginManager: Mounting plugin EnvironmentQueryEditor
LogPluginManager: Mounting plugin LiveLink
LogPluginManager: Mounting plugin LightPropagationVolume
LogPluginManager: Mounting plugin CameraShakePreviewer
LogPluginManager: Mounting plugin GameplayCameras
LogPluginManager: Mounting plugin OodleData
LogPluginManager: Mounting plugin AnimationSharing
LogPluginManager: Mounting plugin OodleNetwork
LogPluginManager: Mounting plugin CLionSourceCodeAccess
LogPluginManager: Mounting plugin CodeLiteSourceCodeAccess
LogPluginManager: Mounting plugin GitSourceControl
LogPluginManager: Mounting plugin KDevelopSourceCodeAccess
LogPluginManager: Mounting plugin NullSourceCodeAccess
LogPluginManager: Mounting plugin PerforceSourceControl
LogPluginManager: Mounting plugin PixWinPlugin
LogPluginManager: Mounting plugin PlasticSourceControl
LogPluginManager: Mounting plugin PluginUtils
LogPluginManager: Mounting plugin PropertyAccessNode
LogPluginManager: Mounting plugin RiderSourceCodeAccess
LogPluginManager: Mounting plugin SubversionSourceControl
LogPluginManager: Mounting plugin TextureFormatOodle
LogPluginManager: Mounting plugin UObjectPlugin
LogPluginManager: Mounting plugin VisualStudioCodeSourceCodeAccess
LogPluginManager: Mounting plugin VisualStudioSourceCodeAccess
LogPluginManager: Mounting plugin XCodeSourceCodeAccess
LogPluginManager: Mounting plugin DatasmithContent
LogPluginManager: Mounting plugin VariantManagerContent
LogPluginManager: Mounting plugin AssetManagerEditor
LogPluginManager: Mounting plugin CryptoKeys
LogPluginManager: Mounting plugin CurveEditorTools
LogPluginManager: Mounting plugin DataValidation
LogPluginManager: Mounting plugin FacialAnimation
LogPluginManager: Mounting plugin GameplayTagsEditor
LogPluginManager: Mounting plugin GeometryMode
LogPluginManager: Mounting plugin MacGraphicsSwitching
LogPluginManager: Mounting plugin MaterialAnalyzer
LogPluginManager: Mounting plugin MobileLauncherProfileWizard
LogPluginManager: Mounting plugin SpeedTreeImporter
LogPluginManager: Mounting plugin LuminPlatformFeatures
LogPluginManager: Mounting plugin PluginBrowser
LogPluginManager: Mounting plugin Niagara
LogPluginManager: Mounting plugin MagicLeap
LogPluginManager: Mounting plugin MagicLeapLightEstimation
LogPluginManager: Mounting plugin MagicLeapMedia
LogPluginManager: Mounting plugin MagicLeapPassableWorld
LogPluginManager: Mounting plugin MLSDK
LogPluginManager: Mounting plugin AndroidMedia
LogPluginManager: Mounting plugin AvfMedia
LogPluginManager: Mounting plugin ImgMedia
LogPluginManager: Mounting plugin MediaCompositing
LogPluginManager: Mounting plugin MediaPlayerEditor
LogPluginManager: Mounting plugin WebMMedia
LogPluginManager: Mounting plugin WmfMedia
LogPluginManager: Mounting plugin UdpMessaging
LogPluginManager: Mounting plugin TcpMessaging
LogPluginManager: Mounting plugin AlembicImporter
LogPluginManager: Mounting plugin AutomationUtils
LogPluginManager: Mounting plugin BackChannel
LogPluginManager: Mounting plugin ChaosCloth
LogPluginManager: Mounting plugin ChaosClothEditor
LogPluginManager: Mounting plugin ChaosEditor
LogPluginManager: Mounting plugin ChaosSolverPlugin
LogPluginManager: Mounting plugin CharacterAI
LogPluginManager: Mounting plugin ChaosNiagara
LogPluginManager: Mounting plugin GeometryCache
LogPluginManager: Mounting plugin GeometryCollectionPlugin
LogPluginManager: Mounting plugin GeometryProcessing
LogPluginManager: Mounting plugin OpenImageDenoise
LogPluginManager: Mounting plugin MotoSynth
LogPluginManager: Mounting plugin PlanarCut
LogPluginManager: Mounting plugin PlatformCrypto
LogPluginManager: Mounting plugin ProxyLODPlugin
LogPluginManager: Mounting plugin PythonScriptPlugin
LogPluginManager: Mounting plugin SkeletalReduction
LogPluginManager: Mounting plugin ActorSequence
LogPluginManager: Mounting plugin MatineeToLevelSequence
LogPluginManager: Mounting plugin LevelSequenceEditor
LogPluginManager: Mounting plugin TemplateSequence
LogPluginManager: Mounting plugin OnlineSubsystem
LogPluginManager: Mounting plugin OnlineSubsystemNull
LogPluginManager: Mounting plugin OnlineSubsystemUtils
LogPluginManager: Mounting plugin LauncherChunkInstaller
LogPluginManager: Mounting plugin ActorLayerUtilities
LogPluginManager: Mounting plugin AndroidDeviceProfileSelector
LogPluginManager: Mounting plugin AndroidMoviePlayer
LogPluginManager: Mounting plugin AndroidPermission
LogPluginManager: Mounting plugin AppleImageUtils
LogPluginManager: Mounting plugin AppleMoviePlayer
LogPluginManager: Mounting plugin ArchVisCharacter
LogPluginManager: Mounting plugin AssetTags
LogPluginManager: Mounting plugin AudioCapture
LogPluginManager: Mounting plugin AudioSynesthesia
LogPluginManager: Mounting plugin CustomMeshComponent
LogPluginManager: Mounting plugin CableComponent
LogPluginManager: Mounting plugin ChunkDownloader
LogPluginManager: Mounting plugin EditableMesh
LogPluginManager: Mounting plugin ExampleDeviceProfileSelector
LogPluginManager: Mounting plugin GoogleCloudMessaging
LogPluginManager: Mounting plugin GooglePAD
LogPluginManager: Mounting plugin IOSDeviceProfileSelector
LogPluginManager: Mounting plugin LinuxDeviceProfileSelector
LogPluginManager: Mounting plugin LocationServicesBPLibrary
LogPluginManager: Mounting plugin MobilePatchingUtils
LogPluginManager: Mounting plugin OpenXR
LogPluginManager: Mounting plugin OpenXREyeTracker
LogPluginManager: Mounting plugin OpenXRHandTracking
LogPluginManager: Mounting plugin PhysXVehicles
LogPluginManager: Mounting plugin PostSplashScreen
LogPluginManager: Mounting plugin ProceduralMeshComponent
LogPluginManager: Mounting plugin PropertyAccessEditor
LogPluginManager: Mounting plugin RuntimePhysXCooking
LogPluginManager: Mounting plugin SignificanceManager
LogPluginManager: Mounting plugin SoundFields
LogPluginManager: Mounting plugin Synthesis
LogPluginManager: Mounting plugin WebMMoviePlayer
LogPluginManager: Mounting plugin WindowsMoviePlayer
LogPluginManager: Mounting plugin ScreenshotTools
LogPluginManager: Mounting plugin Takes
LogPluginManager: Mounting plugin ContentBrowserFileDataSource
LogPluginManager: Mounting plugin ContentBrowserAssetDataSource
LogPluginManager: Mounting plugin ContentBrowserClassDataSource
LogPluginManager: Mounting plugin OnlineSubsystemGooglePlay
LogPluginManager: Mounting plugin OnlineSubsystemIOS
LogPluginManager: Mounting plugin OculusVR
LogPluginManager: Mounting plugin SteamVR
PixWinPlugin: PIX capture plugin failed to initialize! Check that the process is launched from PIX.
LogInit: Using libcurl 7.55.1-DEV
LogInit:  - built for x86_64-pc-win32
LogInit:  - supports SSL with OpenSSL/1.1.1
LogInit:  - supports HTTP deflate (compression) using libz 1.2.8
LogInit:  - other features:
LogInit:      CURL_VERSION_SSL
LogInit:      CURL_VERSION_LIBZ
LogInit:      CURL_VERSION_IPV6
LogInit:      CURL_VERSION_ASYNCHDNS
LogInit:      CURL_VERSION_LARGEFILE
LogInit:      CURL_VERSION_IDN
LogInit:  CurlRequestOptions (configurable via config and command line):
LogInit:  - bVerifyPeer = true  - Libcurl will verify peer certificate
LogInit:  - bUseHttpProxy = false  - Libcurl will NOT use HTTP proxy
LogInit:  - bDontReuseConnections = false  - Libcurl will reuse connections
LogInit:  - MaxHostConnections = 16  - Libcurl will limit the number of connections to a host
LogInit:  - LocalHostAddr = Default
LogInit:  - BufferSize = 65536
LogOnline: OSS: Creating online subsystem instance for: NULL
LogInit: WinSock: version 1.1 (2.2), MaxSocks=32767, MaxUdp=65467
LogOnline: OSS: TryLoadSubsystemAndSetDefault: Loaded subsystem for module [NULL]
LogOculusPluginWrapper: OculusPlugin initialized successfully
LogHMD: Failed initializing OVRPlugin 1.59.0
LogInit: Build: ++UE4+Release-4.27-CL-18319896
LogInit: Engine Version: 4.27.2-18319896+++UE4+Release-4.27
LogInit: Compatible Engine Version: 4.27.0-17155196+++UE4+Release-4.27
LogInit: Net CL: 17155196
LogInit: OS: Windows 10 (Release 2009) (), CPU: Intel(R) Pentium(R) CPU G4600 @ 3.60GHz, GPU: NVIDIA GeForce GTX 750 Ti
LogInit: Compiled (64-bit): Nov 30 2021 07:12:08
LogInit: Compiled with Visual C++: 19.24.28315.00
LogInit: Build Configuration: Development
LogInit: Branch Name: ++UE4+Release-4.27
LogInit: Command Line: 
LogInit: Base Directory: D:/EPIC/UE_4.27/Engine/Binaries/Win64/
LogInit: Allocator: TBB
LogInit: Installed Engine Build: 1
LogDevObjectVersion: Number of dev versions registered: 29
LogDevObjectVersion:   Dev-Blueprints (B0D832E4-1F89-4F0D-ACCF-7EB736FD4AA2): 10
LogDevObjectVersion:   Dev-Build (E1C64328-A22C-4D53-A36C-8E866417BD8C): 0
LogDevObjectVersion:   Dev-Core (375EC13C-06E4-48FB-B500-84F0262A717E): 4
LogDevObjectVersion:   Dev-Editor (E4B068ED-F494-42E9-A231-DA0B2E46BB41): 40
LogDevObjectVersion:   Dev-Framework (CFFC743F-43B0-4480-9391-14DF171D2073): 37
LogDevObjectVersion:   Dev-Mobile (B02B49B5-BB20-44E9-A304-32B752E40360): 3
LogDevObjectVersion:   Dev-Networking (A4E4105C-59A1-49B5-A7C5-40C4547EDFEE): 0
LogDevObjectVersion:   Dev-Online (39C831C9-5AE6-47DC-9A44-9C173E1C8E7C): 0
LogDevObjectVersion:   Dev-Physics (78F01B33-EBEA-4F98-B9B4-84EACCB95AA2): 14
LogDevObjectVersion:   Dev-Platform (6631380F-2D4D-43E0-8009-CF276956A95A): 0
LogDevObjectVersion:   Dev-Rendering (12F88B9F-8875-4AFC-A67C-D90C383ABD29): 45
LogDevObjectVersion:   Dev-Sequencer (7B5AE74C-D270-4C10-A958-57980B212A5A): 13
LogDevObjectVersion:   Dev-VR (D7296918-1DD6-4BDD-9DE2-64A83CC13884): 3
LogDevObjectVersion:   Dev-LoadTimes (C2A15278-BFE7-4AFE-6C17-90FF531DF755): 1
LogDevObjectVersion:   Private-Geometry (6EACA3D4-40EC-4CC1-B786-8BED09428FC5): 3
LogDevObjectVersion:   Dev-AnimPhys (29E575DD-E0A3-4627-9D10-D276232CDCEA): 17
LogDevObjectVersion:   Dev-Anim (AF43A65D-7FD3-4947-9873-3E8ED9C1BB05): 15
LogDevObjectVersion:   Dev-ReflectionCapture (6B266CEC-1EC7-4B8F-A30B-E4D90942FC07): 1
LogDevObjectVersion:   Dev-Automation (0DF73D61-A23F-47EA-B727-89E90C41499A): 1
LogDevObjectVersion:   FortniteMain (601D1886-AC64-4F84-AA16-D3DE0DEAC7D6): 47
LogDevObjectVersion:   FortniteRelease (E7086368-6B23-4C58-8439-1B7016265E91): 1
LogDevObjectVersion:   Dev-Enterprise (9DFFBCD6-494F-0158-E221-12823C92A888): 10
LogDevObjectVersion:   Dev-Niagara (F2AED0AC-9AFE-416F-8664-AA7FFA26D6FC): 1
LogDevObjectVersion:   Dev-Destruction (174F1F0B-B4C6-45A5-B13F-2EE8D0FB917D): 10
LogDevObjectVersion:   Dev-Physics-Ext (35F94A83-E258-406C-A318-09F59610247C): 41
LogDevObjectVersion:   Dev-PhysicsMaterial-Chaos (B68FC16E-8B1B-42E2-B453-215C058844FE): 1
LogDevObjectVersion:   Dev-CineCamera (B2E18506-4273-CFC2-A54E-F4BB758BBA07): 1
LogDevObjectVersion:   Dev-VirtualProduction (64F58936-FD1B-42BA-BA96-7289D5D0FA4E): 1
LogDevObjectVersion:   Dev-MediaFramework (6F0ED827-A609-4895-9C91-998D90180EA4): 2
LogInit: Presizing for max 25165824 objects, including 0 objects not considered by GC, pre-allocating 0 bytes for permanent pool.
LogConfig: Applying CVar settings from Section [/Script/Engine.StreamingSettings] File [S:/projetos/rallyUE/brally/Saved/Config/Windows/Engine.ini]
LogConfig: Setting CVar [[s.MinBulkDataSizeForAsyncLoading:131072]]
LogConfig: Setting CVar [[s.AsyncLoadingThreadEnabled:0]]
LogConfig: Setting CVar [[s.EventDrivenLoaderEnabled:1]]
LogConfig: Setting CVar [[s.WarnIfTimeLimitExceeded:0]]
LogConfig: Setting CVar [[s.TimeLimitExceededMultiplier:1.5]]
LogConfig: Setting CVar [[s.TimeLimitExceededMinTime:0.005]]
LogConfig: Setting CVar [[s.UseBackgroundLevelStreaming:1]]
LogConfig: Setting CVar [[s.PriorityAsyncLoadingExtraTime:15.0]]
LogConfig: Setting CVar [[s.LevelStreamingActorsUpdateTimeLimit:5.0]]
LogConfig: Setting CVar [[s.PriorityLevelStreamingActorsUpdateExtraTime:5.0]]
LogConfig: Setting CVar [[s.LevelStreamingComponentsRegistrationGranularity:10]]
LogConfig: Setting CVar [[s.UnregisterComponentsTimeLimit:1.0]]
LogConfig: Setting CVar [[s.LevelStreamingComponentsUnregistrationGranularity:5]]
LogConfig: Setting CVar [[s.FlushStreamingOnExit:1]]
LogInit: Object subsystem initialized
LogConfig: Setting CVar [[con.DebugEarlyDefault:1]]
LogConfig: Setting CVar [[r.setres:1280x720]]
[2022.05.14-18.06.37:568][  0]LogConfig: Setting CVar [[r.VSync:0]]
[2022.05.14-18.06.37:568][  0]LogConfig: Setting CVar [[r.RHICmdBypass:0]]
[2022.05.14-18.06.37:569][  0]LogConfig: Applying CVar settings from Section [/Script/Engine.RendererSettings] File [S:/projetos/rallyUE/brally/Saved/Config/Windows/Engine.ini]
[2022.05.14-18.06.37:569][  0]LogConfig: Setting CVar [[r.GPUCrashDebugging:0]]
[2022.05.14-18.06.37:569][  0]LogConfig: Applying CVar settings from Section [/Script/Engine.RendererOverrideSettings] File [S:/projetos/rallyUE/brally/Saved/Config/Windows/Engine.ini]
[2022.05.14-18.06.37:569][  0]LogConfig: Applying CVar settings from Section [/Script/Engine.StreamingSettings] File [S:/projetos/rallyUE/brally/Saved/Config/Windows/Engine.ini]
[2022.05.14-18.06.37:569][  0]LogConfig: Setting CVar [[s.MinBulkDataSizeForAsyncLoading:131072]]
[2022.05.14-18.06.37:569][  0]LogConfig: Setting CVar [[s.AsyncLoadingThreadEnabled:0]]
[2022.05.14-18.06.37:569][  0]LogConfig: Setting CVar [[s.EventDrivenLoaderEnabled:1]]
[2022.05.14-18.06.37:569][  0]LogConfig: Setting CVar [[s.WarnIfTimeLimitExceeded:0]]
[2022.05.14-18.06.37:569][  0]LogConfig: Setting CVar [[s.TimeLimitExceededMultiplier:1.5]]
[2022.05.14-18.06.37:569][  0]LogConfig: Setting CVar [[s.TimeLimitExceededMinTime:0.005]]
[2022.05.14-18.06.37:569][  0]LogConfig: Setting CVar [[s.UseBackgroundLevelStreaming:1]]
[2022.05.14-18.06.37:569][  0]LogConfig: Setting CVar [[s.PriorityAsyncLoadingExtraTime:15.0]]
[2022.05.14-18.06.37:569][  0]LogConfig: Setting CVar [[s.LevelStreamingActorsUpdateTimeLimit:5.0]]
[2022.05.14-18.06.37:569][  0]LogConfig: Setting CVar [[s.PriorityLevelStreamingActorsUpdateExtraTime:5.0]]
[2022.05.14-18.06.37:569][  0]LogConfig: Setting CVar [[s.LevelStreamingComponentsRegistrationGranularity:10]]
[2022.05.14-18.06.37:569][  0]LogConfig: Setting CVar [[s.UnregisterComponentsTimeLimit:1.0]]
[2022.05.14-18.06.37:569][  0]LogConfig: Setting CVar [[s.LevelStreamingComponentsUnregistrationGranularity:5]]
[2022.05.14-18.06.37:569][  0]LogConfig: Setting CVar [[s.FlushStreamingOnExit:1]]
[2022.05.14-18.06.37:569][  0]LogConfig: Applying CVar settings from Section [/Script/Engine.GarbageCollectionSettings] File [S:/projetos/rallyUE/brally/Saved/Config/Windows/Engine.ini]
[2022.05.14-18.06.37:569][  0]LogConfig: Setting CVar [[gc.MaxObjectsNotConsideredByGC:1]]
[2022.05.14-18.06.37:569][  0]LogConfig: Setting CVar [[gc.SizeOfPermanentObjectPool:0]]
[2022.05.14-18.06.37:569][  0]LogConfig: Setting CVar [[gc.FlushStreamingOnGC:0]]
[2022.05.14-18.06.37:569][  0]LogConfig: Setting CVar [[gc.NumRetriesBeforeForcingGC:10]]
[2022.05.14-18.06.37:569][  0]LogConfig: Setting CVar [[gc.AllowParallelGC:1]]
[2022.05.14-18.06.37:569][  0]LogConfig: Setting CVar [[gc.TimeBetweenPurgingPendingKillObjects:61.1]]
[2022.05.14-18.06.37:569][  0]LogConfig: Setting CVar [[gc.MaxObjectsInEditor:25165824]]
[2022.05.14-18.06.37:569][  0]LogConfig: Setting CVar [[gc.IncrementalBeginDestroyEnabled:1]]
[2022.05.14-18.06.37:569][  0]LogConfig: Setting CVar [[gc.CreateGCClusters:1]]
[2022.05.14-18.06.37:569][  0]LogConfig: Setting CVar [[gc.MinGCClusterSize:5]]
[2022.05.14-18.06.37:569][  0]LogConfig: Setting CVar [[gc.ActorClusteringEnabled:0]]
[2022.05.14-18.06.37:569][  0]LogConfig: Setting CVar [[gc.BlueprintClusteringEnabled:0]]
[2022.05.14-18.06.37:569][  0]LogConfig: Setting CVar [[gc.UseDisregardForGCOnDedicatedServers:0]]
[2022.05.14-18.06.37:569][  0]LogConfig: Setting CVar [[gc.MultithreadedDestructionEnabled:1]]
[2022.05.14-18.06.37:569][  0]LogConfig: Applying CVar settings from Section [/Script/Engine.NetworkSettings] File [S:/projetos/rallyUE/brally/Saved/Config/Windows/Engine.ini]
[2022.05.14-18.06.37:569][  0]LogConfig: Applying CVar settings from Section [/Script/UnrealEd.CookerSettings] File [S:/projetos/rallyUE/brally/Saved/Config/Windows/Engine.ini]
[2022.05.14-18.06.37:645][  0]LogConfig: Applying CVar settings from Section [ViewDistanceQuality@3] File [S:/projetos/rallyUE/brally/Saved/Config/Windows/Scalability.ini]
[2022.05.14-18.06.37:645][  0]LogConfig: Setting CVar [[r.SkeletalMeshLODBias:0]]
[2022.05.14-18.06.37:645][  0]LogConfig: Setting CVar [[r.ViewDistanceScale:1.0]]
[2022.05.14-18.06.37:645][  0]LogConfig: Applying CVar settings from Section [AntiAliasingQuality@3] File [S:/projetos/rallyUE/brally/Saved/Config/Windows/Scalability.ini]
[2022.05.14-18.06.37:645][  0]LogConfig: Setting CVar [[r.PostProcessAAQuality:4]]
[2022.05.14-18.06.37:645][  0]LogConfig: Applying CVar settings from Section [ShadowQuality@3] File [S:/projetos/rallyUE/brally/Saved/Config/Windows/Scalability.ini]
[2022.05.14-18.06.37:646][  0]LogConfig: Setting CVar [[r.LightFunctionQuality:1]]
[2022.05.14-18.06.37:646][  0]LogConfig: Setting CVar [[r.ShadowQuality:5]]
[2022.05.14-18.06.37:646][  0]LogConfig: Setting CVar [[r.Shadow.CSM.MaxCascades:10]]
[2022.05.14-18.06.37:646][  0]LogConfig: Setting CVar [[r.Shadow.MaxResolution:2048]]
[2022.05.14-18.06.37:646][  0]LogConfig: Setting CVar [[r.Shadow.MaxCSMResolution:2048]]
[2022.05.14-18.06.37:646][  0]LogConfig: Setting CVar [[r.Shadow.RadiusThreshold:0.01]]
[2022.05.14-18.06.37:646][  0]LogConfig: Setting CVar [[r.Shadow.DistanceScale:1.0]]
[2022.05.14-18.06.37:646][  0]LogConfig: Setting CVar [[r.Shadow.CSM.TransitionScale:1.0]]
[2022.05.14-18.06.37:646][  0]LogConfig: Setting CVar [[r.Shadow.PreShadowResolutionFactor:1.0]]
[2022.05.14-18.06.37:646][  0]LogConfig: Setting CVar [[r.DistanceFieldShadowing:1]]
[2022.05.14-18.06.37:646][  0]LogConfig: Setting CVar [[r.DistanceFieldAO:1]]
[2022.05.14-18.06.37:646][  0]LogConfig: Setting CVar [[r.AOQuality:2]]
[2022.05.14-18.06.37:646][  0]LogConfig: Setting CVar [[r.VolumetricFog:1]]
[2022.05.14-18.06.37:646][  0]LogConfig: Setting CVar [[r.VolumetricFog.GridPixelSize:8]]
[2022.05.14-18.06.37:646][  0]LogConfig: Setting CVar [[r.VolumetricFog.GridSizeZ:128]]
[2022.05.14-18.06.37:646][  0]LogConfig: Setting CVar [[r.VolumetricFog.HistoryMissSupersampleCount:4]]
[2022.05.14-18.06.37:646][  0]LogConfig: Setting CVar [[r.LightMaxDrawDistanceScale:1]]
[2022.05.14-18.06.37:646][  0]LogConfig: Setting CVar [[r.CapsuleShadows:1]]
[2022.05.14-18.06.37:646][  0]LogConfig: Applying CVar settings from Section [PostProcessQuality@3] File [S:/projetos/rallyUE/brally/Saved/Config/Windows/Scalability.ini]
[2022.05.14-18.06.37:646][  0]LogConfig: Setting CVar [[r.MotionBlurQuality:4]]
[2022.05.14-18.06.37:646][  0]LogConfig: Setting CVar [[r.AmbientOcclusionMipLevelFactor:0.4]]
[2022.05.14-18.06.37:646][  0]LogConfig: Setting CVar [[r.AmbientOcclusionMaxQuality:100]]
[2022.05.14-18.06.37:646][  0]LogConfig: Setting CVar [[r.AmbientOcclusionLevels:-1]]
[2022.05.14-18.06.37:646][  0]LogConfig: Setting CVar [[r.AmbientOcclusionRadiusScale:1.0]]
[2022.05.14-18.06.37:646][  0]LogConfig: Setting CVar [[r.DepthOfFieldQuality:2]]
[2022.05.14-18.06.37:646][  0]LogConfig: Setting CVar [[r.RenderTargetPoolMin:400]]
[2022.05.14-18.06.37:646][  0]LogConfig: Setting CVar [[r.LensFlareQuality:2]]
[2022.05.14-18.06.37:646][  0]LogConfig: Setting CVar [[r.SceneColorFringeQuality:1]]
[2022.05.14-18.06.37:646][  0]LogConfig: Setting CVar [[r.EyeAdaptationQuality:2]]
[2022.05.14-18.06.37:646][  0]LogConfig: Setting CVar [[r.BloomQuality:5]]
[2022.05.14-18.06.37:646][  0]LogConfig: Setting CVar [[r.FastBlurThreshold:100]]
[2022.05.14-18.06.37:646][  0]LogConfig: Setting CVar [[r.Upscale.Quality:3]]
[2022.05.14-18.06.37:646][  0]LogConfig: Setting CVar [[r.Tonemapper.GrainQuantization:1]]
[2022.05.14-18.06.37:646][  0]LogConfig: Setting CVar [[r.LightShaftQuality:1]]
[2022.05.14-18.06.37:646][  0]LogConfig: Setting CVar [[r.Filter.SizeScale:1]]
[2022.05.14-18.06.37:646][  0]LogConfig: Setting CVar [[r.Tonemapper.Quality:5]]
[2022.05.14-18.06.37:646][  0]LogConfig: Setting CVar [[r.DOF.Gather.AccumulatorQuality:1        ; higher gathering accumulator quality]]
[2022.05.14-18.06.37:646][  0]LogConfig: Setting CVar [[r.DOF.Gather.PostfilterMethod:1          ; Median3x3 postfilering method]]
[2022.05.14-18.06.37:646][  0]LogConfig: Setting CVar [[r.DOF.Gather.EnableBokehSettings:0       ; no bokeh simulation when gathering]]
[2022.05.14-18.06.37:646][  0]LogConfig: Setting CVar [[r.DOF.Gather.RingCount:4                 ; medium number of samples when gathering]]
[2022.05.14-18.06.37:646][  0]LogConfig: Setting CVar [[r.DOF.Scatter.ForegroundCompositing:1    ; additive foreground scattering]]
[2022.05.14-18.06.37:646][  0]LogConfig: Setting CVar [[r.DOF.Scatter.BackgroundCompositing:2    ; additive background scattering]]
[2022.05.14-18.06.37:646][  0]LogConfig: Setting CVar [[r.DOF.Scatter.EnableBokehSettings:1      ; bokeh simulation when scattering]]
[2022.05.14-18.06.37:646][  0]LogConfig: Setting CVar [[r.DOF.Scatter.MaxSpriteRatio:0.1         ; only a maximum of 10% of scattered bokeh]]
[2022.05.14-18.06.37:646][  0]LogConfig: Setting CVar [[r.DOF.Recombine.Quality:1                ; cheap slight out of focus]]
[2022.05.14-18.06.37:646][  0]LogConfig: Setting CVar [[r.DOF.Recombine.EnableBokehSettings:0    ; no bokeh simulation on slight out of focus]]
[2022.05.14-18.06.37:646][  0]LogConfig: Setting CVar [[r.DOF.TemporalAAQuality:1                ; more stable temporal accumulation]]
[2022.05.14-18.06.37:646][  0]LogConfig: Setting CVar [[r.DOF.Kernel.MaxForegroundRadius:0.025]]
[2022.05.14-18.06.37:646][  0]LogConfig: Setting CVar [[r.DOF.Kernel.MaxBackgroundRadius:0.025]]
[2022.05.14-18.06.37:647][  0]LogConfig: Applying CVar settings from Section [TextureQuality@3] File [S:/projetos/rallyUE/brally/Saved/Config/Windows/Scalability.ini]
[2022.05.14-18.06.37:647][  0]LogConfig: Setting CVar [[r.Streaming.MipBias:0]]
[2022.05.14-18.06.37:647][  0]LogConfig: Setting CVar [[r.Streaming.AmortizeCPUToGPUCopy:0]]
[2022.05.14-18.06.37:647][  0]LogConfig: Setting CVar [[r.Streaming.MaxNumTexturesToStreamPerFrame:0]]
[2022.05.14-18.06.37:647][  0]LogConfig: Setting CVar [[r.Streaming.Boost:1]]
[2022.05.14-18.06.37:647][  0]LogConfig: Setting CVar [[r.MaxAnisotropy:8]]
[2022.05.14-18.06.37:647][  0]LogConfig: Setting CVar [[r.VT.MaxAnisotropy:8]]
[2022.05.14-18.06.37:647][  0]LogConfig: Setting CVar [[r.Streaming.LimitPoolSizeToVRAM:0]]
[2022.05.14-18.06.37:647][  0]LogConfig: Setting CVar [[r.Streaming.PoolSize:1000]]
[2022.05.14-18.06.37:647][  0]LogConfig: Setting CVar [[r.Streaming.MaxEffectiveScreenSize:0]]
[2022.05.14-18.06.37:647][  0]LogConfig: Applying CVar settings from Section [EffectsQuality@3] File [S:/projetos/rallyUE/brally/Saved/Config/Windows/Scalability.ini]
[2022.05.14-18.06.37:647][  0]LogConfig: Setting CVar [[r.TranslucencyLightingVolumeDim:64]]
[2022.05.14-18.06.37:647][  0]LogConfig: Setting CVar [[r.RefractionQuality:2]]
[2022.05.14-18.06.37:647][  0]LogConfig: Setting CVar [[r.SSR.Quality:3]]
[2022.05.14-18.06.37:647][  0]LogConfig: Setting CVar [[r.SSR.HalfResSceneColor:0]]
[2022.05.14-18.06.37:647][  0]LogConfig: Setting CVar [[r.SceneColorFormat:4]]
[2022.05.14-18.06.37:647][  0]LogConfig: Setting CVar [[r.DetailMode:2]]
[2022.05.14-18.06.37:647][  0]LogConfig: Setting CVar [[r.TranslucencyVolumeBlur:1]]
[2022.05.14-18.06.37:647][  0]LogConfig: Setting CVar [[r.MaterialQualityLevel:1 ; High quality]]
[2022.05.14-18.06.37:647][  0]LogConfig: Setting CVar [[r.AnisotropicMaterials:1]]
[2022.05.14-18.06.37:647][  0]LogConfig: Setting CVar [[r.SSS.Scale:1]]
[2022.05.14-18.06.37:647][  0]LogConfig: Setting CVar [[r.SSS.SampleSet:2]]
[2022.05.14-18.06.37:647][  0]LogConfig: Setting CVar [[r.SSS.Quality:1]]
[2022.05.14-18.06.37:647][  0]LogConfig: Setting CVar [[r.SSS.HalfRes:0]]
[2022.05.14-18.06.37:647][  0]LogConfig: Setting CVar [[r.SSGI.Quality:3]]
[2022.05.14-18.06.37:647][  0]LogConfig: Setting CVar [[r.EmitterSpawnRateScale:1.0]]
[2022.05.14-18.06.37:647][  0]LogConfig: Setting CVar [[r.ParticleLightQuality:2]]
[2022.05.14-18.06.37:647][  0]LogConfig: Setting CVar [[r.SkyAtmosphere.AerialPerspectiveLUT.FastApplyOnOpaque:1 ; Always have FastSkyLUT 1 in this case to avoid wrong sky]]
[2022.05.14-18.06.37:647][  0]LogConfig: Setting CVar [[r.SkyAtmosphere.AerialPerspectiveLUT.SampleCountMaxPerSlice:4]]
[2022.05.14-18.06.37:647][  0]LogConfig: Setting CVar [[r.SkyAtmosphere.AerialPerspectiveLUT.DepthResolution:16.0]]
[2022.05.14-18.06.37:647][  0]LogConfig: Setting CVar [[r.SkyAtmosphere.FastSkyLUT:1]]
[2022.05.14-18.06.37:647][  0]LogConfig: Setting CVar [[r.SkyAtmosphere.FastSkyLUT.SampleCountMin:4.0]]
[2022.05.14-18.06.37:647][  0]LogConfig: Setting CVar [[r.SkyAtmosphere.FastSkyLUT.SampleCountMax:128.0]]
[2022.05.14-18.06.37:647][  0]LogConfig: Setting CVar [[r.SkyAtmosphere.SampleCountMin:4.0]]
[2022.05.14-18.06.37:647][  0]LogConfig: Setting CVar [[r.SkyAtmosphere.SampleCountMax:128.0]]
[2022.05.14-18.06.37:647][  0]LogConfig: Setting CVar [[r.SkyAtmosphere.TransmittanceLUT.UseSmallFormat:0]]
[2022.05.14-18.06.37:647][  0]LogConfig: Setting CVar [[r.SkyAtmosphere.TransmittanceLUT.SampleCount:10.0]]
[2022.05.14-18.06.37:647][  0]LogConfig: Setting CVar [[r.SkyAtmosphere.MultiScatteringLUT.SampleCount:15.0]]
[2022.05.14-18.06.37:647][  0]LogConfig: Setting CVar [[r.SkyLight.RealTimeReflectionCapture:1]]
[2022.05.14-18.06.37:647][  0]LogConfig: Applying CVar settings from Section [FoliageQuality@3] File [S:/projetos/rallyUE/brally/Saved/Config/Windows/Scalability.ini]
[2022.05.14-18.06.37:647][  0]LogConfig: Setting CVar [[foliage.DensityScale:1.0]]
[2022.05.14-18.06.37:647][  0]LogConfig: Setting CVar [[grass.DensityScale:1.0]]
[2022.05.14-18.06.37:647][  0]LogConfig: Applying CVar settings from Section [ShadingQuality@3] File [S:/projetos/rallyUE/brally/Saved/Config/Windows/Scalability.ini]
[2022.05.14-18.06.37:647][  0]LogConfig: Setting CVar [[r.HairStrands.SkyLighting.IntegrationType:2]]
[2022.05.14-18.06.37:647][  0]LogConfig: Setting CVar [[r.HairStrands.SkyAO.SampleCount:4]]
[2022.05.14-18.06.37:647][  0]LogConfig: Setting CVar [[r.HairStrands.Visibility.MSAA.SamplePerPixel:4]]
[2022.05.14-18.06.37:660][  0]LogInit: Selected Device Profile: [Windows]
[2022.05.14-18.06.37:666][  0]LogInit: Applying CVar settings loaded from the selected device profile: [Windows]
[2022.05.14-18.06.37:667][  0]LogHAL: Display: Platform has ~ 8 GB [8513687552 / 8589934592 / 8], which maps to Default [LargestMinGB=32, LargerMinGB=12, DefaultMinGB=8, SmallerMinGB=6, SmallestMinGB=0)
[2022.05.14-18.06.37:667][  0]LogInit: Going up to parent DeviceProfile []
[2022.05.14-18.06.37:674][  0]LogConfig: Applying CVar settings from Section [ViewDistanceQuality@3] File [S:/projetos/rallyUE/brally/Saved/Config/Windows/Scalability.ini]
[2022.05.14-18.06.37:674][  0]LogConfig: Setting CVar [[r.SkeletalMeshLODBias:0]]
[2022.05.14-18.06.37:674][  0]LogConfig: Setting CVar [[r.ViewDistanceScale:1.0]]
[2022.05.14-18.06.37:674][  0]LogConfig: Applying CVar settings from Section [AntiAliasingQuality@3] File [S:/projetos/rallyUE/brally/Saved/Config/Windows/Scalability.ini]
[2022.05.14-18.06.37:674][  0]LogConfig: Setting CVar [[r.PostProcessAAQuality:4]]
[2022.05.14-18.06.37:674][  0]LogConfig: Applying CVar settings from Section [ShadowQuality@3] File [S:/projetos/rallyUE/brally/Saved/Config/Windows/Scalability.ini]
[2022.05.14-18.06.37:674][  0]LogConfig: Setting CVar [[r.LightFunctionQuality:1]]
[2022.05.14-18.06.37:674][  0]LogConfig: Setting CVar [[r.ShadowQuality:5]]
[2022.05.14-18.06.37:674][  0]LogConfig: Setting CVar [[r.Shadow.CSM.MaxCascades:10]]
[2022.05.14-18.06.37:674][  0]LogConfig: Setting CVar [[r.Shadow.MaxResolution:2048]]
[2022.05.14-18.06.37:674][  0]LogConfig: Setting CVar [[r.Shadow.MaxCSMResolution:2048]]
[2022.05.14-18.06.37:674][  0]LogConfig: Setting CVar [[r.Shadow.RadiusThreshold:0.01]]
[2022.05.14-18.06.37:674][  0]LogConfig: Setting CVar [[r.Shadow.DistanceScale:1.0]]
[2022.05.14-18.06.37:674][  0]LogConfig: Setting CVar [[r.Shadow.CSM.TransitionScale:1.0]]
[2022.05.14-18.06.37:674][  0]LogConfig: Setting CVar [[r.Shadow.PreShadowResolutionFactor:1.0]]
[2022.05.14-18.06.37:674][  0]LogConfig: Setting CVar [[r.DistanceFieldShadowing:1]]
[2022.05.14-18.06.37:674][  0]LogConfig: Setting CVar [[r.DistanceFieldAO:1]]
[2022.05.14-18.06.37:674][  0]LogConfig: Setting CVar [[r.AOQuality:2]]
[2022.05.14-18.06.37:674][  0]LogConfig: Setting CVar [[r.VolumetricFog:1]]
[2022.05.14-18.06.37:674][  0]LogConfig: Setting CVar [[r.VolumetricFog.GridPixelSize:8]]
[2022.05.14-18.06.37:674][  0]LogConfig: Setting CVar [[r.VolumetricFog.GridSizeZ:128]]
[2022.05.14-18.06.37:674][  0]LogConfig: Setting CVar [[r.VolumetricFog.HistoryMissSupersampleCount:4]]
[2022.05.14-18.06.37:674][  0]LogConfig: Setting CVar [[r.LightMaxDrawDistanceScale:1]]
[2022.05.14-18.06.37:674][  0]LogConfig: Setting CVar [[r.CapsuleShadows:1]]
[2022.05.14-18.06.37:674][  0]LogConfig: Applying CVar settings from Section [PostProcessQuality@3] File [S:/projetos/rallyUE/brally/Saved/Config/Windows/Scalability.ini]
[2022.05.14-18.06.37:674][  0]LogConfig: Setting CVar [[r.MotionBlurQuality:4]]
[2022.05.14-18.06.37:674][  0]LogConfig: Setting CVar [[r.AmbientOcclusionMipLevelFactor:0.4]]
[2022.05.14-18.06.37:674][  0]LogConfig: Setting CVar [[r.AmbientOcclusionMaxQuality:100]]
[2022.05.14-18.06.37:674][  0]LogConfig: Setting CVar [[r.AmbientOcclusionLevels:-1]]
[2022.05.14-18.06.37:674][  0]LogConfig: Setting CVar [[r.AmbientOcclusionRadiusScale:1.0]]
[2022.05.14-18.06.37:674][  0]LogConfig: Setting CVar [[r.DepthOfFieldQuality:2]]
[2022.05.14-18.06.37:674][  0]LogConfig: Setting CVar [[r.RenderTargetPoolMin:400]]
[2022.05.14-18.06.37:674][  0]LogConfig: Setting CVar [[r.LensFlareQuality:2]]
[2022.05.14-18.06.37:674][  0]LogConfig: Setting CVar [[r.SceneColorFringeQuality:1]]
[2022.05.14-18.06.37:674][  0]LogConfig: Setting CVar [[r.EyeAdaptationQuality:2]]
[2022.05.14-18.06.37:674][  0]LogConfig: Setting CVar [[r.BloomQuality:5]]
[2022.05.14-18.06.37:674][  0]LogConfig: Setting CVar [[r.FastBlurThreshold:100]]
[2022.05.14-18.06.37:674][  0]LogConfig: Setting CVar [[r.Upscale.Quality:3]]
[2022.05.14-18.06.37:674][  0]LogConfig: Setting CVar [[r.Tonemapper.GrainQuantization:1]]
[2022.05.14-18.06.37:674][  0]LogConfig: Setting CVar [[r.LightShaftQuality:1]]
[2022.05.14-18.06.37:674][  0]LogConfig: Setting CVar [[r.Filter.SizeScale:1]]
[2022.05.14-18.06.37:674][  0]LogConfig: Setting CVar [[r.Tonemapper.Quality:5]]
[2022.05.14-18.06.37:674][  0]LogConfig: Setting CVar [[r.DOF.Gather.AccumulatorQuality:1        ; higher gathering accumulator quality]]
[2022.05.14-18.06.37:674][  0]LogConfig: Setting CVar [[r.DOF.Gather.PostfilterMethod:1          ; Median3x3 postfilering method]]
[2022.05.14-18.06.37:674][  0]LogConfig: Setting CVar [[r.DOF.Gather.EnableBokehSettings:0       ; no bokeh simulation when gathering]]
[2022.05.14-18.06.37:674][  0]LogConfig: Setting CVar [[r.DOF.Gather.RingCount:4                 ; medium number of samples when gathering]]
[2022.05.14-18.06.37:674][  0]LogConfig: Setting CVar [[r.DOF.Scatter.ForegroundCompositing:1    ; additive foreground scattering]]
[2022.05.14-18.06.37:674][  0]LogConfig: Setting CVar [[r.DOF.Scatter.BackgroundCompositing:2    ; additive background scattering]]
[2022.05.14-18.06.37:674][  0]LogConfig: Setting CVar [[r.DOF.Scatter.EnableBokehSettings:1      ; bokeh simulation when scattering]]
[2022.05.14-18.06.37:674][  0]LogConfig: Setting CVar [[r.DOF.Scatter.MaxSpriteRatio:0.1         ; only a maximum of 10% of scattered bokeh]]
[2022.05.14-18.06.37:674][  0]LogConfig: Setting CVar [[r.DOF.Recombine.Quality:1                ; cheap slight out of focus]]
[2022.05.14-18.06.37:674][  0]LogConfig: Setting CVar [[r.DOF.Recombine.EnableBokehSettings:0    ; no bokeh simulation on slight out of focus]]
[2022.05.14-18.06.37:674][  0]LogConfig: Setting CVar [[r.DOF.TemporalAAQuality:1                ; more stable temporal accumulation]]
[2022.05.14-18.06.37:674][  0]LogConfig: Setting CVar [[r.DOF.Kernel.MaxForegroundRadius:0.025]]
[2022.05.14-18.06.37:674][  0]LogConfig: Setting CVar [[r.DOF.Kernel.MaxBackgroundRadius:0.025]]
[2022.05.14-18.06.37:674][  0]LogConfig: Applying CVar settings from Section [TextureQuality@3] File [S:/projetos/rallyUE/brally/Saved/Config/Windows/Scalability.ini]
[2022.05.14-18.06.37:674][  0]LogConfig: Setting CVar [[r.Streaming.MipBias:0]]
[2022.05.14-18.06.37:674][  0]LogConfig: Setting CVar [[r.Streaming.AmortizeCPUToGPUCopy:0]]
[2022.05.14-18.06.37:674][  0]LogConfig: Setting CVar [[r.Streaming.MaxNumTexturesToStreamPerFrame:0]]
[2022.05.14-18.06.37:674][  0]LogConfig: Setting CVar [[r.Streaming.Boost:1]]
[2022.05.14-18.06.37:674][  0]LogConfig: Setting CVar [[r.MaxAnisotropy:8]]
[2022.05.14-18.06.37:674][  0]LogConfig: Setting CVar [[r.VT.MaxAnisotropy:8]]
[2022.05.14-18.06.37:674][  0]LogConfig: Setting CVar [[r.Streaming.LimitPoolSizeToVRAM:0]]
[2022.05.14-18.06.37:674][  0]LogConfig: Setting CVar [[r.Streaming.PoolSize:1000]]
[2022.05.14-18.06.37:674][  0]LogConfig: Setting CVar [[r.Streaming.MaxEffectiveScreenSize:0]]
[2022.05.14-18.06.37:674][  0]LogConfig: Applying CVar settings from Section [EffectsQuality@3] File [S:/projetos/rallyUE/brally/Saved/Config/Windows/Scalability.ini]
[2022.05.14-18.06.37:674][  0]LogConfig: Setting CVar [[r.TranslucencyLightingVolumeDim:64]]
[2022.05.14-18.06.37:674][  0]LogConfig: Setting CVar [[r.RefractionQuality:2]]
[2022.05.14-18.06.37:674][  0]LogConfig: Setting CVar [[r.SSR.Quality:3]]
[2022.05.14-18.06.37:674][  0]LogConfig: Setting CVar [[r.SSR.HalfResSceneColor:0]]
[2022.05.14-18.06.37:674][  0]LogConfig: Setting CVar [[r.SceneColorFormat:4]]
[2022.05.14-18.06.37:674][  0]LogConfig: Setting CVar [[r.DetailMode:2]]
[2022.05.14-18.06.37:674][  0]LogConfig: Setting CVar [[r.TranslucencyVolumeBlur:1]]
[2022.05.14-18.06.37:674][  0]LogConfig: Setting CVar [[r.MaterialQualityLevel:1 ; High quality]]
[2022.05.14-18.06.37:675][  0]LogConfig: Setting CVar [[r.AnisotropicMaterials:1]]
[2022.05.14-18.06.37:675][  0]LogConfig: Setting CVar [[r.SSS.Scale:1]]
[2022.05.14-18.06.37:675][  0]LogConfig: Setting CVar [[r.SSS.SampleSet:2]]
[2022.05.14-18.06.37:675][  0]LogConfig: Setting CVar [[r.SSS.Quality:1]]
[2022.05.14-18.06.37:675][  0]LogConfig: Setting CVar [[r.SSS.HalfRes:0]]
[2022.05.14-18.06.37:675][  0]LogConfig: Setting CVar [[r.SSGI.Quality:3]]
[2022.05.14-18.06.37:675][  0]LogConfig: Setting CVar [[r.EmitterSpawnRateScale:1.0]]
[2022.05.14-18.06.37:675][  0]LogConfig: Setting CVar [[r.ParticleLightQuality:2]]
[2022.05.14-18.06.37:675][  0]LogConfig: Setting CVar [[r.SkyAtmosphere.AerialPerspectiveLUT.FastApplyOnOpaque:1 ; Always have FastSkyLUT 1 in this case to avoid wrong sky]]
[2022.05.14-18.06.37:675][  0]LogConfig: Setting CVar [[r.SkyAtmosphere.AerialPerspectiveLUT.SampleCountMaxPerSlice:4]]
[2022.05.14-18.06.37:675][  0]LogConfig: Setting CVar [[r.SkyAtmosphere.AerialPerspectiveLUT.DepthResolution:16.0]]
[2022.05.14-18.06.37:675][  0]LogConfig: Setting CVar [[r.SkyAtmosphere.FastSkyLUT:1]]
[2022.05.14-18.06.37:675][  0]LogConfig: Setting CVar [[r.SkyAtmosphere.FastSkyLUT.SampleCountMin:4.0]]
[2022.05.14-18.06.37:675][  0]LogConfig: Setting CVar [[r.SkyAtmosphere.FastSkyLUT.SampleCountMax:128.0]]
[2022.05.14-18.06.37:675][  0]LogConfig: Setting CVar [[r.SkyAtmosphere.SampleCountMin:4.0]]
[2022.05.14-18.06.37:675][  0]LogConfig: Setting CVar [[r.SkyAtmosphere.SampleCountMax:128.0]]
[2022.05.14-18.06.37:675][  0]LogConfig: Setting CVar [[r.SkyAtmosphere.TransmittanceLUT.UseSmallFormat:0]]
[2022.05.14-18.06.37:675][  0]LogConfig: Setting CVar [[r.SkyAtmosphere.TransmittanceLUT.SampleCount:10.0]]
[2022.05.14-18.06.37:675][  0]LogConfig: Setting CVar [[r.SkyAtmosphere.MultiScatteringLUT.SampleCount:15.0]]
[2022.05.14-18.06.37:675][  0]LogConfig: Setting CVar [[r.SkyLight.RealTimeReflectionCapture:1]]
[2022.05.14-18.06.37:675][  0]LogConfig: Applying CVar settings from Section [FoliageQuality@3] File [S:/projetos/rallyUE/brally/Saved/Config/Windows/Scalability.ini]
[2022.05.14-18.06.37:675][  0]LogConfig: Setting CVar [[foliage.DensityScale:1.0]]
[2022.05.14-18.06.37:675][  0]LogConfig: Setting CVar [[grass.DensityScale:1.0]]
[2022.05.14-18.06.37:675][  0]LogConfig: Applying CVar settings from Section [ShadingQuality@3] File [S:/projetos/rallyUE/brally/Saved/Config/Windows/Scalability.ini]
[2022.05.14-18.06.37:675][  0]LogConfig: Setting CVar [[r.HairStrands.SkyLighting.IntegrationType:2]]
[2022.05.14-18.06.37:675][  0]LogConfig: Setting CVar [[r.HairStrands.SkyAO.SampleCount:4]]
[2022.05.14-18.06.37:675][  0]LogConfig: Setting CVar [[r.HairStrands.Visibility.MSAA.SamplePerPixel:4]]
[2022.05.14-18.06.37:675][  0]LogConfig: Applying CVar settings from Section [Startup] File [../../../Engine/Config/ConsoleVariables.ini]
[2022.05.14-18.06.37:691][  0]LogConfig: Setting CVar [[net.UseAdaptiveNetUpdateFrequency:0]]
[2022.05.14-18.06.37:691][  0]LogConfig: Setting CVar [[p.chaos.AllowCreatePhysxBodies:1]]
[2022.05.14-18.06.37:691][  0]LogConfig: Setting CVar [[fx.SkipVectorVMBackendOptimizations:1]]
[2022.05.14-18.06.37:691][  0]LogConfig: Applying CVar settings from Section [ConsoleVariables] File [S:/projetos/rallyUE/brally/Saved/Config/Windows/Engine.ini]
[2022.05.14-18.06.37:691][  0]LogConfig: Applying CVar settings from Section [ConsoleVariables] File [S:/projetos/rallyUE/brally/Saved/Config/Windows/Editor.ini]
[2022.05.14-18.06.37:728][  0]LogInit: Computer: DESKTOP-F4V4HAJ
[2022.05.14-18.06.37:728][  0]LogInit: User: erick
[2022.05.14-18.06.37:728][  0]LogInit: CPU Page size=4096, Cores=2
[2022.05.14-18.06.37:728][  0]LogInit: High frequency timer resolution =10.000000 MHz
[2022.05.14-18.06.37:728][  0]LogMemory: Memory total: Physical=7.9GB (8GB approx)
[2022.05.14-18.06.37:738][  0]LogMemory: Platform Memory Stats for Windows
[2022.05.14-18.06.37:738][  0]LogMemory: Process Physical Memory: 141.16 MB used, 141.16 MB peak
[2022.05.14-18.06.37:738][  0]LogMemory: Process Virtual Memory: 126.74 MB used, 126.74 MB peak
[2022.05.14-18.06.37:738][  0]LogMemory: Physical Memory: 5287.52 MB used,  2831.76 MB free, 8119.29 MB total
[2022.05.14-18.06.37:738][  0]LogMemory: Virtual Memory: 134207504.00 MB used,  10220.75 MB free, 134217728.00 MB total
[2022.05.14-18.06.37:756][  0]LogWindows: WindowsPlatformFeatures enabled
[2022.05.14-18.06.38:589][  0]LogInit: Physics initialised using underlying interface: PhysX
[2022.05.14-18.06.38:632][  0]LogInit: Using OS detected language (pt-BR).
[2022.05.14-18.06.38:632][  0]LogInit: Using OS detected locale (pt-BR).
[2022.05.14-18.06.39:002][  0]LogTextLocalizationResource: LocRes '../../../Engine/Content/Localization/Editor/pt/Editor.locres' could not be opened for reading!
[2022.05.14-18.06.39:002][  0]LogTextLocalizationResource: LocRes '../../../Engine/Content/Localization/EditorTutorials/pt/EditorTutorials.locres' could not be opened for reading!
[2022.05.14-18.06.39:002][  0]LogTextLocalizationResource: LocRes '../../../Engine/Content/Localization/Keywords/pt/Keywords.locres' could not be opened for reading!
[2022.05.14-18.06.39:002][  0]LogTextLocalizationResource: LocRes '../../../Engine/Content/Localization/Category/pt/Category.locres' could not be opened for reading!
[2022.05.14-18.06.39:002][  0]LogTextLocalizationResource: LocRes '../../../Engine/Content/Localization/ToolTips/pt/ToolTips.locres' could not be opened for reading!
[2022.05.14-18.06.39:002][  0]LogTextLocalizationResource: LocRes '../../../Engine/Content/Localization/PropertyNames/pt/PropertyNames.locres' could not be opened for reading!
[2022.05.14-18.06.39:002][  0]LogTextLocalizationResource: LocRes '../../../Engine/Content/Localization/Engine/pt/Engine.locres' could not be opened for reading!
[2022.05.14-18.06.39:002][  0]LogTextLocalizationResource: LocRes '../../../Engine/Plugins/Online/OnlineSubsystem/Content/Localization/OnlineSubsystem/pt/OnlineSubsystem.locres' could not be opened for reading!
[2022.05.14-18.06.39:002][  0]LogTextLocalizationResource: LocRes '../../../Engine/Plugins/Online/OnlineSubsystemUtils/Content/Localization/OnlineSubsystemUtils/pt/OnlineSubsystemUtils.locres' could not be opened for reading!
[2022.05.14-18.06.39:002][  0]LogTextLocalizationResource: LocRes '../../../Engine/Plugins/Online/Android/OnlineSubsystemGooglePlay/Content/Localization/OnlineSubsystemGooglePlay/pt/OnlineSubsystemGooglePlay.locres' could not be opened for reading!
[2022.05.14-18.06.39:002][  0]LogTextLocalizationResource: LocRes '../../../Engine/Plugins/Online/IOS/OnlineSubsystemIOS/Content/Localization/OnlineSubsystemIOS/pt/OnlineSubsystemIOS.locres' could not be opened for reading!
[2022.05.14-18.06.39:043][  0]LogInit: Setting process to per monitor DPI aware
[2022.05.14-18.06.39:336][  0]LogWindowsTextInputMethodSystem: Display: IME system deactivated.
[2022.05.14-18.06.39:775][  0]LogSlate: New Slate User Created.  User Index 0, Is Virtual User: 0
[2022.05.14-18.06.39:775][  0]LogSlate: Slate User Registered.  User Index 0, Is Virtual User: 0
[2022.05.14-18.06.42:387][  0]LogD3D11RHI: Loaded GFSDK_Aftermath_Lib.x64.dll
[2022.05.14-18.06.42:414][  0]LogHMD: Failed to initialize OpenVR with code 110
[2022.05.14-18.06.42:415][  0]LogD3D11RHI: D3D11 min allowed feature level: 11_0
[2022.05.14-18.06.42:415][  0]LogD3D11RHI: D3D11 max allowed feature level: 11_0
[2022.05.14-18.06.42:415][  0]LogD3D11RHI: D3D11 adapters:
[2022.05.14-18.06.42:517][  0]LogD3D11RHI:    0. 'NVIDIA GeForce GTX 750 Ti' (Feature Level 11_0)
[2022.05.14-18.06.42:517][  0]LogD3D11RHI:       2007/0/4059 MB DedicatedVideo/DedicatedSystem/SharedSystem, Outputs:1, VendorId:0x10de
[2022.05.14-18.06.42:519][  0]LogD3D11RHI:    1. 'Microsoft Basic Render Driver' (Feature Level 11_0)
[2022.05.14-18.06.42:519][  0]LogD3D11RHI:       0/0/4059 MB DedicatedVideo/DedicatedSystem/SharedSystem, Outputs:0, VendorId:0x1414
[2022.05.14-18.06.42:519][  0]LogD3D11RHI: Chosen D3D11 Adapter:
[2022.05.14-18.06.42:519][  0]LogD3D11RHI:     Description : NVIDIA GeForce GTX 750 Ti
[2022.05.14-18.06.42:519][  0]LogD3D11RHI:     VendorId    : 10de
[2022.05.14-18.06.42:519][  0]LogD3D11RHI:     DeviceId    : 1380
[2022.05.14-18.06.42:519][  0]LogD3D11RHI:     SubSysId    : 37513842
[2022.05.14-18.06.42:519][  0]LogD3D11RHI:     Revision    : 00a2
[2022.05.14-18.06.42:519][  0]LogD3D11RHI:     DedicatedVideoMemory : 2105212928 bytes
[2022.05.14-18.06.42:519][  0]LogD3D11RHI:     DedicatedSystemMemory : 0 bytes
[2022.05.14-18.06.42:519][  0]LogD3D11RHI:     SharedSystemMemory : 4256843776 bytes
[2022.05.14-18.06.42:519][  0]LogD3D11RHI:     AdapterLuid : 0 44748
[2022.05.14-18.06.42:552][  0]LogD3D11RHI: Creating new Direct3DDevice
[2022.05.14-18.06.42:552][  0]LogD3D11RHI:     GPU DeviceId: 0x1380 (for the marketing name, search the web for "GPU Device Id")
[2022.05.14-18.06.42:552][  0]LogWindows: EnumDisplayDevices:
[2022.05.14-18.06.42:552][  0]LogWindows:    0. 'NVIDIA GeForce GTX 750 Ti' (P:1 D:1)
[2022.05.14-18.06.42:552][  0]LogWindows:    1. 'NVIDIA GeForce GTX 750 Ti' (P:0 D:0)
[2022.05.14-18.06.42:552][  0]LogWindows:    2. 'NVIDIA GeForce GTX 750 Ti' (P:0 D:0)
[2022.05.14-18.06.42:553][  0]LogWindows:    3. 'NVIDIA GeForce GTX 750 Ti' (P:0 D:0)
[2022.05.14-18.06.42:553][  0]LogWindows: DebugString: FoundDriverCount:4 
[2022.05.14-18.06.42:553][  0]LogD3D11RHI:     Adapter Name: NVIDIA GeForce GTX 750 Ti
[2022.05.14-18.06.42:553][  0]LogD3D11RHI:   Driver Version: 512.15 (internal:30.0.15.1215, unified:512.15)
[2022.05.14-18.06.42:553][  0]LogD3D11RHI:      Driver Date: 3-17-2022
[2022.05.14-18.06.42:555][  0]LogRHI: Texture pool is 1405 MB (70% of 2007 MB)
[2022.05.14-18.06.42:555][  0]LogD3D11RHI: Creating D3DDevice using adapter:
[2022.05.14-18.06.42:555][  0]LogD3D11RHI:     Description : NVIDIA GeForce GTX 750 Ti
[2022.05.14-18.06.42:555][  0]LogD3D11RHI:     VendorId    : 10de
[2022.05.14-18.06.42:555][  0]LogD3D11RHI:     DeviceId    : 1380
[2022.05.14-18.06.42:555][  0]LogD3D11RHI:     SubSysId    : 37513842
[2022.05.14-18.06.42:555][  0]LogD3D11RHI:     Revision    : 00a2
[2022.05.14-18.06.42:555][  0]LogD3D11RHI:     DedicatedVideoMemory : 2105212928 bytes
[2022.05.14-18.06.42:555][  0]LogD3D11RHI:     DedicatedSystemMemory : 0 bytes
[2022.05.14-18.06.42:555][  0]LogD3D11RHI:     SharedSystemMemory : 4256843776 bytes
[2022.05.14-18.06.42:555][  0]LogD3D11RHI:     AdapterLuid : 0 44748
[2022.05.14-18.06.42:635][  0]LogD3D11RHI: RHI has support for 64 bit atomics
[2022.05.14-18.06.42:637][  0]LogD3D11RHI: Async texture creation enabled
[2022.05.14-18.06.43:164][  0]LogD3D11RHI: GPU Timing Frequency: 1000.000000 (Debug: 2 1)
[2022.05.14-18.06.43:437][  0]LogRHI: GeForceNow SDK initialized: 1
[2022.05.14-18.06.45:082][  0]LogTargetPlatformManager: Display: Loaded TargetPlatform 'AllDesktop'
[2022.05.14-18.06.45:176][  0]LogTargetPlatformManager: Display: Loaded TargetPlatform 'Android'
[2022.05.14-18.06.45:177][  0]LogTargetPlatformManager: Display: Loaded TargetPlatform 'Android_ASTC'
[2022.05.14-18.06.45:177][  0]LogTargetPlatformManager: Display: Loaded TargetPlatform 'Android_DXT'
[2022.05.14-18.06.45:177][  0]LogTargetPlatformManager: Display: Loaded TargetPlatform 'Android_ETC2'
[2022.05.14-18.06.45:177][  0]LogTargetPlatformManager: Display: Loaded TargetPlatform 'AndroidClient'
[2022.05.14-18.06.45:177][  0]LogTargetPlatformManager: Display: Loaded TargetPlatform 'Android_ASTCClient'
[2022.05.14-18.06.45:177][  0]LogTargetPlatformManager: Display: Loaded TargetPlatform 'Android_DXTClient'
[2022.05.14-18.06.45:177][  0]LogTargetPlatformManager: Display: Loaded TargetPlatform 'Android_ETC2Client'
[2022.05.14-18.06.45:177][  0]LogTargetPlatformManager: Display: Loaded TargetPlatform 'Android_Multi'
[2022.05.14-18.06.45:177][  0]LogTargetPlatformManager: Display: Loaded TargetPlatform 'Android_MultiClient'
[2022.05.14-18.06.45:306][  0]LogTargetPlatformManager: Display: Loaded TargetPlatform 'IOSClient'
[2022.05.14-18.06.45:306][  0]LogTargetPlatformManager: Display: Loaded TargetPlatform 'IOS'
[2022.05.14-18.06.45:382][  0]LogTargetPlatformManager: Display: Loaded TargetPlatform 'Linux'
[2022.05.14-18.06.45:443][  0]LogTargetPlatformManager: Display: Loaded TargetPlatform 'LinuxNoEditor'
[2022.05.14-18.06.45:463][  0]LogTargetPlatformManager: Display: Loaded TargetPlatform 'LinuxClient'
[2022.05.14-18.06.45:489][  0]LogTargetPlatformManager: Display: Loaded TargetPlatform 'LinuxServer'
[2022.05.14-18.06.45:532][  0]LogTargetPlatformManager: Display: Loaded TargetPlatform 'LinuxAArch64NoEditor'
[2022.05.14-18.06.45:559][  0]LogTargetPlatformManager: Display: Loaded TargetPlatform 'LinuxAArch64Client'
[2022.05.14-18.06.45:582][  0]LogTargetPlatformManager: Display: Loaded TargetPlatform 'LinuxAArch64Server'
[2022.05.14-18.06.45:627][  0]LogTargetPlatformManager: Display: Loaded TargetPlatform 'Lumin'
[2022.05.14-18.06.45:627][  0]LogTargetPlatformManager: Display: Loaded TargetPlatform 'LuminClient'
[2022.05.14-18.06.45:687][  0]LogTargetPlatformManager: Display: Loaded TargetPlatform 'MacNoEditor'
[2022.05.14-18.06.45:713][  0]LogTargetPlatformManager: Display: Loaded TargetPlatform 'Mac'
[2022.05.14-18.06.45:732][  0]LogTargetPlatformManager: Display: Loaded TargetPlatform 'MacClient'
[2022.05.14-18.06.45:761][  0]LogTargetPlatformManager: Display: Loaded TargetPlatform 'MacServer'
[2022.05.14-18.06.45:791][  0]LogTargetPlatformManager: Display: Loaded TargetPlatform 'TVOSClient'
[2022.05.14-18.06.45:791][  0]LogTargetPlatformManager: Display: Loaded TargetPlatform 'TVOS'
[2022.05.14-18.06.45:851][  0]LogTargetPlatformManager: Display: Loaded TargetPlatform 'WindowsNoEditor'
[2022.05.14-18.06.45:902][  0]LogTargetPlatformManager: Display: Loaded TargetPlatform 'Windows'
[2022.05.14-18.06.45:922][  0]LogTargetPlatformManager: Display: Loaded TargetPlatform 'WindowsClient'
[2022.05.14-18.06.45:953][  0]LogTargetPlatformManager: Display: Loaded TargetPlatform 'WindowsServer'
[2022.05.14-18.06.45:953][  0]LogTargetPlatformManager: Display: Building Assets For Windows
[2022.05.14-18.06.46:227][  0]LogAudioDebug: Display: Lib vorbis DLL was dynamically loaded.
[2022.05.14-18.06.46:750][  0]LogTextureFormatOodle: Display: Oodle Texture 2.9.0 init RDO Off
[2022.05.14-18.06.47:411][  0]LogRendererCore: Ray tracing is disabled. Reason: r.RayTracing=0.
[2022.05.14-18.06.47:452][  0]LogShaderCompilers: Guid format shader working directory is 19 characters bigger than the processId version (S:/projetos/rallyUE/brally/Intermediate/Shaders/WorkingDirectory/10436/).
[2022.05.14-18.06.47:452][  0]LogShaderCompilers: Cleaned the shader compiler working directory 'C:/Users/erick/AppData/Local/Temp/UnrealShaderWorkingDir/AAEC1AB448C4A5FAF9E0B7BC2A0E8874/'.
[2022.05.14-18.06.47:521][  0]LogXGEController: Cannot use XGE Controller as Incredibuild is not installed on this machine.
[2022.05.14-18.06.47:521][  0]LogShaderCompilers: Cannot use XGE Shader Compiler as Incredibuild is not installed on this machine.
[2022.05.14-18.06.47:532][  0]LogShaderCompilers: Display: Using Local Shader Compiler.
[2022.05.14-18.06.51:938][  0]LogDerivedDataCache: Display: Max Cache Size: 512 MB
[2022.05.14-18.06.52:368][  0]LogDerivedDataCache: Loaded boot cache 0.42s 94MB C:/Users/erick/AppData/Local/UnrealEngine/4.27/DerivedDataCache/Boot.ddc.
[2022.05.14-18.06.52:368][  0]LogDerivedDataCache: Display: Loaded Boot cache: C:/Users/erick/AppData/Local/UnrealEngine/4.27/DerivedDataCache/Boot.ddc
[2022.05.14-18.06.52:369][  0]LogDerivedDataCache: FDerivedDataBackendGraph:  Pak pak cache file S:/projetos/rallyUE/brally/DerivedDataCache/DDC.ddp not found, will not use a pak cache.
[2022.05.14-18.06.52:369][  0]LogDerivedDataCache: Unable to find inner node Pak for hierarchical cache Hierarchy.
[2022.05.14-18.06.52:369][  0]LogDerivedDataCache: FDerivedDataBackendGraph:  CompressedPak pak cache file S:/projetos/rallyUE/brally/DerivedDataCache/Compressed.ddp not found, will not use a pak cache.
[2022.05.14-18.06.52:369][  0]LogDerivedDataCache: Unable to find inner node CompressedPak for hierarchical cache Hierarchy.
[2022.05.14-18.06.52:462][  0]LogDerivedDataCache: Display: Pak cache opened for reading ../../../Engine/DerivedDataCache/Compressed.ddp.
[2022.05.14-18.06.52:462][  0]LogDerivedDataCache: FDerivedDataBackendGraph:  EnterprisePak pak cache file ../../../Enterprise/DerivedDataCache/Compressed.ddp not found, will not use a pak cache.
[2022.05.14-18.06.52:462][  0]LogDerivedDataCache: Unable to find inner node EnterprisePak for hierarchical cache Hierarchy.
[2022.05.14-18.06.52:539][  0]LogDerivedDataCache: Speed tests for C:/Users/erick/AppData/Local/UnrealEngine/Common/DerivedDataCache took 0.08 seconds
[2022.05.14-18.06.52:539][  0]LogDerivedDataCache: Display: Performance to C:/Users/erick/AppData/Local/UnrealEngine/Common/DerivedDataCache: Latency=1.48ms. RandomReadSpeed=19.27MBs, RandomWriteSpeed=85.06MBs. Assigned SpeedClass 'Fast'
[2022.05.14-18.06.52:540][  0]LogDerivedDataCache: Using Local data cache path C:/Users/erick/AppData/Local/UnrealEngine/Common/DerivedDataCache: Writable
[2022.05.14-18.06.52:540][  0]LogDerivedDataCache: Shared data cache path not found in *engine.ini, will not use an Shared cache.
[2022.05.14-18.06.52:540][  0]LogDerivedDataCache: Unable to find inner node Shared for hierarchical cache Hierarchy.
[2022.05.14-18.06.52:764][  0]LogSlate: Using FreeType 2.10.0
[2022.05.14-18.06.52:899][  0]LogSlate: SlateFontServices - WITH_FREETYPE: 1, WITH_HARFBUZZ: 1
[2022.05.14-18.06.53:740][  0]LogAssetRegistry: FAssetRegistry took 0.0083 seconds to start up
[2022.05.14-18.07.00:783][  0]LogInit: Selected Device Profile: [Windows]
[2022.05.14-18.07.00:783][  0]LogInit: Active device profile: [000001FE5E27BC00][000001FE5AF30AC0 49] Windows
[2022.05.14-18.07.00:783][  0]LogInit: Profiles: [000001FE5E27BC00][000001FE5AF30AC0 49] Windows, [000001FE5E234600][000001FE5A5CEC40 49] WindowsNoEditor, [000001FE5E278500][000001FE5A5D2DC0 49] WindowsServer, [000001FE5E237B00][000001FE5A5D6F40 49] WindowsClient, [000001FE5E27BA00][000001FE5A5DB0C0 49] IOS, [000001FE5E234900][000001FE3F433240 49] iPadAir, [000001FE5E278800][000001FE3F4373C0 49] iPadAir2, [000001FE5E1ECC00][000001FE3F43F680 49] IPadPro, [000001FE5E1ECD00][000001FE3F43B6C0 49] iPadAir3, [000001FE5E27B700][000001FE3F443840 49] iPadAir4, [000001FE5E1EC900][000001FE3F4479C0 49] iPadMini2, [000001FE5E278900][000001FE3F44BB40 49] iPadMini3, [000001FE5E1ED600][000001FE3F44E140 49] iPadMini4, [000001FE5E27B400][000001FE3F4522C0 49] iPadMini5, [000001FE5E236F00][000001FE3F45A580 49] iPhone6, [000001FE5E236E00][000001FE3F4565C0 49] iPodTouch6, [000001FE5E1EF900][000001FE5C582880 49] iPhone7, [000001FE5E1EF500][000001FE3F45E8C0 49] iPodTouch7, [000001FE5E237900][000001FE5AF34A00 49] iPhone5S, [000001FE5E1EC400][000001FE5C586B40 49] iPhone6Plus, [000001FE5E235000][000001FE5C58AC80 49] iPhone6S, [000001FE5E1EEF00][000001FE5C58EDC0 49] iPhone6SPlus, [000001FE5E235C00][000001FE5C596F40 49] iPhone7Plus, [000001FE5E1ED100][000001FE5C59B0C0 49] iPhoneSE, [000001FE5E236300][000001FE5C59F240 49] iPhone8, [000001FE5E1EEA00][000001FE5C5A33C0 49] iPhone8Plus, [000001FE5E234B00][000001FE5C5A7540 49] iPhoneX, [000001FE5E1EE500][000001FE5C5AB6C0 49] iPhoneXS, [000001FE5E236000][000001FE5C5AF840 49] iPhoneXSMax, [000001FE5E1EFD00][000001FE5AF8B9C0 49] iPhoneXR, [000001FE5E235500][000001FE5AF8FB40 49] iPhone11, [000001FE5E1EDE00][000001FE5AF92140 49] iPhone11Pro, [000001FE5E234200][000001FE5AF962C0 49] iPhone11ProMax, [000001FE5E1EF400][000001FE5AF9A440 49] iPhoneSE2, [000001FE5E237800][000001FE5AF9E5C0 49] iPhone12Mini, [000001FE5E1ECE00][000001FE5AFA2740 49] iPhone12, [000001FE5E234E00][000001FE5AFA68C0 49] iPhone12Pro, [000001FE5E1EEC00][000001FE5AFAAA40 49] iPhone12ProMax, [000001FE5E235100][000001FE5C592B80 49] iPadPro105, [000001FE5E1EFC00][000001FE5AFAECC0 49] iPadPro129, [000001FE5E234A00][000001FE5AFB2E00 49] iPadPro97, [000001FE5E1ED700][000001FE5AFB6F40 49] iPadPro2_129, [000001FE5E237500][000001FE5AFBF0C0 49] iPad5, [000001FE5E1EDD00][000001FE5B16F240 49] iPad6, [000001FE5E235B00][000001FE5B1733C0 49] iPad7, [000001FE5E1EE800][000001FE5B177540 49] iPad8, [000001FE5E237200][000001FE5B17B6C0 49] iPadPro11, [000001FE5E1EEB00][000001FE5B17F840 49] iPadPro2_11, [000001FE5E234300][000001FE5B1839C0 49] iPadPro3_129, [000001FE5E1EC500][000001FE5B187B40 49] iPadPro4_129, [000001FE5E237300][000001FE5B18A140 49] AppleTV, [000001FE5E1ED400][000001FE5B18E2C0 49] AppleTV4K, [000001FE5E235900][000001FE5B192440 49] TVOS, [000001FE5E1EFA00][000001FE5B1965C0 49] Mac, [000001FE5E237C00][000001FE5B19A740 49] MacClient, [000001FE5E1EF600][000001FE5B19E8C0 49] MacNoEditor, [000001FE5E237A00][000001FE5B1A2A40 49] MacServer, [000001FE5E1EF000][000001FE3F340BC0 49] Linux, [000001FE5E236C00][000001FE3F344D40 49] LinuxAArch64, [000001FE5E1ED000][000001FE5AFBAE80 49] LinuxNoEditor, [000001FE5E237100][000001FE3F348FC0 49] LinuxAArch64NoEditor, [000001FE5E1EFF00][000001FE3F34D100 49] LinuxClient, [000001FE5E237400][000001FE3F355280 49] LinuxAArch64Client, [000001FE5E1EE300][000001FE3F359400 49] LinuxServer, [000001FE5E234C00][000001FE3F35D580 49] LinuxAArch64Server, [000001FE5E1EC200][000001FE3F361700 49] Android, [000001FE5E236200][000001FE3F365880 49] Android_Low, [000001FE5E279100][000001FE3F369A00 49] Android_Mid, [000001FE5E2C2500][000001FE3F36DB80 49] Android_High, [000001FE5E27A600][000001FE3F370180 49] Android_Default, [000001FE5E2C1300][000001FE3F374300 49] Android_Adreno4xx, [000001FE5E278700][000001FE5C516480 49] Android_Adreno5xx_Low, [000001FE5E2C1100][000001FE5C51A600 49] Android_Adreno5xx, [000001FE5E27A700][000001FE5C51E780 49] Android_Adreno6xx, [000001FE5E2C2600][000001FE5C522900 49] Android_Adreno6xx_Vulkan, [000001FE5E278A00][000001FE5C526A80 49] Android_Mali_T6xx, [000001FE5E2C0D00][000001FE5C52AC00 49] Android_Mali_T7xx, [000001FE5E279000][000001FE5C52ED80 49] Android_Mali_T8xx, [000001FE5E2C2300][000001FE5C532F00 49] Android_Mali_G71, [000001FE5E27BF00][000001FE3F351040 49] Android_Mali_G72, [000001FE5E2C0B00][000001FE5C537180 49] Android_Mali_G72_Vulkan, [000001FE5E278B00][000001FE5C53B2C0 49] Android_Mali_G76, [000001FE5E2C0700][000001FE5C543440 49] Android_Mali_G76_Vulkan, [000001FE5E27A500][000001FE5C5475C0 49] Android_Mali_G77, [000001FE5E2C1C00][000001FE5C54B740 49] Android_Mali_G77_Vulkan, [000001FE5E27AF00][000001FE5C54F8C0 49] Android_Mali_G78, [000001FE5E2C1700][000001FE5C553A40 49] Android_Mali_G78_Vulkan, [000001FE5E236800][000001FE5C557BC0 49] Android_Mali_G710, [000001FE5E1EC800][000001FE5B1461C0 49] Android_Mali_G710_Vulkan, [000001FE5E234100][000001FE5B14A340 49] Android_Vulkan_SM5, [000001FE5E2C0F00][000001FE5B14E4C0 49] Android_PowerVR_G6xxx, [000001FE5E236600][000001FE5B152640 49] Android_PowerVR_GT7xxx, [000001FE5E2C0100][000001FE5B1567C0 49] Android_PowerVR_GE8xxx, [000001FE5E235F00][000001FE5B15A940 49] Android_PowerVR_GM9xxx, [000001FE5E2C2400][000001FE5B15EAC0 49] Android_PowerVR_GM9xxx_Vulkan, [000001FE5E236400][000001FE5B162C40 49] Android_TegraK1, [000001FE5E2C1800][000001FE5B166DC0 49] Android_Unknown_Vulkan, [000001FE5E237E00][000001FE5B16AF40 49] Lumin, [000001FE5E2C0C00][000001FE5AFC30C0 49] Lumin_Desktop, [000001FE5E234400][000001FE5C53F200 49] HoloLens, 
[2022.05.14-18.07.02:328][  0]LogMeshReduction: Using QuadricMeshReduction for automatic static mesh reduction
[2022.05.14-18.07.02:328][  0]LogMeshReduction: Using SimplygonMeshReduction for automatic skeletal mesh reduction
[2022.05.14-18.07.02:328][  0]LogMeshReduction: Using ProxyLODMeshReduction for automatic mesh merging
[2022.05.14-18.07.02:328][  0]LogMeshReduction: No distributed automatic mesh merging module available
[2022.05.14-18.07.02:329][  0]LogMeshMerging: No distributed automatic mesh merging module available
[2022.05.14-18.07.02:916][  0]LogNetVersion: brally 1.0.0, NetCL: 17155196, EngineNetVer: 17, GameNetVer: 0 (Checksum: 3473964133)
[2022.05.14-18.07.14:611][  0]LogTexture: Default maximum texture size for cubemaps generated from long-lat sources has been changed from 512 to unlimited. In order to preserve old behaiour for '/Engine/MapTemplates/Sky/DaylightAmbientCubemap.DaylightAmbientCubemap', its maximum texture size has been explicitly set to 512.
[2022.05.14-18.07.15:383][  0]LogHMD: PokeAHoleMaterial loaded successfully
[2022.05.14-18.07.15:612][  0]LogUObjectArray: 17178 objects as part of root set at end of initial load.
[2022.05.14-18.07.15:612][  0]LogUObjectAllocator: 4302048 out of 0 bytes used by permanent object pool.
[2022.05.14-18.07.15:612][  0]LogUObjectArray: CloseDisregardForGC: 0/0 objects in disregard for GC pool
[2022.05.14-18.07.23:104][  0]LogNiagaraDebuggerClient: Niagara Debugger Client Initialized | Session: 19C854064FB9109C5059B99A28367036 | Instance: 7823271C452EFF1050A97EA7718387D5 (DESKTOP-F4V4HAJ-10436).
[2022.05.14-18.07.25:491][  0]LogUdpMessaging: Initializing bridge on interface 0.0.0.0:0 to multicast group 230.0.0.1:6666.
[2022.05.14-18.07.25:602][  0]LogTcpMessaging: Initializing TcpMessaging bridge
[2022.05.14-18.07.25:810][  0]LogPython: Using Python 3.7.7
[2022.05.14-18.07.29:806][  0]SourceControl: Controle de origem desativado
[2022.05.14-18.07.29:806][  0]SourceControl: Controle de origem desativado
[2022.05.14-18.07.29:903][  0]SourceControl: Controle de origem desativado
[2022.05.14-18.07.30:019][  0]SourceControl: Controle de origem desativado
[2022.05.14-18.07.30:132][  0]SourceControl: Controle de origem desativado
[2022.05.14-18.07.30:228][  0]LogUProjectInfo: Found projects:
[2022.05.14-18.07.33:651][  0]LogOpenImageDenoise: OIDN starting up
[2022.05.14-18.07.33:940][  0]LogAndroidPermission: UAndroidPermissionCallbackProxy::GetInstance
[2022.05.14-18.07.34:133][  0]LogAudioCaptureCore: Display: No Audio Capture implementations found. Audio input will be silent.
[2022.05.14-18.07.34:133][  0]LogAudioCaptureCore: Display: No Audio Capture implementations found. Audio input will be silent.
[2022.05.14-18.07.35:606][  0]LogCollectionManager: Loaded 0 collections in 0.001361 seconds
[2022.05.14-18.07.35:674][  0]LogFileCache: Scanning file cache for directory 'S:/projetos/rallyUE/brally/Saved/Collections/' took 0.02s
[2022.05.14-18.07.35:674][  0]LogFileCache: Scanning file cache for directory 'S:/projetos/rallyUE/brally/Content/Developers/erick/Collections/' took 0.00s
[2022.05.14-18.07.35:674][  0]LogFileCache: Scanning file cache for directory 'S:/projetos/rallyUE/brally/Content/Collections/' took 0.00s
[2022.05.14-18.07.35:914][  0]LogOcInput: OculusInput pre-init called
[2022.05.14-18.07.44:316][  0]LogEngine: Initializing Engine...
[2022.05.14-18.07.44:601][  0]LogHMD: Failed to enumerate extensions. Please check that you have a valid OpenXR runtime installed.
[2022.05.14-18.07.44:614][  0]LogHMD: Failed to initialize OpenVR with code 110
[2022.05.14-18.07.44:621][  0]LogMagicLeap: Warning: VR disabled because ZI is not enabled.  To enable, in the editor, Edit -> Project Settings -> Plugins -> Magic Leap Plugin -> Enable Zero Iteration
[2022.05.14-18.07.44:706][  0]LogStats: UGameplayTagsManager::InitializeManager -  0.002 s
[2022.05.14-18.07.45:896][  0]LogInit: Initializing FReadOnlyCVARCache
[2022.05.14-18.07.46:920][  0]LogAIModule: Creating AISystem for world Untitled
[2022.05.14-18.07.47:046][  0]LogAudio: Display: Initializing Audio Device Manager...
[2022.05.14-18.07.47:233][  0]LogAudio: Display: Loading Default Audio Settings Objects...
[2022.05.14-18.07.47:267][  0]LogAudio: Display: No default SoundConcurrencyObject specified (or failed to load).
[2022.05.14-18.07.47:324][  0]LogAudio: Display: Audio Device Manager Initialized
[2022.05.14-18.07.47:324][  0]LogAudio: Display: Creating Audio Device:                 Id: 1, Scope: Shared, Realtime: True
[2022.05.14-18.07.47:347][  0]LogAudioMixer: Display: Audio Mixer Platform Settings:
[2022.05.14-18.07.47:347][  0]LogAudioMixer: Display: 	Sample Rate:						  48000
[2022.05.14-18.07.47:347][  0]LogAudioMixer: Display: 	Callback Buffer Frame Size Requested: 1024
[2022.05.14-18.07.47:347][  0]LogAudioMixer: Display: 	Callback Buffer Frame Size To Use:	  1024
[2022.05.14-18.07.47:347][  0]LogAudioMixer: Display: 	Number of buffers to queue:			  2
[2022.05.14-18.07.47:347][  0]LogAudioMixer: Display: 	Max Channels (voices):				  32
[2022.05.14-18.07.47:347][  0]LogAudioMixer: Display: 	Number of Async Source Workers:		  0
[2022.05.14-18.07.47:354][  0]LogAudio: Display: AudioDevice MaxSources: 32
[2022.05.14-18.07.47:408][  0]LogAudio: Display: Audio Spatialization Plugin: None (built-in).
[2022.05.14-18.07.47:408][  0]LogAudio: Display: Audio Reverb Plugin: None (built-in).
[2022.05.14-18.07.47:408][  0]LogAudio: Display: Audio Occlusion Plugin: None (built-in).
[2022.05.14-18.07.47:409][  0]LogAudioMixer: Display: Initializing audio mixer.
[2022.05.14-18.07.47:686][  0]LogAudioMixer: Display: 0: FrontLeft
[2022.05.14-18.07.47:686][  0]LogAudioMixer: Display: 1: FrontRight
[2022.05.14-18.07.47:706][  0]LogAudioMixer: Display: Using Audio Device SMART TV (NVIDIA High Definition Audio)
[2022.05.14-18.07.47:756][  0]LogAudioMixer: Display: Initializing Sound Submixes...
[2022.05.14-18.07.47:799][  0]LogAudioMixer: Display: Creating Master Submix 'MasterSubmixDefault'
[2022.05.14-18.07.47:799][  0]LogAudioMixer: Display: Creating Master Submix 'MasterReverbSubmixDefault'
[2022.05.14-18.07.47:802][  0]LogAudioMixer: Display: Creating Master Submix 'MasterEQSubmixDefault'
[2022.05.14-18.07.47:802][  0]LogAudioMixer: FMixerPlatformXAudio2::StartAudioStream() called
[2022.05.14-18.07.47:803][  0]LogAudioMixer: Display: Output buffers initialized: Frames=1024, Channels=2, Samples=2048
[2022.05.14-18.07.47:804][  0]LogAudioMixer: Display: Starting AudioMixerPlatformInterface::RunInternal()
[2022.05.14-18.07.47:804][  0]LogAudioMixer: Display: FMixerPlatformXAudio2::SubmitBuffer() called for the first time
[2022.05.14-18.07.47:804][  0]LogInit: FAudioDevice initialized.
[2022.05.14-18.07.47:835][  0]LogAudio: Display: Audio Device (ID: 1) registered with world 'Untitled'.
[2022.05.14-18.07.47:847][  0]LogNetVersion: Set ProjectVersion to 1.0.0.0. Version Checksum will be recalculated on next use.
[2022.05.14-18.07.47:976][  0]LogDerivedDataCache: Saved boot cache 0.13s 94MB C:/Users/erick/AppData/Local/UnrealEngine/4.27/DerivedDataCache/Boot.ddc.
[2022.05.14-18.07.47:991][  0]LogInit: Texture streaming: Enabled
[2022.05.14-18.07.48:246][  0]LogAnalytics: Display: [UEEditor.Rocket.Release] APIServer = https://datarouter.ol.epicgames.com/. AppVersion = 4.27.2-18319896+++UE4+Release-4.27
[2022.05.14-18.07.48:319][  0]LogEngineSessionManager: EngineSessionManager initialized
[2022.05.14-18.07.48:320][  0]LogEngineSessionManager: EngineSessionManager sent abnormal shutdown report. Type=AbnormalShutdown, SessionId={480CC71E-4A5B-FC8E-E0AA-9E8B6B704067}
[2022.05.14-18.07.48:327][  0]LogEditorSessionSummary: Verbose: Initializing EditorSessionSummaryWriter for editor session tracking
[2022.05.14-18.07.48:367][  0]LogEditorSessionSummary: EditorSessionSummaryWriter initialized
[2022.05.14-18.07.48:972][  0]LogInit: Transaction tracking system initialized
[2022.05.14-18.07.49:749][  0]BlueprintLog: New page: Carregar Editor
[2022.05.14-18.07.51:864][  0]LocalizationService: Localization service is disabled
[2022.05.14-18.07.52:394][  0]TimingProfiler: Initialize
[2022.05.14-18.07.52:397][  0]TimingProfiler: OnSessionChanged
[2022.05.14-18.07.52:397][  0]LoadingProfiler: Initialize
[2022.05.14-18.07.52:397][  0]LoadingProfiler: OnSessionChanged
[2022.05.14-18.07.52:398][  0]NetworkingProfiler: Initialize
[2022.05.14-18.07.52:398][  0]NetworkingProfiler: OnSessionChanged
[2022.05.14-18.07.52:398][  0]MemoryProfiler: Initialize
[2022.05.14-18.07.52:398][  0]MemoryProfiler: OnSessionChanged
[2022.05.14-18.07.55:893][  0]LogFileCache: Scanning file cache for directory 'S:/projetos/rallyUE/brally/Content/' took 0.08s
[2022.05.14-18.07.55:893][  0]LogCook: Display: CookSettings for Memory: MemoryMaxUsedVirtual 0MiB, MemoryMaxUsedPhysical 16384MiB, MemoryMinFreeVirtual 0MiB, MemoryMinFreePhysical 1024MiB
[2022.05.14-18.07.55:893][  0]LogCook: Display: Mobile HDR setting 1
[2022.05.14-18.08.01:035][  0]LogInit: Display: Engine is initialized. Leaving FEngineLoop::Init()
[2022.05.14-18.08.01:201][  0]SourceControl: Controle de origem desativado
[2022.05.14-18.08.01:747][  0]LogSlate: Took 0.019762 seconds to synchronously load lazily loaded font '../../../Engine/Content/Slate/Fonts/Roboto-Regular.ttf' (155K)
[2022.05.14-18.08.07:641][  0]LogSlate: Window 'Restaurar Pacotes' being destroyed
[2022.05.14-18.08.07:642][  0]LogWindowsTextInputMethodSystem: Display: IME system deactivated.
[2022.05.14-18.08.08:088][  0]LogUnrealEdMisc: Loading editor; pre map load, took 129.497
[2022.05.14-18.08.08:146][  0]Cmd: MAP LOAD FILE="S:/projetos/rallyUE/brally/Content/NewMap.umap" TEMPLATE=0 SHOWPROGRESS=1 FEATURELEVEL=3
[2022.05.14-18.08.08:182][  0]LightingResults: New page: Compilação de Iluminação
[2022.05.14-18.08.08:573][  0]LogWorld: UWorld::CleanupWorld for Untitled, bSessionEnded=true, bCleanupResources=true
[2022.05.14-18.08.08:720][  0]LogSlate: InvalidateAllWidgets triggered.  All widgets were invalidated
[2022.05.14-18.08.08:827][  0]MapCheck: New page: Verificação de Mapa
[2022.05.14-18.08.08:827][  0]LightingResults: New page: Compilação de Iluminação
[2022.05.14-18.08.09:408][  0]LogAudio: Display: Audio Device unregistered from world 'None'.
[2022.05.14-18.08.09:821][  0]LogUObjectHash: Compacting FUObjectHashTables data took   1.21ms
[2022.05.14-18.08.23:514][  0]LogAudio: Display: Audio Device (ID: 1) registered with world 'NewMap'.
[2022.05.14-18.08.23:525][  0]LogAIModule: Creating AISystem for world NewMap
[2022.05.14-18.08.24:430][  0]LogEditorServer: Finished looking for orphan Actors (0.000 secs)
[2022.05.14-18.08.24:644][  0]LogUObjectHash: Compacting FUObjectHashTables data took   1.06ms
[2022.05.14-18.08.24:672][  0]Cmd: MAP CHECKDEP NOCLEARLOG
[2022.05.14-18.08.24:685][  0]MapCheck: Map check complete: 0 Error(s), 0 Warning(s), took 13,043ms to complete.
[2022.05.14-18.08.24:696][  0]LogFileHelpers: Loading map 'NewMap' took 16.545
[2022.05.14-18.08.26:700][  0]LogUnrealEdMisc: Total Editor Startup Time, took 148.120
[2022.05.14-18.08.26:789][  0]LogWindowsTextInputMethodSystem: Display: IME system deactivated.
[2022.05.14-18.08.27:624][  0]LogSlate: Updating window title bar state: overlay mode, drag disabled, window buttons hidden, title bar hidden
[2022.05.14-18.08.27:634][  0]LogSlate: Updating window title bar state: overlay mode, drag disabled, window buttons hidden, title bar hidden
[2022.05.14-18.08.27:645][  0]LogSlate: Updating window title bar state: overlay mode, drag disabled, window buttons hidden, title bar hidden
[2022.05.14-18.08.27:656][  0]LogSlate: Updating window title bar state: overlay mode, drag disabled, window buttons hidden, title bar hidden
[2022.05.14-18.08.28:132][  0]LogNativeClassHierarchy: Verbose: Native class hierarchy populated in 0.0121 seconds. Added 3822 classes and 928 folders.
[2022.05.14-18.08.28:466][  0]LogNativeClassHierarchy: Verbose: Native class hierarchy updated for 'WidgetCarousel' in 0.0003 seconds. Added 0 classes and 0 folders.
[2022.05.14-18.08.28:701][  0]LogPakFile: PakFile PrimaryIndexSize=187
[2022.05.14-18.08.28:701][  0]LogPakFile: PakFile PathHashIndexSize=101
[2022.05.14-18.08.28:701][  0]LogPakFile: PakFile FullDirectoryIndexSize=148
[2022.05.14-18.08.28:796][  0]LogShaderLibrary: Display: ShaderCodeLibraryPakFileMountedCallback: PakFile 'D:/EPIC/UE_4.27/FeaturePacks/FP_FirstPerson.upack' (chunk index -1, root 'root:/') mounted
[2022.05.14-18.08.28:796][  0]LogShaderLibrary: Display: ShaderCodeLibraryPakFileMountedCallback: pending pak file info (ChunkID:-1 Root:root:/ File:D:/EPIC/UE_4.27/FeaturePacks/FP_FirstPerson.upack)
[2022.05.14-18.08.28:809][  0]LogPakFile: OnPakFileMounted2Time == 0.108644
[2022.05.14-18.08.28:864][  0]LogPakFile: PakFile PrimaryIndexSize=189
[2022.05.14-18.08.28:864][  0]LogPakFile: PakFile PathHashIndexSize=101
[2022.05.14-18.08.28:864][  0]LogPakFile: PakFile FullDirectoryIndexSize=152
[2022.05.14-18.08.28:864][  0]LogShaderLibrary: Display: ShaderCodeLibraryPakFileMountedCallback: PakFile 'D:/EPIC/UE_4.27/FeaturePacks/FP_FirstPersonBP.upack' (chunk index -1, root 'root:/') mounted
[2022.05.14-18.08.28:864][  0]LogShaderLibrary: Display: ShaderCodeLibraryPakFileMountedCallback: pending pak file info (ChunkID:-1 Root:root:/ File:D:/EPIC/UE_4.27/FeaturePacks/FP_FirstPersonBP.upack)
[2022.05.14-18.08.28:864][  0]LogPakFile: OnPakFileMounted2Time == 0.000368
[2022.05.14-18.08.28:897][  0]LogPakFile: PakFile PrimaryIndexSize=191
[2022.05.14-18.08.28:897][  0]LogPakFile: PakFile PathHashIndexSize=101
[2022.05.14-18.08.28:897][  0]LogPakFile: PakFile FullDirectoryIndexSize=160
[2022.05.14-18.08.28:897][  0]LogShaderLibrary: Display: ShaderCodeLibraryPakFileMountedCallback: PakFile 'D:/EPIC/UE_4.27/FeaturePacks/MobileStarterContent.upack' (chunk index -1, root 'root:/') mounted
[2022.05.14-18.08.28:897][  0]LogShaderLibrary: Display: ShaderCodeLibraryPakFileMountedCallback: pending pak file info (ChunkID:-1 Root:root:/ File:D:/EPIC/UE_4.27/FeaturePacks/MobileStarterContent.upack)
[2022.05.14-18.08.28:897][  0]LogPakFile: OnPakFileMounted2Time == 0.000048
[2022.05.14-18.08.28:922][  0]LogPakFile: PakFile PrimaryIndexSize=185
[2022.05.14-18.08.28:922][  0]LogPakFile: PakFile PathHashIndexSize=101
[2022.05.14-18.08.28:922][  0]LogPakFile: PakFile FullDirectoryIndexSize=148
[2022.05.14-18.08.28:922][  0]LogShaderLibrary: Display: ShaderCodeLibraryPakFileMountedCallback: PakFile 'D:/EPIC/UE_4.27/FeaturePacks/StarterContent.upack' (chunk index -1, root 'root:/') mounted
[2022.05.14-18.08.28:922][  0]LogShaderLibrary: Display: ShaderCodeLibraryPakFileMountedCallback: pending pak file info (ChunkID:-1 Root:root:/ File:D:/EPIC/UE_4.27/FeaturePacks/StarterContent.upack)
[2022.05.14-18.08.28:922][  0]LogPakFile: OnPakFileMounted2Time == 0.000076
[2022.05.14-18.08.28:942][  0]LogPakFile: PakFile PrimaryIndexSize=190
[2022.05.14-18.08.28:942][  0]LogPakFile: PakFile PathHashIndexSize=101
[2022.05.14-18.08.28:942][  0]LogPakFile: PakFile FullDirectoryIndexSize=154
[2022.05.14-18.08.28:942][  0]LogShaderLibrary: Display: ShaderCodeLibraryPakFileMountedCallback: PakFile 'D:/EPIC/UE_4.27/FeaturePacks/TP_2DSideScroller.upack' (chunk index -1, root 'root:/') mounted
[2022.05.14-18.08.28:942][  0]LogShaderLibrary: Display: ShaderCodeLibraryPakFileMountedCallback: pending pak file info (ChunkID:-1 Root:root:/ File:D:/EPIC/UE_4.27/FeaturePacks/TP_2DSideScroller.upack)
[2022.05.14-18.08.28:942][  0]LogPakFile: OnPakFileMounted2Time == 0.000079
[2022.05.14-18.08.28:947][  0]LogPakFile: PakFile PrimaryIndexSize=192
[2022.05.14-18.08.28:947][  0]LogPakFile: PakFile PathHashIndexSize=101
[2022.05.14-18.08.28:947][  0]LogPakFile: PakFile FullDirectoryIndexSize=158
[2022.05.14-18.08.28:947][  0]LogShaderLibrary: Display: ShaderCodeLibraryPakFileMountedCallback: PakFile 'D:/EPIC/UE_4.27/FeaturePacks/TP_2DSideScrollerBP.upack' (chunk index -1, root 'root:/') mounted
[2022.05.14-18.08.28:947][  0]LogShaderLibrary: Display: ShaderCodeLibraryPakFileMountedCallback: pending pak file info (ChunkID:-1 Root:root:/ File:D:/EPIC/UE_4.27/FeaturePacks/TP_2DSideScrollerBP.upack)
[2022.05.14-18.08.28:947][  0]LogPakFile: OnPakFileMounted2Time == 0.000048
[2022.05.14-18.08.28:957][  0]LogPakFile: PakFile PrimaryIndexSize=182
[2022.05.14-18.08.28:957][  0]LogPakFile: PakFile PathHashIndexSize=101
[2022.05.14-18.08.28:957][  0]LogPakFile: PakFile FullDirectoryIndexSize=138
[2022.05.14-18.08.28:957][  0]LogShaderLibrary: Display: ShaderCodeLibraryPakFileMountedCallback: PakFile 'D:/EPIC/UE_4.27/FeaturePacks/TP_Flying.upack' (chunk index -1, root 'root:/') mounted
[2022.05.14-18.08.28:957][  0]LogShaderLibrary: Display: ShaderCodeLibraryPakFileMountedCallback: pending pak file info (ChunkID:-1 Root:root:/ File:D:/EPIC/UE_4.27/FeaturePacks/TP_Flying.upack)
[2022.05.14-18.08.28:957][  0]LogPakFile: OnPakFileMounted2Time == 0.000046
[2022.05.14-18.08.28:979][  0]LogPakFile: PakFile PrimaryIndexSize=184
[2022.05.14-18.08.28:979][  0]LogPakFile: PakFile PathHashIndexSize=101
[2022.05.14-18.08.28:979][  0]LogPakFile: PakFile FullDirectoryIndexSize=142
[2022.05.14-18.08.28:979][  0]LogShaderLibrary: Display: ShaderCodeLibraryPakFileMountedCallback: PakFile 'D:/EPIC/UE_4.27/FeaturePacks/TP_FlyingBP.upack' (chunk index -1, root 'root:/') mounted
[2022.05.14-18.08.28:979][  0]LogShaderLibrary: Display: ShaderCodeLibraryPakFileMountedCallback: pending pak file info (ChunkID:-1 Root:root:/ File:D:/EPIC/UE_4.27/FeaturePacks/TP_FlyingBP.upack)
[2022.05.14-18.08.28:979][  0]LogPakFile: OnPakFileMounted2Time == 0.000046
[2022.05.14-18.08.29:108][  0]LogPakFile: PakFile PrimaryIndexSize=188
[2022.05.14-18.08.29:108][  0]LogPakFile: PakFile PathHashIndexSize=101
[2022.05.14-18.08.29:108][  0]LogPakFile: PakFile FullDirectoryIndexSize=150
[2022.05.14-18.08.29:108][  0]LogShaderLibrary: Display: ShaderCodeLibraryPakFileMountedCallback: PakFile 'D:/EPIC/UE_4.27/FeaturePacks/TP_HandheldARBP.upack' (chunk index -1, root 'root:/') mounted
[2022.05.14-18.08.29:108][  0]LogShaderLibrary: Display: ShaderCodeLibraryPakFileMountedCallback: pending pak file info (ChunkID:-1 Root:root:/ File:D:/EPIC/UE_4.27/FeaturePacks/TP_HandheldARBP.upack)
[2022.05.14-18.08.29:108][  0]LogPakFile: OnPakFileMounted2Time == 0.000047
[2022.05.14-18.08.29:135][  0]LogPakFile: PakFile PrimaryIndexSize=182
[2022.05.14-18.08.29:135][  0]LogPakFile: PakFile PathHashIndexSize=101
[2022.05.14-18.08.29:135][  0]LogPakFile: PakFile FullDirectoryIndexSize=138
[2022.05.14-18.08.29:135][  0]LogShaderLibrary: Display: ShaderCodeLibraryPakFileMountedCallback: PakFile 'D:/EPIC/UE_4.27/FeaturePacks/TP_Puzzle.upack' (chunk index -1, root 'root:/') mounted
[2022.05.14-18.08.29:135][  0]LogShaderLibrary: Display: ShaderCodeLibraryPakFileMountedCallback: pending pak file info (ChunkID:-1 Root:root:/ File:D:/EPIC/UE_4.27/FeaturePacks/TP_Puzzle.upack)
[2022.05.14-18.08.29:135][  0]LogPakFile: OnPakFileMounted2Time == 0.000083
[2022.05.14-18.08.29:150][  0]LogPakFile: PakFile PrimaryIndexSize=184
[2022.05.14-18.08.29:150][  0]LogPakFile: PakFile PathHashIndexSize=101
[2022.05.14-18.08.29:150][  0]LogPakFile: PakFile FullDirectoryIndexSize=142
[2022.05.14-18.08.29:150][  0]LogShaderLibrary: Display: ShaderCodeLibraryPakFileMountedCallback: PakFile 'D:/EPIC/UE_4.27/FeaturePacks/TP_PuzzleBP.upack' (chunk index -1, root 'root:/') mounted
[2022.05.14-18.08.29:150][  0]LogShaderLibrary: Display: ShaderCodeLibraryPakFileMountedCallback: pending pak file info (ChunkID:-1 Root:root:/ File:D:/EPIC/UE_4.27/FeaturePacks/TP_PuzzleBP.upack)
[2022.05.14-18.08.29:150][  0]LogPakFile: OnPakFileMounted2Time == 0.000050
[2022.05.14-18.08.29:158][  0]LogPakFile: PakFile PrimaryIndexSize=183
[2022.05.14-18.08.29:158][  0]LogPakFile: PakFile PathHashIndexSize=101
[2022.05.14-18.08.29:158][  0]LogPakFile: PakFile FullDirectoryIndexSize=140
[2022.05.14-18.08.29:158][  0]LogShaderLibrary: Display: ShaderCodeLibraryPakFileMountedCallback: PakFile 'D:/EPIC/UE_4.27/FeaturePacks/TP_Rolling.upack' (chunk index -1, root 'root:/') mounted
[2022.05.14-18.08.29:158][  0]LogShaderLibrary: Display: ShaderCodeLibraryPakFileMountedCallback: pending pak file info (ChunkID:-1 Root:root:/ File:D:/EPIC/UE_4.27/FeaturePacks/TP_Rolling.upack)
[2022.05.14-18.08.29:158][  0]LogPakFile: OnPakFileMounted2Time == 0.000062
[2022.05.14-18.08.29:175][  0]LogPakFile: PakFile PrimaryIndexSize=185
[2022.05.14-18.08.29:175][  0]LogPakFile: PakFile PathHashIndexSize=101
[2022.05.14-18.08.29:175][  0]LogPakFile: PakFile FullDirectoryIndexSize=144
[2022.05.14-18.08.29:175][  0]LogShaderLibrary: Display: ShaderCodeLibraryPakFileMountedCallback: PakFile 'D:/EPIC/UE_4.27/FeaturePacks/TP_RollingBP.upack' (chunk index -1, root 'root:/') mounted
[2022.05.14-18.08.29:175][  0]LogShaderLibrary: Display: ShaderCodeLibraryPakFileMountedCallback: pending pak file info (ChunkID:-1 Root:root:/ File:D:/EPIC/UE_4.27/FeaturePacks/TP_RollingBP.upack)
[2022.05.14-18.08.29:175][  0]LogPakFile: OnPakFileMounted2Time == 0.000083
[2022.05.14-18.08.29:182][  0]LogPakFile: PakFile PrimaryIndexSize=188
[2022.05.14-18.08.29:182][  0]LogPakFile: PakFile PathHashIndexSize=101
[2022.05.14-18.08.29:182][  0]LogPakFile: PakFile FullDirectoryIndexSize=150
[2022.05.14-18.08.29:182][  0]LogShaderLibrary: Display: ShaderCodeLibraryPakFileMountedCallback: PakFile 'D:/EPIC/UE_4.27/FeaturePacks/TP_SideScroller.upack' (chunk index -1, root 'root:/') mounted
[2022.05.14-18.08.29:182][  0]LogShaderLibrary: Display: ShaderCodeLibraryPakFileMountedCallback: pending pak file info (ChunkID:-1 Root:root:/ File:D:/EPIC/UE_4.27/FeaturePacks/TP_SideScroller.upack)
[2022.05.14-18.08.29:182][  0]LogPakFile: OnPakFileMounted2Time == 0.000045
[2022.05.14-18.08.29:189][  0]LogPakFile: PakFile PrimaryIndexSize=190
[2022.05.14-18.08.29:189][  0]LogPakFile: PakFile PathHashIndexSize=101
[2022.05.14-18.08.29:189][  0]LogPakFile: PakFile FullDirectoryIndexSize=154
[2022.05.14-18.08.29:189][  0]LogShaderLibrary: Display: ShaderCodeLibraryPakFileMountedCallback: PakFile 'D:/EPIC/UE_4.27/FeaturePacks/TP_SideScrollerBP.upack' (chunk index -1, root 'root:/') mounted
[2022.05.14-18.08.29:189][  0]LogShaderLibrary: Display: ShaderCodeLibraryPakFileMountedCallback: pending pak file info (ChunkID:-1 Root:root:/ File:D:/EPIC/UE_4.27/FeaturePacks/TP_SideScrollerBP.upack)
[2022.05.14-18.08.29:189][  0]LogPakFile: OnPakFileMounted2Time == 0.000077
[2022.05.14-18.08.29:207][  0]LogPakFile: PakFile PrimaryIndexSize=187
[2022.05.14-18.08.29:207][  0]LogPakFile: PakFile PathHashIndexSize=101
[2022.05.14-18.08.29:207][  0]LogPakFile: PakFile FullDirectoryIndexSize=148
[2022.05.14-18.08.29:207][  0]LogShaderLibrary: Display: ShaderCodeLibraryPakFileMountedCallback: PakFile 'D:/EPIC/UE_4.27/FeaturePacks/TP_ThirdPerson.upack' (chunk index -1, root 'root:/') mounted
[2022.05.14-18.08.29:207][  0]LogShaderLibrary: Display: ShaderCodeLibraryPakFileMountedCallback: pending pak file info (ChunkID:-1 Root:root:/ File:D:/EPIC/UE_4.27/FeaturePacks/TP_ThirdPerson.upack)
[2022.05.14-18.08.29:207][  0]LogPakFile: OnPakFileMounted2Time == 0.000094
[2022.05.14-18.08.29:213][  0]LogPakFile: PakFile PrimaryIndexSize=189
[2022.05.14-18.08.29:213][  0]LogPakFile: PakFile PathHashIndexSize=101
[2022.05.14-18.08.29:213][  0]LogPakFile: PakFile FullDirectoryIndexSize=152
[2022.05.14-18.08.29:214][  0]LogShaderLibrary: Display: ShaderCodeLibraryPakFileMountedCallback: PakFile 'D:/EPIC/UE_4.27/FeaturePacks/TP_ThirdPersonBP.upack' (chunk index -1, root 'root:/') mounted
[2022.05.14-18.08.29:214][  0]LogShaderLibrary: Display: ShaderCodeLibraryPakFileMountedCallback: pending pak file info (ChunkID:-1 Root:root:/ File:D:/EPIC/UE_4.27/FeaturePacks/TP_ThirdPersonBP.upack)
[2022.05.14-18.08.29:214][  0]LogPakFile: OnPakFileMounted2Time == 0.000068
[2022.05.14-18.08.29:222][  0]LogPakFile: PakFile PrimaryIndexSize=183
[2022.05.14-18.08.29:222][  0]LogPakFile: PakFile PathHashIndexSize=101
[2022.05.14-18.08.29:222][  0]LogPakFile: PakFile FullDirectoryIndexSize=140
[2022.05.14-18.08.29:222][  0]LogShaderLibrary: Display: ShaderCodeLibraryPakFileMountedCallback: PakFile 'D:/EPIC/UE_4.27/FeaturePacks/TP_TopDown.upack' (chunk index -1, root 'root:/') mounted
[2022.05.14-18.08.29:222][  0]LogShaderLibrary: Display: ShaderCodeLibraryPakFileMountedCallback: pending pak file info (ChunkID:-1 Root:root:/ File:D:/EPIC/UE_4.27/FeaturePacks/TP_TopDown.upack)
[2022.05.14-18.08.29:222][  0]LogPakFile: OnPakFileMounted2Time == 0.000078
[2022.05.14-18.08.29:228][  0]LogPakFile: PakFile PrimaryIndexSize=185
[2022.05.14-18.08.29:228][  0]LogPakFile: PakFile PathHashIndexSize=101
[2022.05.14-18.08.29:228][  0]LogPakFile: PakFile FullDirectoryIndexSize=144
[2022.05.14-18.08.29:228][  0]LogShaderLibrary: Display: ShaderCodeLibraryPakFileMountedCallback: PakFile 'D:/EPIC/UE_4.27/FeaturePacks/TP_TopDownBP.upack' (chunk index -1, root 'root:/') mounted
[2022.05.14-18.08.29:228][  0]LogShaderLibrary: Display: ShaderCodeLibraryPakFileMountedCallback: pending pak file info (ChunkID:-1 Root:root:/ File:D:/EPIC/UE_4.27/FeaturePacks/TP_TopDownBP.upack)
[2022.05.14-18.08.29:228][  0]LogPakFile: OnPakFileMounted2Time == 0.000082
[2022.05.14-18.08.29:238][  0]LogPakFile: PakFile PrimaryIndexSize=185
[2022.05.14-18.08.29:238][  0]LogPakFile: PakFile PathHashIndexSize=101
[2022.05.14-18.08.29:238][  0]LogPakFile: PakFile FullDirectoryIndexSize=144
[2022.05.14-18.08.29:239][  0]LogShaderLibrary: Display: ShaderCodeLibraryPakFileMountedCallback: PakFile 'D:/EPIC/UE_4.27/FeaturePacks/TP_TwinStick.upack' (chunk index -1, root 'root:/') mounted
[2022.05.14-18.08.29:239][  0]LogShaderLibrary: Display: ShaderCodeLibraryPakFileMountedCallback: pending pak file info (ChunkID:-1 Root:root:/ File:D:/EPIC/UE_4.27/FeaturePacks/TP_TwinStick.upack)
[2022.05.14-18.08.29:239][  0]LogPakFile: OnPakFileMounted2Time == 0.000048
[2022.05.14-18.08.29:264][  0]LogPakFile: PakFile PrimaryIndexSize=187
[2022.05.14-18.08.29:264][  0]LogPakFile: PakFile PathHashIndexSize=101
[2022.05.14-18.08.29:264][  0]LogPakFile: PakFile FullDirectoryIndexSize=148
[2022.05.14-18.08.29:264][  0]LogShaderLibrary: Display: ShaderCodeLibraryPakFileMountedCallback: PakFile 'D:/EPIC/UE_4.27/FeaturePacks/TP_TwinStickBP.upack' (chunk index -1, root 'root:/') mounted
[2022.05.14-18.08.29:264][  0]LogShaderLibrary: Display: ShaderCodeLibraryPakFileMountedCallback: pending pak file info (ChunkID:-1 Root:root:/ File:D:/EPIC/UE_4.27/FeaturePacks/TP_TwinStickBP.upack)
[2022.05.14-18.08.29:264][  0]LogPakFile: OnPakFileMounted2Time == 0.000047
[2022.05.14-18.08.29:283][  0]LogPakFile: PakFile PrimaryIndexSize=183
[2022.05.14-18.08.29:283][  0]LogPakFile: PakFile PathHashIndexSize=101
[2022.05.14-18.08.29:283][  0]LogPakFile: PakFile FullDirectoryIndexSize=140
[2022.05.14-18.08.29:283][  0]LogShaderLibrary: Display: ShaderCodeLibraryPakFileMountedCallback: PakFile 'D:/EPIC/UE_4.27/FeaturePacks/TP_Vehicle.upack' (chunk index -1, root 'root:/') mounted
[2022.05.14-18.08.29:283][  0]LogShaderLibrary: Display: ShaderCodeLibraryPakFileMountedCallback: pending pak file info (ChunkID:-1 Root:root:/ File:D:/EPIC/UE_4.27/FeaturePacks/TP_Vehicle.upack)
[2022.05.14-18.08.29:283][  0]LogPakFile: OnPakFileMounted2Time == 0.000052
[2022.05.14-18.08.29:293][  0]LogPakFile: PakFile PrimaryIndexSize=186
[2022.05.14-18.08.29:293][  0]LogPakFile: PakFile PathHashIndexSize=101
[2022.05.14-18.08.29:293][  0]LogPakFile: PakFile FullDirectoryIndexSize=146
[2022.05.14-18.08.29:293][  0]LogShaderLibrary: Display: ShaderCodeLibraryPakFileMountedCallback: PakFile 'D:/EPIC/UE_4.27/FeaturePacks/TP_VehicleAdv.upack' (chunk index -1, root 'root:/') mounted
[2022.05.14-18.08.29:293][  0]LogShaderLibrary: Display: ShaderCodeLibraryPakFileMountedCallback: pending pak file info (ChunkID:-1 Root:root:/ File:D:/EPIC/UE_4.27/FeaturePacks/TP_VehicleAdv.upack)
[2022.05.14-18.08.29:293][  0]LogPakFile: OnPakFileMounted2Time == 0.000050
[2022.05.14-18.08.29:298][  0]LogPakFile: PakFile PrimaryIndexSize=188
[2022.05.14-18.08.29:298][  0]LogPakFile: PakFile PathHashIndexSize=101
[2022.05.14-18.08.29:298][  0]LogPakFile: PakFile FullDirectoryIndexSize=150
[2022.05.14-18.08.29:298][  0]LogShaderLibrary: Display: ShaderCodeLibraryPakFileMountedCallback: PakFile 'D:/EPIC/UE_4.27/FeaturePacks/TP_VehicleAdvBP.upack' (chunk index -1, root 'root:/') mounted
[2022.05.14-18.08.29:298][  0]LogShaderLibrary: Display: ShaderCodeLibraryPakFileMountedCallback: pending pak file info (ChunkID:-1 Root:root:/ File:D:/EPIC/UE_4.27/FeaturePacks/TP_VehicleAdvBP.upack)
[2022.05.14-18.08.29:298][  0]LogPakFile: OnPakFileMounted2Time == 0.000062
[2022.05.14-18.08.29:411][  0]LogPakFile: PakFile PrimaryIndexSize=185
[2022.05.14-18.08.29:411][  0]LogPakFile: PakFile PathHashIndexSize=101
[2022.05.14-18.08.29:411][  0]LogPakFile: PakFile FullDirectoryIndexSize=144
[2022.05.14-18.08.29:411][  0]LogShaderLibrary: Display: ShaderCodeLibraryPakFileMountedCallback: PakFile 'D:/EPIC/UE_4.27/FeaturePacks/TP_VehicleBP.upack' (chunk index -1, root 'root:/') mounted
[2022.05.14-18.08.29:411][  0]LogShaderLibrary: Display: ShaderCodeLibraryPakFileMountedCallback: pending pak file info (ChunkID:-1 Root:root:/ File:D:/EPIC/UE_4.27/FeaturePacks/TP_VehicleBP.upack)
[2022.05.14-18.08.29:411][  0]LogPakFile: OnPakFileMounted2Time == 0.000045
[2022.05.14-18.08.29:418][  0]LogPakFile: PakFile PrimaryIndexSize=192
[2022.05.14-18.08.29:418][  0]LogPakFile: PakFile PathHashIndexSize=101
[2022.05.14-18.08.29:418][  0]LogPakFile: PakFile FullDirectoryIndexSize=158
[2022.05.14-18.08.29:418][  0]LogShaderLibrary: Display: ShaderCodeLibraryPakFileMountedCallback: PakFile 'D:/EPIC/UE_4.27/FeaturePacks/TP_VirtualRealityBP.upack' (chunk index -1, root 'root:/') mounted
[2022.05.14-18.08.29:418][  0]LogShaderLibrary: Display: ShaderCodeLibraryPakFileMountedCallback: pending pak file info (ChunkID:-1 Root:root:/ File:D:/EPIC/UE_4.27/FeaturePacks/TP_VirtualRealityBP.upack)
[2022.05.14-18.08.29:418][  0]LogPakFile: OnPakFileMounted2Time == 0.000095
[2022.05.14-18.08.30:497][  0]LogNativeClassHierarchy: Verbose: Native class hierarchy updated for 'AddContentDialog' in 0.0003 seconds. Added 0 classes and 0 folders.
[2022.05.14-18.08.30:558][  0]LogNativeClassHierarchy: Verbose: Native class hierarchy updated for 'SceneOutliner' in 0.0003 seconds. Added 2 classes and 0 folders.
[2022.05.14-18.08.31:618][  0]LogSlate: Took 0.014154 seconds to synchronously load lazily loaded font '../../../Engine/Content/Editor/Slate/Fonts/FontAwesome.ttf' (139K)
[2022.05.14-18.08.31:675][  0]LogSlate: Took 0.034166 seconds to synchronously load lazily loaded font '../../../Engine/Content/Slate/Fonts/Roboto-Bold.ttf' (160K)
[2022.05.14-18.08.32:339][  0]LogRenderer: Reallocating scene render targets to support 1208x688 Format 10 NumSamples 1 (Frame:1).
[2022.05.14-18.08.33:049][  0]LogSlate: Took 0.026778 seconds to synchronously load lazily loaded font '../../../Engine/Content/Slate/Fonts/Roboto-Light.ttf' (167K)
[2022.05.14-18.08.33:422][  0]LogNativeClassHierarchy: Verbose: Native class hierarchy updated for 'HierarchicalLODOutliner' in 0.0003 seconds. Added 0 classes and 0 folders.
[2022.05.14-18.08.33:422][  0]LogLoad: (Engine Initialization) Total time: 154.84 seconds
[2022.05.14-18.08.33:422][  0]LogLoad: (Engine Initialization) Total Blueprint compile time: 0.00 seconds
[2022.05.14-18.08.34:285][  0]LogContentStreaming: Texture pool size now 1000 MB
[2022.05.14-18.08.35:248][  1]LogAssetRegistry: Asset discovery search completed in 101.5086 seconds
[2022.05.14-18.08.35:449][  1]LogCollectionManager: Fixed up redirectors for 0 collections in 0.037482 seconds (updated 0 objects)
[2022.05.14-18.08.35:733][  2]LogSlate: Took 0.000165 seconds to synchronously load lazily loaded font '../../../Engine/Content/Slate/Fonts/Roboto-Light.ttf' (167K)
[2022.05.14-19.22.01:891][326]LogEditorClassViewer: Warning: Class /Engine/Tutorial/InWorldBlueprintEditing/TutorialAssets/IWBE_Blutility.IWBE_Blutility_C has parent /Script/Blutility.PlacedEditorUtilityBase, but this parent is not found. The Class will not be shown in ClassViewer.
[2022.05.14-19.22.03:903][326]LogSlate: Window 'Selecionar Classe Pai' being destroyed
[2022.05.14-19.22.04:077][326]LogContentBrowser: Deferred new asset file creation: NewBlueprint
[2022.05.14-19.22.04:779][326]LogContentBrowser: Creating deferred item: NewBlueprint
[2022.05.14-19.22.11:881][361]LogContentBrowser: Attempting asset rename: NewBlueprint -> NewBlueprint
[2022.05.14-19.22.13:183][361]LogContentBrowser: End creating deferred item NewBlueprint
[2022.05.14-19.22.19:022][465]LogContentBrowser: Attempting asset rename: NewBlueprint -> carro
[2022.05.14-19.22.19:893][465]LogMetaData: Removing '/Game/scrits/carro.carro:UserConstructionScript.K2Node_FunctionEntry_0' ref from Metadata '/Game/scrits/NewBlueprint.PackageMetaData'
[2022.05.14-19.22.19:893][465]LogMetaData: Removing '/Game/scrits/carro.SKEL_carro_C:UserConstructionScript' ref from Metadata '/Game/scrits/NewBlueprint.PackageMetaData'
[2022.05.14-19.22.19:893][465]LogMetaData: Removing '/Game/scrits/carro.SKEL_carro_C' ref from Metadata '/Game/scrits/NewBlueprint.PackageMetaData'
[2022.05.14-19.22.19:894][465]LogMetaData: Removing '/Game/scrits/carro.carro_C' ref from Metadata '/Game/scrits/NewBlueprint.PackageMetaData'
[2022.05.14-19.22.19:894][465]LogMetaData: Removing '/Game/scrits/carro.carro:EventGraph.K2Node_Event_0' ref from Metadata '/Game/scrits/NewBlueprint.PackageMetaData'
[2022.05.14-19.22.19:894][465]LogMetaData: Removing '/Game/scrits/carro.carro:EventGraph.K2Node_Event_1' ref from Metadata '/Game/scrits/NewBlueprint.PackageMetaData'
[2022.05.14-19.22.19:894][465]LogMetaData: Removing '/Game/scrits/carro.carro:EventGraph.K2Node_Event_2' ref from Metadata '/Game/scrits/NewBlueprint.PackageMetaData'
[2022.05.14-19.22.20:183][465]Cmd: OBJ SAVEPACKAGE PACKAGE="/Game/scrits/carro" FILE="S:/projetos/rallyUE/brally/Content/scrits/carro.uasset" SILENT=true
[2022.05.14-19.22.20:787][465]LogSavePackage: Moving 'S:/projetos/rallyUE/brally/Saved/carroBBB496F34BF245B9235EAE8F9AE96258.tmp' to 'S:/projetos/rallyUE/brally/Content/scrits/carro.uasset'
[2022.05.14-19.22.21:804][465]LogUObjectHash: Compacting FUObjectHashTables data took  40.24ms
[2022.05.14-19.22.22:284][465]LogUObjectHash: Compacting FUObjectHashTables data took   0.71ms
[2022.05.14-19.22.22:303][465]LogUObjectHash: Compacting FUObjectHashTables data took   0.24ms
[2022.05.14-19.22.23:456][465]AssetCheck: New page: Asset Save: carro
[2022.05.14-19.22.23:465][465]LogContentValidation: Display: Validating Blueprint /Game/scrits/carro.carro
[2022.05.14-19.22.24:025][481]LogAssetEditorSubsystem: Opening Asset editor for Blueprint /Game/scrits/carro.carro
[2022.05.14-19.22.26:867][481]LogBlueprintEditor: Perf: 1.4 total seconds to load all 5 blueprint libraries in project. Avoid references to content in blueprint libraries to shorten this time.
[2022.05.14-19.22.26:867][481]LogBlueprintEditor: Perf: 0.9 seconds loading: /Engine/ArtTools/RenderToTexture/Macros/RenderToTextureFunctionLibrary
[2022.05.14-19.22.26:867][481]LogBlueprintEditor: Perf: 0.3 seconds loading: /Engine/ArtTools/RenderToTexture/Macros/RenderToTextureMacros
[2022.05.14-19.22.28:974][481]LogNativeClassHierarchy: Verbose: Native class hierarchy updated for 'BlueprintGraph' in 0.0906 seconds. Added 126 classes and 0 folders.
[2022.05.14-19.22.46:243][485]LogEditorViewport: Clicking on Actor (context menu): BP_Sky_Sphere_C (Sky Sphere)
[2022.05.14-19.23.05:549][892]LogRenderer: Reallocating scene render targets to support 1208x708 Format 10 NumSamples 1 (Frame:14).
[2022.05.14-19.23.06:223][893]LogSlate: Window 'carro' being destroyed
[2022.05.14-19.23.28:695][445]LogSlate: Took 0.092267 seconds to synchronously load lazily loaded font '../../../Engine/Content/Slate/Fonts/Roboto-Italic.ttf' (157K)
[2022.05.14-19.25.20:379][281]Cmd: OBJ SAVEPACKAGE PACKAGE="/Game/scrits/carro" FILE="S:/projetos/rallyUE/brally/Content/scrits/carro.uasset" SILENT=true
[2022.05.14-19.25.20:384][281]LogSavePackage: Moving 'S:/projetos/rallyUE/brally/Saved/carro260A10DC4879E975479092A40C15B991.tmp' to 'S:/projetos/rallyUE/brally/Content/scrits/carro.uasset'
[2022.05.14-19.25.20:611][281]AssetCheck: New page: Asset Save: carro
[2022.05.14-19.25.20:611][281]LogContentValidation: Display: Validating Blueprint /Game/scrits/carro.carro
[2022.05.14-19.25.45:776][946]LogActorFactory: Actor Factory created 147_Cube_012
[2022.05.14-19.26.59:674][780]LogWorld: UWorld::CleanupWorld for World_1, bSessionEnded=true, bCleanupResources=true
[2022.05.14-19.26.59:750][780]LogSlate: InvalidateAllWidgets triggered.  All widgets were invalidated
[2022.05.14-19.27.08:964][145]LogMaterial: Display: Missing cached shadermap for vidro in PCD3D_SM5, Default, SM5 (DDC key hash: 8085874A54FF2AA2AAA905A787B77348D56DCA7D), compiling. 
[2022.05.14-19.27.09:625][145]LogShaderCompilers: Display: Submitted 16 shader compile jobs with 'Low' priority
[2022.05.14-19.27.10:290][145]LogShaderCompilers: Display: Worker (1/3): shaders left to compile 16
[2022.05.14-19.27.10:290][145]LogShaderCompilers: Display: Worker (2/3): shaders left to compile 10
[2022.05.14-19.27.10:290][145]LogShaderCompilers: Display: Worker (3/3): shaders left to compile 4
[2022.05.14-19.27.10:290][145]LogShaderCompilers: Display: Started 16 'Local' shader compile jobs with 'Low' priority
[2022.05.14-19.27.11:129][145]LogUObjectHash: Compacting FUObjectHashTables data took  13.95ms
[2022.05.14-19.27.13:584][145]LogSlate: Window 'Delete Assets' being destroyed
[2022.05.14-19.27.13:777][145]LogUObjectGlobals: Force Deleting 17 Package(s):
	Asset Name: /Game/carro/carro/Material_006.Material_006
	Asset Name: /Game/carro/carro/147_Circle_002.147_Circle_002
	Asset Name: /Game/carro/carro/Material_002.Material_002
	Asset Name: /Game/carro/carro/147_Circle_004.147_Circle_004
	Asset Name: /Game/carro/carro/Material_004.Material_004
	Asset Name: /Game/carro/carro/147_Circle_005.147_Circle_005
	Asset Name: /Game/carro/carro/Material_003.Material_003
	Asset Name: /Game/carro/carro/147_Circle_006.147_Circle_006
	Asset Name: /Game/carro/carro/Material.Material
	Asset Name: /Game/carro/carro/147_Cube_009.147_Cube_009
[2022.05.14-19.28.11:362][145]LogAudioMixer: Display: Audio Buffer Underrun (starvation) detected.
[2022.05.14-19.29.05:557][145]LogAudioMixer: Display: Audio Buffer Underrun (starvation) detected.
[2022.05.14-19.29.06:093][145]LogAudioMixer: Display: Audio Buffer Underrun (starvation) detected.
